2563	4		
-20.302	1	2.26E+02	0.25
-20.292	1	8.36E+01	0.25
-20.282	1	6.43E+00	0.25
-20.272	1	6.05E+01	0.25
-20.262	1	2.21E+02	0.25
-20.252	1	1.09E+02	0.25
-20.242	1	7.31E+00	0.25
-20.232	1	6.62E-02	0.25
-20.222	1	8.11E-05	0.25
-20.212	1	1.35E-08	0.25
-20.202	1	1.24E-11	0.25
-20.192	1	2.99E-07	0.25
-20.182	1	1.03E-03	0.25
-20.172	1	4.88E-01	0.25
-20.162	1	3.24E+01	0.25
-20.152	1	3.01E+02	0.25
-20.142	1	3.93E+02	0.25
-20.132	1	7.20E+01	0.25
-20.122	1	1.85E+00	0.25
-20.112	1	6.64E-03	0.25
-20.102	1	3.31E-06	0.25
-20.092	1	2.28E-10	0.25
-20.082	1	2.16E-15	0.25
-20.072	1	2.81E-21	0.25
-20.062	1	4.98E-28	0.25
-20.052	1	1.20E-35	0.25
-20.042	1	3.95E-44	0.25
-20.032	1	1.77E-53	0.25
-20.022	1	1.07E-63	0.25
-20.012	1	8.81E-75	0.25
-20.002	1	4.61E-83	0.25
-19.992	1	4.61E-83	0.25
-19.982	1	4.61E-83	0.25
-19.972	1	4.61E-83	0.25
-19.962	1	4.61E-83	0.25
-19.952	1	4.61E-83	0.25
-19.942	1	4.61E-83	0.25
-19.932	1	4.61E-83	0.25
-19.922	1	4.61E-83	0.25
-19.912	1	4.61E-83	0.25
-19.902	1	4.61E-83	0.25
-19.892	1	4.61E-83	0.25
-19.882	1	4.61E-83	0.25
-19.872	1	4.61E-83	0.25
-19.862	1	4.61E-83	0.25
-19.852	1	4.61E-83	0.25
-19.842	1	4.61E-83	0.25
-19.832	1	4.61E-83	0.25
-19.822	1	4.61E-83	0.25
-19.812	1	4.61E-83	0.25
-19.802	1	4.61E-83	0.25
-19.792	1	4.61E-83	0.25
-19.782	1	4.61E-83	0.25
-19.772	1	4.61E-83	0.25
-19.762	1	4.61E-83	0.25
-19.752	1	4.61E-83	0.25
-19.742	1	4.61E-83	0.25
-19.732	1	4.61E-83	0.25
-19.722	1	4.61E-83	0.25
-19.712	1	4.61E-83	0.25
-19.702	1	4.61E-83	0.25
-19.692	1	4.61E-83	0.25
-19.682	1	4.61E-83	0.25
-19.672	1	4.61E-83	0.25
-19.662	1	4.61E-83	0.25
-19.652	1	4.61E-83	0.25
-19.642	1	4.61E-83	0.25
-19.632	1	4.61E-83	0.25
-19.622	1	4.61E-83	0.25
-19.612	1	4.61E-83	0.25
-19.602	1	4.61E-83	0.25
-19.592	1	4.61E-83	0.25
-19.582	1	4.61E-83	0.25
-19.572	1	4.61E-83	0.25
-19.562	1	4.61E-83	0.25
-19.552	1	4.61E-83	0.25
-19.542	1	4.61E-83	0.25
-19.532	1	4.61E-83	0.25
-19.522	1	4.61E-83	0.25
-19.512	1	4.61E-83	0.25
-19.502	1	4.61E-83	0.25
-19.492	1	4.61E-83	0.25
-19.482	1	4.61E-83	0.25
-19.472	1	4.61E-83	0.25
-19.462	1	4.61E-83	0.25
-19.452	1	4.61E-83	0.25
-19.442	1	4.61E-83	0.25
-19.432	1	4.61E-83	0.25
-19.422	1	4.61E-83	0.25
-19.412	1	4.61E-83	0.25
-19.402	1	4.61E-83	0.25
-19.392	1	4.61E-83	0.25
-19.382	1	4.61E-83	0.25
-19.372	1	4.61E-83	0.25
-19.362	1	4.61E-83	0.25
-19.352	1	4.61E-83	0.25
-19.342	1	4.61E-83	0.25
-19.332	1	4.61E-83	0.25
-19.322	1	4.61E-83	0.25
-19.312	1	4.61E-83	0.25
-19.302	1	4.61E-83	0.25
-19.292	1	4.61E-83	0.25
-19.282	1	4.61E-83	0.25
-19.272	1	4.61E-83	0.25
-19.262	1	4.61E-83	0.25
-19.252	1	4.61E-83	0.25
-19.242	1	4.61E-83	0.25
-19.232	1	4.61E-83	0.25
-19.222	1	4.61E-83	0.25
-19.212	1	4.61E-83	0.25
-19.202	1	4.61E-83	0.25
-19.192	1	4.61E-83	0.25
-19.182	1	4.61E-83	0.25
-19.172	1	4.61E-83	0.25
-19.162	1	4.61E-83	0.25
-19.152	1	4.61E-83	0.25
-19.142	1	4.61E-83	0.25
-19.132	1	4.61E-83	0.25
-19.122	1	4.61E-83	0.25
-19.112	1	4.61E-83	0.25
-19.102	1	4.61E-83	0.25
-19.092	1	4.61E-83	0.25
-19.082	1	4.61E-83	0.25
-19.072	1	4.61E-83	0.25
-19.062	1	4.61E-83	0.25
-19.052	1	4.61E-83	0.25
-19.042	1	4.61E-83	0.25
-19.032	1	4.61E-83	0.25
-19.022	1	4.61E-83	0.25
-19.012	1	4.61E-83	0.25
-19.002	1	4.61E-83	0.25
-18.992	1	4.61E-83	0.25
-18.982	1	4.61E-83	0.25
-18.972	1	4.61E-83	0.25
-18.962	1	4.61E-83	0.25
-18.952	1	5.27E-75	0.25
-18.942	1	7.01E-64	0.25
-18.932	1	1.26E-53	0.25
-18.922	1	3.08E-44	0.25
-18.912	1	1.02E-35	0.25
-18.902	1	4.56E-28	0.25
-18.892	1	2.77E-21	0.25
-18.882	1	2.27E-15	0.25
-18.872	1	2.53E-10	0.25
-18.862	1	3.81E-06	0.25
-18.852	1	7.78E-03	0.25
-18.842	1	2.15E+00	0.25
-18.832	1	8.06E+01	0.25
-18.822	1	4.09E+02	0.25
-18.812	1	2.81E+02	0.25
-18.802	1	2.62E+01	0.25
-18.792	1	3.31E-01	0.25
-18.782	1	5.65E-04	0.25
-18.772	1	1.31E-07	0.25
-18.762	1	4.11E-12	0.25
-18.752	1	1.75E-17	0.25
-18.742	1	1.00E-23	0.25
-18.732	1	7.83E-31	0.25
-18.722	1	8.27E-39	0.25
-18.712	1	1.18E-47	0.25
-18.702	1	2.29E-57	0.25
-18.692	1	6.01E-68	0.25
-18.682	1	2.14E-79	0.25
-18.672	1	4.61E-83	0.25
-18.662	1	4.61E-83	0.25
-18.652	1	4.61E-83	0.25
-18.642	1	4.61E-83	0.25
-18.632	1	4.61E-83	0.25
-18.622	1	4.61E-83	0.25
-18.612	1	4.61E-83	0.25
-18.602	1	4.61E-83	0.25
-18.592	1	4.61E-83	0.25
-18.582	1	4.61E-83	0.25
-18.572	1	4.61E-83	0.25
-18.562	1	4.61E-83	0.25
-18.552	1	4.61E-83	0.25
-18.542	1	4.61E-83	0.25
-18.532	1	4.61E-83	0.25
-18.522	1	4.61E-83	0.25
-18.512	1	4.61E-83	0.25
-18.502	1	4.61E-83	0.25
-18.492	1	4.61E-83	0.25
-18.482	1	4.61E-83	0.25
-18.472	1	4.61E-83	0.25
-18.462	1	4.61E-83	0.25
-18.452	1	4.61E-83	0.25
-18.442	1	4.61E-83	0.25
-18.432	1	4.61E-83	0.25
-18.422	1	4.61E-83	0.25
-18.412	1	4.61E-83	0.25
-18.402	1	4.61E-83	0.25
-18.392	1	4.61E-83	0.25
-18.382	1	4.61E-83	0.25
-18.372	1	4.61E-83	0.25
-18.362	1	4.61E-83	0.25
-18.352	1	4.61E-83	0.25
-18.342	1	4.61E-83	0.25
-18.332	1	4.61E-83	0.25
-18.322	1	4.61E-83	0.25
-18.312	1	4.61E-83	0.25
-18.302	1	4.61E-83	0.25
-18.292	1	4.61E-83	0.25
-18.282	1	4.61E-83	0.25
-18.272	1	4.61E-83	0.25
-18.262	1	4.61E-83	0.25
-18.252	1	4.61E-83	0.25
-18.242	1	4.61E-83	0.25
-18.232	1	4.61E-83	0.25
-18.222	1	4.61E-83	0.25
-18.212	1	4.61E-83	0.25
-18.202	1	4.61E-83	0.25
-18.192	1	4.61E-83	0.25
-18.182	1	4.61E-83	0.25
-18.172	1	4.61E-83	0.25
-18.162	1	4.61E-83	0.25
-18.152	1	4.61E-83	0.25
-18.142	1	4.61E-83	0.25
-18.132	1	4.61E-83	0.25
-18.122	1	4.61E-83	0.25
-18.112	1	4.61E-83	0.25
-18.102	1	4.61E-83	0.25
-18.092	1	4.61E-83	0.25
-18.082	1	4.61E-83	0.25
-18.072	1	4.61E-83	0.25
-18.062	1	4.61E-83	0.25
-18.052	1	4.61E-83	0.25
-18.042	1	4.61E-83	0.25
-18.032	1	4.61E-83	0.25
-18.022	1	4.61E-83	0.25
-18.012	1	4.61E-83	0.25
-18.002	1	4.61E-83	0.25
-17.992	1	4.61E-83	0.25
-17.982	1	4.61E-83	0.25
-17.972	1	4.61E-83	0.25
-17.962	1	4.61E-83	0.25
-17.952	1	4.61E-83	0.25
-17.942	1	4.61E-83	0.25
-17.932	1	4.61E-83	0.25
-17.922	1	4.61E-83	0.25
-17.912	1	4.61E-83	0.25
-17.902	1	4.61E-83	0.25
-17.892	1	4.61E-83	0.25
-17.882	1	4.61E-83	0.25
-17.872	1	4.61E-83	0.25
-17.862	1	4.61E-83	0.25
-17.852	1	4.61E-83	0.25
-17.842	1	4.61E-83	0.25
-17.832	1	4.61E-83	0.25
-17.822	1	4.61E-83	0.25
-17.812	1	4.61E-83	0.25
-17.802	1	4.61E-83	0.25
-17.792	1	4.61E-83	0.25
-17.782	1	4.61E-83	0.25
-17.772	1	4.61E-83	0.25
-17.762	1	4.61E-83	0.25
-17.752	1	4.61E-83	0.25
-17.742	1	4.61E-83	0.25
-17.732	1	4.61E-83	0.25
-17.722	1	4.61E-83	0.25
-17.712	1	4.61E-83	0.25
-17.702	1	4.61E-83	0.25
-17.692	1	4.61E-83	0.25
-17.682	1	4.61E-83	0.25
-17.672	1	4.61E-83	0.25
-17.662	1	4.61E-83	0.25
-17.652	1	4.61E-83	0.25
-17.642	1	4.61E-83	0.25
-17.632	1	4.61E-83	0.25
-17.622	1	4.61E-83	0.25
-17.612	1	4.61E-83	0.25
-17.602	1	4.61E-83	0.25
-17.592	1	4.61E-83	0.25
-17.582	1	4.61E-83	0.25
-17.572	1	4.61E-83	0.25
-17.562	1	4.61E-83	0.25
-17.552	1	4.61E-83	0.25
-17.542	1	4.61E-83	0.25
-17.532	1	4.61E-83	0.25
-17.522	1	4.61E-83	0.25
-17.512	1	4.61E-83	0.25
-17.502	1	4.61E-83	0.25
-17.492	1	4.61E-83	0.25
-17.482	1	4.61E-83	0.25
-17.472	1	4.61E-83	0.25
-17.462	1	4.61E-83	0.25
-17.452	1	4.61E-83	0.25
-17.442	1	4.61E-83	0.25
-17.432	1	4.61E-83	0.25
-17.422	1	4.61E-83	0.25
-17.412	1	4.61E-83	0.25
-17.402	1	4.61E-83	0.25
-17.392	1	4.61E-83	0.25
-17.382	1	4.61E-83	0.25
-17.372	1	4.61E-83	0.25
-17.362	1	4.61E-83	0.25
-17.352	1	4.61E-83	0.25
-17.342	1	4.61E-83	0.25
-17.332	1	4.61E-83	0.25
-17.322	1	4.61E-83	0.25
-17.312	1	4.61E-83	0.25
-17.302	1	4.61E-83	0.25
-17.292	1	4.61E-83	0.25
-17.282	1	4.61E-83	0.25
-17.272	1	4.61E-83	0.25
-17.262	1	4.61E-83	0.25
-17.252	1	4.61E-83	0.25
-17.242	1	4.61E-83	0.25
-17.232	1	4.61E-83	0.25
-17.222	1	4.61E-83	0.25
-17.212	1	4.61E-83	0.25
-17.202	1	4.61E-83	0.25
-17.192	1	4.61E-83	0.25
-17.182	1	4.61E-83	0.25
-17.172	1	4.61E-83	0.25
-17.162	1	4.61E-83	0.25
-17.152	1	4.61E-83	0.25
-17.142	1	4.61E-83	0.25
-17.132	1	4.61E-83	0.25
-17.122	1	4.61E-83	0.25
-17.112	1	4.61E-83	0.25
-17.102	1	4.61E-83	0.25
-17.092	1	4.61E-83	0.25
-17.082	1	4.61E-83	0.25
-17.072	1	4.61E-83	0.25
-17.062	1	2.73E-78	0.25
-17.052	1	6.08E-67	0.25
-17.042	1	1.83E-56	0.25
-17.032	1	7.46E-47	0.25
-17.022	1	4.12E-38	0.25
-17.012	1	3.08E-30	0.25
-17.002	1	3.12E-23	0.25
-16.992	1	4.28E-17	0.25
-16.982	1	7.98E-12	0.25
-16.972	1	2.03E-07	0.25
-16.962	1	7.08E-04	0.25
-16.952	1	3.44E-01	0.25
-16.942	1	2.40E+01	0.25
-16.932	1	2.52E+02	0.25
-16.922	1	4.13E+02	0.25
-16.912	1	1.07E+02	0.25
-16.902	1	4.28E+00	0.25
-16.892	1	2.50E-02	0.25
-16.882	1	2.07E-05	0.25
-16.872	1	2.37E-09	0.25
-16.862	1	3.72E-14	0.25
-16.852	1	7.91E-20	0.25
-16.842	1	2.29E-26	0.25
-16.832	1	8.95E-34	0.25
-16.822	1	4.74E-42	0.25
-16.812	1	3.41E-51	0.25
-16.802	1	3.31E-61	0.25
-16.792	1	4.36E-72	0.25
-16.782	1	5.35E-83	0.25
-16.772	1	4.61E-83	0.25
-16.762	1	4.61E-83	0.25
-16.752	1	4.61E-83	0.25
-16.742	1	4.61E-83	0.25
-16.732	1	4.61E-83	0.25
-16.722	1	4.61E-83	0.25
-16.712	1	4.61E-83	0.25
-16.702	1	4.61E-83	0.25
-16.692	1	4.61E-83	0.25
-16.682	1	4.61E-83	0.25
-16.672	1	4.61E-83	0.25
-16.662	1	4.61E-83	0.25
-16.652	1	4.61E-83	0.25
-16.642	1	4.61E-83	0.25
-16.632	1	4.61E-83	0.25
-16.622	1	4.61E-83	0.25
-16.612	1	4.61E-83	0.25
-16.602	1	4.61E-83	0.25
-16.592	1	4.61E-83	0.25
-16.582	1	4.61E-83	0.25
-16.572	1	4.61E-83	0.25
-16.562	1	4.61E-83	0.25
-16.552	1	4.61E-83	0.25
-16.542	1	4.61E-83	0.25
-16.532	1	4.61E-83	0.25
-16.522	1	4.61E-83	0.25
-16.512	1	4.61E-83	0.25
-16.502	1	4.61E-83	0.25
-16.492	1	4.61E-83	0.25
-16.482	1	4.61E-83	0.25
-16.472	1	4.61E-83	0.25
-16.462	1	4.61E-83	0.25
-16.452	1	4.61E-83	0.25
-16.442	1	4.61E-83	0.25
-16.432	1	4.61E-83	0.25
-16.422	1	4.61E-83	0.25
-16.412	1	4.61E-83	0.25
-16.402	1	4.61E-83	0.25
-16.392	1	4.61E-83	0.25
-16.382	1	4.61E-83	0.25
-16.372	1	4.61E-83	0.25
-16.362	1	4.61E-83	0.25
-16.352	1	4.61E-83	0.25
-16.342	1	4.61E-83	0.25
-16.332	1	4.61E-83	0.25
-16.322	1	4.61E-83	0.25
-16.312	1	4.61E-83	0.25
-16.302	1	4.61E-83	0.25
-16.292	1	4.61E-83	0.25
-16.282	1	4.61E-83	0.25
-16.272	1	4.61E-83	0.25
-16.262	1	4.61E-83	0.25
-16.252	1	4.61E-83	0.25
-16.242	1	4.61E-83	0.25
-16.232	1	4.61E-83	0.25
-16.222	1	4.61E-83	0.25
-16.212	1	4.61E-83	0.25
-16.202	1	4.61E-83	0.25
-16.192	1	4.61E-83	0.25
-16.182	1	4.61E-83	0.25
-16.172	1	4.61E-83	0.25
-16.162	1	4.61E-83	0.25
-16.152	1	4.61E-83	0.25
-16.142	1	4.61E-83	0.25
-16.132	1	4.61E-83	0.25
-16.122	1	4.61E-83	0.25
-16.112	1	4.61E-83	0.25
-16.102	1	4.61E-83	0.25
-16.092	1	4.61E-83	0.25
-16.082	1	4.61E-83	0.25
-16.072	1	4.61E-83	0.25
-16.062	1	4.61E-83	0.25
-16.052	1	4.61E-83	0.25
-16.042	1	4.61E-83	0.25
-16.032	1	4.61E-83	0.25
-16.022	1	4.61E-83	0.25
-16.012	1	4.61E-83	0.25
-16.002	1	4.61E-83	0.25
-15.992	1	4.61E-83	0.25
-15.982	1	4.61E-83	0.25
-15.972	1	4.61E-83	0.25
-15.962	1	4.61E-83	0.25
-15.952	1	4.61E-83	0.25
-15.942	1	4.61E-83	0.25
-15.932	1	4.61E-83	0.25
-15.922	1	4.61E-83	0.25
-15.912	1	4.61E-83	0.25
-15.902	1	4.61E-83	0.25
-15.892	1	4.61E-83	0.25
-15.882	1	4.61E-83	0.25
-15.872	1	4.61E-83	0.25
-15.862	1	4.61E-83	0.25
-15.852	1	4.61E-83	0.25
-15.842	1	4.61E-83	0.25
-15.832	1	4.61E-83	0.25
-15.822	1	4.61E-83	0.25
-15.812	1	4.61E-83	0.25
-15.802	1	4.61E-83	0.25
-15.792	1	4.61E-83	0.25
-15.782	1	4.61E-83	0.25
-15.772	1	4.61E-83	0.25
-15.762	1	4.61E-83	0.25
-15.752	1	4.61E-83	0.25
-15.742	1	4.61E-83	0.25
-15.732	1	4.61E-83	0.25
-15.722	1	4.61E-83	0.25
-15.712	1	4.61E-83	0.25
-15.702	1	4.61E-83	0.25
-15.692	1	4.61E-83	0.25
-15.682	1	4.61E-83	0.25
-15.672	1	4.61E-83	0.25
-15.662	1	4.61E-83	0.25
-15.652	1	4.61E-83	0.25
-15.642	1	4.61E-83	0.25
-15.632	1	4.61E-83	0.25
-15.622	1	4.61E-83	0.25
-15.612	1	4.61E-83	0.25
-15.602	1	4.61E-83	0.25
-15.592	1	4.61E-83	0.25
-15.582	1	4.61E-83	0.25
-15.572	1	4.61E-83	0.25
-15.562	1	4.61E-83	0.25
-15.552	1	4.61E-83	0.25
-15.542	1	4.61E-83	0.25
-15.532	1	4.61E-83	0.25
-15.522	1	4.61E-83	0.25
-15.512	1	4.61E-83	0.25
-15.502	1	4.61E-83	0.25
-15.492	1	4.61E-83	0.25
-15.482	1	4.61E-83	0.25
-15.472	1	4.61E-83	0.25
-15.462	1	4.61E-83	0.25
-15.452	1	4.61E-83	0.25
-15.442	1	4.61E-83	0.25
-15.432	1	4.61E-83	0.25
-15.422	1	4.61E-83	0.25
-15.412	1	4.61E-83	0.25
-15.402	1	4.61E-83	0.25
-15.392	1	4.61E-83	0.25
-15.382	1	4.61E-83	0.25
-15.372	1	4.61E-83	0.25
-15.362	1	4.61E-83	0.25
-15.352	1	4.61E-83	0.25
-15.342	1	4.61E-83	0.25
-15.332	1	4.61E-83	0.25
-15.322	1	4.61E-83	0.25
-15.312	1	4.61E-83	0.25
-15.302	1	4.61E-83	0.25
-15.292	1	4.61E-83	0.25
-15.282	1	4.61E-83	0.25
-15.272	1	4.61E-83	0.25
-15.262	1	4.61E-83	0.25
-15.252	1	4.61E-83	0.25
-15.242	1	4.61E-83	0.25
-15.232	1	4.61E-83	0.25
-15.222	1	4.61E-83	0.25
-15.212	1	4.61E-83	0.25
-15.202	1	4.61E-83	0.25
-15.192	1	4.61E-83	0.25
-15.182	1	4.61E-83	0.25
-15.172	1	4.61E-83	0.25
-15.162	1	4.61E-83	0.25
-15.152	1	4.61E-83	0.25
-15.142	1	4.61E-83	0.25
-15.132	1	4.61E-83	0.25
-15.122	1	4.61E-83	0.25
-15.112	1	4.61E-83	0.25
-15.102	1	4.61E-83	0.25
-15.092	1	4.61E-83	0.25
-15.082	1	4.61E-83	0.25
-15.072	1	4.61E-83	0.25
-15.062	1	1.84E-74	0.25
-15.052	1	2.02E-63	0.25
-15.042	1	3.00E-53	0.25
-15.032	1	6.04E-44	0.25
-15.022	1	1.65E-35	0.25
-15.012	1	6.11E-28	0.25
-15.002	1	3.08E-21	0.25
-14.992	1	2.11E-15	0.25
-14.982	1	1.98E-10	0.25
-14.972	1	2.55E-06	0.25
-14.962	1	4.55E-03	0.25
-14.952	1	1.14E+00	0.25
-14.942	1	4.00E+01	0.25
-14.932	1	2.00E+02	0.25
-14.922	1	1.44E+02	0.25
-14.912	1	4.66E+01	0.25
-14.902	1	1.86E+02	0.25
-14.892	1	1.62E+02	0.25
-14.882	1	5.63E+01	0.25
-14.872	1	1.74E+02	0.25
-14.862	1	2.92E+02	0.25
-14.852	1	2.19E+02	0.25
-14.842	1	7.24E+01	0.25
-14.832	1	5.37E+00	0.25
-14.822	1	5.89E-02	0.25
-14.812	1	8.84E-05	0.25
-14.802	1	1.80E-08	0.25
-14.792	1	4.96E-13	0.25
-14.782	1	1.85E-18	0.25
-14.772	1	9.34E-25	0.25
-14.762	1	6.38E-32	0.25
-14.752	1	5.90E-40	0.25
-14.742	1	7.38E-49	0.25
-14.732	1	1.25E-58	0.25
-14.722	1	2.86E-69	0.25
-14.712	1	8.93E-81	0.25
-14.702	1	4.61E-83	0.25
-14.692	1	1.52E-75	0.25
-14.682	1	2.02E-64	0.25
-14.672	1	3.61E-54	0.25
-14.662	1	8.74E-45	0.25
-14.652	1	2.87E-36	0.25
-14.642	1	1.27E-28	0.25
-14.632	1	7.64E-22	0.25
-14.622	1	6.21E-16	0.25
-14.612	1	6.83E-11	0.25
-14.602	1	1.02E-06	0.25
-14.592	1	2.05E-03	0.25
-14.582	1	5.58E-01	0.25
-14.572	1	2.07E+01	0.25
-14.562	1	1.12E+02	0.25
-14.552	1	1.87E+02	0.25
-14.542	1	2.41E+02	0.25
-14.532	1	1.60E+02	0.25
-14.522	1	7.13E+01	0.25
-14.512	1	6.27E+00	0.25
-14.502	1	7.68E-02	0.25
-14.492	1	1.28E-04	0.25
-14.482	1	2.87E-08	0.25
-14.472	1	8.71E-13	0.25
-14.462	1	3.59E-18	0.25
-14.452	1	2.00E-24	0.25
-14.442	1	1.51E-31	0.25
-14.432	1	1.54E-39	0.25
-14.422	1	2.12E-48	0.25
-14.412	1	3.96E-58	0.25
-14.402	1	1.00E-68	0.25
-14.392	1	3.43E-80	0.25
-14.382	1	4.61E-83	0.25
-14.372	1	4.61E-83	0.25
-14.362	1	4.61E-83	0.25
-14.352	1	4.61E-83	0.25
-14.342	1	4.61E-83	0.25
-14.332	1	4.61E-83	0.25
-14.322	1	4.61E-83	0.25
-14.312	1	4.61E-83	0.25
-14.302	1	4.61E-83	0.25
-14.292	1	4.61E-83	0.25
-14.282	1	4.61E-83	0.25
-14.272	1	4.61E-83	0.25
-14.262	1	4.61E-83	0.25
-14.252	1	4.61E-83	0.25
-14.242	1	4.61E-83	0.25
-14.232	1	4.61E-83	0.25
-14.222	1	4.61E-83	0.25
-14.212	1	4.61E-83	0.25
-14.202	1	4.61E-83	0.25
-14.192	1	4.61E-83	0.25
-14.182	1	4.61E-83	0.25
-14.172	1	4.61E-83	0.25
-14.162	1	4.61E-83	0.25
-14.152	1	4.61E-83	0.25
-14.142	1	4.61E-83	0.25
-14.132	1	4.61E-83	0.25
-14.122	1	4.61E-83	0.25
-14.112	1	4.61E-83	0.25
-14.102	1	4.61E-83	0.25
-14.092	1	4.61E-83	0.25
-14.082	1	4.61E-83	0.25
-14.072	1	4.61E-83	0.25
-14.062	1	4.61E-83	0.25
-14.052	1	4.61E-83	0.25
-14.042	1	4.61E-83	0.25
-14.032	1	4.61E-83	0.25
-14.022	1	4.61E-83	0.25
-14.012	1	4.61E-83	0.25
-14.002	1	4.61E-83	0.25
-13.992	1	4.61E-83	0.25
-13.982	1	4.61E-83	0.25
-13.972	1	4.61E-83	0.25
-13.962	1	4.61E-83	0.25
-13.952	1	4.61E-83	0.25
-13.942	1	4.61E-83	0.25
-13.932	1	4.61E-83	0.25
-13.922	1	4.61E-83	0.25
-13.912	1	4.61E-83	0.25
-13.902	1	4.61E-83	0.25
-13.892	1	4.61E-83	0.25
-13.882	1	4.61E-83	0.25
-13.872	1	4.61E-83	0.25
-13.862	1	4.61E-83	0.25
-13.852	1	4.61E-83	0.25
-13.842	1	4.61E-83	0.25
-13.832	1	4.61E-83	0.25
-13.822	1	4.61E-83	0.25
-13.812	1	4.61E-83	0.25
-13.802	1	4.61E-83	0.25
-13.792	1	4.61E-83	0.25
-13.782	1	4.61E-83	0.25
-13.772	1	4.61E-83	0.25
-13.762	1	4.61E-83	0.25
-13.752	1	4.61E-83	0.25
-13.742	1	4.61E-83	0.25
-13.732	1	4.61E-83	0.25
-13.722	1	4.61E-83	0.25
-13.712	1	4.61E-83	0.25
-13.702	1	4.61E-83	0.25
-13.692	1	4.61E-83	0.25
-13.682	1	4.61E-83	0.25
-13.672	1	4.61E-83	0.25
-13.662	1	4.61E-83	0.25
-13.652	1	4.61E-83	0.25
-13.642	1	4.61E-83	0.25
-13.632	1	4.61E-83	0.25
-13.622	1	4.61E-83	0.25
-13.612	1	4.61E-83	0.25
-13.602	1	4.61E-83	0.25
-13.592	1	4.61E-83	0.25
-13.582	1	4.61E-83	0.25
-13.572	1	4.61E-83	0.25
-13.562	1	4.61E-83	0.25
-13.552	1	4.61E-83	0.25
-13.542	1	4.61E-83	0.25
-13.532	1	4.61E-83	0.25
-13.522	1	4.61E-83	0.25
-13.512	1	4.61E-83	0.25
-13.502	1	4.61E-83	0.25
-13.492	1	4.61E-83	0.25
-13.482	1	4.61E-83	0.25
-13.472	1	4.61E-83	0.25
-13.462	1	4.61E-83	0.25
-13.452	1	4.61E-83	0.25
-13.442	1	4.61E-83	0.25
-13.432	1	4.61E-83	0.25
-13.422	1	4.61E-83	0.25
-13.412	1	4.61E-83	0.25
-13.402	1	4.61E-83	0.25
-13.392	1	8.17E-79	0.25
-13.382	1	1.89E-67	0.25
-13.372	1	5.93E-57	0.25
-13.362	1	2.52E-47	0.25
-13.352	1	1.45E-38	0.25
-13.342	1	1.12E-30	0.25
-13.332	1	1.18E-23	0.25
-13.322	1	1.69E-17	0.25
-13.312	1	3.27E-12	0.25
-13.302	1	8.61E-08	0.25
-13.292	1	3.11E-04	0.25
-13.282	1	1.57E-01	0.25
-13.272	1	1.14E+01	0.25
-13.262	1	1.30E+02	0.25
-13.252	1	2.98E+02	0.25
-13.242	1	2.63E+02	0.25
-13.232	1	9.08E+01	0.25
-13.222	1	6.54E+00	0.25
-13.212	1	7.29E-02	0.25
-13.202	1	1.15E-04	0.25
-13.192	1	2.49E-08	0.25
-13.182	1	7.34E-13	0.25
-13.172	1	2.93E-18	0.25
-13.162	1	1.58E-24	0.25
-13.152	1	1.16E-31	0.25
-13.142	1	1.15E-39	0.25
-13.132	1	1.54E-48	0.25
-13.122	1	2.78E-58	0.25
-13.112	1	6.83E-69	0.25
-13.102	1	2.27E-80	0.25
-13.092	1	4.61E-83	0.25
-13.082	1	4.61E-83	0.25
-13.072	1	4.61E-83	0.25
-13.062	1	4.61E-83	0.25
-13.052	1	4.61E-83	0.25
-13.042	1	4.61E-83	0.25
-13.032	1	4.61E-83	0.25
-13.022	1	4.61E-83	0.25
-13.012	1	4.61E-83	0.25
-13.002	1	4.61E-83	0.25
-12.992	1	4.61E-83	0.25
-12.982	1	4.61E-83	0.25
-12.972	1	4.61E-83	0.25
-12.962	1	4.61E-83	0.25
-12.952	1	4.61E-83	0.25
-12.942	1	4.61E-83	0.25
-12.932	1	4.61E-83	0.25
-12.922	1	4.61E-83	0.25
-12.912	1	4.61E-83	0.25
-12.902	1	4.61E-83	0.25
-12.892	1	4.61E-83	0.25
-12.882	1	4.61E-83	0.25
-12.872	1	4.61E-83	0.25
-12.862	1	4.61E-83	0.25
-12.852	1	4.61E-83	0.25
-12.842	1	4.61E-83	0.25
-12.832	1	4.61E-83	0.25
-12.822	1	4.61E-83	0.25
-12.812	1	4.61E-83	0.25
-12.802	1	4.61E-83	0.25
-12.792	1	1.13E-76	0.25
-12.782	1	1.82E-65	0.25
-12.772	1	3.95E-55	0.25
-12.762	1	1.16E-45	0.25
-12.752	1	4.64E-37	0.25
-12.742	1	2.50E-29	0.25
-12.732	1	1.83E-22	0.25
-12.722	1	1.82E-16	0.25
-12.712	1	2.45E-11	0.25
-12.702	1	4.52E-07	0.25
-12.692	1	1.15E-03	0.25
-12.682	1	4.09E-01	0.25
-12.672	1	2.09E+01	0.25
-12.662	1	1.60E+02	0.25
-12.652	1	1.90E+02	0.25
-12.642	1	1.10E+02	0.25
-12.632	1	2.06E+02	0.25
-12.622	1	1.04E+02	0.25
-12.612	1	9.32E+00	0.25
-12.602	1	1.29E-01	0.25
-12.592	1	2.51E-04	0.25
-12.582	1	6.72E-08	0.25
-12.572	1	2.45E-12	0.25
-12.562	1	1.21E-17	0.25
-12.552	1	8.08E-24	0.25
-12.542	1	7.31E-31	0.25
-12.532	1	8.95E-39	0.25
-12.522	1	1.48E-47	0.25
-12.512	1	3.33E-57	0.25
-12.502	1	1.01E-67	0.25
-12.492	1	4.15E-79	0.25
-12.482	1	4.61E-83	0.25
-12.472	1	4.61E-83	0.25
-12.462	1	4.61E-83	0.25
-12.452	1	4.61E-83	0.25
-12.442	1	3.28E-81	0.25
-12.432	1	1.12E-69	0.25
-12.422	1	5.27E-59	0.25
-12.412	1	3.35E-49	0.25
-12.402	1	2.88E-40	0.25
-12.392	1	3.36E-32	0.25
-12.382	1	5.28E-25	0.25
-12.372	1	1.13E-18	0.25
-12.362	1	3.25E-13	0.25
-12.352	1	1.27E-08	0.25
-12.342	1	6.71E-05	0.25
-12.332	1	4.80E-02	0.25
-12.322	1	4.69E+00	0.25
-12.312	1	6.51E+01	0.25
-12.302	1	1.67E+02	0.25
-12.292	1	1.35E+02	0.25
-12.282	1	2.81E+01	0.25
-12.272	1	5.81E+00	0.25
-12.262	1	6.22E+01	0.25
-12.252	1	1.10E+02	0.25
-12.242	1	8.38E+01	0.25
-12.232	1	1.97E+02	0.25
-12.222	1	1.35E+02	0.25
-12.212	1	9.40E+01	0.25
-12.202	1	1.00E+02	0.25
-12.192	1	9.47E+01	0.25
-12.182	1	2.23E+02	0.25
-12.172	1	8.95E+01	0.25
-12.162	1	5.14E+00	0.25
-12.152	1	4.18E-02	0.25
-12.142	1	4.76E-05	0.25
-12.132	1	1.16E-04	0.25
-12.122	1	7.17E-02	0.25
-12.112	1	6.00E+00	0.25
-12.102	1	6.79E+01	0.25
-12.092	1	1.04E+02	0.25
-12.082	1	2.39E+01	0.25
-12.072	1	4.47E+01	0.25
-12.062	1	1.13E+02	0.25
-12.052	1	3.90E+01	0.25
-12.042	1	1.88E+00	0.25
-12.032	1	4.96E+00	0.25
-12.022	1	6.25E+01	0.25
-12.012	1	1.07E+02	0.25
-12.002	1	3.42E+01	0.25
-11.992	1	8.25E+01	0.25
-11.982	1	1.19E+02	0.25
-11.972	1	1.53E+02	0.25
-11.962	1	2.01E+02	0.25
-11.952	1	1.94E+02	0.25
-11.942	1	1.79E+02	0.25
-11.932	1	6.03E+01	0.25
-11.922	1	3.73E+00	0.25
-11.912	1	3.34E-02	0.25
-11.902	1	4.10E-05	0.25
-11.892	1	6.81E-09	0.25
-11.882	1	1.53E-13	0.25
-11.872	1	4.67E-19	0.25
-11.862	1	1.93E-25	0.25
-11.852	1	1.07E-32	0.25
-11.842	1	8.11E-41	0.25
-11.832	1	8.29E-50	0.25
-11.822	1	1.15E-59	0.25
-11.812	1	2.15E-70	0.25
-11.802	1	5.90E-82	0.25
-11.792	1	4.61E-83	0.25
-11.782	1	4.61E-83	0.25
-11.772	1	4.61E-83	0.25
-11.762	1	4.61E-83	0.25
-11.752	1	4.61E-83	0.25
-11.742	1	4.61E-83	0.25
-11.732	1	4.61E-83	0.25
-11.722	1	4.61E-83	0.25
-11.712	1	4.61E-83	0.25
-11.702	1	4.61E-83	0.25
-11.692	1	4.61E-83	0.25
-11.682	1	4.61E-83	0.25
-11.672	1	4.61E-83	0.25
-11.662	1	4.61E-83	0.25
-11.652	1	4.61E-83	0.25
-11.642	1	1.36E-75	0.25
-11.632	1	1.82E-64	0.25
-11.622	1	3.28E-54	0.25
-11.612	1	8.02E-45	0.25
-11.602	1	2.65E-36	0.25
-11.592	1	1.19E-28	0.25
-11.582	1	7.19E-22	0.25
-11.572	1	5.89E-16	0.25
-11.562	1	6.53E-11	0.25
-11.552	1	9.81E-07	0.25
-11.542	1	1.99E-03	0.25
-11.532	1	5.48E-01	0.25
-11.522	1	2.05E+01	0.25
-11.512	1	1.14E+02	0.25
-11.502	1	2.00E+02	0.25
-11.492	1	2.71E+02	0.25
-11.482	1	1.61E+02	0.25
-11.472	1	3.20E+01	0.25
-11.462	1	1.13E+00	0.25
-11.452	1	5.65E-03	0.25
-11.442	1	3.83E-06	0.25
-11.432	1	3.52E-10	0.25
-11.422	1	4.39E-15	0.25
-11.412	1	7.39E-21	0.25
-11.402	1	1.68E-27	0.25
-11.392	1	5.19E-35	0.25
-11.382	1	2.17E-43	0.25
-11.372	1	1.23E-52	0.25
-11.362	1	9.37E-63	0.25
-11.352	1	9.70E-74	0.25
-11.342	1	4.61E-83	0.25
-11.332	1	4.61E-83	0.25
-11.322	1	4.61E-83	0.25
-11.312	1	4.61E-83	0.25
-11.302	1	4.61E-83	0.25
-11.292	1	4.61E-83	0.25
-11.282	1	4.61E-83	0.25
-11.272	1	4.61E-83	0.25
-11.262	1	4.61E-83	0.25
-11.252	1	4.61E-83	0.25
-11.242	1	4.61E-83	0.25
-11.232	1	4.61E-83	0.25
-11.222	1	4.61E-83	0.25
-11.212	1	4.61E-83	0.25
-11.202	1	4.61E-83	0.25
-11.192	1	4.61E-83	0.25
-11.182	1	4.61E-83	0.25
-11.172	1	4.61E-83	0.25
-11.162	1	4.61E-83	0.25
-11.152	1	4.61E-83	0.25
-11.142	1	4.61E-83	0.25
-11.132	1	4.61E-83	0.25
-11.122	1	4.61E-83	0.25
-11.112	1	4.61E-83	0.25
-11.102	1	4.61E-83	0.25
-11.092	1	4.61E-83	0.25
-11.082	1	4.61E-83	0.25
-11.072	1	4.61E-83	0.25
-11.062	1	4.61E-83	0.25
-11.052	1	4.61E-83	0.25
-11.042	1	4.61E-83	0.25
-11.032	1	4.61E-83	0.25
-11.022	1	4.61E-83	0.25
-11.012	1	4.61E-83	0.25
-11.002	1	4.61E-83	0.25
-10.992	1	4.61E-83	0.25
-10.982	1	4.61E-83	0.25
-10.972	1	4.61E-83	0.25
-10.962	1	4.61E-83	0.25
-10.952	1	4.61E-83	0.25
-10.942	1	4.61E-83	0.25
-10.932	1	4.61E-83	0.25
-10.922	1	4.61E-83	0.25
-10.912	1	4.61E-83	0.25
-10.902	1	4.61E-83	0.25
-10.892	1	4.61E-83	0.25
-10.882	1	1.13E-74	0.25
-10.872	1	1.28E-63	0.25
-10.862	1	1.97E-53	0.25
-10.852	1	4.11E-44	0.25
-10.842	1	1.16E-35	0.25
-10.832	1	4.42E-28	0.25
-10.822	1	2.29E-21	0.25
-10.812	1	1.60E-15	0.25
-10.802	1	1.51E-10	0.25
-10.792	1	1.94E-06	0.25
-10.782	1	3.36E-03	0.25
-10.772	1	7.95E-01	0.25
-10.762	1	2.65E+01	0.25
-10.752	1	1.43E+02	0.25
-10.742	1	1.75E+02	0.25
-10.732	1	5.26E+01	0.25
-10.722	1	2.80E+00	0.25
-10.712	1	2.15E-02	0.25
-10.702	1	2.99E-02	0.25
-10.692	1	3.57E+00	0.25
-10.682	1	6.37E+01	0.25
-10.672	1	1.97E+02	0.25
-10.662	1	1.22E+02	0.25
-10.652	1	1.40E+01	0.25
-10.642	1	2.52E-01	0.25
-10.632	1	6.42E-04	0.25
-10.622	1	2.25E-07	0.25
-10.612	1	1.07E-11	0.25
-10.602	1	6.88E-17	0.25
-10.592	1	6.00E-23	0.25
-10.582	1	7.08E-30	0.25
-10.572	1	1.13E-37	0.25
-10.562	1	2.58E-42	0.25
-10.552	1	4.84E-34	0.25
-10.542	1	1.23E-26	0.25
-10.532	1	4.21E-20	0.25
-10.522	1	1.96E-14	0.25
-10.512	1	1.23E-09	0.25
-10.502	1	1.05E-05	0.25
-10.492	1	1.20E-02	0.25
-10.482	1	1.88E+00	0.25
-10.472	1	4.09E+01	0.25
-10.462	1	1.59E+02	0.25
-10.452	1	2.65E+02	0.25
-10.442	1	2.22E+02	0.25
-10.432	1	9.89E+01	0.25
-10.422	1	1.19E+01	0.25
-10.412	1	2.15E-01	0.25
-10.402	1	5.28E-04	0.25
-10.392	1	1.76E-07	0.25
-10.382	1	7.93E-12	0.25
-10.372	1	4.84E-17	0.25
-10.362	1	4.00E-23	0.25
-10.352	1	4.47E-30	0.25
-10.342	1	6.76E-38	0.25
-10.332	1	1.38E-46	0.25
-10.322	1	3.84E-56	0.25
-10.312	1	1.44E-66	0.25
-10.302	1	7.30E-78	0.25
-10.292	1	4.61E-83	0.25
-10.282	1	4.61E-83	0.25
-10.272	1	4.61E-83	0.25
-10.262	1	4.61E-83	0.25
-10.252	1	4.61E-83	0.25
-10.242	1	4.61E-83	0.25
-10.232	1	4.61E-83	0.25
-10.222	1	4.61E-83	0.25
-10.212	1	4.61E-83	0.25
-10.202	1	4.61E-83	0.25
-10.192	1	4.61E-83	0.25
-10.182	1	4.61E-83	0.25
-10.172	1	4.61E-83	0.25
-10.162	1	2.13E-79	0.25
-10.152	1	5.44E-68	0.25
-10.142	1	1.88E-57	0.25
-10.132	1	8.81E-48	0.25
-10.122	1	5.59E-39	0.25
-10.112	1	4.79E-31	0.25
-10.102	1	5.56E-24	0.25
-10.092	1	8.74E-18	0.25
-10.082	1	1.86E-12	0.25
-10.072	1	5.35E-08	0.25
-10.062	1	2.09E-04	0.25
-10.052	1	1.11E-01	0.25
-10.042	1	8.43E+00	0.25
-10.032	1	1.06E+02	0.25
-10.022	1	3.25E+02	0.25
-10.012	1	2.95E+02	0.25
-10.002	1	6.25E+01	0.25
-9.992	1	2.47E+00	0.25
-9.982	1	1.54E-02	0.25
-9.972	1	1.38E-05	0.25
-9.962	1	1.72E-09	0.25
-9.952	1	2.91E-14	0.25
-9.942	1	6.69E-20	0.25
-9.932	1	2.08E-26	0.25
-9.922	1	8.77E-34	0.25
-9.912	1	5.00E-42	0.25
-9.902	1	3.86E-51	0.25
-9.892	1	4.03E-61	0.25
-9.882	1	5.69E-72	0.25
-9.872	1	5.68E-83	0.25
-9.862	1	4.61E-83	0.25
-9.852	1	4.61E-83	0.25
-9.842	1	4.61E-83	0.25
-9.832	1	4.61E-83	0.25
-9.822	1	4.61E-83	0.25
-9.812	1	4.61E-83	0.25
-9.802	1	4.61E-83	0.25
-9.792	1	4.61E-83	0.25
-9.782	1	4.61E-83	0.25
-9.772	1	4.61E-83	0.25
-9.762	1	4.61E-83	0.25
-9.752	1	4.61E-83	0.25
-9.742	1	4.61E-83	0.25
-9.732	1	4.61E-83	0.25
-9.722	1	4.61E-83	0.25
-9.712	1	4.61E-83	0.25
-9.702	1	4.61E-83	0.25
-9.692	1	4.61E-83	0.25
-9.682	1	4.61E-83	0.25
-9.672	1	4.61E-83	0.25
-9.662	1	4.61E-83	0.25
-9.652	1	4.61E-83	0.25
-9.642	1	4.61E-83	0.25
-9.632	1	4.61E-83	0.25
-9.622	1	4.61E-83	0.25
-9.612	1	4.61E-83	0.25
-9.602	1	4.61E-83	0.25
-9.592	1	4.61E-83	0.25
-9.582	1	4.61E-83	0.25
-9.572	1	4.61E-83	0.25
-9.562	1	4.61E-83	0.25
-9.552	1	4.61E-83	0.25
-9.542	1	4.61E-83	0.25
-9.532	1	4.61E-83	0.25
-9.522	1	4.61E-83	0.25
-9.512	1	4.61E-83	0.25
-9.502	1	4.61E-83	0.25
-9.492	1	4.61E-83	0.25
-9.482	1	4.61E-83	0.25
-9.472	1	8.27E-76	0.25
-9.462	1	1.15E-64	0.25
-9.452	1	2.15E-54	0.25
-9.442	1	5.45E-45	0.25
-9.432	1	1.87E-36	0.25
-9.422	1	8.69E-29	0.25
-9.412	1	5.46E-22	0.25
-9.402	1	4.65E-16	0.25
-9.392	1	5.35E-11	0.25
-9.382	1	8.34E-07	0.25
-9.372	1	1.76E-03	0.25
-9.362	1	5.02E-01	0.25
-9.352	1	1.95E+01	0.25
-9.342	1	1.07E+02	0.25
-9.332	1	1.46E+02	0.25
-9.322	1	1.98E+02	0.25
-9.312	1	1.86E+02	0.25
-9.302	1	1.21E+02	0.25
-9.292	1	2.24E+01	0.25
-9.282	1	6.30E-01	0.25
-9.272	1	2.43E-03	0.25
-9.262	1	1.27E-06	0.25
-9.252	1	9.01E-11	0.25
-9.242	1	8.63E-16	0.25
-9.232	1	1.12E-21	0.25
-9.222	1	1.96E-28	0.25
-9.212	1	4.66E-36	0.25
-9.202	1	1.50E-44	0.25
-9.192	1	6.51E-54	0.25
-9.182	1	3.83E-64	0.25
-9.172	1	3.05E-75	0.25
-9.162	1	4.61E-83	0.25
-9.152	1	4.61E-83	0.25
-9.142	1	4.61E-83	0.25
-9.132	1	4.61E-83	0.25
-9.122	1	4.61E-83	0.25
-9.112	1	4.61E-83	0.25
-9.102	1	4.61E-83	0.25
-9.092	1	4.61E-83	0.25
-9.082	1	4.61E-83	0.25
-9.072	1	4.61E-83	0.25
-9.062	1	4.61E-83	0.25
-9.052	1	4.61E-83	0.25
-9.042	1	4.61E-83	0.25
-9.032	1	4.61E-83	0.25
-9.022	1	4.61E-83	0.25
-9.012	1	4.61E-83	0.25
-9.002	1	4.61E-83	0.25
-8.992	1	4.61E-83	0.25
-8.982	1	4.61E-83	0.25
-8.972	1	4.61E-83	0.25
-8.962	1	4.61E-83	0.25
-8.952	1	4.61E-83	0.25
-8.942	1	4.61E-83	0.25
-8.932	1	4.61E-83	0.25
-8.922	1	4.61E-83	0.25
-8.912	1	4.61E-83	0.25
-8.902	1	4.61E-83	0.25
-8.892	1	4.61E-83	0.25
-8.882	1	4.61E-83	0.25
-8.872	1	4.61E-83	0.25
-8.862	1	4.61E-83	0.25
-8.852	1	4.61E-83	0.25
-8.842	1	4.61E-83	0.25
-8.832	1	4.61E-83	0.25
-8.822	1	4.61E-83	0.25
-8.812	1	4.61E-83	0.25
-8.802	1	4.61E-83	0.25
-8.792	1	4.61E-83	0.25
-8.782	1	4.61E-83	0.25
-8.772	1	4.61E-83	0.25
-8.762	1	4.61E-83	0.25
-8.752	1	4.61E-83	0.25
-8.742	1	4.77E-83	0.25
-8.732	1	1.08E-72	0.25
-8.722	1	8.70E-62	0.25
-8.712	1	9.46E-52	0.25
-8.702	1	1.39E-42	0.25
-8.692	1	2.78E-34	0.25
-8.682	1	7.50E-27	0.25
-8.672	1	2.74E-20	0.25
-8.662	1	1.36E-14	0.25
-8.652	1	9.19E-10	0.25
-8.642	1	8.50E-06	0.25
-8.632	1	1.09E-02	0.25
-8.622	1	1.97E+00	0.25
-8.612	1	5.18E+01	0.25
-8.602	1	2.09E+02	0.25
-8.592	1	1.68E+02	0.25
-8.582	1	1.25E+02	0.25
-8.572	1	4.40E+01	0.25
-8.562	1	3.97E+01	0.25
-8.552	1	1.13E+02	0.25
-8.542	1	4.57E+01	0.25
-8.532	1	5.06E+00	0.25
-8.522	1	6.34E+01	0.25
-8.512	1	2.20E+02	0.25
-8.502	1	1.20E+02	0.25
-8.492	1	1.44E+02	0.25
-8.482	1	2.05E+02	0.25
-8.472	1	4.36E+01	0.25
-8.462	1	1.32E+00	0.25
-8.452	1	5.37E-02	0.25
-8.442	1	4.82E+00	0.25
-8.432	1	7.17E+01	0.25
-8.422	1	1.95E+02	0.25
-8.412	1	1.59E+02	0.25
-8.402	1	1.27E+02	0.25
-8.392	1	4.09E+01	0.25
-8.382	1	2.06E+00	0.25
-8.372	1	6.30E+00	0.25
-8.362	1	7.81E+01	0.25
-8.352	1	1.85E+02	0.25
-8.342	1	1.15E+02	0.25
-8.332	1	1.51E+01	0.25
-8.322	1	3.08E-01	0.25
-8.312	1	1.26E-01	0.25
-8.302	1	8.49E+00	0.25
-8.292	1	7.87E+01	0.25
-8.282	1	1.29E+02	0.25
-8.272	1	2.02E+02	0.25
-8.262	1	1.61E+02	0.25
-8.252	1	2.07E+01	0.25
-8.242	1	3.92E-01	0.25
-8.232	1	1.06E-03	0.25
-8.222	1	4.02E-07	0.25
-8.212	1	2.10E-11	0.25
-8.202	1	1.51E-16	0.25
-8.192	1	1.47E-22	0.25
-8.182	1	1.95E-29	0.25
-8.172	1	3.49E-37	0.25
-8.162	1	8.50E-46	0.25
-8.152	1	2.80E-55	0.25
-8.142	1	1.25E-65	0.25
-8.132	1	7.53E-77	0.25
-8.122	1	4.61E-83	0.25
-8.112	1	4.61E-83	0.25
-8.102	1	4.61E-83	0.25
-8.092	1	4.61E-83	0.25
-8.082	1	4.61E-83	0.25
-8.072	1	4.61E-83	0.25
-8.062	1	4.61E-83	0.25
-8.052	1	4.61E-83	0.25
-8.042	1	4.61E-83	0.25
-8.032	1	4.61E-83	0.25
-8.022	1	4.61E-83	0.25
-8.012	1	4.61E-83	0.25
-8.002	1	4.61E-83	0.25
-7.992	1	4.61E-83	0.25
-7.982	1	4.61E-83	0.25
-7.972	1	4.61E-83	0.25
-7.962	1	4.61E-83	0.25
-7.952	1	4.61E-83	0.25
-7.942	1	4.61E-83	0.25
-7.932	1	4.61E-83	0.25
-7.922	1	4.61E-83	0.25
-7.912	1	4.61E-83	0.25
-7.902	1	4.61E-83	0.25
-7.892	1	4.61E-83	0.25
-7.882	1	4.61E-83	0.25
-7.872	1	4.61E-83	0.25
-7.862	1	4.61E-83	0.25
-7.852	1	4.61E-83	0.25
-7.842	1	4.61E-83	0.25
-7.832	1	4.61E-83	0.25
-7.822	1	4.61E-83	0.25
-7.812	1	4.61E-83	0.25
-7.802	1	4.61E-83	0.25
-7.792	1	4.61E-83	0.25
-7.782	1	4.61E-83	0.25
-7.772	1	4.61E-83	0.25
-7.762	1	4.61E-83	0.25
-7.752	1	4.61E-83	0.25
-7.742	1	4.61E-83	0.25
-7.732	1	4.61E-83	0.25
-7.722	1	4.61E-83	0.25
-7.712	1	4.61E-83	0.25
-7.702	1	4.61E-83	0.25
-7.692	1	4.61E-83	0.25
-7.682	1	4.61E-83	0.25
-7.672	1	4.61E-83	0.25
-7.662	1	4.61E-83	0.25
-7.652	1	4.61E-83	0.25
-7.642	1	4.61E-83	0.25
-7.632	1	4.61E-83	0.25
-7.622	1	4.61E-83	0.25
-7.612	1	4.73E-82	0.25
-7.602	1	1.72E-70	0.25
-7.592	1	9.33E-60	0.25
-7.582	1	6.87E-50	0.25
-7.572	1	6.84E-41	0.25
-7.562	1	9.22E-33	0.25
-7.552	1	1.68E-25	0.25
-7.542	1	4.15E-19	0.25
-7.532	1	1.39E-13	0.25
-7.522	1	6.27E-09	0.25
-7.512	1	3.86E-05	0.25
-7.502	1	3.26E-02	0.25
-7.492	1	3.92E+00	0.25
-7.482	1	7.51E+01	0.25
-7.472	1	2.80E+02	0.25
-7.462	1	2.29E+02	0.25
-7.452	1	1.25E+02	0.25
-7.442	1	7.88E+01	0.25
-7.432	1	8.59E+00	0.25
-7.422	1	1.28E-01	0.25
-7.412	1	2.57E-04	0.25
-7.402	1	6.98E-08	0.25
-7.392	1	2.57E-12	0.25
-7.382	1	1.28E-17	0.25
-7.372	1	3.06E-19	0.25
-7.362	1	1.09E-13	0.25
-7.352	1	5.29E-09	0.25
-7.342	1	3.54E-05	0.25
-7.332	1	3.29E-02	0.25
-7.322	1	4.32E+00	0.25
-7.312	1	8.12E+01	0.25
-7.302	1	2.21E+02	0.25
-7.292	1	8.80E+01	0.25
-7.282	1	7.83E+00	0.25
-7.272	1	4.79E+01	0.25
-7.262	1	1.12E+02	0.25
-7.252	1	3.56E+01	0.25
-7.242	1	3.15E+00	0.25
-7.232	1	3.67E+01	0.25
-7.222	1	1.12E+02	0.25
-7.212	1	4.66E+01	0.25
-7.202	1	2.61E+00	0.25
-7.192	1	1.98E-02	0.25
-7.182	1	2.04E-05	0.25
-7.172	1	2.83E-09	0.25
-7.162	1	5.33E-14	0.25
-7.152	1	1.36E-19	0.25
-7.142	1	4.68E-26	0.25
-7.132	1	2.18E-33	0.25
-7.122	1	1.38E-41	0.25
-7.112	1	1.18E-50	0.25
-7.102	1	1.36E-60	0.25
-7.092	1	2.13E-71	0.25
-7.082	1	9.10E-83	0.25
-7.072	1	4.61E-83	0.25
-7.062	1	4.18E-79	0.25
-7.052	1	1.02E-67	0.25
-7.042	1	3.35E-57	0.25
-7.032	1	1.49E-47	0.25
-7.022	1	9.00E-39	0.25
-7.012	1	7.34E-31	0.25
-7.002	1	8.11E-24	0.25
-6.992	1	1.21E-17	0.25
-6.982	1	2.45E-12	0.25
-6.972	1	6.72E-08	0.25
-6.962	1	2.49E-04	0.25
-6.952	1	1.25E-01	0.25
-6.942	1	8.48E+00	0.25
-6.932	1	7.79E+01	0.25
-6.922	1	9.68E+01	0.25
-6.912	1	1.63E+01	0.25
-6.902	1	3.71E-01	0.25
-6.892	1	1.88E-03	0.25
-6.882	1	2.71E-01	0.25
-6.872	1	1.36E+01	0.25
-6.862	1	9.17E+01	0.25
-6.852	1	8.39E+01	0.25
-6.842	1	1.04E+01	0.25
-6.832	1	1.75E-01	0.25
-6.822	1	4.22E-04	0.25
-6.812	1	2.38E-02	0.25
-6.802	1	2.95E+00	0.25
-6.792	1	4.94E+01	0.25
-6.782	1	1.12E+02	0.25
-6.772	1	3.43E+01	0.25
-6.762	1	1.43E+00	0.25
-6.752	1	8.02E-03	0.25
-6.742	1	6.10E-06	0.25
-6.732	1	6.28E-10	0.25
-6.722	1	2.94E-09	0.25
-6.712	1	2.10E-05	0.25
-6.702	1	2.03E-02	0.25
-6.692	1	2.65E+00	0.25
-6.682	1	4.69E+01	0.25
-6.672	1	1.12E+02	0.25
-6.662	1	3.64E+01	0.25
-6.652	1	1.60E+00	0.25
-6.642	1	9.49E-03	0.25
-6.632	1	1.17E-02	0.25
-6.622	1	1.84E+00	0.25
-6.612	1	3.92E+01	0.25
-6.602	1	1.13E+02	0.25
-6.592	1	4.50E+01	0.25
-6.582	1	3.17E+01	0.25
-6.572	1	1.10E+02	0.25
-6.562	1	5.57E+01	0.25
-6.552	1	3.82E+00	0.25
-6.542	1	3.55E-02	0.25
-6.532	1	4.46E-05	0.25
-6.522	1	1.49E-07	0.25
-6.512	1	4.46E-04	0.25
-6.502	1	1.90E-01	0.25
-6.492	1	1.10E+01	0.25
-6.482	1	8.74E+01	0.25
-6.472	1	1.30E+02	0.25
-6.462	1	1.26E+02	0.25
-6.452	1	4.32E+01	0.25
-6.442	1	2.22E+00	0.25
-6.432	1	1.55E-02	0.25
-6.422	1	1.46E-05	0.25
-6.412	1	1.86E-09	0.25
-6.402	1	3.22E-14	0.25
-6.392	1	7.54E-20	0.25
-6.382	1	2.39E-26	0.25
-6.372	1	1.02E-33	0.25
-6.362	1	5.94E-42	0.25
-6.352	1	5.59E-48	0.25
-6.342	1	3.69E-39	0.25
-6.332	1	3.31E-31	0.25
-6.322	1	4.01E-24	0.25
-6.312	1	6.57E-18	0.25
-6.302	1	1.46E-12	0.25
-6.292	1	4.38E-08	0.25
-6.282	1	1.78E-04	0.25
-6.272	1	9.80E-02	0.25
-6.262	1	7.34E+00	0.25
-6.252	1	7.83E+01	0.25
-6.242	1	1.62E+02	0.25
-6.232	1	1.26E+02	0.25
-6.222	1	3.07E+01	0.25
-6.212	1	6.33E+01	0.25
-6.202	1	1.11E+02	0.25
-6.192	1	8.00E+01	0.25
-6.182	1	1.11E+02	0.25
-6.172	1	2.98E+01	0.25
-6.162	1	4.13E+00	0.25
-6.152	1	6.26E+01	0.25
-6.142	1	2.07E+02	0.25
-6.132	1	1.16E+02	0.25
-6.122	1	1.07E+01	0.25
-6.112	1	1.51E-01	0.25
-6.102	1	3.04E-04	0.25
-6.092	1	8.48E-08	0.25
-6.082	1	1.34E-11	0.25
-6.072	1	2.16E-07	0.25
-6.062	1	6.20E-04	0.25
-6.052	1	2.42E-01	0.25
-6.042	1	1.30E+01	0.25
-6.032	1	1.07E+02	0.25
-6.022	1	1.85E+02	0.25
-6.012	1	8.69E+01	0.25
-6.002	1	8.07E+00	0.25
-5.992	1	1.11E-01	0.25
-5.982	1	2.11E-04	0.25
-5.972	1	5.45E-08	0.25
-5.962	1	1.90E-12	0.25
-5.952	1	8.98E-18	0.25
-5.942	1	5.74E-24	0.25
-5.932	1	4.96E-31	0.25
-5.922	1	5.81E-39	0.25
-5.912	1	9.21E-48	0.25
-5.902	1	1.97E-57	0.25
-5.892	1	5.73E-68	0.25
-5.882	1	2.25E-79	0.25
-5.872	1	4.61E-83	0.25
-5.862	1	2.09E-82	0.25
-5.852	1	7.25E-71	0.25
-5.842	1	4.36E-60	0.25
-5.832	1	3.56E-50	0.25
-5.822	1	3.94E-41	0.25
-5.812	1	5.92E-33	0.25
-5.802	1	1.21E-25	0.25
-5.792	1	3.35E-19	0.25
-5.782	1	1.26E-13	0.25
-5.772	1	6.44E-09	0.25
-5.762	1	4.47E-05	0.25
-5.752	1	4.22E-02	0.25
-5.742	1	5.42E+00	0.25
-5.732	1	9.46E+01	0.25
-5.722	1	2.26E+02	0.25
-5.712	1	1.05E+02	0.25
-5.702	1	1.15E+02	0.25
-5.692	1	5.17E+01	0.25
-5.682	1	1.85E+01	0.25
-5.672	1	9.52E+01	0.25
-5.662	1	7.99E+01	0.25
-5.652	1	9.09E+00	0.25
-5.642	1	1.40E-01	0.25
-5.632	1	2.91E-04	0.25
-5.622	1	8.21E-08	0.25
-5.612	1	3.13E-12	0.25
-5.602	1	1.62E-17	0.25
-5.592	1	1.13E-23	0.25
-5.582	1	1.07E-30	0.25
-5.572	1	1.37E-38	0.25
-5.562	1	4.43E-42	0.25
-5.552	1	7.86E-34	0.25
-5.542	1	1.89E-26	0.25
-5.532	1	6.14E-20	0.25
-5.522	1	2.70E-14	0.25
-5.512	1	1.61E-09	0.25
-5.502	1	1.30E-05	0.25
-5.492	1	1.42E-02	0.25
-5.482	1	2.09E+00	0.25
-5.472	1	4.17E+01	0.25
-5.462	1	1.13E+02	0.25
-5.452	1	5.06E+01	0.25
-5.442	1	1.18E+02	0.25
-5.432	1	2.21E+02	0.25
-5.422	1	1.34E+02	0.25
-5.412	1	1.02E+02	0.25
-5.402	1	1.81E+01	0.25
-5.392	1	1.35E+01	0.25
-5.382	1	9.05E+01	0.25
-5.372	1	8.52E+01	0.25
-5.362	1	1.08E+01	0.25
-5.352	1	1.87E-01	0.25
-5.342	1	1.49E-02	0.25
-5.332	1	2.66E+00	0.25
-5.322	1	6.61E+01	0.25
-5.312	1	2.23E+02	0.25
-5.302	1	1.02E+02	0.25
-5.292	1	6.34E+00	0.25
-5.282	1	8.26E-02	0.25
-5.272	1	3.37E+00	0.25
-5.262	1	5.26E+01	0.25
-5.252	1	1.11E+02	0.25
-5.242	1	3.18E+01	0.25
-5.232	1	1.23E+00	0.25
-5.222	1	6.44E-03	0.25
-5.212	1	4.56E-06	0.25
-5.202	1	4.38E-10	0.25
-5.192	1	4.89E-13	0.25
-5.182	1	1.76E-08	0.25
-5.172	1	8.70E-05	0.25
-5.162	1	5.81E-02	0.25
-5.152	1	5.24E+00	0.25
-5.142	1	6.41E+01	0.25
-5.132	1	1.06E+02	0.25
-5.122	1	2.65E+01	0.25
-5.112	1	6.18E+01	0.25
-5.102	1	2.41E+02	0.25
-5.092	1	2.29E+02	0.25
-5.082	1	6.28E+01	0.25
-5.072	1	3.95E+00	0.25
-5.062	1	1.94E+01	0.25
-5.052	1	1.05E+02	0.25
-5.042	1	1.28E+02	0.25
-5.032	1	1.17E+02	0.25
-5.022	1	2.93E+01	0.25
-5.012	1	1.05E+00	0.25
-5.002	1	5.13E-03	0.25
-4.992	1	2.20E-03	0.25
-4.982	1	5.90E-01	0.25
-4.972	1	2.21E+01	0.25
-4.962	1	1.38E+02	0.25
-4.952	1	2.72E+02	0.25
-4.942	1	2.58E+02	0.25
-4.932	1	1.00E+02	0.25
-4.922	1	9.68E+00	0.25
-4.912	1	1.47E-01	0.25
-4.902	1	3.08E-04	0.25
-4.892	1	6.68E-06	0.25
-4.882	1	8.50E-03	0.25
-4.872	1	1.48E+00	0.25
-4.862	1	3.51E+01	0.25
-4.852	1	1.13E+02	0.25
-4.842	1	7.93E+01	0.25
-4.832	1	1.20E+02	0.25
-4.822	1	1.54E+02	0.25
-4.812	1	2.35E+02	0.25
-4.802	1	1.54E+02	0.25
-4.792	1	9.46E+01	0.25
-4.782	1	2.06E+01	0.25
-4.772	1	7.33E+01	0.25
-4.762	1	1.01E+02	0.25
-4.752	1	1.87E+01	0.25
-4.742	1	4.71E-01	0.25
-4.732	1	1.61E-03	0.25
-4.722	1	7.41E-07	0.25
-4.712	1	4.68E-11	0.25
-4.702	1	1.77E-08	0.25
-4.692	1	8.71E-05	0.25
-4.682	1	5.81E-02	0.25
-4.672	1	5.25E+00	0.25
-4.662	1	6.42E+01	0.25
-4.652	1	1.12E+02	0.25
-4.642	1	9.24E+01	0.25
-4.632	1	1.38E+02	0.25
-4.622	1	1.34E+02	0.25
-4.612	1	7.02E+01	0.25
-4.602	1	1.04E+02	0.25
-4.592	1	7.31E+01	0.25
-4.582	1	7.20E+00	0.25
-4.572	1	9.60E-02	0.25
-4.562	1	1.73E-04	0.25
-4.552	1	4.44E-08	0.25
-4.542	1	1.63E-05	0.25
-4.532	1	1.68E-02	0.25
-4.522	1	2.34E+00	0.25
-4.512	1	4.42E+01	0.25
-4.502	1	1.13E+02	0.25
-4.492	1	3.95E+01	0.25
-4.482	1	2.33E+01	0.25
-4.472	1	1.04E+02	0.25
-4.462	1	6.80E+01	0.25
-4.452	1	6.02E+00	0.25
-4.442	1	1.03E-01	0.25
-4.432	1	3.49E+00	0.25
-4.422	1	5.36E+01	0.25
-4.412	1	1.21E+02	0.25
-4.402	1	1.14E+02	0.25
-4.392	1	9.39E+01	0.25
-4.382	1	1.53E+01	0.25
-4.372	1	3.61E+01	0.25
-4.362	1	1.68E+02	0.25
-4.352	1	1.62E+02	0.25
-4.342	1	3.19E+01	0.25
-4.332	1	1.04E+00	0.25
-4.322	1	4.84E-03	0.25
-4.312	1	3.11E-06	0.25
-4.302	1	2.71E-10	0.25
-4.292	1	3.21E-15	0.25
-4.282	1	5.13E-21	0.25
-4.272	1	1.11E-27	0.25
-4.262	1	3.26E-35	0.25
-4.252	1	4.13E-36	0.25
-4.242	1	1.76E-28	0.25
-4.232	1	1.02E-21	0.25
-4.222	1	7.94E-16	0.25
-4.212	1	8.40E-11	0.25
-4.202	1	1.20E-06	0.25
-4.192	1	2.33E-03	0.25
-4.182	1	6.11E-01	0.25
-4.172	1	2.17E+01	0.25
-4.162	1	1.04E+02	0.25
-4.152	1	7.88E+01	0.25
-4.142	1	9.20E+01	0.25
-4.132	1	8.97E+01	0.25
-4.122	1	1.26E+01	0.25
-4.112	1	2.41E-01	0.25
-4.102	1	6.22E-04	0.25
-4.092	1	1.08E-06	0.25
-4.082	1	1.81E-03	0.25
-4.072	1	5.12E-01	0.25
-4.062	1	1.96E+01	0.25
-4.052	1	1.02E+02	0.25
-4.042	1	7.16E+01	0.25
-4.032	1	2.08E+01	0.25
-4.022	1	9.28E+01	0.25
-4.012	1	8.28E+01	0.25
-4.002	1	1.00E+01	0.25
-3.992	1	1.73E-01	0.25
-3.982	1	1.59E+00	0.25
-3.972	1	3.64E+01	0.25
-3.962	1	1.17E+02	0.25
-3.952	1	1.07E+02	0.25
-3.942	1	1.16E+02	0.25
-3.932	1	9.00E+01	0.25
-3.922	1	1.64E+02	0.25
-3.912	1	2.22E+02	0.25
-3.902	1	1.31E+02	0.25
-3.892	1	1.56E+01	0.25
-3.882	1	2.94E-01	0.25
-3.872	1	7.89E-04	0.25
-3.862	1	1.02E-04	0.25
-3.852	1	6.49E-02	0.25
-3.842	1	5.63E+00	0.25
-3.832	1	6.61E+01	0.25
-3.822	1	1.05E+02	0.25
-3.812	1	2.26E+01	0.25
-3.802	1	5.45E+00	0.25
-3.792	1	8.93E+01	0.25
-3.782	1	2.37E+02	0.25
-3.772	1	1.67E+02	0.25
-3.762	1	1.36E+02	0.25
-3.752	1	1.25E+02	0.25
-3.742	1	3.88E+01	0.25
-3.732	1	1.79E+00	0.25
-3.722	1	1.12E-02	0.25
-3.712	1	9.50E-06	0.25
-3.702	1	1.09E-09	0.25
-3.692	1	3.69E-10	0.25
-3.682	1	3.98E-06	0.25
-3.672	1	5.82E-03	0.25
-3.662	1	1.16E+00	0.25
-3.652	1	3.32E+01	0.25
-3.642	1	1.63E+02	0.25
-3.632	1	2.42E+02	0.25
-3.622	1	2.19E+02	0.25
-3.612	1	1.23E+02	0.25
-3.602	1	3.10E+01	0.25
-3.592	1	8.88E+01	0.25
-3.582	1	8.75E+01	0.25
-3.572	1	1.34E+01	0.25
-3.562	1	3.77E+01	0.25
-3.552	1	1.13E+02	0.25
-3.542	1	4.67E+01	0.25
-3.532	1	2.95E+01	0.25
-3.522	1	1.09E+02	0.25
-3.512	1	5.91E+01	0.25
-3.502	1	4.35E+00	0.25
-3.492	1	8.61E-02	0.25
-3.482	1	4.31E+00	0.25
-3.472	1	5.89E+01	0.25
-3.462	1	1.09E+02	0.25
-3.452	1	2.72E+01	0.25
-3.442	1	9.49E-01	0.25
-3.432	1	3.46E+00	0.25
-3.422	1	5.32E+01	0.25
-3.412	1	1.11E+02	0.25
-3.402	1	3.13E+01	0.25
-3.392	1	1.22E+00	0.25
-3.382	1	2.87E+00	0.25
-3.372	1	5.22E+01	0.25
-3.362	1	1.87E+02	0.25
-3.352	1	2.56E+02	0.25
-3.342	1	9.59E+01	0.25
-3.332	1	5.89E+00	0.25
-3.322	1	5.25E-02	0.25
-3.312	1	6.62E-05	0.25
-3.302	1	1.16E-08	0.25
-3.292	1	6.48E-13	0.25
-3.282	1	1.41E-08	0.25
-3.272	1	7.44E-05	0.25
-3.262	1	5.41E-02	0.25
-3.252	1	5.60E+00	0.25
-3.242	1	8.67E+01	0.25
-3.232	1	2.15E+02	0.25
-3.222	1	1.03E+02	0.25
-3.212	1	1.56E+02	0.25
-3.202	1	1.98E+02	0.25
-3.192	1	4.07E+01	0.25
-3.182	1	6.42E+01	0.25
-3.172	1	1.09E+02	0.25
-3.162	1	6.48E+01	0.25
-3.152	1	1.14E+02	0.25
-3.142	1	4.25E+01	0.25
-3.132	1	2.16E+00	0.25
-3.122	1	1.51E-02	0.25
-3.112	1	9.04E-02	0.25
-3.102	1	8.59E+00	0.25
-3.092	1	1.17E+02	0.25
-3.082	1	2.64E+02	0.25
-3.072	1	1.70E+02	0.25
-3.062	1	3.87E+01	0.25
-3.052	1	2.20E+01	0.25
-3.042	1	1.14E+02	0.25
-3.032	1	1.56E+02	0.25
-3.022	1	9.66E+01	0.25
-3.012	1	3.23E+01	0.25
-3.002	1	1.17E+02	0.25
-2.992	1	1.68E+02	0.25
-2.982	1	8.58E+01	0.25
-2.972	1	8.86E+00	0.25
-2.962	1	1.00E+00	0.25
-2.952	1	2.64E+01	0.25
-2.942	1	1.08E+02	0.25
-2.932	1	6.01E+01	0.25
-2.922	1	4.51E+00	0.25
-2.912	1	4.59E-02	0.25
-2.902	1	6.32E-05	0.25
-2.892	1	1.18E-08	0.25
-2.882	1	4.77E-10	0.25
-2.872	1	4.89E-06	0.25
-2.862	1	6.78E-03	0.25
-2.852	1	1.27E+00	0.25
-2.842	1	3.24E+01	0.25
-2.832	1	1.11E+02	0.25
-2.822	1	5.22E+01	0.25
-2.812	1	2.01E+01	0.25
-2.802	1	9.77E+01	0.25
-2.792	1	7.69E+01	0.25
-2.782	1	8.35E+00	0.25
-2.772	1	1.13E+01	0.25
-2.762	1	1.14E+02	0.25
-2.752	1	2.04E+02	0.25
-2.742	1	7.05E+01	0.25
-2.732	1	7.14E+01	0.25
-2.722	1	2.21E+02	0.25
-2.712	1	1.02E+02	0.25
-2.702	1	6.59E+00	0.25
-2.692	1	9.81E-01	0.25
-2.682	1	3.54E+01	0.25
-2.672	1	1.94E+02	0.25
-2.662	1	1.52E+02	0.25
-2.652	1	2.11E+01	0.25
-2.642	1	6.06E+01	0.25
-2.632	1	1.80E+02	0.25
-2.622	1	2.39E+02	0.25
-2.612	1	1.08E+02	0.25
-2.602	1	8.91E+00	0.25
-2.592	1	1.30E+00	0.25
-2.582	1	3.12E+01	0.25
-2.572	1	1.11E+02	0.25
-2.562	1	5.33E+01	0.25
-2.552	1	3.47E+00	0.25
-2.542	1	3.07E-02	0.25
-2.532	1	2.19E-02	0.25
-2.522	1	3.26E+00	0.25
-2.512	1	6.97E+01	0.25
-2.502	1	2.19E+02	0.25
-2.492	1	1.01E+02	0.25
-2.482	1	6.90E+00	0.25
-2.472	1	6.79E-02	0.25
-2.462	1	9.46E-05	0.25
-2.452	1	1.84E-08	0.25
-2.442	1	4.91E-13	0.25
-2.432	1	1.52E-17	0.25
-2.422	1	2.67E-12	0.25
-2.412	1	7.20E-08	0.25
-2.402	1	2.63E-04	0.25
-2.392	1	1.30E-01	0.25
-2.382	1	8.70E+00	0.25
-2.372	1	8.09E+01	0.25
-2.362	1	1.58E+02	0.25
-2.352	1	2.37E+02	0.25
-2.342	1	1.09E+02	0.25
-2.332	1	7.17E+00	0.25
-2.322	1	1.37E+00	0.25
-2.312	1	3.27E+01	0.25
-2.302	1	1.11E+02	0.25
-2.292	1	5.13E+01	0.25
-2.282	1	3.20E+00	0.25
-2.272	1	2.70E-02	0.25
-2.262	1	2.32E-04	0.25
-2.252	1	1.08E-01	0.25
-2.242	1	7.99E+00	0.25
-2.232	1	8.92E+01	0.25
-2.222	1	1.93E+02	0.25
-2.212	1	1.31E+02	0.25
-2.202	1	1.70E+02	0.25
-2.192	1	1.71E+02	0.25
-2.182	1	3.72E+01	0.25
-2.172	1	1.36E+00	0.25
-2.162	1	1.07E+00	0.25
-2.152	1	3.05E+01	0.25
-2.142	1	1.41E+02	0.25
-2.132	1	1.66E+02	0.25
-2.122	1	5.77E+01	0.25
-2.112	1	3.58E+00	0.25
-2.102	1	5.94E-01	0.25
-2.092	1	2.52E+01	0.25
-2.082	1	1.69E+02	0.25
-2.072	1	1.84E+02	0.25
-2.062	1	1.09E+02	0.25
-2.052	1	1.69E+02	0.25
-2.042	1	1.21E+02	0.25
-2.032	1	2.14E+01	0.25
-2.022	1	5.78E-01	0.25
-2.012	1	9.11E-02	0.25
-2.002	1	6.87E+00	0.25
-1.992	1	7.18E+01	0.25
-1.982	1	1.11E+02	0.25
-1.972	1	1.43E+02	0.25
-1.962	1	2.15E+02	0.25
-1.952	1	5.09E+01	0.25
-1.942	1	1.15E+01	0.25
-1.932	1	1.11E+02	0.25
-1.922	1	2.08E+02	0.25
-1.912	1	6.80E+01	0.25
-1.902	1	3.64E+00	0.25
-1.892	1	5.52E-02	0.25
-1.882	1	3.13E+00	0.25
-1.872	1	5.08E+01	0.25
-1.862	1	1.12E+02	0.25
-1.852	1	3.32E+01	0.25
-1.842	1	1.33E+00	0.25
-1.832	1	7.26E-03	0.25
-1.822	1	5.35E-06	0.25
-1.812	1	5.34E-10	0.25
-1.802	1	7.20E-15	0.25
-1.792	1	1.32E-20	0.25
-1.782	1	3.25E-27	0.25
-1.772	1	1.09E-34	0.25
-1.762	1	4.92E-43	0.25
-1.752	1	3.01E-52	0.25
-1.742	1	1.55E-57	0.25
-1.732	1	7.36E-48	0.25
-1.722	1	4.74E-39	0.25
-1.712	1	4.14E-31	0.25
-1.702	1	4.89E-24	0.25
-1.692	1	7.81E-18	0.25
-1.682	1	1.69E-12	0.25
-1.672	1	4.94E-08	0.25
-1.662	1	1.96E-04	0.25
-1.652	1	1.05E-01	0.25
-1.642	1	7.61E+00	0.25
-1.632	1	7.47E+01	0.25
-1.622	1	9.93E+01	0.25
-1.612	1	1.91E+01	0.25
-1.602	1	3.56E+01	0.25
-1.592	1	1.71E+02	0.25
-1.582	1	1.62E+02	0.25
-1.572	1	3.03E+01	0.25
-1.562	1	1.62E+01	0.25
-1.552	1	9.51E+01	0.25
-1.542	1	8.00E+01	0.25
-1.532	1	1.18E+01	0.25
-1.522	1	4.73E+01	0.25
-1.512	1	1.14E+02	0.25
-1.502	1	7.40E+01	0.25
-1.492	1	1.92E+02	0.25
-1.482	1	1.52E+02	0.25
-1.472	1	1.91E+01	0.25
-1.462	1	4.25E-01	0.25
-1.452	1	5.54E+00	0.25
-1.442	1	6.57E+01	0.25
-1.432	1	1.05E+02	0.25
-1.422	1	2.28E+01	0.25
-1.412	1	7.98E-01	0.25
-1.402	1	8.59E+00	0.25
-1.392	1	7.83E+01	0.25
-1.382	1	1.02E+02	0.25
-1.372	1	8.00E+01	0.25
-1.362	1	1.07E+02	0.25
-1.352	1	4.86E+01	0.25
-1.342	1	1.79E+02	0.25
-1.332	1	1.74E+02	0.25
-1.322	1	2.30E+01	0.25
-1.312	1	2.90E+00	0.25
-1.302	1	4.55E+01	0.25
-1.292	1	1.13E+02	0.25
-1.282	1	3.77E+01	0.25
-1.272	1	1.71E+00	0.25
-1.262	1	1.12E-02	0.25
-1.252	1	2.63E-01	0.25
-1.242	1	1.33E+01	0.25
-1.232	1	9.11E+01	0.25
-1.222	1	8.45E+01	0.25
-1.212	1	1.06E+01	0.25
-1.202	1	1.80E-01	0.25
-1.192	1	4.18E-04	0.25
-1.182	1	5.58E-03	0.25
-1.172	1	1.12E+00	0.25
-1.162	1	3.02E+01	0.25
-1.152	1	1.10E+02	0.25
-1.142	1	5.48E+01	0.25
-1.132	1	1.41E+01	0.25
-1.122	1	8.39E+01	0.25
-1.112	1	9.17E+01	0.25
-1.102	1	1.36E+01	0.25
-1.092	1	2.71E-01	0.25
-1.082	1	7.35E-04	0.25
-1.072	1	2.70E-07	0.25
-1.062	1	1.57E-09	0.25
-1.052	1	1.27E-05	0.25
-1.042	1	1.39E-02	0.25
-1.032	1	2.06E+00	0.25
-1.022	1	4.16E+01	0.25
-1.012	1	1.21E+02	0.25
-1.002	1	1.64E+02	0.25
-0.992	1	3.16E+02	0.25
-0.982	1	1.44E+02	0.25
-0.972	1	1.07E+01	0.25
-0.962	1	1.18E-01	0.25
-0.952	1	1.84E-04	0.25
-0.942	1	4.00E-08	0.25
-0.932	1	1.20E-12	0.25
-0.922	1	4.95E-18	0.25
-0.912	1	2.79E-24	0.25
-0.902	1	2.14E-31	0.25
-0.892	1	2.23E-39	0.25
-0.882	1	3.16E-48	0.25
-0.872	1	6.08E-58	0.25
-0.862	1	1.59E-68	0.25
-0.852	1	5.61E-80	0.25
-0.842	1	4.61E-83	0.25
-0.832	1	4.61E-83	0.25
-0.822	1	4.61E-83	0.25
-0.812	1	4.61E-83	0.25
-0.802	1	4.61E-83	0.25
-0.792	1	4.61E-83	0.25
-0.782	1	4.61E-83	0.25
-0.772	1	4.61E-83	0.25
-0.762	1	4.61E-83	0.25
-0.752	1	4.61E-83	0.25
-0.742	1	4.61E-83	0.25
-0.732	1	4.61E-83	0.25
-0.722	1	4.61E-83	0.25
-0.712	1	4.61E-83	0.25
-0.702	1	1.78E-81	0.25
-0.692	1	6.30E-70	0.25
-0.682	1	3.10E-59	0.25
-0.672	1	2.06E-49	0.25
-0.662	1	1.85E-40	0.25
-0.652	1	2.26E-32	0.25
-0.642	1	3.72E-25	0.25
-0.632	1	8.29E-19	0.25
-0.622	1	2.50E-13	0.25
-0.612	1	1.02E-08	0.25
-0.602	1	5.65E-05	0.25
-0.592	1	4.23E-02	0.25
-0.582	1	4.28E+00	0.25
-0.572	1	5.87E+01	0.25
-0.562	1	1.09E+02	0.25
-0.552	1	3.12E+01	0.25
-0.542	1	5.74E+01	0.25
-0.532	1	1.27E+02	0.25
-0.522	1	1.28E+02	0.25
-0.512	1	1.12E+02	0.25
-0.502	1	1.20E+02	0.25
-0.492	1	4.98E+01	0.25
-0.482	1	2.98E+00	0.25
-0.472	1	2.42E-02	0.25
-0.462	1	2.67E-05	0.25
-0.452	1	3.97E-09	0.25
-0.442	1	1.46E-11	0.25
-0.432	1	2.89E-07	0.25
-0.422	1	7.76E-04	0.25
-0.412	1	2.82E-01	0.25
-0.402	1	1.39E+01	0.25
-0.392	1	9.27E+01	0.25
-0.382	1	1.02E+02	0.25
-0.372	1	1.65E+02	0.25
-0.362	1	1.94E+02	0.25
-0.352	1	8.23E+01	0.25
-0.342	1	1.13E+02	0.25
-0.332	1	3.58E+01	0.25
-0.322	1	1.54E+00	0.25
-0.312	1	9.01E-03	0.25
-0.302	1	7.12E-06	0.25
-0.292	1	7.62E-10	0.25
-0.282	1	1.10E-14	0.25
-0.272	1	2.16E-20	0.25
-0.262	1	5.72E-27	0.25
-0.252	1	2.05E-34	0.25
-0.242	1	9.97E-43	0.25
-0.232	1	6.55E-52	0.25
-0.222	1	5.82E-62	0.25
-0.212	1	7.01E-73	0.25
-0.202	1	4.71E-83	0.25
-0.192	1	4.61E-83	0.25
-0.182	1	4.61E-83	0.25
-0.172	1	4.61E-83	0.25
-0.162	1	4.61E-83	0.25
-0.152	1	4.61E-83	0.25
-0.142	1	4.61E-83	0.25
-0.132	1	4.61E-83	0.25
-0.122	1	4.61E-83	0.25
-0.112	1	4.61E-83	0.25
-0.102	1	1.38E-82	0.25
-0.092	1	4.15E-71	0.25
-0.082	1	2.52E-60	0.25
-0.072	1	2.07E-50	0.25
-0.062	1	2.30E-41	0.25
-0.052	1	3.46E-33	0.25
-0.042	1	7.04E-26	0.25
-0.032	1	1.94E-19	0.25
-0.022	1	7.24E-14	0.25
-0.012	1	3.66E-09	0.25
-0.002	1	2.50E-05	0.25
0.008	1	2.33E-02	0.25
0.018	1	2.99E+00	0.25
0.028	1	5.62E+01	0.25
0.038	1	1.86E+02	0.25
0.048	1	1.35E+02	0.25
0.058	1	1.99E+01	0.25
0.068	1	4.66E-01	0.25
0.078	1	1.55E-03	0.25
0.088	1	7.03E-07	0.25
0.098	1	4.33E-11	0.25
0.108	1	3.62E-16	0.25
0.118	1	4.08E-22	0.25
0.128	1	6.25E-29	0.25
0.138	1	1.23E-24	0.25
0.148	1	2.36E-18	0.25
0.158	1	6.10E-13	0.25
0.168	1	2.14E-08	0.25
0.178	1	1.01E-04	0.25
0.188	1	6.49E-02	0.25
0.198	1	5.63E+00	0.25
0.208	1	6.66E+01	0.25
0.218	1	1.26E+02	0.25
0.228	1	1.26E+02	0.25
0.238	1	7.00E+01	0.25
0.248	1	6.31E+00	0.25
0.258	1	8.23E-02	0.25
0.268	1	9.68E-01	0.25
0.278	1	2.79E+01	0.25
0.288	1	1.09E+02	0.25
0.298	1	5.82E+01	0.25
0.308	1	2.25E+01	0.25
0.318	1	1.00E+02	0.25
0.328	1	7.38E+01	0.25
0.338	1	7.37E+00	0.25
0.348	1	1.40E-01	0.25
0.358	1	4.18E+00	0.25
0.368	1	6.19E+01	0.25
0.378	1	1.67E+02	0.25
0.388	1	1.37E+02	0.25
0.398	1	2.91E+01	0.25
0.408	1	9.81E-01	0.25
0.418	1	4.83E-03	0.25
0.428	1	1.17E-01	0.25
0.438	1	8.34E+00	0.25
0.448	1	8.90E+01	0.25
0.458	1	1.91E+02	0.25
0.468	1	1.57E+02	0.25
0.478	1	1.23E+02	0.25
0.488	1	3.11E+01	0.25
0.498	1	1.17E+00	0.25
0.508	1	2.11E-01	0.25
0.518	1	1.15E+01	0.25
0.528	1	8.68E+01	0.25
0.538	1	8.89E+01	0.25
0.548	1	1.23E+01	0.25
0.558	1	2.31E-01	0.25
0.568	1	5.87E-04	0.25
0.578	1	2.02E-07	0.25
0.588	1	9.38E-12	0.25
0.598	1	5.90E-17	0.25
0.608	1	5.03E-23	0.25
0.618	1	5.80E-30	0.25
0.628	1	9.04E-38	0.25
0.638	1	1.91E-46	0.25
0.648	1	5.45E-56	0.25
0.658	1	2.11E-66	0.25
0.668	1	1.10E-77	0.25
0.678	1	4.61E-83	0.25
0.688	1	4.61E-83	0.25
0.698	1	4.61E-83	0.25
0.708	1	4.61E-83	0.25
0.718	1	4.61E-83	0.25
0.728	1	4.61E-83	0.25
0.738	1	4.61E-83	0.25
0.748	1	4.61E-83	0.25
0.758	1	4.61E-83	0.25
0.768	1	4.61E-83	0.25
0.778	1	4.61E-83	0.25
0.788	1	4.61E-83	0.25
0.798	1	2.21E-74	0.25
0.808	1	2.39E-63	0.25
0.818	1	3.50E-53	0.25
0.828	1	6.96E-44	0.25
0.838	1	1.87E-35	0.25
0.848	1	6.85E-28	0.25
0.858	1	3.40E-21	0.25
0.868	1	2.30E-15	0.25
0.878	1	2.13E-10	0.25
0.888	1	2.71E-06	0.25
0.898	1	4.76E-03	0.25
0.908	1	1.17E+00	0.25
0.918	1	4.08E+01	0.25
0.928	1	2.10E+02	0.25
0.938	1	2.84E+02	0.25
0.948	1	3.48E+02	0.25
0.958	1	1.46E+02	0.25
0.968	1	1.17E+02	0.25
0.978	1	5.03E+01	0.25
0.988	1	6.57E+00	0.25
0.998	1	6.77E+01	0.25
1.008	1	2.10E+02	0.25
1.018	1	1.10E+02	0.25
1.028	1	9.73E+00	0.25
1.038	1	1.74E+01	0.25
1.048	1	1.14E+02	0.25
1.058	1	1.73E+02	0.25
1.068	1	9.11E+01	0.25
1.078	1	6.72E+01	0.25
1.088	1	1.10E+02	0.25
1.098	1	6.11E+01	0.25
1.108	1	1.13E+02	0.25
1.118	1	5.03E+01	0.25
1.128	1	3.07E+00	0.25
1.138	1	4.99E-02	0.25
1.148	1	3.01E+00	0.25
1.158	1	5.01E+01	0.25
1.168	1	1.26E+02	0.25
1.178	1	1.26E+02	0.25
1.188	1	8.44E+01	0.25
1.198	1	1.01E+01	0.25
1.208	1	1.66E-01	0.25
1.218	1	3.99E-04	0.25
1.228	1	2.66E-02	0.25
1.238	1	3.17E+00	0.25
1.248	1	5.11E+01	0.25
1.258	1	1.12E+02	0.25
1.268	1	4.47E+01	0.25
1.278	1	8.90E+01	0.25
1.288	1	8.81E+01	0.25
1.298	1	1.20E+01	0.25
1.308	1	2.20E-01	0.25
1.318	1	5.49E-04	0.25
1.328	1	1.85E-07	0.25
1.338	1	8.44E-12	0.25
1.348	1	5.21E-17	0.25
1.358	1	4.35E-23	0.25
1.368	1	4.92E-30	0.25
1.378	1	7.53E-38	0.25
1.388	1	1.56E-46	0.25
1.398	1	4.37E-56	0.25
1.408	1	1.66E-66	0.25
1.418	1	8.50E-78	0.25
1.428	1	4.61E-83	0.25
1.438	1	4.61E-83	0.25
1.448	1	4.61E-83	0.25
1.458	1	4.61E-83	0.25
1.468	1	4.61E-83	0.25
1.478	1	4.61E-83	0.25
1.488	1	4.61E-83	0.25
1.498	1	4.61E-83	0.25
1.508	1	4.61E-83	0.25
1.518	1	4.61E-83	0.25
1.528	1	4.61E-83	0.25
1.538	1	4.61E-83	0.25
1.548	1	4.61E-83	0.25
1.558	1	4.61E-83	0.25
1.568	1	4.61E-83	0.25
1.578	1	4.61E-83	0.25
1.588	1	4.61E-83	0.25
1.598	1	4.61E-83	0.25
1.608	1	4.61E-83	0.25
1.618	1	4.61E-83	0.25
1.628	1	4.61E-83	0.25
1.638	1	4.61E-83	0.25
1.648	1	4.61E-83	0.25
1.658	1	4.61E-83	0.25
1.668	1	4.61E-83	0.25
1.678	1	4.61E-83	0.25
1.688	1	4.61E-83	0.25
1.698	1	4.61E-83	0.25
1.708	1	4.61E-83	0.25
1.718	1	4.61E-83	0.25
1.728	1	4.61E-83	0.25
1.738	1	4.61E-83	0.25
1.748	1	4.61E-83	0.25
1.758	1	4.61E-83	0.25
1.768	1	4.61E-83	0.25
1.778	1	4.61E-83	0.25
1.788	1	4.61E-83	0.25
1.798	1	4.61E-83	0.25
1.808	1	4.61E-83	0.25
1.818	1	4.61E-83	0.25
1.828	1	4.61E-83	0.25
1.838	1	4.61E-83	0.25
1.848	1	4.61E-83	0.25
1.858	1	4.61E-83	0.25
1.868	1	4.61E-83	0.25
1.878	1	4.61E-83	0.25
1.888	1	4.61E-83	0.25
1.898	1	4.61E-83	0.25
1.908	1	4.61E-83	0.25
1.918	1	4.61E-83	0.25
1.928	1	4.61E-83	0.25
1.938	1	4.61E-83	0.25
1.948	1	4.61E-83	0.25
1.958	1	4.61E-83	0.25
1.968	1	4.61E-83	0.25
1.978	1	4.61E-83	0.25
1.988	1	4.61E-83	0.25
1.998	1	4.61E-83	0.25
2.008	1	4.61E-83	0.25
2.018	1	4.61E-83	0.25
2.028	1	4.61E-83	0.25
2.038	1	4.61E-83	0.25
2.048	1	4.61E-83	0.25
2.058	1	4.61E-83	0.25
2.068	1	4.61E-83	0.25
2.078	1	4.61E-83	0.25
2.088	1	4.61E-83	0.25
2.098	1	4.61E-83	0.25
2.108	1	4.61E-83	0.25
2.118	1	4.61E-83	0.25
2.128	1	4.61E-83	0.25
2.138	1	4.61E-83	0.25
2.148	1	4.61E-83	0.25
2.158	1	4.61E-83	0.25
2.168	1	4.61E-83	0.25
2.178	1	4.61E-83	0.25
2.188	1	4.61E-83	0.25
2.198	1	4.61E-83	0.25
2.208	1	4.61E-83	0.25
2.218	1	4.61E-83	0.25
2.228	1	4.61E-83	0.25
2.238	1	4.61E-83	0.25
2.248	1	4.61E-83	0.25
2.258	1	4.61E-83	0.25
2.268	1	4.61E-83	0.25
2.278	1	4.61E-83	0.25
2.288	1	4.61E-83	0.25
2.298	1	4.61E-83	0.25
2.308	1	4.61E-83	0.25
2.318	1	4.61E-83	0.25
2.328	1	4.61E-83	0.25
2.338	1	4.61E-83	0.25
2.348	1	4.61E-83	0.25
2.358	1	4.61E-83	0.25
2.368	1	4.61E-83	0.25
2.378	1	4.61E-83	0.25
2.388	1	4.61E-83	0.25
2.398	1	4.61E-83	0.25
2.408	1	4.61E-83	0.25
2.418	1	4.61E-83	0.25
2.428	1	4.61E-83	0.25
2.438	1	4.61E-83	0.25
2.448	1	4.61E-83	0.25
2.458	1	4.61E-83	0.25
2.468	1	4.61E-83	0.25
2.478	1	4.61E-83	0.25
2.488	1	4.61E-83	0.25
2.498	1	4.61E-83	0.25
2.508	1	4.61E-83	0.25
2.518	1	4.61E-83	0.25
2.528	1	4.61E-83	0.25
2.538	1	4.61E-83	0.25
2.548	1	4.61E-83	0.25
2.558	1	4.61E-83	0.25
2.568	1	4.61E-83	0.25
2.578	1	4.61E-83	0.25
2.588	1	4.61E-83	0.25
2.598	1	4.61E-83	0.25
2.608	1	4.61E-83	0.25
2.618	1	4.61E-83	0.25
2.628	1	4.61E-83	0.25
2.638	1	4.61E-83	0.25
2.648	1	4.61E-83	0.25
2.658	1	4.61E-83	0.25
2.668	1	4.61E-83	0.25
2.678	1	4.61E-83	0.25
2.688	1	4.61E-83	0.25
2.698	1	4.61E-83	0.25
2.708	1	4.61E-83	0.25
2.718	1	4.61E-83	0.25
2.728	1	4.61E-83	0.25
2.738	1	4.61E-83	0.25
2.748	1	4.61E-83	0.25
2.758	1	4.61E-83	0.25
2.768	1	4.61E-83	0.25
2.778	1	4.61E-83	0.25
2.788	1	4.61E-83	0.25
2.798	1	4.61E-83	0.25
2.808	1	4.61E-83	0.25
2.818	1	4.61E-83	0.25
2.828	1	4.61E-83	0.25
2.838	1	4.61E-83	0.25
2.848	1	4.61E-83	0.25
2.858	1	4.61E-83	0.25
2.868	1	4.61E-83	0.25
2.878	1	4.61E-83	0.25
2.888	1	4.61E-83	0.25
2.898	1	4.61E-83	0.25
2.908	1	4.61E-83	0.25
2.918	1	4.61E-83	0.25
2.928	1	4.61E-83	0.25
2.938	1	4.61E-83	0.25
2.948	1	4.61E-83	0.25
2.958	1	4.61E-83	0.25
2.968	1	4.61E-83	0.25
2.978	1	4.61E-83	0.25
2.988	1	4.61E-83	0.25
2.998	1	4.61E-83	0.25
3.008	1	4.61E-83	0.25
3.018	1	4.61E-83	0.25
3.028	1	4.61E-83	0.25
3.038	1	4.61E-83	0.25
3.048	1	4.61E-83	0.25
3.058	1	4.61E-83	0.25
3.068	1	4.61E-83	0.25
3.078	1	4.61E-83	0.25
3.088	1	4.61E-83	0.25
3.098	1	4.61E-83	0.25
3.108	1	4.61E-83	0.25
3.118	1	4.61E-83	0.25
3.128	1	4.61E-83	0.25
3.138	1	4.61E-83	0.25
3.148	1	4.61E-83	0.25
3.158	1	4.61E-83	0.25
3.168	1	4.61E-83	0.25
3.178	1	4.61E-83	0.25
3.188	1	4.61E-83	0.25
3.198	1	4.61E-83	0.25
3.208	1	4.61E-83	0.25
3.218	1	4.61E-83	0.25
3.228	1	4.61E-83	0.25
3.238	1	4.61E-83	0.25
3.248	1	4.61E-83	0.25
3.258	1	4.61E-83	0.25
3.268	1	4.61E-83	0.25
3.278	1	4.61E-83	0.25
3.288	1	4.61E-83	0.25
3.298	1	4.61E-83	0.25
3.308	1	4.61E-83	0.25
3.318	1	4.61E-83	0.25
3.328	1	4.61E-83	0.25
3.338	1	4.61E-83	0.25
3.348	1	4.61E-83	0.25
3.358	1	4.61E-83	0.25
3.368	1	4.61E-83	0.25
3.378	1	4.61E-83	0.25
3.388	1	4.61E-83	0.25
3.398	1	4.61E-83	0.25
3.408	1	4.61E-83	0.25
3.418	1	4.61E-83	0.25
3.428	1	4.61E-83	0.25
3.438	1	4.61E-83	0.25
3.448	1	4.61E-83	0.25
3.458	1	4.61E-83	0.25
3.468	1	4.61E-83	0.25
3.478	1	6.47E-83	0.25
3.488	1	9.46E-72	0.25
3.498	1	6.44E-61	0.25
3.508	1	5.93E-51	0.25
3.518	1	7.39E-42	0.25
3.528	1	1.25E-33	0.25
3.538	1	2.84E-26	0.25
3.548	1	8.79E-20	0.25
3.558	1	3.67E-14	0.25
3.568	1	2.08E-09	0.25
3.578	1	1.59E-05	0.25
3.588	1	1.65E-02	0.25
3.598	1	2.34E+00	0.25
3.608	1	4.67E+01	0.25
3.618	1	1.61E+02	0.25
3.628	1	1.55E+02	0.25
3.638	1	8.98E+01	0.25
3.648	1	1.28E+02	0.25
3.658	1	1.27E+02	0.25
3.668	1	8.14E+01	0.25
3.678	1	9.16E+00	0.25
3.688	1	1.41E-01	0.25
3.698	1	2.96E-04	0.25
3.708	1	8.37E-08	0.25
3.718	1	3.21E-12	0.25
3.728	1	1.66E-17	0.25
3.738	1	1.17E-23	0.25
3.748	1	1.11E-30	0.25
3.758	1	1.42E-38	0.25
3.768	1	2.47E-47	0.25
3.778	1	5.82E-57	0.25
3.788	1	1.85E-67	0.25
3.798	1	7.99E-79	0.25
3.808	1	4.61E-83	0.25
3.818	1	4.61E-83	0.25
3.828	1	4.61E-83	0.25
3.838	1	4.61E-83	0.25
3.848	1	4.61E-83	0.25
3.858	1	4.61E-83	0.25
3.868	1	4.61E-83	0.25
3.878	1	4.61E-83	0.25
3.888	1	4.61E-83	0.25
3.898	1	4.61E-83	0.25
3.908	1	4.61E-83	0.25
3.918	1	4.61E-83	0.25
3.928	1	4.61E-83	0.25
3.938	1	4.61E-83	0.25
3.948	1	4.61E-83	0.25
3.958	1	4.61E-83	0.25
3.968	1	4.61E-83	0.25
3.978	1	4.61E-83	0.25
3.988	1	4.61E-83	0.25
3.998	1	4.61E-83	0.25
4.008	1	4.61E-83	0.25
4.018	1	4.61E-83	0.25
4.028	1	4.61E-83	0.25
4.038	1	4.61E-83	0.25
4.048	1	4.61E-83	0.25
4.058	1	4.61E-83	0.25
4.068	1	1.81E-78	0.25
4.078	1	3.96E-67	0.25
4.088	1	1.17E-56	0.25
4.098	1	4.68E-47	0.25
4.108	1	2.53E-38	0.25
4.118	1	1.86E-30	0.25
4.128	1	1.84E-23	0.25
4.138	1	2.47E-17	0.25
4.148	1	4.49E-12	0.25
4.158	1	1.10E-07	0.25
4.168	1	3.67E-04	0.25
4.178	1	1.65E-01	0.25
4.188	1	1.01E+01	0.25
4.198	1	8.30E+01	0.25
4.208	1	9.43E+01	0.25
4.218	1	5.17E+01	0.25
4.228	1	1.16E+02	0.25
4.238	1	9.61E+01	0.25
4.248	1	1.19E+02	0.25
4.258	1	9.52E+01	0.25
4.268	1	1.09E+02	0.25
4.278	1	2.52E+01	0.25
4.288	1	8.00E-01	0.25
4.298	1	3.44E-03	0.25
4.308	1	2.00E-06	0.25
4.318	1	1.58E-10	0.25
4.328	1	1.68E-15	0.25
4.338	1	2.43E-21	0.25
4.348	1	4.73E-28	0.25
4.358	1	1.25E-35	0.25
4.368	1	4.47E-44	0.25
4.378	1	2.16E-53	0.25
4.388	1	1.42E-63	0.25
4.398	1	1.26E-74	0.25
4.408	1	4.61E-83	0.25
4.418	1	4.61E-83	0.25
4.428	1	4.61E-83	0.25
4.438	1	4.61E-83	0.25
4.448	1	4.61E-83	0.25
4.458	1	4.61E-83	0.25
4.468	1	4.61E-83	0.25
4.478	1	4.61E-83	0.25
4.488	1	4.61E-83	0.25
4.498	1	4.61E-83	0.25
4.508	1	4.61E-83	0.25
4.518	1	4.61E-83	0.25
4.528	1	4.61E-83	0.25
4.538	1	4.61E-83	0.25
4.548	1	4.61E-83	0.25
4.558	1	4.61E-83	0.25
4.568	1	4.61E-83	0.25
4.578	1	4.61E-83	0.25
4.588	1	4.61E-83	0.25
4.598	1	4.61E-83	0.25
4.608	1	4.61E-83	0.25
4.618	1	4.61E-83	0.25
4.628	1	4.61E-83	0.25
4.638	1	4.61E-83	0.25
4.648	1	4.61E-83	0.25
4.658	1	4.61E-83	0.25
4.668	1	4.61E-83	0.25
4.678	1	4.61E-83	0.25
4.688	1	4.61E-83	0.25
4.698	1	4.61E-83	0.25
4.708	1	4.61E-83	0.25
4.718	1	4.61E-83	0.25
4.728	1	4.61E-83	0.25
4.738	1	4.61E-83	0.25
4.748	1	4.61E-83	0.25
4.758	1	4.61E-83	0.25
4.768	1	4.61E-83	0.25
4.778	1	4.61E-83	0.25
4.788	1	4.61E-83	0.25
4.798	1	2.46E-81	0.25
4.808	1	8.55E-70	0.25
4.818	1	4.10E-59	0.25
4.828	1	2.66E-49	0.25
4.838	1	2.34E-40	0.25
4.848	1	2.78E-32	0.25
4.858	1	4.48E-25	0.25
4.868	1	9.75E-19	0.25
4.878	1	2.87E-13	0.25
4.888	1	1.15E-08	0.25
4.898	1	6.19E-05	0.25
4.908	1	4.52E-02	0.25
4.918	1	4.47E+00	0.25
4.928	1	5.98E+01	0.25
4.938	1	1.08E+02	0.25
4.948	1	2.65E+01	0.25
4.958	1	8.80E-01	0.25
4.968	1	3.95E-03	0.25
4.978	1	2.40E-06	0.25
4.988	1	3.92E-09	0.25
4.998	1	2.53E-05	0.25
5.008	1	2.33E-02	0.25
5.018	1	2.91E+00	0.25
5.028	1	4.91E+01	0.25
5.038	1	1.12E+02	0.25
5.048	1	3.46E+01	0.25
5.058	1	5.36E+00	0.25
5.068	1	5.63E+01	0.25
5.078	1	1.10E+02	0.25
5.088	1	2.90E+01	0.25
5.098	1	1.03E+00	0.25
5.108	1	5.00E-03	0.25
5.118	1	3.27E-06	0.25
5.128	1	2.89E-10	0.25
5.138	1	3.20E-10	0.25
5.148	1	3.54E-06	0.25
5.158	1	5.32E-03	0.25
5.168	1	1.08E+00	0.25
5.178	1	2.96E+01	0.25
5.188	1	1.10E+02	0.25
5.198	1	5.54E+01	0.25
5.208	1	3.77E+00	0.25
5.218	1	3.47E-02	0.25
5.228	1	5.52E-05	0.25
5.238	1	1.33E-02	0.25
5.248	1	2.00E+00	0.25
5.258	1	4.09E+01	0.25
5.268	1	1.13E+02	0.25
5.278	1	4.22E+01	0.25
5.288	1	5.85E+00	0.25
5.298	1	5.51E+01	0.25
5.308	1	1.14E+02	0.25
5.318	1	8.33E+01	0.25
