     Program turboTDDFT v.7.2 starts on 13Mar2024 at 18:47: 5 

     This program is part of the open-source Quantum ESPRESSO suite
     for quantum simulation of materials; please cite
         "P. Giannozzi et al., J. Phys.:Condens. Matter 21 395502 (2009);
         "P. Giannozzi et al., J. Phys.:Condens. Matter 29 465901 (2017);
         "P. Giannozzi et al., J. Chem. Phys. 152 154105 (2020);
          URL http://www.quantum-espresso.org", 
     in publications or presentations arising from this work. More details at
     http://www.quantum-espresso.org/quote

     Parallel version (MPI & OpenMP), running on     180 processor cores
     Number of MPI processes:                90
     Threads/MPI process:                     2

     MPI processes distributed on     1 nodes
     R & G space division:  proc/nbgrp/npool/nimage =      90
     351255 MiB available memory on the printing compute node when the environment starts


     Reading xml data from directory:

     ./outdir/4amp15.save/

     IMPORTANT: XC functional enforced from input :
     Exchange-correlation= PBE
                           (   1   4   3   4   0   0   0)
     Any further DFT definition will be discarded
     Please, verify this is what you really want


     Parallelization info
     --------------------
     sticks:   dense  smooth     PW     G-vecs:    dense   smooth      PW
     Min         172      68     15                33370     8424    1035
     Max         174      70     18                33420     8464    1076
     Sum       15643    6271   1569              3006229   760417   95069

     Using Slab Decomposition


     Check: negative core charge=   -0.000001
     Reading collected, re-writing distributed wavefunctions
 Symmetries are disabled for the gamma_only case

     Reading input from environ.in:
     * using full solvent mode
     * setting boundary derivatives method to SCCS default
     

     add environment contribution to local potential
     Polarization accuracy = 2.3E-09, # of iterations =  19

     the potential shift due to the Gaussian-smeared nuclei is    -0.9881 ev
     Subspace diagonalization in iterative solution of the eigenvalue problem:
     a serial algorithm will be used


     ================================================================================

                                  Environ Setup Summary

     ================================================================================

     Please cite

          O. Andreussi, I. Dabo and N. Marzari, J. Chem. Phys. 136, 064102 (2012)
          I. Timrov, O. Andreussi, A. Biancardi, N. Marzari, and S. Baroni, J. Chem. Phys. 142, 034111 (2015)

     in publications or presentations arising from this work.

     ================================================================================

     Parameters
     ==========

     compensation onset threshold      =               0.1000E+02
     static permittivity               =                    36.71
     optical permittivity              =                  36.7100
     surface tension in input (dyn/cm) =                    46.30
     surface tension in internal units =               0.5948E-04
     external pressure in input (GPa)  =                    -0.50
     external pressure in inter. units =              -0.3399E-04

     Solvent Boundary
     ================

     solvent mode                      =                     full
     derivatives method                =                    chain
     numerical core for derivatives    =                      fft
     switching function adopted        =                     SCCS
     density limit for vacuum region   =               0.5000E-02
     density limit for bulk solvent    =               0.1000E-03

     Electrostatic Setup
     ===================

     electrostatic problem to solve    =              generalized
     numerical solver adopted          =                       cg
     type of auxiliary density adopted =                     none
     numerical core for poisson        =                      fft

     ================================================================================

     Allocating    15 extra bands for projection

     =-----------------------------------------------------------------=

     Please cite the TDDFPT project as:
       X. Ge, S. J. Binnie, D. Rocca, R. Gebauer, and S. Baroni,
       Comput. Phys. Commun. 185, 2080 (2014)
     in publications and presentations arising from this work.

     =-----------------------------------------------------------------=

     Ultrasoft (Vanderbilt) Pseudopotentials

     Virt read

     Gamma point algorithm
     Num of eigen values=              8
     Allocating parameters for davidson ...

     Estimating the RAM requirements:
          For the basis sets:      399133.30     M
          For the eigenvectors:        6386.13     M
          Num_eign =    8     Num_basis_max =  500
          Reference =  0.31  Ry
     Do make sure that you have enough RAM.

     poor_of_ram is set to .false.. This means that you would like to increase the speed of
     your calculation with USPP by paying double memory.
     Switch it to .true. if you need to save memory.

     poor_of_ram2 is set to .false.. This means that you would like to increase the speed 
     by storing the D_basis and C_basis vectors which will cause three time of the memory cost.
     Switch it to .true. if you need to save memory.

     Finished allocating parameters.
     Initiating variables for davidson ...
     Lowest energy electron-hole pairs are used as initial vectors ...
     Calculating the electron-hole pairs for initiating trial vectors ...

              1       271        10           0.296211882574
              2       272        10           0.295861508132
              3       273        10           0.292918095352
              4       274        10           0.292166599433
              5       275        10           0.290393408292
              6       271         9           0.288776870842
              7       276        10           0.288711024551
              8       272         9           0.288426496400
              9       273         9           0.285483083620
             10       274         9           0.284731587701
             11       277        10           0.284446285182
             12       278        10           0.283312910513
             13       275         9           0.282958396560
             14       276         9           0.281276012819
             15       279        10           0.277841525825
             16       277         9           0.277011273450
             17       280        10           0.275921599678
             18       278         9           0.275877898781
             19       279         9           0.270406514093
             20       280         9           0.268486587946
             21       271         8           0.239516965201
             22       272         8           0.239166590759
             23       271         7           0.238135426408
             24       272         7           0.237785051966
             25       271         6           0.236776419909
             26       272         6           0.236426045467
             27       273         8           0.236223177978
             28       274         8           0.235471682059
             29       271         5           0.234944918010
             30       273         7           0.234841639186
             31       272         5           0.234594543567
             32       274         7           0.234090143267
             33       275         8           0.233698490918
             34       273         6           0.233482632687
             35       274         6           0.232731136768
             36       275         7           0.232316952126
             37       276         8           0.232016107177
             38       273         5           0.231651130787
             39       275         6           0.230957945627
             40       274         5           0.230899634868
             41       276         7           0.230634568385
             42       276         6           0.229275561886
             43       275         5           0.229126443727
             44       277         8           0.227751367809
             45       276         5           0.227444059986
             46       278         8           0.226617993139
             47       277         7           0.226369829016
             48       278         7           0.225236454347
             49       277         6           0.225010822517
             50       278         6           0.223877447848
             51       277         5           0.223179320617
             52       278         5           0.222045945948
             53       279         8           0.221146608451
             54       279         7           0.219765069659
             55       280         8           0.219226682305
             56       279         6           0.218406063160
             57       280         7           0.217845143512
             58       279         5           0.216574561260
             59       280         6           0.216486137013
             60       280         5           0.214654635114
             61       271         4           0.195152890361
             62       272         4           0.194802515919
             63       271         3           0.194021739275
             64       272         3           0.193671364833
             65       271         2           0.192584497074
             66       272         2           0.192234122632
             67       271         1           0.191887110310
             68       273         4           0.191859103138
             69       272         1           0.191536735867
             70       274         4           0.191107607219
             71       273         3           0.190727952053
             72       274         3           0.189976456134
             73       275         4           0.189334416078
             74       273         2           0.189290709851
             75       273         1           0.188593323087
             76       274         2           0.188539213932
             77       275         3           0.188203264993
             78       274         1           0.187841827168
             79       276         4           0.187652032337
             80       275         2           0.186766022791
             81       276         3           0.186520881252
             82       275         1           0.186068636027
             83       276         2           0.185083639050
             84       276         1           0.184386252286
             85       277         4           0.183387292969
             86       277         3           0.182256141883
             87       278         4           0.182253918299
             88       278         3           0.181122767214
             89       277         2           0.180818899682
             90       277         1           0.180121512917
             91       278         2           0.179685525012
             92       278         1           0.178988138248
             93       279         4           0.176782533611
             94       279         3           0.175651382526
             95       280         4           0.174862607465
             96       279         2           0.174214140324
             97       280         3           0.173731456379
             98       279         1           0.173516753560
             99       280         2           0.172294214178
            100       280         1           0.171596827414
     Finished calculating the cv couples.
     Finished initiating.

     Precondition is used in the algorithm,

     total cpu time spent up to now is      111.7 secs

       ==============================

       Davidson iteration:        1
       num of basis:   40   total built basis:   40
     Polarization accuracy = 2.2E-09, # of iterations =  16
     Polarization accuracy = 4.5E-09, # of iterations =  17
     Polarization accuracy = 2.5E-09, # of iterations =  17
     Polarization accuracy = 2.0E-09, # of iterations =  16
     Polarization accuracy = 6.4E-09, # of iterations =  16
     Polarization accuracy = 4.8E-09, # of iterations =  17
     Polarization accuracy = 8.9E-09, # of iterations =  14
     Polarization accuracy = 7.5E-09, # of iterations =  16
     Polarization accuracy = 9.5E-09, # of iterations =  18
     Polarization accuracy = 3.8E-09, # of iterations =  17
     Polarization accuracy = 8.1E-09, # of iterations =  17
     Polarization accuracy = 4.3E-09, # of iterations =  17
     Polarization accuracy = 2.6E-09, # of iterations =  16
     Polarization accuracy = 1.5E-09, # of iterations =  17
     Polarization accuracy = 9.5E-09, # of iterations =  16
     Polarization accuracy = 1.6E-09, # of iterations =  17
     Polarization accuracy = 9.0E-09, # of iterations =  15
     Polarization accuracy = 5.2E-09, # of iterations =  15
     Polarization accuracy = 4.0E-09, # of iterations =  16
     Polarization accuracy = 4.0E-09, # of iterations =  17
     Polarization accuracy = 2.9E-09, # of iterations =  18
     Polarization accuracy = 4.2E-09, # of iterations =  17
     Polarization accuracy = 9.8E-09, # of iterations =  16
     Polarization accuracy = 8.2E-09, # of iterations =  16
     Polarization accuracy = 2.1E-09, # of iterations =  17
     Polarization accuracy = 5.2E-09, # of iterations =  18
     Polarization accuracy = 3.8E-09, # of iterations =  16
     Polarization accuracy = 5.3E-09, # of iterations =  17
     Polarization accuracy = 3.5E-09, # of iterations =  16
     Polarization accuracy = 7.9E-09, # of iterations =  17
     Polarization accuracy = 9.0E-09, # of iterations =  16
     Polarization accuracy = 4.2E-09, # of iterations =  17
     Polarization accuracy = 5.2E-09, # of iterations =  17
     Polarization accuracy = 5.1E-09, # of iterations =  16
     Polarization accuracy = 9.9E-09, # of iterations =  16
     Polarization accuracy = 7.5E-09, # of iterations =  16
     Polarization accuracy = 3.2E-09, # of iterations =  16
     Polarization accuracy = 7.8E-09, # of iterations =  16
     Polarization accuracy = 3.4E-09, # of iterations =  16
     Polarization accuracy = 4.9E-09, # of iterations =  16
        40     Transition energy    1  :                  0.3112801761
        40     Transition energy    2  :                  0.3134260954
        40     Transition energy    3  :                  0.3135605774
        40     Transition energy    4  :                  0.3010718079
        40     Transition energy    5  :                  0.2997425437
        40     Transition energy    6  :                  0.3166384505
        40     Transition energy    7  :                  0.2955341595
        40     Transition energy    8  :                  0.2940065312
     Residue(Squared modulus):    1        0.1149342      0.0000005
     Residue(Squared modulus):    2        0.1589684      0.0000007
     Residue(Squared modulus):    3        0.1630334      0.0000007
     Residue(Squared modulus):    4        0.0351163      0.0000004
     Residue(Squared modulus):    5        0.0464621      0.0000005
     Residue(Squared modulus):    6        0.1395427      0.0000005
     Residue(Squared modulus):    7        0.0335878      0.0000005
     Residue(Squared modulus):    8        0.0367556      0.0000005
       Largest residue:           0.163033374587

     total cpu time spent up to now is      268.8 secs

       ==============================

       Davidson iteration:        2
       num of basis:   48   total built basis:   48
     Polarization accuracy = 3.5E-09, # of iterations =  16
     Polarization accuracy = 1.5E-09, # of iterations =  18
     Polarization accuracy = 6.1E-09, # of iterations =  16
     Polarization accuracy = 4.9E-09, # of iterations =  15
     Polarization accuracy = 8.3E-09, # of iterations =  17
     Polarization accuracy = 9.5E-09, # of iterations =  15
     Polarization accuracy = 5.0E-09, # of iterations =  16
     Polarization accuracy = 9.4E-09, # of iterations =  16
        48     Transition energy    1  :                  0.3112723225
        48     Transition energy    2  :                  0.3134189164
        48     Transition energy    3  :                  0.3135370989
        48     Transition energy    4  :                  0.3010694707
        48     Transition energy    5  :                  0.2997209465
        48     Transition energy    6  :                  0.3166216195
        48     Transition energy    7  :                  0.2955227572
        48     Transition energy    8  :                  0.2940031695
     Residue(Squared modulus):    1        0.1148098      0.0000011
     Residue(Squared modulus):    2        0.1588403      0.0000012
     Residue(Squared modulus):    3        0.1625999      0.0000025
     Residue(Squared modulus):    4        0.0350924      0.0000005
     Residue(Squared modulus):    5        0.0462428      0.0000022
     Residue(Squared modulus):    6        0.1393027      0.0000019
     Residue(Squared modulus):    7        0.0334652      0.0000013
     Residue(Squared modulus):    8        0.0367143      0.0000008
       Largest residue:           0.162599899165
One residue is eliminated:       0.715148942360E-05

     total cpu time spent up to now is      341.7 secs

       ==============================

       Davidson iteration:        3
       num of basis:   55   total built basis:   55
     Polarization accuracy = 5.8E-09, # of iterations =  17
     Polarization accuracy = 4.0E-09, # of iterations =  18
     Polarization accuracy = 5.2E-09, # of iterations =  19
     Polarization accuracy = 5.8E-09, # of iterations =  18
     Polarization accuracy = 8.7E-09, # of iterations =  18
     Polarization accuracy = 4.3E-09, # of iterations =  18
     Polarization accuracy = 9.9E-09, # of iterations =  17
        55     Transition energy    1  :                  0.3112611466
        55     Transition energy    2  :                  0.3134135327
        55     Transition energy    3  :                  0.3135086466
        55     Transition energy    4  :                  0.3010639717
        55     Transition energy    5  :                  0.2996887210
        55     Transition energy    6  :                  0.3165640490
        55     Transition energy    7  :                  0.2955067804
        55     Transition energy    8  :                  0.2939862294
     Residue(Squared modulus):    1        0.1146445      0.0000019
     Residue(Squared modulus):    2        0.1587745      0.0000016
     Residue(Squared modulus):    3        0.1621123      0.0000044
     Residue(Squared modulus):    4        0.0350283      0.0000009
     Residue(Squared modulus):    5        0.0458688      0.0000047
     Residue(Squared modulus):    6        0.1383891      0.0000067
     Residue(Squared modulus):    7        0.0332681      0.0000024
     Residue(Squared modulus):    8        0.0364303      0.0000016
       Largest residue:           0.162112275389
One residue is eliminated:       0.357700573584E-03

     total cpu time spent up to now is      393.9 secs

       ==============================

       Davidson iteration:        4
       num of basis:   62   total built basis:   62
     Polarization accuracy = 2.8E-09, # of iterations =  18
     Polarization accuracy = 9.0E-09, # of iterations =  20
     Polarization accuracy = 5.6E-09, # of iterations =  21
     Polarization accuracy = 7.8E-09, # of iterations =  18
     Polarization accuracy = 8.5E-09, # of iterations =  19
     Polarization accuracy = 2.6E-09, # of iterations =  20
     Polarization accuracy = 7.3E-09, # of iterations =  18
        62     Transition energy    1  :                  0.3111577878
        62     Transition energy    2  :                  0.3131905343
        62     Transition energy    3  :                  0.3134610981
        62     Transition energy    4  :                  0.3010527912
        62     Transition energy    5  :                  0.3163304261
        62     Transition energy    6  :                  0.2995816438
        62     Transition energy    7  :                  0.2954842575
        62     Transition energy    8  :                  0.2939352210
     Residue(Squared modulus):    1        0.1133554      0.0000097
     Residue(Squared modulus):    2        0.1554819      0.0000203
     Residue(Squared modulus):    3        0.1612519      0.0000076
     Residue(Squared modulus):    4        0.0349513      0.0000017
     Residue(Squared modulus):    5        0.1351003      0.0000237
     Residue(Squared modulus):    6        0.0444508      0.0000112
     Residue(Squared modulus):    7        0.0329768      0.0000036
     Residue(Squared modulus):    8        0.0356458      0.0000044
       Largest residue:           0.161251911769

     total cpu time spent up to now is      471.4 secs

       ==============================

       Davidson iteration:        5
       num of basis:   70   total built basis:   70
     Polarization accuracy = 4.6E-09, # of iterations =  20
     Polarization accuracy = 6.1E-09, # of iterations =  19
     Polarization accuracy = 7.1E-09, # of iterations =  20
     Polarization accuracy = 1.0E-08, # of iterations =  17
     Polarization accuracy = 3.9E-09, # of iterations =  22
     Polarization accuracy = 2.9E-09, # of iterations =  22
     Polarization accuracy = 3.5E-09, # of iterations =  20
     Polarization accuracy = 8.4E-09, # of iterations =  18
        70     Transition energy    1  :                  0.3109754376
        70     Transition energy    2  :                  0.3129112710
        70     Transition energy    3  :                  0.3134084340
        70     Transition energy    4  :                  0.3009915539
        70     Transition energy    5  :                  0.3161780735
        70     Transition energy    6  :                  0.2994919625
        70     Transition energy    7  :                  0.2954322998
        70     Transition energy    8  :                  0.2939147139
     Residue(Squared modulus):    1        0.1110379      0.0000195
     Residue(Squared modulus):    2        0.1513614      0.0000371
     Residue(Squared modulus):    3        0.1606284      0.0000118
     Residue(Squared modulus):    4        0.0342017      0.0000049
     Residue(Squared modulus):    5        0.1329467      0.0000352
     Residue(Squared modulus):    6        0.0434304      0.0000166
     Residue(Squared modulus):    7        0.0320121      0.0000067
     Residue(Squared modulus):    8        0.0352988      0.0000063
       Largest residue:           0.160628443986

     total cpu time spent up to now is      554.8 secs

       ==============================

       Davidson iteration:        6
       num of basis:   78   total built basis:   78
     Polarization accuracy = 8.0E-09, # of iterations =  19
     Polarization accuracy = 3.2E-09, # of iterations =  19
     Polarization accuracy = 4.8E-09, # of iterations =  18
     Polarization accuracy = 2.3E-09, # of iterations =  21
     Polarization accuracy = 4.3E-09, # of iterations =  20
     Polarization accuracy = 3.5E-09, # of iterations =  22
     Polarization accuracy = 7.5E-09, # of iterations =  20
     Polarization accuracy = 4.8E-09, # of iterations =  22
        78     Transition energy    1  :                  0.3108249438
        78     Transition energy    2  :                  0.3128743421
        78     Transition energy    3  :                  0.3130851218
        78     Transition energy    4  :                  0.3008992154
        78     Transition energy    5  :                  0.3159620082
        78     Transition energy    6  :                  0.2993848346
        78     Transition energy    7  :                  0.2954100705
        78     Transition energy    8  :                  0.2938467331
     Residue(Squared modulus):    1        0.1090500      0.0000303
     Residue(Squared modulus):    2        0.1505745      0.0000390
     Residue(Squared modulus):    3        0.1559875      0.0000400
     Residue(Squared modulus):    4        0.0329399      0.0000119
     Residue(Squared modulus):    5        0.1298714      0.0000485
     Residue(Squared modulus):    6        0.0421305      0.0000229
     Residue(Squared modulus):    7        0.0319542      0.0000086
     Residue(Squared modulus):    8        0.0341716      0.0000095
       Largest residue:           0.155987547159
One residue is eliminated:       0.401237335836E-03

     total cpu time spent up to now is      634.5 secs

       ==============================

       Davidson iteration:        7
       num of basis:   85   total built basis:   85
     Polarization accuracy = 8.0E-09, # of iterations =  20
     Polarization accuracy = 7.4E-09, # of iterations =  21
     Polarization accuracy = 3.5E-09, # of iterations =  20
     Polarization accuracy = 5.4E-09, # of iterations =  23
     Polarization accuracy = 9.8E-09, # of iterations =  22
     Polarization accuracy = 7.4E-09, # of iterations =  23
     Polarization accuracy = 4.8E-09, # of iterations =  22
        85     Transition energy    1  :                  0.3107543082
        85     Transition energy    2  :                  0.3123641230
        85     Transition energy    3  :                  0.3128124866
        85     Transition energy    4  :                  0.3008880600
        85     Transition energy    5  :                  0.3155913444
        85     Transition energy    6  :                  0.2993311356
        85     Transition energy    7  :                  0.2953746884
        85     Transition energy    8  :                  0.2938312827
     Residue(Squared modulus):    1        0.1081482      0.0000363
     Residue(Squared modulus):    2        0.1432190      0.0000748
     Residue(Squared modulus):    3        0.1518137      0.0000559
     Residue(Squared modulus):    4        0.0329044      0.0000128
     Residue(Squared modulus):    5        0.1250579      0.0000716
     Residue(Squared modulus):    6        0.0413041      0.0000263
     Residue(Squared modulus):    7        0.0316407      0.0000101
     Residue(Squared modulus):    8        0.0339310      0.0000104
       Largest residue:           0.151813740763

     total cpu time spent up to now is      718.8 secs

       ==============================

       Davidson iteration:        8
       num of basis:   93   total built basis:   93
     Polarization accuracy = 3.7E-09, # of iterations =  23
     Polarization accuracy = 2.7E-09, # of iterations =  22
     Polarization accuracy = 4.7E-09, # of iterations =  23
     Polarization accuracy = 2.5E-09, # of iterations =  23
     Polarization accuracy = 5.6E-09, # of iterations =  23
     Polarization accuracy = 4.5E-09, # of iterations =  23
     Polarization accuracy = 3.4E-09, # of iterations =  23
     Polarization accuracy = 2.7E-09, # of iterations =  23
        93     Transition energy    1  :                  0.3104926150
        93     Transition energy    2  :                  0.3116997079
        93     Transition energy    3  :                  0.3121799557
        93     Transition energy    4  :                  0.3150060741
        93     Transition energy    5  :                  0.3006951900
        93     Transition energy    6  :                  0.2991102354
        93     Transition energy    7  :                  0.2951519468
        93     Transition energy    8  :                  0.2937069191
     Residue(Squared modulus):    1        0.1047268      0.0000583
     Residue(Squared modulus):    2        0.1357713      0.0001290
     Residue(Squared modulus):    3        0.1401324      0.0000860
     Residue(Squared modulus):    4        0.1168018      0.0001087
     Residue(Squared modulus):    5        0.0305263      0.0000246
     Residue(Squared modulus):    6        0.0389164      0.0000385
     Residue(Squared modulus):    7        0.0292509      0.0000235
     Residue(Squared modulus):    8        0.0318013      0.0000186
       Largest residue:           0.140132399768

     total cpu time spent up to now is      805.8 secs

       ==============================

       Davidson iteration:        9
       num of basis:  101   total built basis:  101
     Polarization accuracy = 4.5E-09, # of iterations =  23
     Polarization accuracy = 4.6E-09, # of iterations =  22
     Polarization accuracy = 7.2E-09, # of iterations =  22
     Polarization accuracy = 3.6E-09, # of iterations =  23
     Polarization accuracy = 6.9E-09, # of iterations =  20
     Polarization accuracy = 7.3E-09, # of iterations =  23
     Polarization accuracy = 5.8E-09, # of iterations =  22
     Polarization accuracy = 3.6E-09, # of iterations =  23
       101     Transition energy    1  :                  0.3102940514
       101     Transition energy    2  :                  0.3113204531
       101     Transition energy    3  :                  0.3117323659
       101     Transition energy    4  :                  0.3148077108
       101     Transition energy    5  :                  0.3006303152
       101     Transition energy    6  :                  0.2990791799
       101     Transition energy    7  :                  0.2951255300
       101     Transition energy    8  :                  0.2936388815
     Residue(Squared modulus):    1        0.1021725      0.0000722
     Residue(Squared modulus):    2        0.1306925      0.0001515
     Residue(Squared modulus):    3        0.1339416      0.0001151
     Residue(Squared modulus):    4        0.1141800      0.0001217
     Residue(Squared modulus):    5        0.0296597      0.0000298
     Residue(Squared modulus):    6        0.0384640      0.0000406
     Residue(Squared modulus):    7        0.0290791      0.0000255
     Residue(Squared modulus):    8        0.0306708      0.0000224
       Largest residue:           0.133941616037

     total cpu time spent up to now is      894.8 secs

       ==============================

       Davidson iteration:       10
       num of basis:  109   total built basis:  109
     Polarization accuracy = 3.8E-09, # of iterations =  23
     Polarization accuracy = 6.7E-09, # of iterations =  22
     Polarization accuracy = 5.8E-09, # of iterations =  22
     Polarization accuracy = 3.5E-09, # of iterations =  23
     Polarization accuracy = 2.3E-09, # of iterations =  23
     Polarization accuracy = 5.0E-09, # of iterations =  23
     Polarization accuracy = 8.5E-09, # of iterations =  23
     Polarization accuracy = 8.3E-09, # of iterations =  22
       109     Transition energy    1  :                  0.3101261953
       109     Transition energy    2  :                  0.3107212591
       109     Transition energy    3  :                  0.3113262957
       109     Transition energy    4  :                  0.3142401093
       109     Transition energy    5  :                  0.3004699589
       109     Transition energy    6  :                  0.2988409336
       109     Transition energy    7  :                  0.2949191435
       109     Transition energy    8  :                  0.2934493944
     Residue(Squared modulus):    1        0.0999766      0.0000868
     Residue(Squared modulus):    2        0.1220431      0.0001735
     Residue(Squared modulus):    3        0.1279305      0.0001370
     Residue(Squared modulus):    4        0.1067184      0.0001559
     Residue(Squared modulus):    5        0.0280700      0.0000387
     Residue(Squared modulus):    6        0.0360828      0.0000552
     Residue(Squared modulus):    7        0.0267322      0.0000353
     Residue(Squared modulus):    8        0.0277840      0.0000317
       Largest residue:           0.127930504590

       ================================================================

       Davidson diagonalization has finished in   10 steps.
          the number of current basis is  117
          the number of total basis built is  117

       Now print out information of eigenstates


     K-S Oscillator strengths
     occ con        R-x              R-y              R-z
     271   1     0.37250858E-05    0.63077612E-03    0.77182216E-05
     271   2     0.22550889E-02    0.37098195E+00   -0.37351091E-02
     271   3    -0.34840342E-03   -0.18716711E-04    0.82653247E-03
     271   4     0.44679417E-02    0.17730729E-03   -0.56770700E+00
     271   5     0.10617805E-05   -0.35874665E-03    0.21925913E-05
     271   6    -0.11730542E-02   -0.67656418E+00   -0.13550209E-03
     271   7     0.18355298E-03    0.17518860E-04    0.10721059E-03
     271   8    -0.23596523E+00   -0.29417168E-04    0.33887544E-01
     271   9    -0.15003044E-03    0.24965620E-04    0.55744799E-04
     271  10     0.73459794E-04    0.20039890E-04   -0.87410344E-04
     272   1    -0.19535581E-02    0.22962290E-05    0.22380234E-02
     272   2    -0.11718524E+01   -0.28723768E-03    0.14157207E+01
     272   3     0.57058922E-04    0.58382076E-03   -0.63005225E-04
     272   4     0.22516639E-02   -0.54592716E+00   -0.39414899E-02
     272   5     0.34431052E-03   -0.13856801E-05    0.11119192E-03
     272   6     0.54746179E+00   -0.12564063E-02    0.58279782E-01
     272   7    -0.14471210E-04   -0.49538736E-04   -0.24898685E-05
     272   8    -0.86001164E-03    0.13299229E+00    0.28024897E-04
     272   9    -0.53012056E-04    0.14223593E-03   -0.16069366E-04
     272  10     0.72531840E-04   -0.51448684E-04    0.99435250E-04
     273   1    -0.17636991E-02   -0.47105442E+00    0.19810292E-02
     273   2     0.12309787E-04    0.77336967E-03   -0.31796055E-04
     273   3     0.60460392E+00    0.36537762E-03   -0.11219508E+01
     273   4     0.52948064E-03   -0.22192575E-04   -0.11235825E-02
     273   5     0.31651713E-03    0.50918408E+00    0.27703521E-03
     273   6     0.88841647E-05   -0.51019885E-03   -0.64799543E-05
     273   7    -0.11154679E+00    0.22860766E-03   -0.15909848E+00
     273   8    -0.17438227E-03    0.55034120E-06   -0.11556964E-03
     273   9     0.16389023E+00    0.38089480E-03   -0.11826519E+00
     273  10    -0.10392418E-03    0.65695236E-01    0.61058019E-03
     274   1     0.17009378E+01   -0.67080585E-04   -0.13848793E+01
     274   2    -0.24626696E-02   -0.33099223E-04    0.21774596E-02
     274   3     0.18436725E-02   -0.82967263E+00   -0.20286610E-02
     274   4     0.44542098E-04   -0.71072903E-03   -0.40895271E-04
     274   5    -0.20062281E+00    0.45638528E-03   -0.16377162E+00
     274   6     0.26990433E-03   -0.74124183E-05    0.14325314E-03
     274   7    -0.19065054E-03   -0.21753048E+00   -0.25314758E-03
     274   8    -0.20571235E-05   -0.33979802E-04   -0.39232607E-05
     274   9     0.80266878E-04   -0.39433975E+00   -0.65120986E-04
     274  10    -0.37182348E+00   -0.49947249E-03   -0.35680490E+00
     275   1    -0.19147881E-02    0.22404011E-04    0.85654615E-03
     275   2    -0.13144804E+01   -0.21154369E-02    0.85729472E+00
     275   3     0.45687811E-04    0.82805436E-03   -0.23898914E-04
     275   4     0.24399567E-02   -0.83534713E+00   -0.12121191E-02
     275   5    -0.13715780E-03   -0.94202985E-06   -0.31465092E-03
     275   6     0.82797345E-01   -0.14703742E-03   -0.24919491E+00
     275   7    -0.22507996E-05    0.88111749E-03    0.83445836E-05
     275   8    -0.37939880E-05   -0.55907614E+00    0.90989228E-04
     275   9     0.94556438E-04   -0.16107371E-03   -0.47379672E-04
     275  10     0.22284453E-03    0.67532956E-04   -0.20037124E-04
     276   1     0.75734115E+00    0.84583788E-03    0.30215348E-01
     276   2    -0.18877998E-02   -0.31824889E-04    0.49187537E-03
     276   3    -0.63122946E-04   -0.53792034E+00    0.59583467E-03
     276   4     0.13360177E-04   -0.99505265E-03    0.85729826E-05
     276   5     0.19025556E+00    0.83964452E-04    0.24223462E+00
     276   6    -0.75022949E-04   -0.12137666E-04   -0.31118817E-03
     276   7     0.91605112E-04   -0.71478184E+00    0.56361757E-04
     276   8     0.49800460E-05   -0.94705271E-03    0.65539593E-06
     276   9     0.11779492E-03    0.67130463E-01    0.91316543E-04
     276  10    -0.41600092E+00   -0.39181876E-03   -0.79659697E-01
     277   1    -0.19683006E-04    0.38012568E-02    0.20868628E-04
     277   2     0.27524086E-02    0.17186146E+01   -0.25187948E-02
     277   3    -0.25995083E-02   -0.72951644E-04    0.19839464E-02
     277   4     0.14268733E+01   -0.29595550E-02   -0.12327931E+01
     277   5     0.11066838E-05    0.38683590E-04   -0.41132712E-05
     277   6     0.33845847E-04   -0.14637505E-01    0.21697072E-03
     277   7    -0.23205823E-03   -0.12847962E-05   -0.64754702E-03
     277   8     0.84880252E-01   -0.91256600E-04    0.42722369E+00
     277   9     0.58349933E-03   -0.46939010E-04    0.35990947E-03
     277  10    -0.51499473E-04   -0.10239047E-03    0.78123218E-04
     278   1     0.94939390E-03    0.15622649E+01   -0.84371695E-03
     278   2    -0.70706272E-04   -0.37902069E-02    0.49973982E-04
     278   3    -0.15548820E+01    0.89374712E-03    0.10729486E+01
     278   4    -0.26273859E-02    0.33810991E-04    0.20406220E-02
     278   5     0.28616950E-04    0.67125062E-02    0.12377987E-03
     278   6    -0.81564131E-05    0.22949550E-04   -0.92866785E-05
     278   7    -0.15101256E+00    0.22311165E-03   -0.34758922E+00
     278   8    -0.18544643E-03    0.53544109E-05   -0.70650741E-03
     278   9     0.64345785E+00    0.40095095E-04    0.30405733E+00
     278  10     0.49540624E-03   -0.91811220E-01   -0.18334070E-03
     279   1     0.27088818E-02   -0.17023089E-04   -0.28352023E-02
     279   2     0.12081142E+01    0.28590012E-02   -0.12819236E+01
     279   3    -0.56443540E-04   -0.22325729E-02    0.57714692E-04
     279   4    -0.24431891E-02    0.15078423E+01    0.25621907E-02
     279   5     0.19300595E-03    0.55895390E-05    0.40848497E-03
     279   6     0.14907490E+00   -0.18274761E-03    0.32932054E+00
     279   7     0.40917411E-06    0.65725152E-03   -0.12163530E-04
     279   8    -0.95654255E-04   -0.43777735E+00   -0.24113861E-03
     279   9     0.20226640E-04    0.12784992E-03    0.77112804E-04
     279  10    -0.21863362E-03   -0.50552746E-05   -0.23940153E-03
     280   1     0.14840130E+01    0.60317081E-03   -0.15523636E+01
     280   2    -0.28942980E-02   -0.59345428E-04    0.30361847E-02
     280   3     0.11152127E-02   -0.14537835E+01   -0.11245465E-02
     280   4     0.32168412E-04   -0.22396502E-02   -0.38073395E-04
     280   5     0.13341833E+00   -0.19271378E-03    0.33525981E+00
     280   6    -0.17835122E-03    0.14014429E-04   -0.44276732E-03
     280   7     0.74812059E-04    0.50542580E+00    0.22033676E-03
     280   8     0.31957825E-06    0.74517615E-03    0.39846636E-05
     280   9     0.83840215E-05    0.29974294E+00   -0.11281002E-04
     280  10    -0.25073756E+00    0.42534570E-03   -0.35138632E+00

       ! The    1 -th eigen state. The transition energy is:        0.31012620

     The two digitals below indicate the importance of doing beyong TDA: 

     Components: X       1.00203;    Y      -0.00203

     In the occ-virt project subspace the total Fxy is:

     X       1.00063;    Y      -0.00173    total       0.99890  /      1.00000

     The Chi_i_i is     Total          1               2               3

                     0.13521044E+00    0.64770594E-01    0.19521343E-05    0.70437896E-01

     Now is the components analysis of this transition.

     First we print out only the principle components.

     occ     virt       FX              FY

     273    9       -0.39539        0.01634
     274   10       -0.77760        0.02316
     278    9        0.32161       -0.01878
     280   10       -0.34367        0.02005

     Now for all the calculated particle and hole pairs : 

     occ     virt       FX              FY

     271    1      0.26672353E-04      0.12420002E-04
     271    2      0.54563178E-04      0.25356216E-04
     271    3     -0.22669655E-04     -0.10454148E-04
     271    4      0.57401194E-04      0.24141267E-04
     271    5     -0.39080510E-02      0.53808949E-03
     271    6     -0.26048894E-02      0.34908939E-03
     271    7     -0.25297661E-03      0.33171489E-04
     271    8     -0.28320286E-02      0.36363637E-03
     271    9     -0.93628756E-03      0.33429203E-04
     271   10     -0.15757837E-01      0.36091937E-03
     272    1      0.12388444E-05      0.67840638E-06
     272    2     -0.18770670E-04     -0.97673519E-05
     272    3      0.44806969E-04      0.20866313E-04
     272    4     -0.10864651E-04     -0.53858503E-05
     272    5     -0.81176603E-03      0.11220582E-03
     272    6      0.49922585E-01     -0.67282536E-02
     272    7     -0.39052691E-02      0.51418352E-03
     272    8      0.22761796E-02     -0.29309275E-03
     272    9     -0.30541929E-01      0.11061066E-02
     272   10     -0.11876404E-01      0.27935031E-03
     273    1     -0.34592624E-04     -0.16115050E-04
     273    2     -0.60199343E-04     -0.27998508E-04
     273    3     -0.17754123E-03     -0.79936022E-04
     273    4     -0.12641119E-04     -0.56712942E-05
     273    5      0.24599171E-02     -0.35725832E-03
     273    6      0.38575933E-02     -0.54357481E-03
     273    7     -0.13385815E-01      0.18335554E-02
     273    8     -0.39996516E-03      0.54498677E-04
     273    9     -0.39538678E+00      0.16344372E-01
     273   10      0.18352013E-01     -0.52045964E-03
     274    1      0.97975173E-04      0.45529932E-04
     274    2     -0.10190728E-04     -0.49919617E-05
     274    3     -0.21378688E-04     -0.98288607E-05
     274    4      0.21031988E-05      0.67753647E-06
     274    5     -0.51351451E-01      0.74827557E-02
     274    6      0.10486862E-02     -0.15050993E-03
     274    7      0.18685034E-02     -0.26347036E-03
     274    8     -0.35445474E-02      0.48474389E-03
     274    9      0.16813631E-01     -0.71235251E-03
     274   10     -0.77760055E+00      0.23158347E-01
     275    1      0.25412773E-04      0.11672089E-04
     275    2     -0.21908450E-03     -0.10048366E-03
     275    3     -0.13553177E-04     -0.63745676E-05
     275    4      0.78645895E-05      0.31502428E-05
     275    5     -0.21433301E-04     -0.91981960E-05
     275    6      0.48693851E-01     -0.71211485E-02
     275    7      0.20744832E-02     -0.29826465E-03
     275    8     -0.11257711E-02      0.15891098E-03
     275    9     -0.21108515E-01      0.96632525E-03
     275   10     -0.79964798E-02      0.26268686E-03
     276    1      0.31709871E-03      0.14597545E-03
     276    2     -0.40618901E-04     -0.17802077E-04
     276    3      0.20239437E-04      0.93162376E-05
     276    4      0.69603700E-05      0.30375931E-05
     276    5     -0.52017123E-04     -0.14226475E-04
     276    6     -0.11783027E-04     -0.58748704E-05
     276    7      0.48763593E-05      0.29935598E-05
     276    8      0.28317057E-02     -0.40780296E-03
     276    9      0.60301099E-02     -0.29346561E-03
     276   10     -0.74326689E-01      0.26554115E-02
     277    1     -0.31201703E-05     -0.17629276E-05
     277    2      0.11063251E-04      0.51075743E-05
     277    3      0.36313192E-04      0.16828702E-04
     277    4     -0.11533012E-03     -0.61402043E-04
     277    5     -0.27378825E-04     -0.13840673E-04
     277    6     -0.23001780E-04     -0.10656280E-04
     277    7      0.21167417E-05      0.75163921E-06
     277    8      0.60900132E-03      0.27422642E-03
     277    9     -0.55341790E-02      0.31213774E-03
     277   10     -0.36720256E-01      0.15847245E-02
     278    1     -0.45396813E-05     -0.21579886E-05
     278    2      0.19400672E-04      0.89946150E-05
     278    3     -0.46179159E-03     -0.21163030E-03
     278    4      0.60813107E-04      0.28058974E-04
     278    5      0.84789405E-05      0.33184811E-05
     278    6     -0.32173884E-04     -0.15038538E-04
     278    7      0.25048385E-03      0.11769870E-03
     278    8     -0.13527716E-04     -0.61188377E-05
     278    9      0.32160543E+00     -0.18783688E-01
     278   10     -0.21376747E-01      0.96304003E-03
     279    1     -0.21441156E-04     -0.10071217E-04
     279    2      0.61693755E-03      0.28386808E-03
     279    3     -0.10623104E-04     -0.48909459E-05
     279    4     -0.55442398E-05     -0.26165806E-05
     279    5      0.32942090E-04      0.15479594E-04
     279    6     -0.77041294E-03     -0.35540266E-03
     279    7      0.10318226E-04      0.48733135E-05
     279    8     -0.81487890E-06     -0.33601302E-06
     279    9      0.17455527E-01     -0.11935458E-02
     279   10      0.44556119E-02     -0.24461237E-03
     280    1      0.74886853E-04      0.34050055E-04
     280    2      0.99939441E-05      0.46157001E-05
     280    3     -0.26694372E-04     -0.12473663E-04
     280    4     -0.23533333E-04     -0.10860922E-04
     280    5     -0.59679122E-03     -0.27590776E-03
     280    6     -0.36534255E-04     -0.16885641E-04
     280    7     -0.18849656E-04     -0.87864581E-05
     280    8     -0.73987139E-05     -0.35986804E-05
     280    9      0.11801399E-01     -0.84656003E-03
     280   10     -0.34367245E+00      0.20045903E-01

       **************


       ! The    2 -th eigen state. The transition energy is:        0.31072126

     The two digitals below indicate the importance of doing beyong TDA: 

     Components: X       1.00319;    Y      -0.00319

     In the occ-virt project subspace the total Fxy is:

     X       1.00019;    Y      -0.00253    total       0.99766  /      1.00000

     The Chi_i_i is     Total          1               2               3

                     0.16941994E-02    0.44414527E-04    0.16111268E-02    0.38658114E-04

     Now is the components analysis of this transition.

     First we print out only the principle components.

     occ     virt       FX              FY

     273   10       -0.47147        0.01389
     274    9       -0.47028        0.02051
     276    9       -0.17261        0.00858
     277   10       -0.11499        0.00507
     278   10        0.60127       -0.02772
     280    9       -0.33109        0.02413

     Now for all the calculated particle and hole pairs : 

     occ     virt       FX              FY

     271    1      0.63355451E-04      0.29835093E-04
     271    2     -0.11019729E-02     -0.52100384E-03
     271    3     -0.39428213E-04     -0.18540948E-04
     271    4      0.75115971E-04      0.34952645E-04
     271    5     -0.12682396E-01      0.17587553E-02
     271    6      0.76607190E-01     -0.10341208E-01
     271    7     -0.45691921E-03      0.60280731E-04
     271    8      0.13582943E-03     -0.16416010E-04
     271    9     -0.25298152E-02      0.92718493E-04
     271   10     -0.48557253E-01      0.11587592E-02
     272    1      0.25229320E-05      0.13509578E-05
     272    2      0.96408142E-06      0.36135517E-06
     272    3      0.11494150E-03      0.53979297E-04
     272    4      0.14613179E-03      0.65272225E-04
     272    5     -0.15423647E-02      0.21401743E-03
     272    6      0.14524124E-02     -0.19813722E-03
     272    7     -0.12739087E-01      0.16900033E-02
     272    8     -0.72572365E-01      0.94391097E-02
     272    9     -0.95460845E-01      0.35484943E-02
     272   10     -0.21604386E-01      0.52897221E-03
     273    1      0.71929391E-03      0.33895353E-03
     273    2     -0.15553336E-03     -0.72898647E-04
     273    3     -0.15206481E-04     -0.69735927E-05
     273    4     -0.12108915E-04     -0.54889537E-05
     273    5     -0.74422682E-01      0.10824505E-01
     273    6      0.12736669E-01     -0.18076858E-02
     273    7     -0.27785621E-03      0.37145801E-04
     273    8     -0.70543945E-03      0.96223668E-04
     273    9     -0.91897386E-02      0.39131422E-03
     273   10     -0.47147254E+00      0.13886060E-01
     274    1      0.73432212E-05      0.34697719E-05
     274    2     -0.15652060E-04     -0.77994248E-05
     274    3      0.37902831E-03      0.18099639E-03
     274    4     -0.22594383E-04     -0.10983280E-04
     274    5     -0.14434025E-02      0.21028253E-03
     274    6      0.18690821E-02     -0.26828505E-03
     274    7     -0.60606113E-01      0.85033668E-02
     274    8     -0.11761307E-01      0.16203654E-02
     274    9     -0.47028118E+00      0.20507651E-01
     274   10     -0.18982747E-01      0.58628687E-03
     275    1      0.38077372E-04      0.17945542E-04
     275    2     -0.13376816E-04     -0.62133850E-05
     275    3     -0.39384247E-04     -0.18602084E-04
     275    4     -0.87200551E-04     -0.35500819E-04
     275    5     -0.21731890E-04     -0.93839050E-05
     275    6      0.13464047E-02     -0.19759563E-03
     275    7      0.65549798E-02     -0.94880716E-03
     275    8      0.33720591E-01     -0.47685765E-02
     275    9     -0.66316505E-01      0.30991528E-02
     275   10     -0.13534697E-01      0.45771042E-03
     276    1      0.18144547E-04      0.85018104E-05
     276    2     -0.66602355E-04     -0.29860220E-04
     276    3     -0.35780600E-03     -0.17102010E-03
     276    4     -0.98592505E-05     -0.46353794E-05
     276    5      0.29187248E-06      0.11709966E-05
     276    6     -0.14891199E-04     -0.79013104E-05
     276    7     -0.24311758E-03     -0.12534159E-03
     276    8      0.92698698E-02     -0.13435407E-02
     276    9     -0.17260659E+00      0.85789630E-02
     276   10     -0.17044676E-02      0.63676207E-04
     277    1     -0.78481784E-05     -0.45656025E-05
     277    2     -0.34230273E-03     -0.15997599E-03
     277    3      0.60156844E-04      0.28485993E-04
     277    4     -0.23271996E-04     -0.11005533E-04
     277    5     -0.73939247E-04     -0.37702952E-04
     277    6      0.53141039E-03      0.25060754E-03
     277    7      0.10202945E-05      0.44432643E-06
     277    8      0.13778008E-04      0.63144382E-05
     277    9     -0.10435181E-01      0.59895246E-03
     277   10     -0.11498900E+00      0.50725064E-02
     278    1      0.86855613E-04      0.47685209E-04
     278    2      0.47592193E-04      0.22297158E-04
     278    3     -0.99411411E-05     -0.46015975E-05
     278    4      0.79907409E-04      0.38437047E-04
     278    5      0.12434106E-03      0.76120428E-04
     278    6     -0.88948350E-04     -0.41871265E-04
     278    7     -0.15739074E-04     -0.70315787E-05
     278    8     -0.27869832E-04     -0.12729223E-04
     278    9      0.77276051E-02     -0.46273050E-03
     278   10      0.60126991E+00     -0.27721063E-01
     279    1     -0.39542379E-04     -0.18816088E-04
     279    2     -0.24088489E-05     -0.10717892E-05
     279    3     -0.22846856E-04     -0.10622067E-04
     279    4      0.12247599E-03      0.57189067E-04
     279    5      0.62400551E-04      0.29521307E-04
     279    6      0.80304231E-05      0.36026510E-05
     279    7      0.34004898E-04      0.16039036E-04
     279    8      0.47466283E-04      0.23890303E-04
     279    9      0.55072567E-01     -0.38185390E-02
     279   10      0.85319316E-02     -0.47668055E-03
     280    1      0.34127515E-05      0.15651789E-05
     280    2      0.17294931E-04      0.80722388E-05
     280    3      0.59551296E-03      0.27950348E-03
     280    4     -0.55525807E-04     -0.25818806E-04
     280    5      0.42184719E-05      0.17563080E-05
     280    6     -0.61183208E-04     -0.28789616E-04
     280    7      0.33713773E-03      0.15834890E-03
     280    8     -0.31419043E-04     -0.15012511E-04
     280    9     -0.33109338E+00      0.24130088E-01
     280   10     -0.84624890E-02      0.50392388E-03

       **************


       ! The    3 -th eigen state. The transition energy is:        0.31132630

     The two digitals below indicate the importance of doing beyong TDA: 

     Components: X       1.00302;    Y      -0.00302

     In the occ-virt project subspace the total Fxy is:

     X       1.00067;    Y      -0.00251    total       0.99816  /      1.00000

     The Chi_i_i is     Total          1               2               3

                     0.68256587E-03    0.35667046E-03    0.65939042E-04    0.25995637E-03

     Now is the components analysis of this transition.

     First we print out only the principle components.

     occ     virt       FX              FY

     271   10       -0.26067        0.00647
     272    9       -0.51421        0.01961
     275    9       -0.35721        0.01704
     277   10       -0.62344        0.02811
     278   10       -0.11135        0.00524
     279    9        0.30105       -0.02116

     Now for all the calculated particle and hole pairs : 

     occ     virt       FX              FY

     271    1      0.26569049E-03      0.12526512E-03
     271    2      0.14797970E-03      0.70060738E-04
     271    3     -0.39043568E-04     -0.18144967E-04
     271    4      0.10146530E-03      0.46552095E-04
     271    5     -0.70731310E-01      0.98740232E-02
     271    6     -0.15012826E-01      0.20402168E-02
     271    7     -0.52894288E-03      0.70231650E-04
     271    8      0.15480859E-04     -0.22180940E-05
     271    9     -0.24655473E-02      0.93827703E-04
     271   10     -0.26067168E+00      0.64732465E-02
     272    1      0.92188031E-05      0.44468399E-05
     272    2      0.53817221E-04      0.25262909E-04
     272    3      0.50760240E-03      0.23817904E-03
     272    4     -0.84640413E-05     -0.15938996E-05
     272    5     -0.21419155E-02      0.29818904E-03
     272    6     -0.35929063E-02      0.49120983E-03
     272    7     -0.71570939E-01      0.95616500E-02
     272    8      0.14392746E-01     -0.18849527E-02
     272    9     -0.51420796E+00      0.19612815E-01
     272   10     -0.27920563E-01      0.71297879E-03
     273    1     -0.10254321E-03     -0.48178062E-04
     273    2     -0.67008828E-03     -0.31327098E-03
     273    3     -0.36539515E-04     -0.16991082E-04
     273    4     -0.71951913E-05     -0.31295756E-05
     273    5      0.14697194E-01     -0.21514563E-02
     273    6      0.70686852E-01     -0.10094667E-01
     273    7      0.86673772E-03     -0.12018279E-03
     273    8     -0.89225210E-03      0.12335050E-03
     273    9      0.25376567E-01     -0.10983877E-02
     273   10      0.84301774E-01     -0.25648111E-02
     274    1     -0.43934529E-05     -0.21265338E-05
     274    2     -0.33926771E-04     -0.16229069E-04
     274    3     -0.41627012E-04     -0.20470272E-04
     274    4     -0.28634578E-03     -0.13738276E-03
     274    5      0.36936427E-02     -0.54518670E-03
     274    6      0.24655855E-02     -0.35680777E-03
     274    7      0.12077790E-01     -0.17057525E-02
     274    8     -0.65538733E-01      0.90874965E-02
     274    9      0.86133811E-01     -0.38398753E-02
     274   10      0.49610615E-01     -0.15737091E-02
     275    1      0.42411762E-04      0.19617914E-04
     275    2     -0.19092323E-04     -0.86657326E-05
     275    3     -0.20937078E-03     -0.99060924E-04
     275    4      0.96998451E-05      0.45451627E-05
     275    5      0.61264641E-05      0.39187805E-05
     275    6     -0.35209163E-02      0.52143438E-03
     275    7      0.36011872E-01     -0.52450425E-02
     275    8     -0.66618571E-02      0.94840574E-03
     275    9     -0.35720828E+00      0.17039857E-01
     275   10     -0.17274742E-01      0.60293072E-03
     276    1      0.21827728E-04      0.10004336E-04
     276    2     -0.52395441E-04     -0.23074970E-04
     276    3      0.39191613E-04      0.19267082E-04
     276    4     -0.22307732E-03     -0.10384063E-03
     276    5      0.35165544E-03      0.16247420E-03
     276    6     -0.35224737E-04     -0.16888295E-04
     276    7      0.59149706E-04      0.28988317E-04
     276    8      0.50634778E-01     -0.73877811E-02
     276    9      0.32714436E-01     -0.16577756E-02
     276   10      0.46351636E-02     -0.17471429E-03
     277    1     -0.37847544E-04     -0.22218069E-04
     277    2      0.66331265E-04      0.31225276E-04
     277    3      0.70464512E-04      0.32829547E-04
     277    4     -0.13139405E-03     -0.61875010E-04
     277    5     -0.36466723E-03     -0.18608168E-03
     277    6     -0.83799897E-04     -0.39802924E-04
     277    7      0.14116561E-04      0.60437554E-05
     277    8      0.28135802E-04      0.13009986E-04
     277    9     -0.13522985E-01      0.79233614E-03
     277   10     -0.62344491E+00      0.28106809E-01
     278    1     -0.52096196E-05     -0.39778757E-05
     278    2      0.18709883E-03      0.87642063E-04
     278    3     -0.15642123E-04     -0.72888673E-05
     278    4      0.11430382E-03      0.52987218E-04
     278    5     -0.80862575E-04     -0.41446217E-04
     278    6     -0.42150714E-03     -0.19854037E-03
     278    7      0.56429656E-04      0.27145015E-04
     278    8     -0.19061353E-04     -0.86975335E-05
     278    9     -0.20908369E-01      0.12621098E-02
     278   10     -0.11135293E+00      0.52420130E-02
     279    1     -0.43200727E-04     -0.20377034E-04
     279    2     -0.46039370E-04     -0.21458741E-04
     279    3     -0.73825109E-04     -0.33778235E-04
     279    4     -0.24737225E-04     -0.11486985E-04
     279    5      0.56127823E-04      0.26631420E-04
     279    6      0.72275466E-04      0.33618368E-04
     279    7      0.19029262E-03      0.89855050E-04
     279    8     -0.24073007E-05     -0.16617195E-05
     279    9      0.30105038E+00     -0.21164967E-01
     279   10      0.11205381E-01     -0.63845333E-03
     280    1      0.39691613E-05      0.17696636E-05
     280    2      0.69551825E-05      0.33075288E-05
     280    3     -0.91724668E-04     -0.42798195E-04
     280    4     -0.20977529E-03     -0.96410935E-04
     280    5     -0.66681377E-04     -0.31713769E-04
     280    6     -0.52774428E-04     -0.24658229E-04
     280    7     -0.47205176E-04     -0.21948519E-04
     280    8     -0.21936288E-03     -0.10497900E-03
     280    9      0.61453319E-01     -0.45383056E-02
     280   10      0.22308318E-01     -0.13445771E-02

       **************


       ! The    4 -th eigen state. The transition energy is:        0.31424011

     The two digitals below indicate the importance of doing beyong TDA: 

     Components: X       1.00248;    Y      -0.00248

     In the occ-virt project subspace the total Fxy is:

     X       0.99987;    Y      -0.00191    total       0.99796  /      1.00000

     The Chi_i_i is     Total          1               2               3

                     0.43692768E-04    0.31509012E-04    0.19373092E-05    0.10246446E-04

     Now is the components analysis of this transition.

     First we print out only the principle components.

     occ     virt       FX              FY

     271    9        0.16248       -0.00685
     272   10        0.75055       -0.02258
     275   10        0.40748       -0.01606
     277    9        0.36723       -0.02311
     279   10       -0.31324        0.01925

     Now for all the calculated particle and hole pairs : 

     occ     virt       FX              FY

     271    1     -0.93907519E-05     -0.43409813E-05
     271    2      0.18221771E-04      0.86969124E-05
     271    3      0.13267602E-03      0.59248249E-04
     271    4     -0.84762229E-04     -0.39067777E-04
     271    5     -0.36963871E-02      0.53361157E-03
     271    6      0.22795722E-02     -0.32033084E-03
     271    7      0.13738789E-01     -0.18860316E-02
     271    8      0.88523389E-04     -0.12122124E-04
     271    9      0.16248082E+00     -0.68549381E-02
     271   10     -0.11729088E-01      0.34490081E-03
     272    1     -0.31057082E-03     -0.14654101E-03
     272    2     -0.42031807E-04     -0.19784137E-04
     272    3     -0.70418525E-05     -0.33062209E-05
     272    4     -0.10754522E-05     -0.18742810E-05
     272    5      0.54646838E-01     -0.78945641E-02
     272    6      0.96405364E-03     -0.13519700E-03
     272    7     -0.35940708E-02      0.49969744E-03
     272    8     -0.22840879E-02      0.30978682E-03
     272    9     -0.21535802E-01      0.91704903E-03
     272   10      0.75055427E+00     -0.22581931E-01
     273    1     -0.66386760E-05     -0.33131210E-05
     273    2      0.63029128E-05      0.30411212E-05
     273    3      0.36911268E-04      0.17149941E-04
     273    4     -0.48562015E-03     -0.22758326E-03
     273    5     -0.22608684E-02      0.34151864E-03
     273    6      0.37298230E-02     -0.54945913E-03
     273    7     -0.19717914E-03      0.28138750E-04
     273    8      0.22987241E-01     -0.32563088E-02
     273    9     -0.58118642E-02      0.27849601E-03
     273   10     -0.86743957E-02      0.30426962E-03
     274    1      0.19176368E-05      0.94496849E-06
     274    2      0.95577441E-03      0.44525291E-03
     274    3     -0.14926161E-04     -0.67632153E-05
     274    4     -0.39244877E-04     -0.18456923E-04
     274    5     -0.10482537E-02      0.15926062E-03
     274    6     -0.70069047E-01      0.10436547E-01
     274    7     -0.19019128E-02      0.27749877E-03
     274    8     -0.33406000E-02      0.47740728E-03
     274    9     -0.97892582E-02      0.48192362E-03
     274   10     -0.11011314E-01      0.40033076E-03
     275    1      0.17933008E-03      0.87492884E-04
     275    2      0.23740891E-04      0.10895953E-04
     275    3     -0.37311252E-05     -0.17769827E-05
     275    4      0.76555884E-05      0.29455871E-05
     275    5     -0.21640810E-02     -0.10087606E-02
     275    6      0.10034152E-02     -0.15282139E-03
     275    7      0.17662927E-02     -0.26307033E-03
     275    8      0.10216617E-02     -0.15008068E-03
     275    9     -0.15739873E-01      0.82126682E-03
     275   10      0.40748206E+00     -0.16057136E-01
     276    1     -0.28894101E-04     -0.13364475E-04
     276    2     -0.56720825E-03     -0.26157331E-03
     276    3      0.14109212E-04      0.64206637E-05
     276    4     -0.36276153E-04     -0.17047376E-04
     276    5     -0.25776424E-03     -0.12016199E-03
     276    6      0.33183532E-03      0.14566285E-03
     276    7     -0.17281725E-04     -0.76208875E-05
     276    8      0.25528836E-02     -0.38413258E-03
     276    9     -0.44482169E-02      0.24600270E-03
     276   10     -0.71601861E-03      0.30321176E-04
     277    1      0.23324795E-05      0.10469502E-05
     277    2     -0.84762354E-05     -0.41277862E-05
     277    3     -0.43997246E-03     -0.20097501E-03
     277    4      0.10915357E-03      0.51801687E-04
     277    5      0.37807842E-06      0.10101084E-06
     277    6      0.25033694E-06      0.28529680E-06
     277    7      0.44746025E-03      0.21481473E-03
     277    8     -0.43060957E-04     -0.19833395E-04
     277    9      0.36722719E+00     -0.23109191E-01
     277   10     -0.27305538E-01      0.13555427E-02
     278    1     -0.86186531E-05     -0.37522969E-05
     278    2     -0.39767591E-05     -0.18728989E-05
     278    3      0.27703944E-04      0.12865550E-04
     278    4      0.10634611E-02      0.48415769E-03
     278    5      0.46367423E-04      0.22388744E-04
     278    6     -0.14062946E-05     -0.70135868E-06
     278    7     -0.50043514E-04     -0.24175323E-04
     278    8      0.38005344E-03      0.16001636E-03
     278    9      0.45486422E-02     -0.29564682E-03
     278   10      0.13725057E-01     -0.70989546E-03
     279    1      0.55715763E-03      0.26008709E-03
     279    2      0.14070302E-04      0.67019484E-05
     279    3      0.62916887E-05      0.29907485E-05
     279    4      0.50023385E-05      0.22970272E-05
     279    5     -0.91576699E-03     -0.43148246E-03
     279    6     -0.30263458E-04     -0.14216762E-04
     279    7      0.61111551E-05      0.28753519E-05
     279    8     -0.45479848E-05     -0.19619002E-05
     279    9      0.13611441E-01     -0.10179753E-02
     279   10     -0.31324092E+00      0.19245426E-01
     280    1     -0.56743886E-05     -0.25702687E-05
     280    2      0.48987144E-03      0.22459971E-03
     280    3      0.76876719E-06      0.13463450E-06
     280    4      0.58238200E-05      0.28596138E-05
     280    5      0.69689160E-04      0.33116387E-04
     280    6     -0.49600239E-03     -0.22842795E-03
     280    7     -0.41840227E-05     -0.21563307E-05
     280    8     -0.12780950E-04     -0.60827344E-05
     280    9     -0.75257620E-02      0.59065788E-03
     280   10     -0.49418294E-02      0.32074661E-03

       **************


       ! The    5 -th eigen state. The transition energy is:        0.30046996

     The two digitals below indicate the importance of doing beyong TDA: 

     Components: X       1.00053;    Y      -0.00053

     In the occ-virt project subspace the total Fxy is:

     X       0.99986;    Y      -0.00037    total       0.99949  /      1.00000

     The Chi_i_i is     Total          1               2               3

                     0.30175035E-07    0.40503125E-08    0.11562604E-07    0.14562119E-07

     Now is the components analysis of this transition.

     First we print out only the principle components.

     occ     virt       FX              FY

     271   10       -0.92024        0.00654
     275    9        0.29312       -0.00879
     277   10        0.22275       -0.00609

     Now for all the calculated particle and hole pairs : 

     occ     virt       FX              FY

     271    1     -0.32226481E-03     -0.15623292E-03
     271    2      0.22981246E-05      0.10701238E-05
     271    3      0.93347951E-06      0.41772998E-06
     271    4     -0.97908796E-05     -0.46262290E-05
     271    5      0.44353946E-01     -0.54647434E-02
     271    6      0.66876258E-04     -0.84831398E-05
     271    7      0.27416779E-04     -0.88143654E-05
     271    8     -0.33615240E-05      0.33829118E-06
     271    9     -0.17722527E-02      0.41199170E-04
     271   10     -0.92024295E+00      0.65381123E-02
     272    1     -0.44943056E-05     -0.21909814E-05
     272    2     -0.33867348E-05     -0.16060589E-05
     272    3     -0.37987171E-03     -0.18372268E-03
     272    4     -0.13069565E-05     -0.70055657E-06
     272    5      0.19475209E-03     -0.25364753E-04
     272    6      0.23170345E-04     -0.27556557E-05
     272    7      0.56976848E-01     -0.66341259E-02
     272    8     -0.58297622E-04      0.62908931E-05
     272    9     -0.55142543E-01      0.11279616E-02
     272   10     -0.19925986E-02      0.15996752E-04
     273    1     -0.11131624E-05     -0.52125291E-06
     273    2      0.35105556E-03      0.16996417E-03
     273    3      0.33981092E-05      0.16066437E-05
     273    4     -0.51217856E-05     -0.25287326E-05
     273    5     -0.94484780E-04      0.11967913E-04
     273    6     -0.43286489E-01      0.54273884E-02
     273    7     -0.89938890E-05      0.11070115E-05
     273    8      0.92989366E-04     -0.11768773E-04
     273    9      0.17740247E-03     -0.45256634E-05
     273   10      0.51899150E-03     -0.66442526E-05
     274    1     -0.19660404E-06     -0.84197970E-07
     274    2      0.96414332E-05      0.47206791E-05
     274    3     -0.18145575E-05     -0.83740477E-06
     274    4      0.53462335E-03      0.25832929E-03
     274    5     -0.19399817E-04      0.25511259E-05
     274    6     -0.40590497E-04      0.57529357E-05
     274    7     -0.85078181E-04      0.10267576E-04
     274    8      0.45954370E-01     -0.55702294E-02
     274    9      0.21587943E-03     -0.58311511E-05
     274   10      0.39929915E-03     -0.55772522E-05
     275    1     -0.24056344E-05     -0.11011008E-05
     275    2      0.22582608E-05      0.10498784E-05
     275    3      0.26328886E-03      0.12740996E-03
     275    4      0.11607623E-05      0.51727050E-06
     275    5     -0.10484754E-04     -0.52848575E-05
     275    6     -0.70133636E-05      0.91270337E-06
     275    7     -0.44002703E-01      0.56371973E-02
     275    8      0.62081237E-04     -0.76798099E-05
     275    9      0.29311931E+00     -0.87890708E-02
     275   10      0.32277995E-02     -0.57102090E-04
     276    1     -0.29815693E-05     -0.13830242E-05
     276    2     -0.11724648E-04     -0.57675551E-05
     276    3      0.14597031E-05      0.66522810E-06
     276    4     -0.57726041E-04     -0.23764153E-04
     276    5     -0.21347344E-04     -0.99352238E-05
     276    6      0.12084270E-04      0.58250011E-05
     276    7     -0.22420263E-05     -0.10242475E-05
     276    8     -0.51854199E-01      0.66626903E-02
     276    9     -0.87238173E-04      0.29037376E-05
     276   10     -0.12777600E-03      0.25384523E-05
     277    1      0.14006518E-03      0.68757068E-04
     277    2     -0.42281199E-06     -0.21318885E-06
     277    3     -0.68264316E-05     -0.32571706E-05
     277    4      0.90780189E-05      0.43750355E-05
     277    5      0.45948938E-03      0.22499577E-03
     277    6     -0.62190217E-06     -0.27775705E-06
     277    7     -0.51778471E-05     -0.24231699E-05
     277    8     -0.46396675E-05     -0.21383019E-05
     277    9      0.79725824E-03     -0.33821533E-04
     277   10      0.22275470E+00     -0.60945124E-02
     278    1     -0.78459768E-06     -0.35900577E-06
     278    2     -0.14259148E-03     -0.68793215E-04
     278    3      0.31675426E-05      0.14871898E-05
     278    4     -0.16012648E-04     -0.74289206E-05
     278    5      0.26774274E-05      0.12626135E-05
     278    6      0.40578238E-03      0.19616046E-03
     278    7     -0.41214955E-05     -0.19364570E-05
     278    8     -0.50367541E-05     -0.23730774E-05
     278    9     -0.10620986E-03      0.45669701E-05
     278   10     -0.11861739E-03      0.35064230E-05
     279    1      0.52226438E-05      0.25299233E-05
     279    2      0.35295070E-06      0.17291968E-06
     279    3     -0.55719412E-04     -0.26952668E-04
     279    4     -0.90724411E-07     -0.48131039E-07
     279    5     -0.24769310E-05     -0.12230334E-05
     279    6     -0.15216399E-05     -0.72860406E-06
     279    7     -0.18473664E-03     -0.89216707E-04
     279    8     -0.16664839E-06     -0.63385765E-07
     279    9     -0.24353092E-01      0.12815976E-02
     279   10     -0.30192443E-03      0.11960585E-04
     280    1     -0.66261241E-06     -0.31078669E-06
     280    2      0.22172778E-05      0.11140556E-05
     280    3     -0.79026101E-06     -0.37859200E-06
     280    4     -0.14335451E-03     -0.69608825E-04
     280    5      0.65742838E-05      0.30853221E-05
     280    6      0.82989408E-06      0.30914189E-06
     280    7     -0.95294397E-06     -0.46042962E-06
     280    8      0.41313807E-03      0.19979360E-03
     280    9      0.51850078E-04     -0.29232831E-05
     280   10      0.98917882E-04     -0.42064713E-05

       **************


       ! The    6 -th eigen state. The transition energy is:        0.29884093

     The two digitals below indicate the importance of doing beyong TDA: 

     Components: X       1.00055;    Y      -0.00055

     In the occ-virt project subspace the total Fxy is:

     X       0.99960;    Y      -0.00033    total       0.99927  /      1.00000

     The Chi_i_i is     Total          1               2               3

                     0.58153559E-06    0.15616288E-07    0.76157101E-07    0.48976220E-06

     Now is the components analysis of this transition.

     First we print out only the principle components.

     occ     virt       FX              FY

     271    9       -0.54609        0.00934
     272   10       -0.38523        0.00192
     275   10        0.71762       -0.01026
     277    9        0.16785       -0.00636

     Now for all the calculated particle and hole pairs : 

     occ     virt       FX              FY

     271    1      0.11052842E-04      0.52935539E-05
     271    2     -0.14391384E-04     -0.69721569E-05
     271    3     -0.27369671E-03     -0.13344615E-03
     271    4      0.37090456E-04      0.17556460E-04
     271    5     -0.32089184E-03      0.34685559E-04
     271    6     -0.24159978E-03      0.27983385E-04
     271    7      0.50109243E-01     -0.56823090E-02
     271    8     -0.10279572E-03      0.11390324E-04
     271    9     -0.54608955E+00      0.93351756E-02
     271   10      0.31087823E-02     -0.99082822E-05
     272    1     -0.21632820E-03     -0.10690837E-03
     272    2      0.12658772E-04      0.60700281E-05
     272    3      0.13418050E-04      0.64010962E-05
     272    4     -0.38329667E-05     -0.15394900E-05
     272    5      0.40470689E-01     -0.48881834E-02
     272    6      0.14425092E-04     -0.17707289E-05
     272    7     -0.42093791E-04      0.19536410E-05
     272    8      0.30126442E-03     -0.33417359E-04
     272    9     -0.28413211E-02      0.52965287E-04
     272   10     -0.38522795E+00      0.19188031E-02
     273    1      0.65130036E-05      0.31857562E-05
     273    2     -0.17676210E-04     -0.84645742E-05
     273    3     -0.13630734E-04     -0.64689906E-05
     273    4     -0.18397193E-03     -0.91887028E-04
     273    5      0.24886437E-03     -0.31630119E-04
     273    6      0.17671736E-03     -0.21138349E-04
     273    7     -0.10624689E-03      0.12423786E-04
     273    8      0.42540619E-01     -0.49756335E-02
     273    9     -0.35366125E-03      0.80722952E-05
     273   10     -0.27905966E-02      0.27845701E-04
     274    1      0.11210771E-05      0.52412460E-06
     274    2      0.29750107E-04      0.18077803E-04
     274    3      0.87289823E-05      0.41598133E-05
     274    4      0.72003224E-05      0.34294494E-05
     274    5      0.52062536E-05     -0.86643602E-06
     274    6     -0.18931180E-01      0.23530307E-02
     274    7      0.23996771E-03     -0.29188290E-04
     274    8     -0.37378024E-04      0.41504225E-05
     274    9     -0.93428218E-03      0.22572453E-04
     274   10     -0.16154446E-02      0.18182985E-04
     275    1      0.43232426E-03      0.21156051E-03
     275    2     -0.95981842E-05     -0.45139430E-05
     275    3     -0.33012108E-05     -0.15737729E-05
     275    4     -0.50694699E-05     -0.22371119E-05
     275    5     -0.16561574E-03     -0.88629890E-04
     275    6     -0.11000811E-03      0.14748247E-04
     275    7      0.23433646E-03     -0.25620297E-04
     275    8     -0.14955491E-03      0.18309478E-04
     275    9     -0.26229544E-02      0.66844531E-04
     275   10      0.71761622E+00     -0.10263454E-01
     276    1      0.12945995E-04      0.61206683E-05
     276    2     -0.21529295E-03     -0.10391744E-03
     276    3     -0.77016053E-05     -0.36770550E-05
     276    4      0.70607565E-05      0.34749974E-05
     276    5      0.86531449E-04      0.41273638E-04
     276    6     -0.72036105E-03     -0.35113653E-03
     276    7      0.65617479E-05      0.28391705E-05
     276    8      0.18780296E-03     -0.23637638E-04
     276    9      0.59857362E-03     -0.18102399E-04
     276   10     -0.26853340E-03      0.46235344E-05
     277    1     -0.20348966E-05     -0.10055121E-05
     277    2     -0.60389824E-06     -0.24061396E-06
     277    3      0.42710237E-03      0.20663385E-03
     277    4     -0.34848313E-04     -0.16891206E-04
     277    5     -0.11072184E-04     -0.54145021E-05
     277    6      0.39719529E-05      0.18772231E-05
     277    7      0.76403734E-03      0.37158576E-03
     277    8      0.17326700E-04      0.81155608E-05
     277    9      0.16785267E+00     -0.63568732E-02
     277   10     -0.30026963E-02      0.72901301E-04
     278    1      0.56426017E-05      0.26714077E-05
     278    2      0.98157916E-05      0.47168631E-05
     278    3     -0.12933682E-04     -0.61424821E-05
     278    4      0.77565600E-03      0.38201915E-03
     278    5     -0.12713428E-04     -0.61888312E-05
     278    6     -0.10753959E-04     -0.51448788E-05
     278    7      0.12514091E-04      0.61548349E-05
     278    8     -0.79953096E-03     -0.38873473E-03
     278    9      0.47914766E-03     -0.19111038E-04
     278   10     -0.42780184E-05      0.12200547E-06
     279    1      0.10797381E-03      0.54033327E-04
     279    2     -0.25498928E-05     -0.12756000E-05
     279    3     -0.33274677E-05     -0.15891145E-05
     279    4     -0.17843691E-05     -0.84552111E-06
     279    5     -0.60131529E-03     -0.29446037E-03
     279    6      0.77145062E-05      0.37312734E-05
     279    7      0.21569141E-05      0.10289219E-05
     279    8      0.17655921E-05      0.82371464E-06
     279    9      0.91177715E-03     -0.45138454E-04
     279   10     -0.58936734E-01      0.21440413E-02
     280    1      0.26674193E-05      0.12466503E-05
     280    2     -0.33575179E-03     -0.16104647E-03
     280    3      0.33511905E-05      0.16596674E-05
     280    4     -0.55873369E-05     -0.26710285E-05
     280    5     -0.22034003E-04     -0.10612333E-04
     280    6      0.20136808E-03      0.95184981E-04
     280    7      0.45661104E-05      0.22305482E-05
     280    8     -0.19896651E-05     -0.95306590E-06
     280    9     -0.23027637E-03      0.12219682E-04
     280   10     -0.53295919E-03      0.21239412E-04

       **************


       ! The    7 -th eigen state. The transition energy is:        0.29491914

     The two digitals below indicate the importance of doing beyong TDA: 

     Components: X       1.00062;    Y      -0.00062

     In the occ-virt project subspace the total Fxy is:

     X       0.99997;    Y      -0.00046    total       0.99951  /      1.00000

     The Chi_i_i is     Total          1               2               3

                     0.22843288E-02    0.15675508E-05    0.22822566E-02    0.50463871E-06

     Now is the components analysis of this transition.

     First we print out only the principle components.

     occ     virt       FX              FY

     273   10       -0.82908        0.00280
     276    9        0.30368       -0.00718
     278   10       -0.42941        0.00860

     Now for all the calculated particle and hole pairs : 

     occ     virt       FX              FY

     271    1     -0.71850938E-05     -0.34806723E-05
     271    2      0.52753231E-03      0.26151204E-03
     271    3      0.12653125E-04      0.61930632E-05
     271    4     -0.11892906E-04     -0.55134488E-05
     271    5     -0.14383566E-03      0.15819400E-04
     271    6     -0.72873609E-01      0.79637646E-02
     271    7     -0.39663998E-03      0.42128391E-04
     271    8     -0.67774884E-03      0.69129687E-04
     271    9     -0.26391531E-02      0.27671185E-04
     271   10      0.78813382E-04      0.99862064E-07
     272    1      0.18616028E-05      0.84666945E-06
     272    2      0.79257087E-05      0.40007439E-05
     272    3     -0.11285216E-04     -0.54886706E-05
     272    4      0.48408064E-03      0.23764501E-03
     272    5     -0.19322189E-03      0.22237387E-04
     272    6      0.13351330E-03     -0.13495710E-04
     272    7     -0.13777280E-03      0.14342190E-04
     272    8      0.84605660E-01     -0.88264730E-02
     272    9      0.24665707E-02     -0.27465034E-04
     272   10      0.54203014E-02      0.88289272E-05
     273    1     -0.23196368E-03     -0.11511140E-03
     273    2      0.15157057E-04      0.73996358E-05
     273    3     -0.65976513E-05     -0.34016975E-05
     273    4      0.98440854E-05      0.47270668E-05
     273    5      0.70955036E-01     -0.85566711E-02
     273    6      0.38020798E-04     -0.47434772E-05
     273    7     -0.48576980E-03      0.49482344E-04
     273    8     -0.35216856E-03      0.38857899E-04
     273    9      0.18607723E-02     -0.24478805E-04
     273   10     -0.82908018E+00      0.27971848E-02
     274    1     -0.23716791E-06     -0.17061752E-06
     274    2     -0.19814269E-05     -0.77030592E-06
     274    3     -0.37564725E-03     -0.18575505E-03
     274    4     -0.12742403E-04     -0.62882384E-05
     274    5     -0.73595275E-04      0.80130142E-05
     274    6      0.17186730E-03     -0.20235359E-04
     274    7      0.66041633E-01     -0.75876220E-02
     274    8      0.21260629E-04     -0.28556629E-05
     274    9      0.59128090E-01     -0.10345429E-02
     274   10     -0.16448255E-02      0.76287319E-05
     275    1     -0.17560124E-04     -0.86406613E-05
     275    2     -0.43249962E-05     -0.21725328E-05
     275    3      0.99963580E-06      0.46654994E-06
     275    4     -0.29875608E-03     -0.15002873E-03
     275    5      0.29699351E-04      0.14165268E-04
     275    6     -0.56330150E-03      0.67731357E-04
     275    7      0.71340551E-04     -0.80893098E-05
     275    8     -0.52372601E-01      0.60619584E-02
     275    9      0.11426974E-02     -0.23564120E-04
     275   10     -0.22289668E-02      0.17149094E-04
     276    1     -0.10371873E-05     -0.51909993E-06
     276    2      0.29094128E-04      0.13633973E-04
     276    3      0.37087073E-03      0.18346695E-03
     276    4     -0.13436894E-04     -0.64573610E-05
     276    5      0.64915509E-04      0.30757251E-04
     276    6      0.55352016E-05      0.31582588E-05
     276    7      0.31011479E-03      0.15595393E-03
     276    8     -0.77555797E-04      0.90263862E-05
     276    9      0.30367822E+00     -0.71793568E-02
     276   10     -0.35550765E-02      0.35714507E-04
     277    1      0.17540553E-06      0.12226595E-06
     277    2      0.54599054E-04      0.26582664E-04
     277    3     -0.19073285E-04     -0.94465876E-05
     277    4     -0.10961818E-04     -0.55920206E-05
     277    5      0.40666858E-05      0.21110760E-05
     277    6     -0.24236252E-03     -0.11964872E-03
     277    7     -0.67533039E-05     -0.34094861E-05
     277    8      0.13239089E-04      0.64737006E-05
     277    9     -0.75165113E-03      0.23447212E-04
     277   10      0.13651808E-02     -0.24637209E-04
     278    1     -0.24045083E-03     -0.11999848E-03
     278    2     -0.60873480E-05     -0.29507772E-05
     278    3     -0.10435373E-04     -0.51372927E-05
     278    4     -0.44664687E-04     -0.22160730E-04
     278    5     -0.10226336E-03     -0.54221026E-04
     278    6      0.62290912E-05      0.30104658E-05
     278    7      0.14958025E-04      0.69348305E-05
     278    8      0.73343518E-05      0.35563488E-05
     278    9      0.15067541E-02     -0.47354874E-04
     278   10     -0.42941213E+00      0.86040158E-02
     279    1      0.84136394E-05      0.41870659E-05
     279    2      0.50871026E-05      0.24128555E-05
     279    3      0.44086253E-05      0.21660384E-05
     279    4      0.79632928E-05      0.39177789E-05
     279    5     -0.11380967E-04     -0.55342697E-05
     279    6     -0.46701716E-05     -0.20853596E-05
     279    7      0.80967237E-07      0.57556157E-07
     279    8     -0.16662535E-03     -0.82343500E-04
     279    9     -0.36901726E-03      0.15980705E-04
     279   10      0.11703213E-02     -0.34854289E-04
     280    1      0.65960580E-06      0.36414877E-06
     280    2     -0.92522712E-05     -0.44370669E-05
     280    3     -0.94503898E-04     -0.47007202E-04
     280    4      0.82356443E-05      0.40525318E-05
     280    5     -0.21634103E-04     -0.10287465E-04
     280    6      0.25367555E-04      0.12348424E-04
     280    7     -0.55391577E-04     -0.27676455E-04
     280    8     -0.32454738E-05     -0.16331715E-05
     280    9      0.88320483E-01     -0.41402469E-02
     280   10     -0.94415339E-03      0.30785300E-04

       **************


       ! The    8 -th eigen state. The transition energy is:        0.29344939

     The two digitals below indicate the importance of doing beyong TDA: 

     Components: X       1.00053;    Y      -0.00053

     In the occ-virt project subspace the total Fxy is:

     X       0.99996;    Y      -0.00039    total       0.99958  /      1.00000

     The Chi_i_i is     Total          1               2               3

                     0.89515786E-01    0.84679687E-01    0.12393407E-06    0.48359751E-02

     Now is the components analysis of this transition.

     First we print out only the principle components.

     occ     virt       FX              FY

     273    9        0.32622       -0.00448
     276   10       -0.89549        0.00726
     278    9        0.21907       -0.00675
     280   10       -0.13398        0.00412

     Now for all the calculated particle and hole pairs : 

     occ     virt       FX              FY

     271    1     -0.37073679E-06     -0.17918080E-06
     271    2     -0.15673575E-04     -0.79762071E-05
     271    3      0.43197936E-05      0.21305657E-05
     271    4     -0.71874070E-03     -0.35746006E-03
     271    5      0.65694732E-04     -0.72200186E-05
     271    6      0.78245775E-05     -0.19497882E-05
     271    7      0.39969770E-03     -0.40837119E-04
     271    8     -0.79351303E-01      0.80247099E-02
     271    9      0.57336619E-02     -0.45744612E-04
     271   10      0.27939169E-03      0.12550757E-05
     272    1     -0.85772593E-06     -0.41774265E-06
     272    2     -0.17308816E-03     -0.86835407E-04
     272    3     -0.28753449E-06     -0.13277504E-06
     272    4     -0.41599984E-04     -0.21101029E-04
     272    5      0.14237844E-03     -0.15666116E-04
     272    6      0.52912670E-01     -0.56905179E-02
     272    7      0.44061514E-05     -0.48390419E-06
     272    8     -0.45322877E-03      0.46954517E-04
     272    9     -0.44421071E-03      0.38398431E-05
     272   10     -0.30125954E-02     -0.12373161E-04
     273    1     -0.99035723E-06     -0.45663287E-06
     273    2      0.22660072E-06      0.91537640E-07
     273    3      0.43574092E-03      0.21654850E-03
     273    4     -0.84854877E-05     -0.42434532E-05
     273    5     -0.75011666E-04      0.11926125E-04
     273    6     -0.55094921E-04      0.62622263E-05
     273    7     -0.63651902E-01      0.70699352E-02
     273    8      0.21223309E-03     -0.22737602E-04
     273    9      0.32622269E+00     -0.44796708E-02
     273   10      0.37986677E-02     -0.57488524E-05
     274    1      0.43989279E-04      0.22208639E-04
     274    2      0.15463179E-05      0.73641755E-06
     274    3      0.18417326E-04      0.93855546E-05
     274    4      0.46545060E-06      0.26478042E-06
     274    5     -0.31520166E-01      0.37610609E-02
     274    6     -0.10516076E-03      0.11996413E-04
     274    7     -0.27866116E-03      0.32254032E-04
     274    8     -0.58288263E-05      0.64714476E-06
     274    9     -0.94302404E-03      0.13534559E-04
     274   10      0.71138161E-01     -0.15477893E-03
     275    1      0.29513729E-05      0.15067594E-05
     275    2      0.20994212E-03      0.10400366E-03
     275    3      0.16090961E-06      0.84422103E-07
     275    4     -0.20850220E-04     -0.10573394E-04
     275    5     -0.11329483E-04     -0.56563610E-05
     275    6     -0.80143242E-01      0.95445193E-02
     275    7     -0.58899699E-04      0.68418657E-05
     275    8      0.15344696E-03     -0.18623767E-04
     275    9     -0.10590069E-04      0.19354688E-06
     275   10      0.20717898E-02     -0.10847184E-04
     276    1     -0.13963821E-04     -0.67788971E-05
     276    2     -0.46712372E-05     -0.20892175E-05
     276    3     -0.14727353E-04     -0.75169284E-05
     276    4     -0.16493610E-05     -0.77936873E-06
     276    5      0.53990011E-03      0.26889273E-03
     276    6      0.48600394E-05      0.22323395E-05
     276    7      0.14692282E-04      0.64419632E-05
     276    8     -0.60848612E-04      0.70759793E-05
     276    9     -0.48500555E-03      0.16134394E-04
     276   10     -0.89549184E+00      0.72578343E-02
     277    1     -0.32716516E-07     -0.14366224E-07
     277    2     -0.12214834E-05     -0.58912128E-06
     277    3     -0.39150847E-05     -0.18991833E-05
     277    4      0.23829989E-03      0.12110529E-03
     277    5     -0.22783116E-06     -0.99367977E-07
     277    6      0.33704844E-05      0.17589842E-05
     277    7     -0.42657595E-05     -0.21179311E-05
     277    8     -0.41158437E-03     -0.20299146E-03
     277    9      0.92994575E-03     -0.26759216E-04
     277   10      0.22544497E-03     -0.35055770E-05
     278    1      0.20233304E-04      0.10234077E-04
     278    2     -0.59875020E-06     -0.29654047E-06
     278    3      0.31665407E-03      0.15647330E-03
     278    4      0.45703926E-05      0.23253518E-05
     278    5     -0.85780305E-05     -0.43505237E-05
     278    6      0.45552272E-06      0.22779505E-06
     278    7      0.73329489E-03      0.36361083E-03
     278    8      0.28555415E-05      0.13843930E-05
     278    9      0.21906638E+00     -0.67530670E-02
     278   10      0.18030639E-02     -0.33061155E-04
     279    1      0.37931993E-05      0.18636145E-05
     279    2     -0.21003453E-03     -0.10252875E-03
     279    3      0.75623689E-07      0.28106503E-07
     279    4     -0.78286112E-05     -0.39489701E-05
     279    5     -0.42408990E-05     -0.20793730E-05
     279    6      0.49067854E-04      0.21965032E-04
     279    7     -0.27012043E-06     -0.13999206E-06
     279    8      0.68958020E-05      0.35408138E-05
     279    9     -0.65059696E-04      0.26318200E-05
     279   10     -0.15445883E-02      0.42147737E-04
     280    1     -0.13411319E-03     -0.66455750E-04
     280    2      0.40047322E-05      0.19902888E-05
     280    3     -0.59379125E-05     -0.30038743E-05
     280    4     -0.21970431E-07     -0.29846224E-07
     280    5     -0.33089000E-03     -0.16466430E-03
     280    6     -0.28825488E-05     -0.14635894E-05
     280    7      0.37350363E-05      0.18514101E-05
     280    8      0.27059589E-06      0.15190976E-06
     280    9     -0.31786804E-03      0.15001857E-04
     280   10     -0.13397669E+00      0.41195741E-02

       **************

     Now generate the eigenvalues list...
     Now generate the spectrum plot file...
     Finished linear response calculation...

     lr_dav_main  :   1199.96s CPU   1033.67s WALL (       1 calls)
     read_wf      :      0.74s CPU      1.13s WALL (       1 calls)
     lr_solve_e   :    136.50s CPU     92.96s WALL (       1 calls)
     calc_residue :     95.07s CPU     93.56s WALL (      10 calls)
     expan_basis  :    484.23s CPU    477.26s WALL (      10 calls)
     matrix       :      0.03s CPU      0.03s WALL (      10 calls)
     mGS_orth     :    326.29s CPU    321.45s WALL (      30 calls)
     mGS_orth_pp  :     77.38s CPU     75.95s WALL (      30 calls)
     one_step     :    418.73s CPU    301.96s WALL (      10 calls)

     lr_apply     :    381.79s CPU    264.10s WALL (     218 calls)
     lr_apply_int :    291.71s CPU    193.29s WALL (     109 calls)
     lr_apply_no  :     90.09s CPU     70.81s WALL (     109 calls)

     h_psi        :    209.57s CPU    128.03s WALL (     353 calls)
     lr_calc_dens :     59.48s CPU     39.18s WALL (     125 calls)
     lr_dvpsi_e   :    136.50s CPU     92.94s WALL (       3 calls)
     lr_dv_setup  :      0.18s CPU      0.18s WALL (       1 calls)
     dv_of_drho   :     13.94s CPU      8.09s WALL (     109 calls)
     interaction  :     28.94s CPU     16.60s WALL (     109 calls)
     lr_dot       :    166.45s CPU    166.74s WALL (   49767 calls)
     ortho        :     24.39s CPU     24.63s WALL (     224 calls)
     lr_ortho     :     11.81s CPU     12.10s WALL (     240 calls)


     US routines
     s_psi        :    168.20s CPU    145.67s WALL (    3542 calls)
     lr_apply_s   :    411.16s CPU    401.81s WALL (    3050 calls)
     lr_dot_us    :    495.04s CPU    485.66s WALL (    2933 calls)
     lr_sm1_initi :      1.17s CPU      1.20s WALL (       3 calls)
     lr_sm1_psi   :     40.93s CPU     41.69s WALL (     221 calls)

     General routines
     calbec       :    328.44s CPU    337.70s WALL (    3903 calls)
     fft          :     15.62s CPU     10.39s WALL (    1571 calls)
     ffts         :      1.55s CPU      1.15s WALL (     235 calls)
     fftw         :    208.66s CPU    109.53s WALL (  116772 calls)
     interpolate  :      3.69s CPU      2.49s WALL (     235 calls)
     davcio       :      0.00s CPU      0.04s WALL (       5 calls)

     Parallel routines
     fft_scatter  :    191.09s CPU    101.57s WALL (  118578 calls)


     Environ routines

     turboTDDFT   :  19m59.96s CPU  17m13.68s WALL


   This run was terminated on:  19: 4:19  13Mar2024            

=------------------------------------------------------------------------------=
   JOB DONE.
=------------------------------------------------------------------------------=
