
     Program turboTDDFT v.7.2 starts on 13Mar2024 at 19: 6:44 

     This program is part of the open-source Quantum ESPRESSO suite
     for quantum simulation of materials; please cite
         "P. Giannozzi et al., J. Phys.:Condens. Matter 21 395502 (2009);
         "P. Giannozzi et al., J. Phys.:Condens. Matter 29 465901 (2017);
         "P. Giannozzi et al., J. Chem. Phys. 152 154105 (2020);
          URL http://www.quantum-espresso.org", 
     in publications or presentations arising from this work. More details at
     http://www.quantum-espresso.org/quote

     Parallel version (MPI & OpenMP), running on     180 processor cores
     Number of MPI processes:                90
     Threads/MPI process:                     2

     MPI processes distributed on     1 nodes
     R & G space division:  proc/nbgrp/npool/nimage =      90
     349670 MiB available memory on the printing compute node when the environment starts


     Reading xml data from directory:

     ./outdir/4amp15.save/

     IMPORTANT: XC functional enforced from input :
     Exchange-correlation= PBE
                           (   1   4   3   4   0   0   0)
     Any further DFT definition will be discarded
     Please, verify this is what you really want


     Parallelization info
     --------------------
     sticks:   dense  smooth     PW     G-vecs:    dense   smooth      PW
     Min         172      68     15                33370     8424    1035
     Max         174      70     18                33420     8464    1076
     Sum       15643    6271   1569              3006229   760417   95069

     Using Slab Decomposition


     Check: negative core charge=   -0.000001
     Reading collected, re-writing distributed wavefunctions
 Symmetries are disabled for the gamma_only case

     Reading input from environ.in:
     * using full solvent mode
     * setting boundary derivatives method to SCCS default
     

     add environment contribution to local potential
     Polarization accuracy = 2.3E-09, # of iterations =  19

     the potential shift due to the Gaussian-smeared nuclei is    -0.9881 ev
     Subspace diagonalization in iterative solution of the eigenvalue problem:
     a serial algorithm will be used


     ================================================================================

                                  Environ Setup Summary

     ================================================================================

     Please cite

          O. Andreussi, I. Dabo and N. Marzari, J. Chem. Phys. 136, 064102 (2012)
          I. Timrov, O. Andreussi, A. Biancardi, N. Marzari, and S. Baroni, J. Chem. Phys. 142, 034111 (2015)

     in publications or presentations arising from this work.

     ================================================================================

     Parameters
     ==========

     compensation onset threshold      =               0.1000E+02
     static permittivity               =                    36.71
     optical permittivity              =                  36.7100
     surface tension in input (dyn/cm) =                    46.30
     surface tension in internal units =               0.5948E-04
     external pressure in input (GPa)  =                    -0.50
     external pressure in inter. units =              -0.3399E-04

     Solvent Boundary
     ================

     solvent mode                      =                     full
     derivatives method                =                    chain
     numerical core for derivatives    =                      fft
     switching function adopted        =                     SCCS
     density limit for vacuum region   =               0.5000E-02
     density limit for bulk solvent    =               0.1000E-03

     Electrostatic Setup
     ===================

     electrostatic problem to solve    =              generalized
     numerical solver adopted          =                       cg
     type of auxiliary density adopted =                     none
     numerical core for poisson        =                      fft

     ================================================================================

     Allocating    15 extra bands for projection

     =-----------------------------------------------------------------=

     Please cite the TDDFPT project as:
       X. Ge, S. J. Binnie, D. Rocca, R. Gebauer, and S. Baroni,
       Comput. Phys. Commun. 185, 2080 (2014)
     in publications and presentations arising from this work.

     =-----------------------------------------------------------------=

     Ultrasoft (Vanderbilt) Pseudopotentials

     Virt read

     Gamma point algorithm
     Num of eigen values=              8
     Allocating parameters for davidson ...

     Estimating the RAM requirements:
          For the basis sets:      399133.30     M
          For the eigenvectors:        6386.13     M
          Num_eign =    8     Num_basis_max =  500
          Reference =  0.22  Ry
     Do make sure that you have enough RAM.

     poor_of_ram is set to .false.. This means that you would like to increase the speed of
     your calculation with USPP by paying double memory.
     Switch it to .true. if you need to save memory.

     poor_of_ram2 is set to .false.. This means that you would like to increase the speed 
     by storing the D_basis and C_basis vectors which will cause three time of the memory cost.
     Switch it to .true. if you need to save memory.

     Finished allocating parameters.
     Initiating variables for davidson ...
     Lowest energy electron-hole pairs are used as initial vectors ...
     Calculating the electron-hole pairs for initiating trial vectors ...

              1       279         5           0.216574561260
              2       280         6           0.216486137013
              3       280         7           0.217845143512
              4       279         6           0.218406063160
              5       280         8           0.219226682305
              6       280         5           0.214654635114
              7       279         7           0.219765069659
              8       279         8           0.221146608451
              9       278         5           0.222045945948
             10       277         5           0.223179320617
             11       278         6           0.223877447848
             12       277         6           0.225010822517
             13       278         7           0.225236454347
             14       277         7           0.226369829016
             15       278         8           0.226617993139
             16       276         5           0.227444059986
             17       277         8           0.227751367809
             18       275         5           0.229126443727
             19       276         6           0.229275561886
             20       276         7           0.230634568385
             21       274         5           0.230899634868
             22       275         6           0.230957945627
             23       273         5           0.231651130787
             24       276         8           0.232016107177
             25       275         7           0.232316952126
             26       274         6           0.232731136768
             27       273         6           0.233482632687
             28       275         8           0.233698490918
             29       274         7           0.234090143267
             30       272         5           0.234594543567
             31       273         7           0.234841639186
             32       271         5           0.234944918010
             33       274         8           0.235471682059
             34       273         8           0.236223177978
             35       272         6           0.236426045467
             36       271         6           0.236776419909
             37       272         7           0.237785051966
             38       271         7           0.238135426408
             39       271         4           0.195152890361
             40       272         8           0.239166590759
             41       272         4           0.194802515919
             42       271         8           0.239516965201
             43       271         3           0.194021739275
             44       272         3           0.193671364833
             45       271         2           0.192584497074
             46       272         2           0.192234122632
             47       271         1           0.191887110310
             48       273         4           0.191859103138
             49       272         1           0.191536735867
             50       274         4           0.191107607219
             51       273         3           0.190727952053
             52       274         3           0.189976456134
             53       275         4           0.189334416078
             54       273         2           0.189290709851
             55       273         1           0.188593323087
             56       274         2           0.188539213932
             57       275         3           0.188203264993
             58       274         1           0.187841827168
             59       276         4           0.187652032337
             60       275         2           0.186766022791
             61       276         3           0.186520881252
             62       275         1           0.186068636027
             63       276         2           0.185083639050
             64       276         1           0.184386252286
             65       277         4           0.183387292969
             66       277         3           0.182256141883
             67       278         4           0.182253918299
             68       278         3           0.181122767214
             69       277         2           0.180818899682
             70       277         1           0.180121512917
             71       278         2           0.179685525012
             72       278         1           0.178988138248
             73       279         4           0.176782533611
             74       279         3           0.175651382526
             75       280         4           0.174862607465
             76       279         2           0.174214140324
             77       280         3           0.173731456379
             78       279         1           0.173516753560
             79       280         2           0.172294214178
             80       280         1           0.171596827414
             81       280         9           0.268486587946
             82       279         9           0.270406514093
             83       278         9           0.275877898781
             84       280        10           0.275921599678
             85       277         9           0.277011273450
             86       279        10           0.277841525825
             87       276         9           0.281276012819
             88       275         9           0.282958396560
             89       278        10           0.283312910513
             90       277        10           0.284446285182
             91       274         9           0.284731587701
             92       273         9           0.285483083620
             93       272         9           0.288426496400
             94       276        10           0.288711024551
             95       271         9           0.288776870842
             96       275        10           0.290393408292
             97       274        10           0.292166599433
             98       273        10           0.292918095352
             99       272        10           0.295861508132
            100       271        10           0.296211882574
     Finished calculating the cv couples.
     Finished initiating.

     Precondition is used in the algorithm,

     total cpu time spent up to now is       80.4 secs

       ==============================

       Davidson iteration:        1
       num of basis:   40   total built basis:   40
     Polarization accuracy = 3.6E-09, # of iterations =  16
     Polarization accuracy = 5.8E-09, # of iterations =  16
     Polarization accuracy = 2.7E-09, # of iterations =  17
     Polarization accuracy = 6.7E-09, # of iterations =  15
     Polarization accuracy = 6.5E-09, # of iterations =  16
     Polarization accuracy = 3.9E-09, # of iterations =  15
     Polarization accuracy = 4.9E-09, # of iterations =  16
     Polarization accuracy = 2.2E-09, # of iterations =  17
     Polarization accuracy = 3.0E-09, # of iterations =  17
     Polarization accuracy = 4.6E-09, # of iterations =  16
     Polarization accuracy = 4.4E-09, # of iterations =  16
     Polarization accuracy = 3.8E-09, # of iterations =  17
     Polarization accuracy = 5.2E-09, # of iterations =  16
     Polarization accuracy = 6.6E-09, # of iterations =  16
     Polarization accuracy = 2.1E-09, # of iterations =  17
     Polarization accuracy = 9.1E-09, # of iterations =  15
     Polarization accuracy = 2.3E-09, # of iterations =  16
     Polarization accuracy = 4.0E-09, # of iterations =  17
     Polarization accuracy = 2.9E-09, # of iterations =  17
     Polarization accuracy = 1.6E-09, # of iterations =  17
     Polarization accuracy = 4.9E-09, # of iterations =  16
     Polarization accuracy = 3.4E-09, # of iterations =  16
     Polarization accuracy = 7.8E-09, # of iterations =  16
     Polarization accuracy = 3.2E-09, # of iterations =  16
     Polarization accuracy = 7.5E-09, # of iterations =  16
     Polarization accuracy = 9.9E-09, # of iterations =  16
     Polarization accuracy = 5.1E-09, # of iterations =  16
     Polarization accuracy = 5.2E-09, # of iterations =  17
     Polarization accuracy = 4.2E-09, # of iterations =  17
     Polarization accuracy = 9.0E-09, # of iterations =  16
     Polarization accuracy = 7.9E-09, # of iterations =  17
     Polarization accuracy = 3.5E-09, # of iterations =  16
     Polarization accuracy = 5.3E-09, # of iterations =  17
     Polarization accuracy = 3.8E-09, # of iterations =  16
     Polarization accuracy = 5.2E-09, # of iterations =  18
     Polarization accuracy = 2.1E-09, # of iterations =  17
     Polarization accuracy = 8.2E-09, # of iterations =  16
     Polarization accuracy = 9.8E-09, # of iterations =  16
     Polarization accuracy = 9.9E-09, # of iterations =  14
     Polarization accuracy = 4.2E-09, # of iterations =  17
        40     Transition energy    1  :                  0.2166687924
        40     Transition energy    2  :                  0.2162326062
        40     Transition energy    3  :                  0.2191340621
        40     Transition energy    4  :                  0.2196236443
        40     Transition energy    5  :                  0.2223061094
        40     Transition energy    6  :                  0.2225573296
        40     Transition energy    7  :                  0.2226859239
        40     Transition energy    8  :                  0.2227303802
     Residue(Squared modulus):    1        0.0003540      0.0000033
     Residue(Squared modulus):    2        0.0008286      0.0000022
     Residue(Squared modulus):    3        0.0007862      0.0000012
     Residue(Squared modulus):    4        0.0003801      0.0000026
     Residue(Squared modulus):    5        0.0050111      0.0000033
     Residue(Squared modulus):    6        0.0019298      0.0000017
     Residue(Squared modulus):    7        0.0026203      0.0000016
     Residue(Squared modulus):    8        0.0046799      0.0000036
       Largest residue:           0.005011064428

     total cpu time spent up to now is      225.0 secs

       ==============================

       Davidson iteration:        2
       num of basis:   46   total built basis:   46
     Polarization accuracy = 4.3E-09, # of iterations =  14
     Polarization accuracy = 7.8E-09, # of iterations =  17
     Polarization accuracy = 7.2E-09, # of iterations =  18
     Polarization accuracy = 8.2E-09, # of iterations =  20
     Polarization accuracy = 7.7E-09, # of iterations =  21
     Polarization accuracy = 9.8E-09, # of iterations =  17
        46     Transition energy    1  :                  0.2166687424
        46     Transition energy    2  :                  0.2162320987
        46     Transition energy    3  :                  0.2191310775
        46     Transition energy    4  :                  0.2196236206
        46     Transition energy    5  :                  0.2222611706
        46     Transition energy    6  :                  0.2225441606
        46     Transition energy    7  :                  0.2226851427
        46     Transition energy    8  :                  0.2227174236
     Residue(Squared modulus):    1        0.0003534      0.0000033
     Residue(Squared modulus):    2        0.0008278      0.0000022
     Residue(Squared modulus):    3        0.0007672      0.0000014
     Residue(Squared modulus):    4        0.0003798      0.0000026
     Residue(Squared modulus):    5        0.0047706      0.0000054
     Residue(Squared modulus):    6        0.0018240      0.0000024
     Residue(Squared modulus):    7        0.0026136      0.0000017
     Residue(Squared modulus):    8        0.0045859      0.0000042
       Largest residue:           0.004770565118

     total cpu time spent up to now is      268.5 secs

       ==============================

       Davidson iteration:        3
       num of basis:   52   total built basis:   52
     Polarization accuracy = 4.2E-09, # of iterations =  18
     Polarization accuracy = 4.0E-09, # of iterations =  17
     Polarization accuracy = 8.5E-09, # of iterations =  17
     Polarization accuracy = 5.2E-09, # of iterations =  20
     Polarization accuracy = 1.8E-09, # of iterations =  20
     Polarization accuracy = 1.7E-09, # of iterations =  19
        52     Transition energy    1  :                  0.2166687321
        52     Transition energy    2  :                  0.2162256783
        52     Transition energy    3  :                  0.2191246293
        52     Transition energy    4  :                  0.2196236191
        52     Transition energy    5  :                  0.2222587349
        52     Transition energy    6  :                  0.2225284795
        52     Transition energy    7  :                  0.2226587405
        52     Transition energy    8  :                  0.2226850735
     Residue(Squared modulus):    1        0.0003533      0.0000034
     Residue(Squared modulus):    2        0.0008023      0.0000025
     Residue(Squared modulus):    3        0.0007243      0.0000015
     Residue(Squared modulus):    4        0.0003798      0.0000026
     Residue(Squared modulus):    5        0.0047622      0.0000054
     Residue(Squared modulus):    6        0.0017080      0.0000029
     Residue(Squared modulus):    7        0.0042601      0.0000064
     Residue(Squared modulus):    8        0.0026133      0.0000017
       Largest residue:           0.004762160504

     total cpu time spent up to now is      308.9 secs

       ==============================

       Davidson iteration:        4
       num of basis:   58   total built basis:   58
     Polarization accuracy = 6.4E-09, # of iterations =  14
     Polarization accuracy = 7.8E-09, # of iterations =  18
     Polarization accuracy = 4.6E-09, # of iterations =  20
     Polarization accuracy = 3.8E-09, # of iterations =  20
     Polarization accuracy = 3.0E-09, # of iterations =  20
     Polarization accuracy = 5.5E-09, # of iterations =  20
        58     Transition energy    1  :                  0.2166687133
        58     Transition energy    2  :                  0.2162249015
        58     Transition energy    3  :                  0.2191181527
        58     Transition energy    4  :                  0.2196232912
        58     Transition energy    5  :                  0.2222292045
        58     Transition energy    6  :                  0.2225124911
        58     Transition energy    7  :                  0.2226458315
        58     Transition energy    8  :                  0.2226518274
     Residue(Squared modulus):    1        0.0003530      0.0000034
     Residue(Squared modulus):    2        0.0007984      0.0000025
     Residue(Squared modulus):    3        0.0006829      0.0000018
     Residue(Squared modulus):    4        0.0003771      0.0000026
     Residue(Squared modulus):    5        0.0046038      0.0000065
     Residue(Squared modulus):    6        0.0015788      0.0000035
     Residue(Squared modulus):    7        0.0041785      0.0000070
     Residue(Squared modulus):    8        0.0023564      0.0000030
       Largest residue:           0.004603750749

     total cpu time spent up to now is      349.3 secs

       ==============================

       Davidson iteration:        5
       num of basis:   64   total built basis:   64
     Polarization accuracy = 4.9E-09, # of iterations =  17
     Polarization accuracy = 5.6E-09, # of iterations =  22
     Polarization accuracy = 3.5E-09, # of iterations =  20
     Polarization accuracy = 3.3E-09, # of iterations =  19
     Polarization accuracy = 2.8E-09, # of iterations =  23
     Polarization accuracy = 9.9E-09, # of iterations =  19
        64     Transition energy    1  :                  0.2166685926
        64     Transition energy    2  :                  0.2162169107
        64     Transition energy    3  :                  0.2191167324
        64     Transition energy    4  :                  0.2196232846
        64     Transition energy    5  :                  0.2221799084
        64     Transition energy    6  :                  0.2225090145
        64     Transition energy    7  :                  0.2225947410
        64     Transition energy    8  :                  0.2226502641
     Residue(Squared modulus):    1        0.0003515      0.0000034
     Residue(Squared modulus):    2        0.0007650      0.0000028
     Residue(Squared modulus):    3        0.0006750      0.0000018
     Residue(Squared modulus):    4        0.0003770      0.0000026
     Residue(Squared modulus):    5        0.0043351      0.0000086
     Residue(Squared modulus):    6        0.0015588      0.0000037
     Residue(Squared modulus):    7        0.0039299      0.0000092
     Residue(Squared modulus):    8        0.0023438      0.0000031
       Largest residue:           0.004335139221

     total cpu time spent up to now is      390.7 secs

       ==============================

       Davidson iteration:        6
       num of basis:   70   total built basis:   70
     Polarization accuracy = 8.0E-09, # of iterations =  17
     Polarization accuracy = 6.0E-09, # of iterations =  23
     Polarization accuracy = 6.2E-09, # of iterations =  20
     Polarization accuracy = 8.4E-09, # of iterations =  22
     Polarization accuracy = 8.5E-09, # of iterations =  21
     Polarization accuracy = 2.8E-09, # of iterations =  21
        70     Transition energy    1  :                  0.2166685329
        70     Transition energy    2  :                  0.2162034315
        70     Transition energy    3  :                  0.2191026387
        70     Transition energy    4  :                  0.2196232706
        70     Transition energy    5  :                  0.2221347434
        70     Transition energy    6  :                  0.2224822712
        70     Transition energy    7  :                  0.2225644563
        70     Transition energy    8  :                  0.2226483722
     Residue(Squared modulus):    1        0.0003508      0.0000034
     Residue(Squared modulus):    2        0.0006917      0.0000031
     Residue(Squared modulus):    3        0.0005870      0.0000023
     Residue(Squared modulus):    4        0.0003769      0.0000026
     Residue(Squared modulus):    5        0.0040952      0.0000106
     Residue(Squared modulus):    6        0.0013592      0.0000047
     Residue(Squared modulus):    7        0.0038552      0.0000105
     Residue(Squared modulus):    8        0.0023306      0.0000032
       Largest residue:           0.004095202736

     total cpu time spent up to now is      451.3 secs

       ==============================

       Davidson iteration:        7
       num of basis:   76   total built basis:   76
     Polarization accuracy = 9.3E-09, # of iterations =  19
     Polarization accuracy = 8.6E-09, # of iterations =  21
     Polarization accuracy = 9.0E-09, # of iterations =  20
     Polarization accuracy = 8.3E-09, # of iterations =  21
     Polarization accuracy = 9.4E-09, # of iterations =  20
     Polarization accuracy = 9.3E-09, # of iterations =  21
        76     Transition energy    1  :                  0.2166684837
        76     Transition energy    2  :                  0.2161975175
        76     Transition energy    3  :                  0.2191014446
        76     Transition energy    4  :                  0.2196228971
        76     Transition energy    5  :                  0.2220990191
        76     Transition energy    6  :                  0.2224809686
        76     Transition energy    7  :                  0.2225119145
        76     Transition energy    8  :                  0.2226117887
     Residue(Squared modulus):    1        0.0003503      0.0000034
     Residue(Squared modulus):    2        0.0006736      0.0000034
     Residue(Squared modulus):    3        0.0005805      0.0000023
     Residue(Squared modulus):    4        0.0003742      0.0000026
     Residue(Squared modulus):    5        0.0039466      0.0000116
     Residue(Squared modulus):    6        0.0014032      0.0000052
     Residue(Squared modulus):    7        0.0035368      0.0000120
     Residue(Squared modulus):    8        0.0020890      0.0000045
       Largest residue:           0.003946639391

     total cpu time spent up to now is      496.7 secs

       ==============================

       Davidson iteration:        8
       num of basis:   82   total built basis:   82
     Polarization accuracy = 4.0E-09, # of iterations =  18
     Polarization accuracy = 7.0E-09, # of iterations =  22
     Polarization accuracy = 5.2E-09, # of iterations =  20
     Polarization accuracy = 4.9E-09, # of iterations =  24
     Polarization accuracy = 3.7E-09, # of iterations =  24
     Polarization accuracy = 7.2E-09, # of iterations =  22
        82     Transition energy    1  :                  0.2166682364
        82     Transition energy    2  :                  0.2161935950
        82     Transition energy    3  :                  0.2190934024
        82     Transition energy    4  :                  0.2196228437
        82     Transition energy    5  :                  0.2219861622
        82     Transition energy    6  :                  0.2224667591
        82     Transition energy    7  :                  0.2224970550
        82     Transition energy    8  :                  0.2226070063
     Residue(Squared modulus):    1        0.0003474      0.0000034
     Residue(Squared modulus):    2        0.0006531      0.0000035
     Residue(Squared modulus):    3        0.0005371      0.0000026
     Residue(Squared modulus):    4        0.0003739      0.0000026
     Residue(Squared modulus):    5        0.0034456      0.0000151
     Residue(Squared modulus):    6        0.0013062      0.0000057
     Residue(Squared modulus):    7        0.0034745      0.0000126
     Residue(Squared modulus):    8        0.0020553      0.0000047
       Largest residue:           0.003474531288

     total cpu time spent up to now is      556.4 secs

       ==============================

       Davidson iteration:        9
       num of basis:   88   total built basis:   88
     Polarization accuracy = 5.6E-09, # of iterations =  21
     Polarization accuracy = 4.0E-09, # of iterations =  22
     Polarization accuracy = 3.8E-09, # of iterations =  22
     Polarization accuracy = 4.3E-09, # of iterations =  22
     Polarization accuracy = 8.9E-09, # of iterations =  21
     Polarization accuracy = 3.7E-09, # of iterations =  22
        88     Transition energy    1  :                  0.2166682030
        88     Transition energy    2  :                  0.2161788496
        88     Transition energy    3  :                  0.2190897489
        88     Transition energy    4  :                  0.2196226819
        88     Transition energy    5  :                  0.2219859660
        88     Transition energy    6  :                  0.2224399891
        88     Transition energy    7  :                  0.2224611554
        88     Transition energy    8  :                  0.2225950336
     Residue(Squared modulus):    1        0.0003472      0.0000034
     Residue(Squared modulus):    2        0.0005962      0.0000039
     Residue(Squared modulus):    3        0.0005194      0.0000027
     Residue(Squared modulus):    4        0.0003728      0.0000026
     Residue(Squared modulus):    5        0.0034442      0.0000151
     Residue(Squared modulus):    6        0.0032840      0.0000155
     Residue(Squared modulus):    7        0.0012759      0.0000049
     Residue(Squared modulus):    8        0.0019788      0.0000052
       Largest residue:           0.003444165523

     total cpu time spent up to now is      619.7 secs

       ==============================

       Davidson iteration:       10
       num of basis:   94   total built basis:   94
     Polarization accuracy = 4.6E-09, # of iterations =  21
     Polarization accuracy = 8.2E-09, # of iterations =  21
     Polarization accuracy = 5.0E-09, # of iterations =  22
     Polarization accuracy = 9.2E-09, # of iterations =  21
     Polarization accuracy = 7.5E-09, # of iterations =  23
     Polarization accuracy = 7.4E-09, # of iterations =  23
        94     Transition energy    1  :                  0.2166681213
        94     Transition energy    2  :                  0.2161766273
        94     Transition energy    3  :                  0.2190850983
        94     Transition energy    4  :                  0.2196225985
        94     Transition energy    5  :                  0.2219645951
        94     Transition energy    6  :                  0.2224137097
        94     Transition energy    7  :                  0.2224471725
        94     Transition energy    8  :                  0.2225884067
     Residue(Squared modulus):    1        0.0003462      0.0000034
     Residue(Squared modulus):    2        0.0005866      0.0000039
     Residue(Squared modulus):    3        0.0004938      0.0000029
     Residue(Squared modulus):    4        0.0003721      0.0000026
     Residue(Squared modulus):    5        0.0033583      0.0000156
     Residue(Squared modulus):    6        0.0031785      0.0000162
     Residue(Squared modulus):    7        0.0011475      0.0000052
     Residue(Squared modulus):    8        0.0019330      0.0000054
       Largest residue:           0.003358292473

       ================================================================

       Davidson diagonalization has finished in   10 steps.
          the number of current basis is   99
          the number of total basis built is   99

       Now print out information of eigenstates


     K-S Oscillator strengths
     occ con        R-x              R-y              R-z
     271   1     0.37250858E-05    0.63077612E-03    0.77182216E-05
     271   2     0.22550889E-02    0.37098195E+00   -0.37351091E-02
     271   3    -0.34840342E-03   -0.18716711E-04    0.82653247E-03
     271   4     0.44679417E-02    0.17730729E-03   -0.56770700E+00
     271   5     0.10617805E-05   -0.35874665E-03    0.21925913E-05
     271   6    -0.11730542E-02   -0.67656418E+00   -0.13550209E-03
     271   7     0.18355298E-03    0.17518860E-04    0.10721059E-03
     271   8    -0.23596523E+00   -0.29417168E-04    0.33887544E-01
     271   9    -0.15003044E-03    0.24965620E-04    0.55744799E-04
     271  10     0.73459794E-04    0.20039890E-04   -0.87410344E-04
     272   1    -0.19535581E-02    0.22962291E-05    0.22380234E-02
     272   2    -0.11718524E+01   -0.28723766E-03    0.14157207E+01
     272   3     0.57058922E-04    0.58382076E-03   -0.63005225E-04
     272   4     0.22516639E-02   -0.54592716E+00   -0.39414899E-02
     272   5     0.34431052E-03   -0.13856801E-05    0.11119192E-03
     272   6     0.54746179E+00   -0.12564063E-02    0.58279782E-01
     272   7    -0.14471210E-04   -0.49538736E-04   -0.24898685E-05
     272   8    -0.86001163E-03    0.13299229E+00    0.28024892E-04
     272   9    -0.53012056E-04    0.14223593E-03   -0.16069366E-04
     272  10     0.72531840E-04   -0.51448684E-04    0.99435250E-04
     273   1    -0.17636991E-02   -0.47105442E+00    0.19810292E-02
     273   2     0.12309787E-04    0.77336967E-03   -0.31796054E-04
     273   3     0.60460392E+00    0.36537762E-03   -0.11219508E+01
     273   4     0.52948064E-03   -0.22192575E-04   -0.11235825E-02
     273   5     0.31651713E-03    0.50918408E+00    0.27703521E-03
     273   6     0.88841647E-05   -0.51019885E-03   -0.64799543E-05
     273   7    -0.11154679E+00    0.22860766E-03   -0.15909848E+00
     273   8    -0.17438227E-03    0.55034119E-06   -0.11556964E-03
     273   9     0.16389023E+00    0.38089480E-03   -0.11826519E+00
     273  10    -0.10392418E-03    0.65695236E-01    0.61058019E-03
     274   1     0.17009378E+01   -0.67080585E-04   -0.13848793E+01
     274   2    -0.24626696E-02   -0.33099223E-04    0.21774596E-02
     274   3     0.18436725E-02   -0.82967263E+00   -0.20286610E-02
     274   4     0.44542099E-04   -0.71072904E-03   -0.40895271E-04
     274   5    -0.20062281E+00    0.45638528E-03   -0.16377162E+00
     274   6     0.26990433E-03   -0.74124183E-05    0.14325314E-03
     274   7    -0.19065054E-03   -0.21753048E+00   -0.25314758E-03
     274   8    -0.20571234E-05   -0.33979802E-04   -0.39232607E-05
     274   9     0.80266878E-04   -0.39433975E+00   -0.65120986E-04
     274  10    -0.37182348E+00   -0.49947249E-03   -0.35680490E+00
     275   1    -0.19147881E-02    0.22404011E-04    0.85654615E-03
     275   2    -0.13144804E+01   -0.21154369E-02    0.85729472E+00
     275   3     0.45687811E-04    0.82805436E-03   -0.23898914E-04
     275   4     0.24399567E-02   -0.83534713E+00   -0.12121192E-02
     275   5    -0.13715780E-03   -0.94202986E-06   -0.31465092E-03
     275   6     0.82797345E-01   -0.14703741E-03   -0.24919491E+00
     275   7    -0.22507996E-05    0.88111749E-03    0.83445836E-05
     275   8    -0.37939883E-05   -0.55907614E+00    0.90989223E-04
     275   9     0.94556438E-04   -0.16107371E-03   -0.47379672E-04
     275  10     0.22284453E-03    0.67532956E-04   -0.20037124E-04
     276   1     0.75734115E+00    0.84583788E-03    0.30215348E-01
     276   2    -0.18877998E-02   -0.31824889E-04    0.49187537E-03
     276   3    -0.63122946E-04   -0.53792034E+00    0.59583467E-03
     276   4     0.13360177E-04   -0.99505265E-03    0.85729826E-05
     276   5     0.19025556E+00    0.83964452E-04    0.24223462E+00
     276   6    -0.75022949E-04   -0.12137666E-04   -0.31118817E-03
     276   7     0.91605112E-04   -0.71478184E+00    0.56361757E-04
     276   8     0.49800460E-05   -0.94705271E-03    0.65539593E-06
     276   9     0.11779492E-03    0.67130463E-01    0.91316543E-04
     276  10    -0.41600092E+00   -0.39181876E-03   -0.79659697E-01
     277   1    -0.19683006E-04    0.38012568E-02    0.20868628E-04
     277   2     0.27524086E-02    0.17186146E+01   -0.25187948E-02
     277   3    -0.25995083E-02   -0.72951644E-04    0.19839464E-02
     277   4     0.14268733E+01   -0.29595550E-02   -0.12327931E+01
     277   5     0.11066838E-05    0.38683590E-04   -0.41132712E-05
     277   6     0.33845844E-04   -0.14637505E-01    0.21697073E-03
     277   7    -0.23205823E-03   -0.12847962E-05   -0.64754702E-03
     277   8     0.84880252E-01   -0.91256608E-04    0.42722369E+00
     277   9     0.58349933E-03   -0.46939010E-04    0.35990947E-03
     277  10    -0.51499473E-04   -0.10239047E-03    0.78123218E-04
     278   1     0.94939390E-03    0.15622649E+01   -0.84371695E-03
     278   2    -0.70706272E-04   -0.37902069E-02    0.49973982E-04
     278   3    -0.15548820E+01    0.89374712E-03    0.10729486E+01
     278   4    -0.26273859E-02    0.33810991E-04    0.20406220E-02
     278   5     0.28616950E-04    0.67125062E-02    0.12377987E-03
     278   6    -0.81564130E-05    0.22949550E-04   -0.92866785E-05
     278   7    -0.15101256E+00    0.22311165E-03   -0.34758922E+00
     278   8    -0.18544643E-03    0.53544109E-05   -0.70650741E-03
     278   9     0.64345785E+00    0.40095095E-04    0.30405733E+00
     278  10     0.49540624E-03   -0.91811220E-01   -0.18334070E-03
     279   1     0.27088818E-02   -0.17023089E-04   -0.28352023E-02
     279   2     0.12081142E+01    0.28590011E-02   -0.12819236E+01
     279   3    -0.56443540E-04   -0.22325729E-02    0.57714692E-04
     279   4    -0.24431892E-02    0.15078423E+01    0.25621907E-02
     279   5     0.19300595E-03    0.55895391E-05    0.40848497E-03
     279   6     0.14907490E+00   -0.18274762E-03    0.32932054E+00
     279   7     0.40917410E-06    0.65725152E-03   -0.12163530E-04
     279   8    -0.95654258E-04   -0.43777735E+00   -0.24113861E-03
     279   9     0.20226640E-04    0.12784992E-03    0.77112804E-04
     279  10    -0.21863362E-03   -0.50552746E-05   -0.23940153E-03
     280   1     0.14840130E+01    0.60317081E-03   -0.15523636E+01
     280   2    -0.28942980E-02   -0.59345428E-04    0.30361847E-02
     280   3     0.11152127E-02   -0.14537835E+01   -0.11245465E-02
     280   4     0.32168412E-04   -0.22396502E-02   -0.38073395E-04
     280   5     0.13341833E+00   -0.19271378E-03    0.33525981E+00
     280   6    -0.17835122E-03    0.14014429E-04   -0.44276732E-03
     280   7     0.74812059E-04    0.50542580E+00    0.22033676E-03
     280   8     0.31957826E-06    0.74517615E-03    0.39846636E-05
     280   9     0.83840215E-05    0.29974294E+00   -0.11281002E-04
     280  10    -0.25073756E+00    0.42534570E-03   -0.35138632E+00

       ! The    1 -th eigen state. The transition energy is:        0.21666812

     The two digitals below indicate the importance of doing beyong TDA: 

     Components: X       1.00000;    Y      -0.00000

     In the occ-virt project subspace the total Fxy is:

     X       1.00000;    Y      -0.00000    total       1.00000  /      1.00000

     The Chi_i_i is     Total          1               2               3

                     0.81773794E-09    0.14912036E-10    0.14571945E-10    0.78825396E-09

     Now is the components analysis of this transition.

     First we print out only the principle components.

     occ     virt       FX              FY

     279    5        0.72661       -0.00011
     280    6       -0.68640        0.00023

     Now for all the calculated particle and hole pairs : 

     occ     virt       FX              FY

     271    1      0.12828558E-07      0.39468483E-08
     271    2     -0.13187349E-07     -0.47585384E-08
     271    3      0.12471270E-04      0.72303022E-05
     271    4      0.22180966E-04     -0.11338899E-05
     271    5      0.20698382E-04      0.71307795E-06
     271    6     -0.41717147E-06     -0.17676995E-07
     271    7      0.69938561E-02      0.33054388E-03
     271    8      0.13505074E-06      0.78802864E-07
     271    9     -0.21562321E-04     -0.12501010E-04
     271   10      0.30486257E-07      0.24957118E-07
     272    1     -0.88207949E-05     -0.51188979E-05
     272    2     -0.15095117E-06     -0.90039615E-07
     272    3      0.63337753E-08      0.13070775E-07
     272    4     -0.24850648E-08      0.11633898E-07
     272    5     -0.59361753E-02     -0.23620569E-03
     272    6     -0.95551052E-06     -0.78706671E-07
     272    7     -0.68857278E-05     -0.21346758E-06
     272    8     -0.20273048E-06     -0.90309460E-08
     272    9     -0.31377581E-07     -0.28908359E-07
     272   10     -0.38164934E-05     -0.22091340E-05
     273    1      0.45047624E-07      0.12525134E-07
     273    2     -0.27245099E-07     -0.17113469E-07
     273    3     -0.34864793E-08     -0.20151019E-08
     273    4     -0.26836851E-05     -0.15518753E-05
     273    5     -0.66069489E-07     -0.25161701E-08
     273    6     -0.92567532E-06     -0.77169078E-07
     273    7      0.39991538E-04      0.16302240E-05
     273    8     -0.27277270E-02     -0.11795192E-03
     273    9      0.21333277E-06      0.12649245E-06
     273   10     -0.11663598E-06     -0.44264497E-07
     274    1      0.10580640E-06      0.64885992E-07
     274    2      0.16676275E-04      0.96682678E-05
     274    3     -0.11941301E-07     -0.48357010E-08
     274    4      0.85043830E-07      0.43164595E-07
     274    5      0.15730050E-04      0.60829350E-06
     274    6      0.16912911E-01      0.60576165E-03
     274    7     -0.10067539E-05     -0.36245950E-07
     274    8     -0.52587287E-04     -0.19285745E-05
     274    9     -0.20453183E-07     -0.10222175E-07
     274   10      0.12784407E-06      0.72792729E-07
     275    1     -0.84334888E-05     -0.48899652E-05
     275    2     -0.19658255E-06     -0.11677478E-06
     275    3     -0.11201387E-07     -0.28490175E-08
     275    4     -0.27928902E-07     -0.13367939E-07
     275    5     -0.16401022E-01     -0.45945249E-03
     275    6      0.12854032E-05     -0.63519776E-07
     275    7     -0.48948729E-04     -0.14063365E-05
     275    8     -0.84132032E-06     -0.28821978E-07
     275    9      0.15146493E-07     -0.18994177E-08
     275   10      0.28374916E-05      0.16353827E-05
     276    1      0.19886347E-06      0.12179821E-06
     276    2      0.11123546E-04      0.64489792E-05
     276    3     -0.12740174E-07     -0.55892356E-08
     276    4     -0.83211108E-06     -0.46036915E-06
     276    5     -0.15008360E-04     -0.29606974E-06
     276    6      0.10757670E-01      0.30493295E-03
     276    7     -0.83883329E-06     -0.24032891E-07
     276    8     -0.27871909E-04     -0.78564923E-06
     276    9      0.33929336E-08      0.20606648E-10
     276   10     -0.57503551E-06     -0.35724472E-06
     277    1     -0.26797834E-07     -0.32790124E-07
     277    2     -0.69723462E-08      0.70274766E-08
     277    3     -0.27364881E-05     -0.15865426E-05
     277    4      0.16220138E-06      0.96213373E-07
     277    5      0.11854404E-04      0.97902341E-07
     277    6     -0.28709228E-07      0.18813495E-08
     277    7      0.41328271E-02      0.90764593E-04
     277    8      0.10519671E-03      0.26020124E-05
     277    9     -0.96778549E-05     -0.56108822E-05
     277   10      0.23325297E-06      0.14987678E-06
     278    1     -0.33154116E-07      0.46908999E-08
     278    2      0.78253530E-07      0.30916359E-07
     278    3     -0.74636244E-07     -0.44175622E-07
     278    4      0.38062448E-05      0.22068124E-05
     278    5      0.14347922E-06      0.23089303E-08
     278    6     -0.37405516E-04     -0.44698354E-06
     278    7     -0.13348963E-03     -0.26686588E-05
     278    8      0.10372200E-01      0.23349747E-03
     278    9     -0.19107935E-06     -0.11362478E-06
     278   10      0.11630439E-06      0.15989618E-07
     279    1     -0.31082800E-05     -0.18033799E-05
     279    2      0.44347237E-07      0.26737517E-07
     279    3     -0.23588637E-07      0.93114091E-08
     279    4      0.84923505E-08      0.12048782E-07
     279    5      0.72661051E+00     -0.10519113E-03
     279    6     -0.39429540E-03      0.33011983E-05
     279    7      0.18984436E-02     -0.59712019E-06
     279    8      0.14527709E-04      0.30791000E-08
     279    9      0.56487238E-07      0.14809467E-07
     279   10     -0.92014062E-05     -0.53292960E-05
     280    1      0.62207358E-07      0.36397154E-07
     280    2      0.14369579E-05      0.83369119E-06
     280    3      0.27150484E-07     -0.20858434E-08
     280    4     -0.54871243E-06     -0.65284363E-07
     280    5     -0.17679721E-02      0.34490240E-05
     280    6     -0.68639659E+00      0.23434810E-03
     280    7      0.30057013E-04     -0.11614794E-07
     280    8      0.18688131E-02     -0.35782056E-06
     280    9     -0.56333430E-07     -0.12692856E-07
     280   10     -0.18000652E-06     -0.10603985E-06

       **************


       ! The    2 -th eigen state. The transition energy is:        0.21617663

     The two digitals below indicate the importance of doing beyong TDA: 

     Components: X       1.00005;    Y      -0.00005

     In the occ-virt project subspace the total Fxy is:

     X       1.00000;    Y      -0.00003    total       0.99997  /      1.00000

     The Chi_i_i is     Total          1               2               3

                     0.69012115E-03    0.35439954E-04    0.36062343E-07    0.65464513E-03

     Now is the components analysis of this transition.

     First we print out only the principle components.

     occ     virt       FX              FY

     278    7        0.10718        0.00221
     279    6       -0.52220       -0.00272
     280    5        0.84129       -0.00291

     Now for all the calculated particle and hole pairs : 

     occ     virt       FX              FY

     271    1     -0.27103063E-06     -0.14783715E-06
     271    2     -0.61042534E-06     -0.33995327E-06
     271    3     -0.23517309E-06     -0.15630928E-06
     271    4     -0.22349358E-01      0.11367175E-02
     271    5     -0.14346530E-05     -0.50624465E-07
     271    6      0.28787403E-04      0.16548863E-05
     271    7      0.14309272E-04      0.63186505E-06
     271    8     -0.12413217E-03     -0.73459801E-04
     271    9      0.48200166E-06      0.31358036E-06
     271   10      0.13440796E-05      0.78444161E-06
     272    1      0.69674178E-06      0.42366110E-06
     272    2      0.14637826E-03      0.86677376E-04
     272    3      0.59849719E-07      0.32333758E-07
     272    4     -0.12299181E-05     -0.72342022E-06
     272    5      0.40205468E-05      0.17042280E-06
     272    6      0.96650437E-03      0.43319679E-04
     272    7      0.34777701E-06      0.16953910E-07
     272    8     -0.38460338E-04     -0.19317481E-05
     272    9     -0.98705033E-07     -0.54794136E-07
     272   10     -0.13535689E-05     -0.83994167E-06
     273    1     -0.11230520E-05     -0.62602293E-06
     273    2     -0.36622400E-07     -0.21209913E-07
     273    3      0.11023671E-04      0.67035779E-05
     273    4      0.10590178E-05      0.65023541E-06
     273    5     -0.70649838E-04     -0.18994615E-05
     273    6      0.20701122E-05      0.73986593E-07
     273    7     -0.30010742E-01     -0.12438271E-02
     273    8     -0.48590754E-04     -0.19576735E-05
     273    9     -0.21487940E-03     -0.12796742E-03
     273   10      0.97285310E-06      0.57630400E-06
     274    1     -0.11900524E-03     -0.70074198E-04
     274    2     -0.91893648E-07     -0.76076570E-07
     274    3     -0.29103896E-06     -0.14803329E-06
     274    4      0.28129600E-05      0.16631419E-05
     274    5     -0.76872011E-02     -0.25366971E-03
     274    6      0.13037584E-04      0.43342654E-06
     274    7     -0.34341093E-04     -0.12282953E-05
     274    8     -0.12712093E-05     -0.53531024E-07
     274    9      0.13795244E-06      0.13247096E-06
     274   10     -0.61382137E-04     -0.37653083E-04
     275    1      0.59094705E-06      0.36228366E-06
     275    2      0.19513809E-03      0.11599168E-03
     275    3      0.27606329E-07      0.15075939E-07
     275    4      0.21031776E-06      0.18620512E-06
     275    5      0.17287758E-05      0.12158661E-06
     275    6      0.11206520E-01      0.37131129E-03
     275    7      0.34357466E-05      0.12554168E-06
     275    8      0.90685725E-05      0.52058430E-06
     275    9     -0.94293262E-07     -0.52261174E-07
     275   10     -0.48761472E-06     -0.30341469E-06
     276    1     -0.13034273E-03     -0.77902745E-04
     276    2      0.11882256E-06      0.56747899E-07
     276    3     -0.15755374E-06     -0.66613655E-07
     276    4     -0.67680362E-06     -0.40548037E-06
     276    5      0.19877060E-02      0.50628328E-04
     276    6      0.11454079E-05      0.46793608E-07
     276    7      0.51401336E-04      0.16298735E-05
     276    8      0.58192077E-05      0.20564720E-06
     276    9      0.38414233E-06      0.22894624E-06
     276   10      0.23011011E-03      0.13842231E-03
     277    1     -0.89760829E-06     -0.52485951E-06
     277    2     -0.18920743E-05     -0.11845047E-05
     277    3      0.20773435E-06      0.12670805E-06
     277    4     -0.13408093E-03     -0.79837896E-04
     277    5      0.91983282E-05      0.16024925E-06
     277    6      0.20306305E-03      0.27977848E-05
     277    7      0.12038744E-03      0.33326335E-05
     277    8     -0.80243503E-01     -0.20975118E-02
     277    9      0.32914831E-06      0.20828546E-06
     277   10      0.36577470E-05      0.21560040E-05
     278    1     -0.18629830E-05     -0.11752502E-05
     278    2     -0.95076443E-07     -0.51508919E-07
     278    3      0.66620953E-04      0.39628577E-04
     278    4     -0.79122522E-07     -0.58758224E-07
     278    5      0.39528172E-03      0.32814103E-05
     278    6      0.91080032E-05      0.18388583E-06
     278    7      0.10718368E+00      0.22068129E-02
     278    8      0.22179542E-03      0.45046084E-05
     278    9      0.20371648E-03      0.12113683E-03
     278   10      0.84057725E-06      0.59738995E-06
     279    1     -0.19727321E-06     -0.11874744E-06
     279    2     -0.59094999E-04     -0.34838788E-04
     279    3      0.20571391E-06      0.11451607E-06
     279    4     -0.19167013E-05     -0.11833493E-05
     279    5      0.95931623E-03     -0.25768825E-05
     279    6     -0.52220076E+00     -0.27196567E-02
     279    7      0.44292448E-04      0.25174675E-06
     279    8      0.13759512E-02      0.70847338E-05
     279    9     -0.15774010E-06     -0.87783012E-07
     279   10      0.60122713E-06      0.39278935E-06
     280    1     -0.29709979E-04     -0.17655464E-04
     280    2      0.34823514E-06      0.20839760E-06
     280    3      0.17513050E-05      0.10640515E-05
     280    4      0.17965292E-05      0.10451727E-05
     280    5      0.84129452E+00     -0.29116065E-02
     280    6     -0.88235813E-03      0.50304961E-05
     280    7      0.23265214E-02     -0.74827328E-05
     280    8     -0.10820045E-04     -0.25494882E-06
     280    9     -0.29738889E-05     -0.17120419E-05
     280   10      0.29403529E-04      0.18292030E-04

       **************


       ! The    3 -th eigen state. The transition energy is:        0.21908510

     The two digitals below indicate the importance of doing beyong TDA: 

     Components: X       1.00003;    Y      -0.00003

     In the occ-virt project subspace the total Fxy is:

     X       0.99999;    Y      -0.00002    total       0.99997  /      1.00000

     The Chi_i_i is     Total          1               2               3

                     0.60874087E-02    0.23295525E-09    0.60874071E-02    0.14417858E-08

     Now is the components analysis of this transition.

     First we print out only the principle components.

     occ     virt       FX              FY

     277    6        0.10102        0.00136
     278    5        0.20171        0.00137
     279    8        0.46804        0.00222
     280    7        0.85260       -0.00236

     Now for all the calculated particle and hole pairs : 

     occ     virt       FX              FY

     271    1      0.26803419E-05      0.14498855E-05
     271    2     -0.47086655E-04     -0.27764968E-04
     271    3      0.12384251E-06      0.75684549E-07
     271    4      0.77356889E-05     -0.80668803E-06
     271    5     -0.34065536E-04     -0.10409216E-05
     271    6      0.24499946E-01      0.95256517E-03
     271    7     -0.44344508E-05     -0.18079415E-06
     271    8     -0.25910400E-08     -0.29088352E-07
     271    9     -0.19396051E-06     -0.11902485E-06
     271   10     -0.13480298E-04     -0.78200745E-05
     272    1     -0.17104008E-06     -0.10102980E-06
     272    2     -0.10933175E-05     -0.60807113E-06
     272    3     -0.44906517E-06     -0.23496055E-06
     272    4     -0.76419441E-04     -0.44054833E-04
     272    5     -0.24686853E-05     -0.83798439E-07
     272    6      0.43145841E-04      0.16064272E-05
     272    7     -0.44708728E-05     -0.16772388E-06
     272    8     -0.23620552E-02     -0.10365201E-03
     272    9      0.95771133E-06      0.52973449E-06
     272   10      0.48958317E-06      0.29503196E-06
     273    1     -0.19834625E-04     -0.10619976E-04
     273    2      0.41267111E-06      0.23747011E-06
     273    3      0.43563361E-06      0.24582232E-06
     273    4     -0.48654179E-06     -0.28446857E-06
     273    5     -0.42926291E-01     -0.11995965E-02
     273    6      0.93519286E-04      0.27109710E-05
     273    7      0.40916740E-04      0.22048183E-05
     273    8     -0.38577343E-05     -0.13719219E-06
     273    9     -0.40854958E-06     -0.23051690E-06
     273   10     -0.12034573E-03     -0.72886506E-04
     274    1      0.14546787E-05      0.80107007E-06
     274    2      0.86649350E-07      0.54657723E-07
     274    3     -0.45547755E-04     -0.26833450E-04
     274    4     -0.28421239E-04     -0.16763604E-04
     274    5     -0.11094167E-05      0.59409915E-07
     274    6      0.19723411E-05      0.55828365E-07
     274    7     -0.48912240E-02     -0.16226330E-03
     274    8      0.73468306E-05      0.30637426E-06
     274    9     -0.55751160E-04     -0.32957960E-04
     274   10     -0.81446817E-06     -0.42428306E-06
     275    1     -0.25558469E-06     -0.14883420E-06
     275    2     -0.62822164E-07     -0.24966810E-07
     275    3     -0.26171543E-06     -0.14389953E-06
     275    4     -0.70446178E-04     -0.39785765E-04
     275    5     -0.26510588E-06     -0.69104152E-08
     275    6     -0.77127742E-04     -0.19505640E-05
     275    7     -0.24982985E-04     -0.77072516E-06
     275    8      0.54419948E-02      0.17597837E-03
     275    9      0.10148090E-05      0.56349722E-06
     275   10      0.23442831E-06      0.12926751E-06
     276    1      0.72336040E-06      0.42323032E-06
     276    2      0.12526037E-06      0.76307210E-07
     276    3     -0.38388144E-04     -0.22683966E-04
     276    4      0.72523343E-05      0.43224135E-05
     276    5      0.75398222E-04      0.96142710E-06
     276    6     -0.84974725E-06     -0.13221315E-07
     276    7      0.24443130E-01      0.62927030E-03
     276    8      0.30086669E-04      0.69679201E-06
     276    9      0.18684337E-04      0.10987629E-04
     276   10     -0.41260715E-05     -0.23953380E-05
     277    1      0.81913430E-05      0.47935622E-05
     277    2     -0.65610679E-04     -0.38151204E-04
     277    3     -0.12353493E-07     -0.78774318E-08
     277    4      0.98363235E-06      0.57934123E-06
     277    5     -0.10889254E-03     -0.35646986E-06
     277    6      0.10101867E+00      0.13555775E-02
     277    7     -0.16889574E-04     -0.25953062E-06
     277    8      0.10656303E-03      0.36993189E-05
     277    9     -0.84164426E-07     -0.52010605E-07
     277   10     -0.34799426E-04     -0.20546823E-04
     278    1     -0.85269650E-04     -0.49207562E-04
     278    2      0.12495095E-05      0.68735914E-06
     278    3     -0.18411065E-07     -0.90715943E-08
     278    4      0.11738254E-06      0.72265568E-07
     278    5      0.20170838E+00      0.13678686E-02
     278    6     -0.54256541E-03     -0.45823172E-05
     278    7     -0.39495232E-04     -0.43917930E-05
     278    8      0.14031177E-04      0.19523445E-06
     278    9     -0.28292729E-06     -0.16025540E-06
     278   10      0.84820286E-04      0.47019101E-04
     279    1     -0.58408118E-07     -0.33861958E-07
     279    2      0.22826587E-05      0.13265989E-05
     279    3     -0.14933455E-05     -0.80633788E-06
     279    4     -0.11101211E-03     -0.64887226E-04
     279    5     -0.48227503E-04      0.18865669E-06
     279    6      0.15469056E-02      0.54767299E-05
     279    7      0.75624461E-03     -0.20915953E-05
     279    8      0.46804486E+00      0.22234783E-02
     279    9      0.97104829E-06      0.51461938E-06
     279   10      0.33521065E-08     -0.59579018E-08
     280    1     -0.41128089E-06     -0.24787422E-06
     280    2      0.22566737E-06      0.13240347E-06
     280    3      0.17485213E-03      0.10231492E-03
     280    4     -0.18109558E-04     -0.10433778E-04
     280    5     -0.22709490E-02      0.62286751E-05
     280    6      0.88972619E-05      0.11536328E-06
     280    7      0.85259643E+00     -0.23626859E-02
     280    8      0.20025901E-02     -0.53114304E-05
     280    9     -0.26596271E-03     -0.15616834E-03
     280   10     -0.10012713E-06     -0.61082851E-07

       **************


       ! The    4 -th eigen state. The transition energy is:        0.21962260

     The two digitals below indicate the importance of doing beyong TDA: 

     Components: X       1.00000;    Y      -0.00000

     In the occ-virt project subspace the total Fxy is:

     X       1.00000;    Y      -0.00000    total       1.00000  /      1.00000

     The Chi_i_i is     Total          1               2               3

                     0.95723641E-08    0.19009042E-12    0.95622510E-08    0.99230267E-11

     Now is the components analysis of this transition.

     First we print out only the principle components.

     occ     virt       FX              FY

     279    7       -0.68330       -0.00027
     280    8       -0.72753        0.00061

     Now for all the calculated particle and hole pairs : 

     occ     virt       FX              FY

     271    1     -0.81504079E-05     -0.44528669E-05
     271    2     -0.50380582E-07     -0.39980079E-07
     271    3     -0.26296133E-07      0.11351785E-07
     271    4     -0.59782737E-06      0.33737889E-07
     271    5      0.15642787E-02      0.52833551E-04
     271    6      0.40125542E-04      0.15207708E-05
     271    7     -0.15281591E-06     -0.34244175E-07
     271    8     -0.39951927E-07     -0.19194695E-07
     271    9      0.11789490E-07     -0.38488099E-07
     271   10      0.23990724E-04      0.13658479E-04
     272    1      0.25849253E-07     -0.28476185E-09
     272    2     -0.33456075E-07     -0.21123937E-07
     272    3      0.82190412E-05      0.47642198E-05
     272    4      0.14435962E-05      0.79948754E-06
     272    5     -0.10823315E-04     -0.49178953E-06
     272    6     -0.41402879E-07     -0.29201268E-09
     272    7      0.74481051E-02      0.29619959E-03
     272    8     -0.29620940E-05     -0.17555888E-06
     272    9     -0.93328137E-05     -0.54066277E-05
     272   10     -0.14646094E-06     -0.92834975E-07
     273    1     -0.15511933E-05     -0.83546624E-06
     273    2     -0.12610314E-05     -0.72877970E-06
     273    3      0.38195678E-07      0.21032989E-07
     273    4      0.71800920E-08      0.99704802E-08
     273    5     -0.80400672E-04     -0.22405746E-05
     273    6     -0.14641893E-01     -0.44895027E-03
     273    7      0.58730960E-06      0.18967564E-07
     273    8     -0.14776264E-04     -0.76540029E-06
     273    9     -0.12282893E-06     -0.64687559E-07
     273   10      0.33970861E-06      0.52109545E-07
     274    1      0.11665251E-06      0.60032796E-07
     274    2      0.20151764E-07      0.46635139E-07
     274    3     -0.10490111E-06     -0.69182657E-07
     274    4      0.18683357E-04      0.10755753E-04
     274    5      0.18931445E-05      0.45445897E-07
     274    6      0.30673644E-04      0.11477906E-05
     274    7     -0.24594193E-04     -0.89552689E-06
     274    8      0.16522582E-01      0.57646402E-03
     274    9     -0.21830358E-06     -0.13894611E-06
     274   10     -0.13918861E-06     -0.68412075E-07
     275    1     -0.38519052E-07     -0.38110028E-07
     275    2      0.61979854E-07      0.31090098E-07
     275    3      0.31812222E-05      0.18428889E-05
     275    4     -0.19533491E-06     -0.12579383E-06
     275    5     -0.43439422E-04     -0.11531936E-05
     275    6     -0.14502986E-05     -0.34593613E-07
     275    7      0.12464935E-01      0.35090274E-03
     275    8      0.20076476E-04      0.54127442E-06
     275    9     -0.93399442E-05     -0.54102436E-05
     275   10     -0.93231504E-08      0.21697836E-07
     276    1      0.27850948E-06      0.15334682E-06
     276    2     -0.87033856E-08      0.18386134E-07
     276    3     -0.10323327E-06     -0.68770424E-07
     276    4      0.13383188E-04      0.76525549E-05
     276    5      0.19051516E-05      0.31867354E-07
     276    6      0.36535296E-04      0.84014499E-06
     276    7      0.62459289E-04      0.15095653E-05
     276    8      0.32502049E-02      0.89397563E-04
     276    9     -0.53129541E-07     -0.26141989E-07
     276   10     -0.14507646E-05     -0.80358521E-06
     277    1     -0.84740955E-05     -0.48257273E-05
     277    2      0.67263007E-06      0.37437201E-06
     277    3     -0.38300611E-08     -0.78997371E-08
     277    4     -0.25651323E-07     -0.10715984E-07
     277    5      0.22586073E-01      0.18297991E-03
     277    6      0.17946238E-03      0.23364365E-05
     277    7      0.19135429E-04     -0.13756829E-06
     277    8     -0.15380864E-05     -0.29142615E-07
     277    9     -0.55525376E-07     -0.52667346E-07
     277   10     -0.11889435E-04     -0.72765157E-05
     278    1      0.15624108E-05      0.86169477E-06
     278    2     -0.12654215E-04     -0.73324383E-05
     278    3      0.29187001E-07      0.15062158E-07
     278    4      0.19148053E-06      0.12064991E-06
     278    5      0.28256810E-03      0.19039746E-05
     278    6      0.50734836E-01      0.49060355E-03
     278    7     -0.13044558E-05     -0.13502821E-07
     278    8     -0.82149497E-05      0.69014167E-06
     278    9      0.75178209E-07      0.38607434E-07
     278   10     -0.39598028E-05     -0.21978326E-05
     279    1     -0.61540243E-07     -0.38822383E-07
     279    2      0.52623240E-07      0.29836071E-07
     279    3      0.20122726E-04      0.11662058E-04
     279    4      0.11981989E-06      0.62915900E-07
     279    5      0.18737837E-02      0.38772816E-06
     279    6     -0.14607629E-04     -0.66419414E-07
     279    7     -0.68329591E+00     -0.26676266E-03
     279    8     -0.23426513E-03      0.40105511E-05
     279    9     -0.15657281E-04     -0.90757724E-05
     279   10      0.91176703E-07      0.21110861E-07
     280    1      0.99026808E-08      0.74155880E-08
     280    2     -0.98227731E-07     -0.55236841E-07
     280    3     -0.67379721E-06     -0.35520014E-06
     280    4     -0.66922322E-05     -0.42537457E-05
     280    5      0.62580461E-05     -0.31474068E-08
     280    6     -0.18891802E-02      0.12976392E-05
     280    7      0.23853823E-02     -0.43375518E-05
     280    8     -0.72752948E+00      0.60655663E-03
     280    9      0.29744809E-06      0.11826257E-06
     280   10      0.40239090E-07      0.13663970E-07

       **************


       ! The    5 -th eigen state. The transition energy is:        0.22196460

     The two digitals below indicate the importance of doing beyong TDA: 

     Components: X       1.00025;    Y      -0.00025

     In the occ-virt project subspace the total Fxy is:

     X       0.99995;    Y      -0.00015    total       0.99980  /      1.00000

     The Chi_i_i is     Total          1               2               3

                     0.14507369E-06    0.95410045E-08    0.38879663E-13    0.13553265E-06

     Now is the components analysis of this transition.

     First we print out only the principle components.

     occ     virt       FX              FY

     277    7       -0.42975       -0.00425
     278    8        0.42121        0.00440
     279    5       -0.53633        0.00655
     280    6       -0.56757        0.00705

     Now for all the calculated particle and hole pairs : 

     occ     virt       FX              FY

     271    1      0.40535951E-06      0.22983469E-06
     271    2     -0.32936960E-06     -0.19759562E-06
     271    3      0.29970467E-03      0.17355962E-03
     271    4     -0.20594605E-03      0.12935936E-04
     271    5     -0.79929999E-03     -0.21107116E-04
     271    6     -0.51158033E-05     -0.18204936E-06
     271    7     -0.92020708E-01     -0.32397935E-02
     271    8     -0.12452581E-05     -0.67497930E-06
     271    9     -0.51359688E-03     -0.29741773E-03
     271   10     -0.77050879E-07     -0.29110943E-07
     272    1     -0.18647958E-03     -0.10955934E-03
     272    2      0.39876591E-05      0.22963755E-05
     272    3     -0.34079821E-06     -0.18581274E-06
     272    4      0.87618498E-06      0.51884645E-06
     272    5      0.21299420E-01      0.59058390E-03
     272    6     -0.46410190E-04     -0.13343145E-05
     272    7     -0.62169324E-04     -0.25267367E-05
     272    8      0.18174738E-05      0.63597307E-07
     272    9     -0.17737515E-06     -0.11746775E-06
     272   10     -0.30184656E-04     -0.15804352E-04
     273    1      0.34832545E-06      0.18758312E-06
     273    2     -0.43565073E-06     -0.25446446E-06
     273    3     -0.83835357E-06     -0.49444831E-06
     273    4      0.16545132E-04      0.93343640E-05
     273    5      0.11133120E-04      0.27039170E-06
     273    6      0.79473620E-03      0.18697237E-04
     273    7     -0.63430967E-03     -0.17293606E-04
     273    8     -0.94449005E-01     -0.29451955E-02
     273    9     -0.70514249E-06     -0.35228466E-06
     273   10     -0.26159368E-05     -0.15142540E-05
     274    1     -0.31018622E-05     -0.17342114E-05
     274    2      0.39636870E-03      0.22952926E-03
     274    3     -0.31920681E-06     -0.19350128E-06
     274    4      0.16312406E-05      0.96157064E-06
     274    5      0.22879385E-03      0.44263751E-05
     274    6     -0.16244615E-01     -0.38579953E-03
     274    7      0.47362964E-05      0.11890813E-06
     274    8      0.95378451E-04      0.25598418E-05
     274    9     -0.65380972E-06     -0.40097630E-06
     274   10      0.23635956E-07     -0.94909546E-07
     275    1     -0.18646071E-03     -0.10977247E-03
     275    2      0.21233183E-05      0.11896814E-05
     275    3     -0.44972629E-06     -0.25656017E-06
     275    4     -0.85335876E-06     -0.51208599E-06
     275    5      0.44686669E-01      0.71244686E-03
     275    6     -0.43277661E-03     -0.83394304E-05
     275    7      0.88156771E-03      0.19323120E-04
     275    8     -0.13725979E-05     -0.55658984E-07
     275    9      0.90718684E-06      0.50999805E-06
     275   10      0.34234257E-03      0.20548324E-03
     276    1      0.32036607E-05      0.19244882E-05
     276    2      0.26769110E-03      0.15502091E-03
     276    3     -0.38240795E-06     -0.23231312E-06
     276    4     -0.96541839E-05     -0.55883442E-05
     276    5      0.10343654E-02      0.12110708E-04
     276    6     -0.88562659E-01     -0.14414434E-02
     276    7     -0.21887924E-05     -0.82690791E-07
     276    8      0.11312863E-02      0.23724761E-04
     276    9      0.15152748E-07      0.65902289E-08
     276   10     -0.13411214E-04     -0.79313631E-05
     277    1      0.20286607E-06      0.96699215E-07
     277    2      0.55351180E-06      0.35843492E-06
     277    3     -0.64459926E-04     -0.37325813E-04
     277    4     -0.65527970E-06     -0.35522696E-06
     277    5     -0.50673070E-02     -0.60308494E-05
     277    6      0.69740766E-05     -0.87637333E-07
     277    7     -0.42975038E+00     -0.42501168E-02
     277    8     -0.20016292E-02     -0.22933520E-04
     277    9     -0.23359114E-03     -0.13527556E-03
     277   10      0.52475641E-05      0.30506565E-05
     278    1      0.45461005E-06      0.30930446E-06
     278    2      0.26504870E-05      0.15157599E-05
     278    3      0.32636899E-06      0.17316821E-06
     278    4      0.11241109E-03      0.65183794E-04
     278    5     -0.14516098E-03     -0.18929826E-06
     278    6     -0.26623228E-02     -0.48154596E-05
     278    7      0.33267613E-02      0.21644682E-04
     278    8      0.42120878E+00      0.43972288E-02
     278    9      0.21628360E-05      0.12083244E-05
     278   10      0.39408641E-06      0.16993403E-06
     279    1     -0.28760506E-04     -0.16683933E-04
     279    2     -0.26143586E-05     -0.15126852E-05
     279    3     -0.17864974E-05     -0.10041479E-05
     279    4      0.96412148E-06      0.57648461E-06
     279    5     -0.53632921E+00      0.65538418E-02
     279    6      0.43860026E-02     -0.38723112E-04
     279    7     -0.46069479E-02      0.33113558E-04
     279    8     -0.43822425E-06      0.19984511E-06
     279    9      0.23532838E-05      0.13390582E-05
     279   10     -0.38840924E-03     -0.22496090E-03
     280    1     -0.33158343E-07     -0.17596513E-07
     280    2      0.24517868E-04      0.14175798E-04
     280    3     -0.22961883E-06     -0.16107985E-06
     280    4     -0.15560321E-05     -0.69544399E-06
     280    5      0.20485679E-02     -0.38016286E-04
     280    6     -0.56757404E+00      0.70473482E-02
     280    7     -0.16349422E-04     -0.14370129E-07
     280    8      0.40578403E-02     -0.34412842E-04
     280    9     -0.78344616E-06     -0.46184078E-06
     280   10     -0.40202935E-05     -0.23411883E-05

       **************


       ! The    6 -th eigen state. The transition energy is:        0.22241371

     The two digitals below indicate the importance of doing beyong TDA: 

     Components: X       1.00020;    Y      -0.00020

     In the occ-virt project subspace the total Fxy is:

     X       0.99993;    Y      -0.00011    total       0.99982  /      1.00000

     The Chi_i_i is     Total          1               2               3

                     0.38390608E-02    0.78473373E-03    0.51637916E-04    0.30026892E-02

     Now is the components analysis of this transition.

     First we print out only the principle components.

     occ     virt       FX              FY

     273    7       -0.10382       -0.00283
     276    5        0.17016        0.00191
     277    8       -0.30168       -0.00360
     278    5        0.11821       -0.00010
     278    7        0.50969        0.00324
     279    6        0.68624       -0.00619
     280    5        0.32898       -0.00582

     Now for all the calculated particle and hole pairs : 

     occ     virt       FX              FY

     271    1      0.68498332E-06      0.36877940E-06
     271    2     -0.10715487E-06     -0.82085284E-07
     271    3     -0.17484684E-05     -0.10389650E-05
     271    4     -0.18180373E-01      0.11822486E-02
     271    5     -0.36473410E-03     -0.99625030E-05
     271    6      0.96327177E-02      0.30226326E-03
     271    7      0.68067559E-03      0.23237623E-04
     271    8     -0.30495588E-03     -0.17494769E-03
     271    9      0.33308661E-05      0.19729355E-05
     271   10     -0.29263822E-05     -0.16624756E-05
     272    1      0.18987104E-05      0.11475580E-05
     272    2      0.48930090E-03      0.28233459E-03
     272    3     -0.57144393E-06     -0.32696800E-06
     272    4      0.51442320E-06      0.36320244E-06
     272    5     -0.14541677E-03     -0.39039009E-05
     272    6     -0.28309553E-02     -0.86626088E-04
     272    7      0.52625684E-04      0.17642422E-05
     272    8     -0.14104037E-03     -0.51797816E-05
     272    9      0.69964181E-06      0.40081423E-06
     272   10      0.42200029E-06      0.12946988E-06
     273    1     -0.18136665E-05     -0.94544035E-06
     273    2      0.10378269E-06      0.59524443E-07
     273    3     -0.33900153E-04     -0.18802353E-04
     273    4     -0.45108609E-06     -0.16848869E-06
     273    5     -0.11183627E-01     -0.22636628E-03
     273    6      0.39255240E-03      0.94799997E-05
     273    7     -0.10381579E+00     -0.28278845E-02
     273    8      0.48299541E-03      0.15269399E-04
     273    9     -0.40859479E-03     -0.23899768E-03
     273   10      0.21995290E-04      0.12380773E-04
     274    1     -0.34137028E-03     -0.19678224E-03
     274    2     -0.19277044E-05     -0.11494786E-05
     274    3      0.22968477E-05      0.13122954E-05
     274    4     -0.52715486E-05     -0.30311522E-05
     274    5      0.35893175E-01      0.67420197E-03
     274    6      0.88858482E-04      0.22496539E-05
     274    7      0.41281394E-02      0.10518690E-03
     274    8      0.10058659E-03      0.28443209E-05
     274    9      0.16234741E-04      0.93678978E-05
     274   10     -0.23633694E-03     -0.13867217E-03
     275    1      0.16863807E-05      0.10202631E-05
     275    2      0.46383032E-03      0.26957601E-03
     275    3     -0.25606891E-06     -0.14688602E-06
     275    4      0.40500466E-05      0.25347479E-05
     275    5     -0.38876367E-03     -0.62821294E-05
     275    6     -0.73254371E-01     -0.13857221E-02
     275    7      0.36437450E-03      0.78737509E-05
     275    8      0.11930529E-01      0.29477507E-03
     275    9      0.74538776E-06      0.42704529E-06
     275   10     -0.23085654E-05     -0.14285094E-05
     276    1     -0.18535322E-03     -0.11022885E-03
     276    2     -0.10452628E-05     -0.62347855E-06
     276    3      0.62515251E-05      0.35991372E-05
     276    4      0.54418687E-06      0.32984298E-06
     276    5      0.17016067E+00      0.19139317E-02
     276    6      0.39121878E-03      0.70778061E-05
     276    7      0.19849840E-01      0.35827159E-03
     276    8      0.48104379E-03      0.10039482E-04
     276    9      0.48064790E-05      0.27920239E-05
     276   10      0.39072787E-03      0.23353921E-03
     277    1      0.19300550E-05      0.11099736E-05
     277    2     -0.50319745E-04     -0.29143221E-04
     277    3      0.86357814E-06      0.50535071E-06
     277    4     -0.33082826E-03     -0.19242426E-03
     277    5     -0.24501770E-02     -0.44002906E-05
     277    6     -0.96771250E-03     -0.10549083E-04
     277    7      0.34479386E-02      0.32737767E-04
     277    8     -0.30167695E+00     -0.35969335E-02
     277    9      0.18335823E-05      0.10823171E-05
     277   10     -0.57282520E-05     -0.33060706E-05
     278    1     -0.46981720E-04     -0.27216826E-04
     278    2      0.11552238E-05      0.66193582E-06
     278    3      0.14670634E-03      0.85435789E-04
     278    4     -0.39328045E-06     -0.24887876E-06
     278    5      0.11820758E+00     -0.99316616E-04
     278    6     -0.14049136E-02     -0.38835270E-05
     278    7      0.50968651E+00      0.32445878E-02
     278    8     -0.19357684E-02     -0.21816502E-04
     278    9      0.45407602E-03      0.26433600E-03
     278   10      0.30808416E-04      0.17848842E-04
     279    1     -0.20926643E-06     -0.12491135E-06
     279    2     -0.20837535E-03     -0.11987512E-03
     279    3     -0.13106923E-05     -0.74846821E-06
     279    4     -0.24365395E-04     -0.14394500E-04
     279    5      0.40538469E-02     -0.48942585E-04
     279    6      0.68623994E+00     -0.61868238E-02
     279    7     -0.21304724E-02      0.13294033E-04
     279    8     -0.89817888E-01      0.26188250E-03
     279    9      0.95594793E-06      0.54543667E-06
     279   10      0.26109432E-05      0.15713097E-05
     280    1     -0.11791604E-03     -0.68266609E-04
     280    2      0.34895334E-06      0.21013736E-06
     280    3      0.53882545E-04      0.31241047E-04
     280    4     -0.23377043E-05     -0.12988256E-05
     280    5      0.32898435E+00     -0.58170168E-02
     280    6      0.29084080E-02     -0.36773319E-04
     280    7      0.19664272E-01     -0.20924330E-03
     280    8      0.19645548E-02     -0.14192938E-04
     280    9     -0.28998293E-04     -0.16914318E-04
     280   10      0.15787175E-03      0.91871269E-04

       **************


       ! The    7 -th eigen state. The transition energy is:        0.22244717

     The two digitals below indicate the importance of doing beyong TDA: 

     Components: X       1.00005;    Y      -0.00005

     In the occ-virt project subspace the total Fxy is:

     X       0.99996;    Y      -0.00002    total       0.99994  /      1.00000

     The Chi_i_i is     Total          1               2               3

                     0.22269797E-02    0.18671001E-04    0.21376682E-02    0.70640472E-04

     Now is the components analysis of this transition.

     First we print out only the principle components.

     occ     virt       FX              FY

     276    7        0.12683        0.00230
     278    5        0.77046       -0.00064
     279    6       -0.10621        0.00096
     279    8       -0.57772        0.00165
     280    7        0.12672       -0.00132

     Now for all the calculated particle and hole pairs : 

     occ     virt       FX              FY

     271    1      0.55397168E-05      0.30051652E-05
     271    2      0.67536167E-05      0.39601364E-05
     271    3      0.40815197E-07      0.22441234E-07
     271    4      0.27729459E-02     -0.18155531E-03
     271    5     -0.32833047E-02     -0.89538680E-04
     271    6      0.62908096E-01      0.19674060E-02
     271    7     -0.95812033E-04     -0.31937420E-05
     271    8      0.46196644E-04      0.26438384E-04
     271    9     -0.10835848E-06     -0.60867134E-07
     271   10     -0.23464301E-04     -0.13429682E-04
     272    1      0.28209183E-07      0.73854553E-08
     272    2     -0.76558129E-04     -0.44272745E-04
     272    3     -0.45210550E-05     -0.25898386E-05
     272    4      0.17528015E-05      0.13806018E-05
     272    5      0.11225659E-04      0.29427883E-06
     272    6      0.57728598E-03      0.17615724E-04
     272    7      0.46650983E-03      0.15574880E-04
     272    8      0.18955968E-04      0.70614398E-06
     272    9      0.56431327E-05      0.32361387E-05
     272   10     -0.84646741E-06     -0.46935321E-06
     273    1     -0.11677486E-04     -0.62535117E-05
     273    2      0.96517638E-06      0.55429669E-06
     273    3      0.60741107E-05      0.34337090E-05
     273    4      0.70010806E-06      0.39075442E-06
     273    5     -0.72318057E-01     -0.14708740E-02
     273    6      0.35272395E-02      0.85177273E-04
     273    7      0.15996445E-01      0.43588320E-03
     273    8     -0.61302068E-04     -0.18847999E-05
     273    9      0.60825870E-04      0.35509692E-04
     273   10      0.13139292E-03      0.74675572E-04
     274    1      0.55287655E-04      0.31820636E-04
     274    2     -0.65717140E-07     -0.39574627E-07
     274    3      0.17791284E-04      0.10381536E-04
     274    4     -0.40076085E-04     -0.23229246E-04
     274    5     -0.55671530E-02     -0.10465486E-03
     274    6     -0.67730908E-05     -0.17464908E-06
     274    7      0.26760247E-01      0.68421495E-03
     274    8      0.87856962E-03      0.24877990E-04
     274    9      0.10589727E-03      0.61588494E-04
     274   10      0.33524971E-04      0.19856240E-04
     275    1     -0.17617740E-06     -0.10034360E-06
     275    2     -0.70336699E-04     -0.40868032E-04
     275    3     -0.19330065E-05     -0.11099797E-05
     275    4      0.33771435E-04      0.21276865E-04
     275    5      0.66619130E-04      0.98782722E-06
     275    6      0.11192458E-01      0.21210788E-03
     275    7      0.33008900E-02      0.71333653E-04
     275    8      0.76478777E-01      0.18914895E-02
     275    9      0.57229074E-05      0.32826387E-05
     275   10      0.16380804E-06      0.91341264E-07
     276    1      0.32235279E-04      0.19000600E-04
     276    2     -0.76091058E-09     -0.18073052E-08
     276    3      0.42979083E-04      0.25004330E-04
     276    4      0.36775004E-05      0.22019677E-05
     276    5     -0.26108630E-01     -0.29411875E-03
     276    6     -0.57183426E-04     -0.94810945E-06
     276    7      0.12682865E+00      0.23002936E-02
     276    8      0.42387142E-02      0.88667156E-04
     276    9      0.29925866E-04      0.17376589E-04
     276   10     -0.79379425E-04     -0.46984163E-04
     277    1      0.14916274E-04      0.86165731E-05
     277    2     -0.31755516E-03     -0.18443525E-03
     277    3     -0.63414196E-07     -0.36476674E-07
     277    4      0.50815763E-04      0.29570385E-04
     277    5     -0.22346868E-01     -0.38332950E-04
     277    6     -0.10726902E-01     -0.61686970E-04
     277    7     -0.47303381E-03     -0.40650899E-05
     277    8      0.47003737E-01      0.55673446E-03
     277    9     -0.68253817E-07     -0.39087857E-07
     277   10     -0.41665642E-04     -0.24216851E-04
     278    1     -0.30523341E-03     -0.17716978E-03
     278    2      0.82578734E-05      0.47403853E-05
     278    3     -0.22495261E-04     -0.13089244E-04
     278    4     -0.20656676E-06     -0.11703475E-06
     278    5      0.77046479E+00     -0.64053758E-03
     278    6     -0.12375527E-01     -0.35533545E-04
     278    7     -0.77706588E-01     -0.50385089E-03
     278    8      0.22894406E-03      0.23471248E-05
     278    9     -0.70003956E-04     -0.40725419E-04
     278   10      0.21033042E-03      0.12158445E-03
     279    1     -0.83152054E-07     -0.46101060E-07
     279    2      0.31672291E-04      0.18262314E-04
     279    3     -0.10991906E-04     -0.62953302E-05
     279    4     -0.21143100E-03     -0.12273399E-03
     279    5     -0.48836234E-03      0.62532856E-05
     279    6     -0.10621015E+00      0.95573305E-03
     279    7     -0.19029683E-01      0.11824130E-03
     279    8     -0.57771579E+00      0.16529956E-02
     279    9      0.84288947E-05      0.48264534E-05
     279   10      0.44740327E-06      0.25193005E-06
     280    1      0.17810612E-04      0.10352060E-04
     280    2      0.76070691E-07      0.42603255E-07
     280    3      0.35185529E-03      0.20423669E-03
     280    4     -0.17486726E-04     -0.98435685E-05
     280    5     -0.50814002E-01      0.89974120E-03
     280    6     -0.31689675E-03      0.42487883E-05
     280    7      0.12672011E+00     -0.13151802E-02
     280    8      0.17260579E-01     -0.12558568E-03
     280    9     -0.17990907E-03     -0.10423168E-03
     280   10     -0.21835572E-04     -0.12786404E-04

       **************


       ! The    8 -th eigen state. The transition energy is:        0.22258841

     The two digitals below indicate the importance of doing beyong TDA: 

     Components: X       1.00007;    Y      -0.00007

     In the occ-virt project subspace the total Fxy is:

     X       0.99998;    Y      -0.00004    total       0.99994  /      1.00000

     The Chi_i_i is     Total          1               2               3

                     0.20861535E-05    0.10070058E-08    0.20808800E-05    0.42664812E-08

     Now is the components analysis of this transition.

     First we print out only the principle components.

     occ     virt       FX              FY

     276    8       -0.11293       -0.00235
     277    5        0.64145        0.00089
     278    6        0.29825        0.00088
     279    7        0.51330       -0.00324
     280    8       -0.44202        0.00333

     Now for all the calculated particle and hole pairs : 

     occ     virt       FX              FY

     271    1     -0.57500886E-04     -0.31479731E-04
     271    2      0.84052835E-06      0.43900256E-06
     271    3      0.23772320E-05      0.13920333E-05
     271    4      0.28986029E-04     -0.19725604E-05
     271    5      0.89003773E-01      0.24095984E-02
     271    6      0.22889904E-02      0.71416551E-04
     271    7     -0.73125455E-03     -0.26321446E-04
     271    8      0.95721321E-07      0.63725260E-07
     271    9     -0.43689723E-05     -0.25542856E-05
     271   10      0.20680502E-03      0.11743038E-03
     272    1     -0.14421223E-05     -0.85170868E-06
     272    2     -0.10622634E-05     -0.61752706E-06
     272    3      0.80554406E-04      0.46327768E-04
     272    4      0.13029100E-04      0.73171053E-05
     272    5      0.37498527E-03      0.10111214E-04
     272    6      0.71335371E-05      0.21600032E-06
     272    7     -0.13324690E-01     -0.44065523E-03
     272    8     -0.80010415E-04     -0.27944886E-05
     272    9     -0.91041659E-04     -0.52340787E-04
     272   10     -0.10298890E-05     -0.62886652E-06
     273    1     -0.10600571E-04     -0.57673391E-05
     273    2     -0.12033976E-04     -0.69077608E-05
     273    3      0.39334276E-06      0.22364395E-06
     273    4     -0.61705309E-06     -0.34381909E-06
     273    5     -0.28010799E-02     -0.56668056E-04
     273    6     -0.94205074E-01     -0.22571984E-02
     273    7      0.16801661E-03      0.45524935E-05
     273    8     -0.75812847E-03     -0.24035459E-04
     273    9     -0.43633952E-06     -0.23425746E-06
     273   10      0.10499707E-04      0.51286148E-05
     274    1      0.15119693E-05      0.80955406E-06
     274    2      0.36236592E-05      0.21159098E-05
     274    3      0.59060087E-06      0.30858430E-06
     274    4      0.16017645E-03      0.91550670E-04
     274    5     -0.39588199E-04     -0.74375157E-06
     274    6     -0.25107573E-03     -0.59487085E-05
     274    7      0.95502132E-03      0.24257591E-04
     274    8     -0.21813433E-01     -0.61492614E-03
     274    9      0.25716557E-05      0.14346888E-05
     274   10     -0.71600874E-06     -0.32133135E-06
     275    1     -0.24886605E-05     -0.14532639E-05
     275    2     -0.18272555E-06     -0.11816725E-06
     275    3      0.31024996E-04      0.17836536E-04
     275    4      0.87775178E-07      0.47948907E-07
     275    5      0.30954583E-03      0.62553417E-05
     275    6      0.89851194E-04      0.16962234E-05
     275    7     -0.95082109E-01     -0.20393760E-02
     275    8      0.28677461E-02      0.70648604E-04
     275    9     -0.91032702E-04     -0.52333017E-04
     275   10      0.34605734E-05      0.20091555E-05
     276    1      0.22570688E-05      0.12550908E-05
     276    2      0.22472007E-05      0.13124583E-05
     276    3      0.13409577E-05      0.73656984E-06
     276    4      0.12335631E-03      0.70208420E-04
     276    5     -0.24113942E-03     -0.27006126E-05
     276    6     -0.71339497E-03     -0.12385756E-04
     276    7      0.51457585E-02      0.92443934E-04
     276    8     -0.11292852E+00     -0.23492949E-02
     276    9      0.67429338E-07      0.58733698E-07
     276   10     -0.11144156E-04     -0.62683486E-05
     277    1     -0.72977412E-04     -0.41503528E-04
     277    2     -0.38116777E-05     -0.22507525E-05
     277    3     -0.59594627E-06     -0.34801579E-06
     277    4      0.25958576E-06      0.16663395E-06
     277    5      0.64145497E+00      0.89469547E-03
     277    6     -0.20576375E-02     -0.70809629E-05
     277    7     -0.29482783E-02     -0.37189009E-04
     277    8      0.48785924E-03      0.55040560E-05
     277    9     -0.25771881E-05     -0.15000138E-05
     277   10     -0.16276455E-03     -0.95709442E-04
     278    1      0.48745522E-05      0.26321149E-05
     278    2     -0.12363530E-03     -0.71089783E-04
     278    3      0.12394875E-07      0.21967460E-08
     278    4      0.29799665E-05      0.17183140E-05
     278    5      0.29799236E-01     -0.32307737E-04
     278    6      0.29824993E+00      0.88406789E-03
     278    7     -0.79747204E-03     -0.53112385E-05
     278    8      0.37204147E-02      0.38441846E-04
     278    9     -0.89993537E-07     -0.64169145E-07
     278   10     -0.26888722E-04     -0.15131172E-04
     279    1     -0.98815177E-06     -0.57896785E-06
     279    2      0.74623430E-06      0.42373236E-06
     279    3      0.19694355E-03      0.11325228E-03
     279    4     -0.44695511E-05     -0.25443947E-05
     279    5     -0.49657004E-02      0.57616123E-04
     279    6     -0.10077721E-02      0.91964445E-05
     279    7      0.51330427E+00     -0.32420174E-02
     279    8     -0.20400891E-01      0.61251039E-04
     279    9     -0.15347601E-03     -0.88266326E-04
     279   10     -0.20847501E-05     -0.11970768E-05
     280    1      0.22668083E-06      0.14364017E-06
     280    2     -0.71707340E-06     -0.40946837E-06
     280    3      0.31242823E-05      0.19234022E-05
     280    4     -0.51398010E-04     -0.30623893E-04
     280    5     -0.50767190E-03      0.91224217E-05
     280    6     -0.50215731E-02      0.62002458E-04
     280    7      0.48963096E-02     -0.49239513E-04
     280    8     -0.44202200E+00      0.33329594E-02
     280    9      0.96066883E-06      0.35819484E-06
     280   10      0.32085654E-06      0.12199371E-06

       **************

     Now generate the eigenvalues list...
     Now generate the spectrum plot file...
     Finished linear response calculation...

     lr_dav_main  :    849.49s CPU    725.38s WALL (       1 calls)
     read_wf      :      0.66s CPU      1.12s WALL (       1 calls)
     lr_solve_e   :     78.66s CPU     62.12s WALL (       1 calls)
     calc_residue :     83.03s CPU     81.44s WALL (      10 calls)
     expan_basis  :    270.34s CPU    265.23s WALL (      10 calls)
     matrix       :      0.03s CPU      0.03s WALL (      10 calls)
     mGS_orth     :    162.93s CPU    159.93s WALL (      30 calls)
     mGS_orth_pp  :     49.46s CPU     48.23s WALL (      30 calls)
     one_step     :    352.16s CPU    248.97s WALL (      10 calls)

     lr_apply     :    325.27s CPU    221.41s WALL (     188 calls)
     lr_apply_int :    247.64s CPU    162.05s WALL (      94 calls)
     lr_apply_no  :     77.63s CPU     59.37s WALL (      94 calls)

     h_psi        :    137.37s CPU     86.79s WALL (     323 calls)
     lr_calc_dens :     50.21s CPU     32.89s WALL (     110 calls)
     lr_dvpsi_e   :     78.66s CPU     62.09s WALL (       3 calls)
     lr_dv_setup  :      0.22s CPU      0.19s WALL (       1 calls)
     dv_of_drho   :     12.00s CPU      7.03s WALL (      94 calls)
     interaction  :     26.63s CPU     15.14s WALL (      94 calls)
     lr_dot       :     94.51s CPU     94.78s WALL (   34540 calls)
     ortho        :     18.58s CPU     18.78s WALL (     194 calls)
     lr_ortho     :      9.39s CPU      9.59s WALL (     219 calls)


     US routines
     s_psi        :    122.82s CPU    106.28s WALL (    2615 calls)
     lr_apply_s   :    264.04s CPU    256.56s WALL (    2153 calls)
     lr_dot_us    :    296.31s CPU    289.01s WALL (    2054 calls)
     lr_sm1_initi :      1.24s CPU      1.25s WALL (       3 calls)
     lr_sm1_psi   :     33.47s CPU     34.09s WALL (     191 calls)

     General routines
     calbec       :    216.80s CPU    222.04s WALL (    2931 calls)
     fft          :     13.65s CPU      9.09s WALL (    1361 calls)
     ffts         :      1.46s CPU      1.07s WALL (     205 calls)
     fftw         :    136.33s CPU     70.94s WALL (  104172 calls)
     interpolate  :      3.35s CPU      2.28s WALL (     205 calls)
     davcio       :      0.00s CPU      0.04s WALL (       5 calls)

     Parallel routines
     fft_scatter  :    119.61s CPU     63.77s WALL (  105738 calls)


     Environ routines

     turboTDDFT   :  14m 9.49s CPU  12m 5.39s WALL


   This run was terminated on:  19:18:49  13Mar2024            

=------------------------------------------------------------------------------=
   JOB DONE.
=------------------------------------------------------------------------------=
