
     Program turboTDDFT v.7.2 starts on 16Mar2024 at 14:50:52

     This program is part of the open-source Quantum ESPRESSO suite
     for quantum simulation of materials; please cite
         "P. Giannozzi et al., J. Phys.:Condens. Matter 21 395502 (2009);
         "P. Giannozzi et al., J. Phys.:Condens. Matter 29 465901 (2017);
         "P. Giannozzi et al., J. Chem. Phys. 152 154105 (2020);
          URL http://www.quantum-espresso.org",
     in publications or presentations arising from this work. More details at
     http://www.quantum-espresso.org/quote

     Parallel version (MPI), running on   120 processors

     MPI processes distributed on     1 nodes
     R & G space division:  proc/nbgrp/npool/nimage =     120
     453839 MiB available memory on the printing compute node when the environment starts


     Reading xml data from directory:

     ./outdir/4amp15pbeiso.save/

     IMPORTANT: XC functional enforced from input :
     Exchange-correlation= PBE
                           (   1   4   3   4   0   0   0)
     Any further DFT definition will be discarded
     Please, verify this is what you really want


     Parallelization info
     --------------------
     sticks:   dense  smooth     PW     G-vecs:    dense   smooth      PW
     Min        1288     514    127               196556    49718    6211
     Max        1290     516    130               196570    49732    6218
     Sum      154717   61901  15477             23587401  5967365  745749

     Using Slab Decomposition


     negative rho (up, down):  1.102E-02 0.000E+00
     Reading collected, re-writing distributed wavefunctions
 Symmetries are disabled for the gamma_only case

     Reading input from environ.in:
     * using full solvent mode
     * setting boundary derivatives method to SCCS default


     add environment contribution to local potential
     Polarization accuracy = 9.2E-11, # of iterations =  38

     the potential shift due to the Gaussian-smeared nuclei is    -0.0239 ev
     Subspace diagonalization in iterative solution of the eigenvalue problem:
     a serial algorithm will be used


     ================================================================================

                                  Environ Setup Summary

     ================================================================================

     Please cite

          O. Andreussi, I. Dabo and N. Marzari, J. Chem. Phys. 136, 064102 (2012)
          I. Timrov, O. Andreussi, A. Biancardi, N. Marzari, and S. Baroni, J. Chem. Phys. 142, 034111 (2015)

     in publications or presentations arising from this work.

     ================================================================================

     Parameters
     ==========

     compensation onset threshold      =               0.1000E+01
     static permittivity               =                    36.71
     optical permittivity              =                  36.7100
     surface tension in input (dyn/cm) =                    46.30
     surface tension in internal units =               0.5948E-04
     external pressure in input (GPa)  =                    -0.50
     external pressure in inter. units =              -0.3399E-04

     Solvent Boundary
     ================

     solvent mode                      =                     full
     derivatives method                =                    chain
     numerical core for derivatives    =                      fft
     switching function adopted        =                     SCCS
     density limit for vacuum region   =               0.5000E-02
     density limit for bulk solvent    =               0.1000E-03

     Electrostatic Setup
     ===================

     electrostatic problem to solve    =              generalized
     numerical solver adopted          =                       cg
     type of auxiliary density adopted =                     none
     numerical core for poisson        =                      fft

     ================================================================================

     Allocating    10 extra bands for projection

     =-----------------------------------------------------------------=

     Please cite the TDDFPT project as:
       X. Ge, S. J. Binnie, D. Rocca, R. Gebauer, and S. Baroni,
       Comput. Phys. Commun. 185, 2080 (2014)
     in publications and presentations arising from this work.

     =-----------------------------------------------------------------=

     Ultrasoft (Vanderbilt) Pseudopotentials

     Virt read

     Gamma point algorithm
     Num of eigen values=              5
     Allocating parameters for davidson ...

     Estimating the RAM requirements:
          For the basis sets:      478037.11     M
          For the eigenvectors:        7967.29     M
          Num_eign =    5     Num_basis_max =  300
          Reference =  0.21  Ry
     Do make sure that you have enough RAM.

     poor_of_ram is set to .false.. This means that you would like to increase the speed of
     your calculation with USPP by paying double memory.
     Switch it to .true. if you need to save memory.

     poor_of_ram2 is set to .false.. This means that you would like to increase the speed
     by storing the D_basis and C_basis vectors which will cause three time of the memory cost.
     Switch it to .true. if you need to save memory.

     Finished allocating parameters.
     Initiating variables for davidson ...
     Lowest energy electron-hole pairs are used as initial vectors ...
     Calculating the electron-hole pairs for initiating trial vectors ...

              1        66         1           0.205511078144
              2        70         2           0.215952239599
              3        69         2           0.218850125837
              4        65         1           0.228159776948
              5        67         1           0.190520109959
              6        68         1           0.186462580296
              7        68         2           0.233860946196
              8        67         2           0.237918475860
              9        64         1           0.248067057120
             10        69         1           0.171451759937
             11        70         1           0.168553873699
             12        66         2           0.252909444044
             13        65         2           0.275558142848
             14        63         1           0.280139954017
             15        64         2           0.295465423021
             16        70         3           0.296032472072
             17        69         3           0.298930358310
             18        62         1           0.301781435147
             19        70         4           0.305644846599
             20        69         4           0.308542732837
             21        68         3           0.313941178669
             22        70         5           0.315452788210
             23        70         6           0.317769002525
             24        67         3           0.317998708333
             25        69         5           0.318350674448
             26        69         6           0.320666888763
             27        68         4           0.323553553196
             28        63         2           0.327538319917
             29        67         4           0.327611082860
             30        61         1           0.330593252195
             31        66         3           0.332989676517
             32        68         5           0.333361494807
             33        68         6           0.335677709122
             34        67         5           0.337419024471
             35        67         6           0.339735238786
             36        66         4           0.342602051044
             37        62         2           0.349179801048
             38        66         5           0.352409992655
             39        66         6           0.354726206970
             40        65         3           0.355638375322
             41        70         7           0.364349169198
             42        65         4           0.365250749849
             43        69         7           0.367247055436
             44        70         8           0.371653497840
             45        69         8           0.374551384078
             46        65         5           0.375058691460
             47        64         3           0.375545655494
             48        65         6           0.377374905774
             49        61         2           0.377991618095
             50        68         7           0.382257875795
             51        64         4           0.385158030021
             52        67         7           0.386315405459
             53        68         8           0.389562204437
             54        67         8           0.393619734100
             55        64         5           0.394965971632
             56        64         6           0.397282185947
             57        66         7           0.401306373643
             58        63         3           0.407618552391
             59        66         8           0.408610702285
             60        63         4           0.417230926918
             61        65         7           0.423955072448
             62        63         5           0.427038868529
             63        62         3           0.429260033521
             64        63         6           0.429355082843
             65        65         8           0.431259401089
             66        62         4           0.438872408048
             67        64         7           0.443862352620
             68        62         5           0.448680349659
             69        62         6           0.450996563974
             70        64         8           0.451166681261
             71        61         3           0.458071850568
             72        61         4           0.467684225095
             73        63         7           0.475935249517
             74        61         5           0.477492166706
             75        61         6           0.479808381021
             76        63         8           0.483239578158
             77        62         7           0.497576730647
             78        62         8           0.504881059288
             79        61         7           0.526388547694
             80        61         8           0.533692876336
     Finished calculating the cv couples.
     Finished initiating.

     Precondition is used in the algorithm,

     total cpu time spent up to now is       91.6 secs

       ==============================

       Davidson iteration:        1
       num of basis:   40   total built basis:   40
     Polarization accuracy = 9.1E-11, # of iterations =  38
     Polarization accuracy = 1.0E-10, # of iterations =  37
     Polarization accuracy = 3.3E-11, # of iterations =  38
     Polarization accuracy = 4.1E-11, # of iterations =  38
     Polarization accuracy = 7.0E-11, # of iterations =  36
     Polarization accuracy = 8.5E-11, # of iterations =  37
     Polarization accuracy = 4.1E-11, # of iterations =  39
     Polarization accuracy = 4.3E-11, # of iterations =  37
     Polarization accuracy = 6.7E-11, # of iterations =  37
     Polarization accuracy = 5.6E-11, # of iterations =  38
     Polarization accuracy = 5.0E-11, # of iterations =  37
     Polarization accuracy = 9.3E-11, # of iterations =  37
     Polarization accuracy = 8.3E-11, # of iterations =  38
     Polarization accuracy = 3.7E-11, # of iterations =  38
     Polarization accuracy = 9.8E-11, # of iterations =  36
     Polarization accuracy = 4.0E-11, # of iterations =  38
     Polarization accuracy = 7.5E-11, # of iterations =  37
     Polarization accuracy = 9.5E-11, # of iterations =  36
     Polarization accuracy = 6.3E-11, # of iterations =  37
     Polarization accuracy = 4.5E-11, # of iterations =  35
     Polarization accuracy = 6.5E-11, # of iterations =  38
     Polarization accuracy = 4.0E-11, # of iterations =  38
     Polarization accuracy = 4.5E-11, # of iterations =  39
     Polarization accuracy = 5.4E-11, # of iterations =  37
     Polarization accuracy = 4.7E-11, # of iterations =  39
     Polarization accuracy = 8.1E-11, # of iterations =  37
     Polarization accuracy = 1.0E-10, # of iterations =  37
     Polarization accuracy = 5.4E-11, # of iterations =  38
     Polarization accuracy = 6.4E-11, # of iterations =  36
     Polarization accuracy = 6.7E-11, # of iterations =  36
     Polarization accuracy = 6.8E-11, # of iterations =  38
     Polarization accuracy = 9.6E-11, # of iterations =  37
     Polarization accuracy = 7.4E-11, # of iterations =  36
     Polarization accuracy = 7.6E-11, # of iterations =  32
     Polarization accuracy = 5.9E-11, # of iterations =  35
     Polarization accuracy = 8.0E-11, # of iterations =  37
     Polarization accuracy = 5.7E-11, # of iterations =  35
     Polarization accuracy = 9.4E-11, # of iterations =  32
     Polarization accuracy = 9.3E-11, # of iterations =  38
     Polarization accuracy = 6.4E-11, # of iterations =  36
        40     Transition energy    1  :                  0.2138617631
        40     Transition energy    2  :                  0.2202777504
        40     Transition energy    3  :                  0.1975350434
        40     Transition energy    4  :                  0.1925094600
        40     Transition energy    5  :                  0.2394385835
     Residue(Squared modulus):    1        0.0157719      0.0001875
     Residue(Squared modulus):    2        0.0484175      0.0001893
     Residue(Squared modulus):    3        0.0260400      0.0001719
     Residue(Squared modulus):    4        0.0139543      0.0002205
     Residue(Squared modulus):    5        0.0324018      0.0000989
       Largest residue:           0.048417470789

     total cpu time spent up to now is      593.4 secs

       ==============================

       Davidson iteration:        2
       num of basis:   45   total built basis:   45
     Polarization accuracy = 4.9E-11, # of iterations =  39
     Polarization accuracy = 7.4E-11, # of iterations =  38
     Polarization accuracy = 9.3E-11, # of iterations =  38
     Polarization accuracy = 3.8E-11, # of iterations =  39
     Polarization accuracy = 8.8E-11, # of iterations =  38
        45     Transition energy    1  :                  0.2122892202
        45     Transition energy    2  :                  0.2134568142
        45     Transition energy    3  :                  0.1934117349
        45     Transition energy    4  :                  0.1900113424
        45     Transition energy    5  :                  0.2346305027
     Residue(Squared modulus):    1        0.0012274      0.0003152
     Residue(Squared modulus):    2        0.0062755      0.0003213
     Residue(Squared modulus):    3        0.0032054      0.0002461
     Residue(Squared modulus):    4        0.0027951      0.0002346
     Residue(Squared modulus):    5        0.0037861      0.0002224
       Largest residue:           0.006275467595

     total cpu time spent up to now is      675.7 secs

       ==============================

       Davidson iteration:        3
       num of basis:   50   total built basis:   50
     Polarization accuracy = 4.2E-11, # of iterations =  39
     Polarization accuracy = 7.1E-11, # of iterations =  39
     Polarization accuracy = 6.6E-11, # of iterations =  39
     Polarization accuracy = 5.9E-11, # of iterations =  40
     Polarization accuracy = 7.7E-11, # of iterations =  39
        50     Transition energy    1  :                  0.2120662346
        50     Transition energy    2  :                  0.2126650568
        50     Transition energy    3  :                  0.1928989880
        50     Transition energy    4  :                  0.1895947004
        50     Transition energy    5  :                  0.2339812101
     Residue(Squared modulus):    1        0.0007984      0.0003021
     Residue(Squared modulus):    2        0.0012900      0.0002798
     Residue(Squared modulus):    3        0.0010497      0.0002129
     Residue(Squared modulus):    4        0.0008973      0.0002101
     Residue(Squared modulus):    5        0.0015891      0.0002019
       Largest residue:           0.001589121528

     total cpu time spent up to now is      760.2 secs

       ==============================

       Davidson iteration:        4
       num of basis:   55   total built basis:   55
     Polarization accuracy = 6.5E-11, # of iterations =  38
     Polarization accuracy = 5.9E-11, # of iterations =  39
     Polarization accuracy = 5.2E-11, # of iterations =  38
     Polarization accuracy = 7.4E-11, # of iterations =  39
     Polarization accuracy = 8.6E-11, # of iterations =  38
        55     Transition energy    1  :                  0.2118859811
        55     Transition energy    2  :                  0.2124487616
        55     Transition energy    3  :                  0.1927075322
        55     Transition energy    4  :                  0.1894259746
        55     Transition energy    5  :                  0.2336670493
     Residue(Squared modulus):    1        0.0004801      0.0002802
     Residue(Squared modulus):    2        0.0004186      0.0002524
     Residue(Squared modulus):    3        0.0004493      0.0002134
     Residue(Squared modulus):    4        0.0004130      0.0002038
     Residue(Squared modulus):    5        0.0007582      0.0002319
       Largest residue:           0.000758249827

     total cpu time spent up to now is      832.6 secs

       ==============================

       Davidson iteration:        5
       num of basis:   56   total built basis:   56
     Polarization accuracy = 4.9E-11, # of iterations =  38
        56     Transition energy    1  :                  0.2118836386
        56     Transition energy    2  :                  0.2124448587
        56     Transition energy    3  :                  0.1926840052
        56     Transition energy    4  :                  0.1894215663
        56     Transition energy    5  :                  0.2334975300
     Residue(Squared modulus):    1        0.0004697      0.0002793
     Residue(Squared modulus):    2        0.0004163      0.0002539
     Residue(Squared modulus):    3        0.0004079      0.0002224
     Residue(Squared modulus):    4        0.0004035      0.0002040
     Residue(Squared modulus):    5        0.0003461      0.0002571
       Largest residue:           0.000469735021

       ================================================================

       Davidson diagonalization has finished in    5 steps.
          the number of current basis is   56
          the number of total basis built is   56

       Now print out information of eigenstates


     K-S Oscillator strengths
     occ con        R-x              R-y              R-z
      61   1     0.54019809E-01    0.83004031E-02    0.97486052E-01
      61   2     0.22736577E+00   -0.22367984E+00   -0.47648774E-01
      61   3    -0.30257022E-01    0.10612880E+00    0.27310978E+00
      61   4     0.83357885E-01   -0.13229802E+00    0.20701312E+00
      61   5    -0.26654282E-01    0.37947199E+00    0.37432697E+00
      61   6     0.44752118E-01   -0.12979058E-01    0.83472673E-01
      61   7    -0.73918840E-01   -0.96861818E-01    0.58710469E-01
      61   8     0.72164562E-01    0.90797366E-01   -0.96662261E-01
      62   1    -0.71946110E-01    0.50413392E-01   -0.86830864E-01
      62   2     0.29088259E-01   -0.23777039E-01   -0.13983429E-01
      62   3    -0.97070116E-02    0.51144955E-01   -0.21312710E-01
      62   4    -0.20929829E-01   -0.81028787E-01   -0.59706236E-01
      62   5    -0.50971262E-01   -0.77756159E-01   -0.13084525E+00
      62   6     0.34795082E+00    0.23235571E+00    0.93149023E+00
      62   7    -0.39839203E-01   -0.81400096E-02    0.20964997E-01
      62   8    -0.76830621E-01   -0.65246780E-01    0.50945302E-01
      63   1    -0.91406544E-01    0.24056588E+00    0.21099302E+00
      63   2     0.15728322E+00   -0.90803492E-01   -0.15876512E-01
      63   3    -0.14830428E+00    0.10291694E+00    0.35082951E+00
      63   4     0.20334825E+00   -0.20903076E+00    0.52010433E+00
      63   5    -0.31175882E+00   -0.37479875E+00   -0.63523501E+00
      63   6     0.79028319E-05   -0.87280224E-01   -0.58422215E-01
      63   7    -0.13856255E-01   -0.78001227E-02   -0.61496042E-02
      63   8    -0.17067510E-01   -0.57935666E-01    0.12061677E-02
      64   1    -0.16764452E+00    0.13657263E+00   -0.68306071E+00
      64   2    -0.22716841E+00    0.25228602E+00   -0.25699109E+00
      64   3    -0.37364053E+00    0.47008510E+00   -0.56258564E+00
      64   4    -0.63712809E+00    0.89028302E+00    0.61309643E+00
      64   5     0.90027912E-01    0.41906760E-01    0.14706966E+00
      64   6    -0.84557249E-01    0.49006178E-01    0.86110256E-01
      64   7     0.12453634E-01    0.12716502E-01    0.11163206E-01
      64   8     0.44800787E-01    0.79510204E-02   -0.41807224E-01
      65   1     0.56428671E+00   -0.42865946E+00   -0.10577023E+00
      65   2     0.10048649E+01   -0.79895555E+00    0.46288131E-01
      65   3    -0.42209569E+00    0.38421246E+00   -0.15107555E+00
      65   4    -0.65607336E-01    0.13962377E+00    0.15926160E+00
      65   5    -0.30622907E+00   -0.40607005E+00   -0.64129409E+00
      65   6    -0.45458861E-02   -0.50514843E-01   -0.35086513E-01
      65   7     0.17862958E-01    0.22348784E-01    0.62931377E-02
      65   8    -0.38858814E-01    0.13118793E-01    0.18779402E-01
      66   1     0.80924427E+00   -0.94821764E+00    0.35385678E+00
      66   2    -0.73430248E+00    0.82762979E+00   -0.11175106E+00
      66   3    -0.41936280E+00    0.78698784E+00    0.38711994E+00
      66   4     0.56063108E-01   -0.23303503E+00    0.29492640E-01
      66   5     0.28690088E-01   -0.88900171E-02   -0.34644053E-02
      66   6     0.33710955E+00    0.57217593E-01    0.69702406E+00
      66   7    -0.65725123E-01    0.29614798E-01    0.33732459E-01
      66   8    -0.33953913E-01   -0.19321609E-01   -0.11054739E-01
      67   1    -0.48793206E+00    0.60879311E+00    0.74543147E-01
      67   2     0.15010205E+00   -0.37232834E+00   -0.60335305E-01
      67   3     0.73397089E-01   -0.18682917E+00    0.45205886E-01
      67   4     0.91014827E-01   -0.43423293E-01    0.14952351E+00
      67   5     0.35499676E-02    0.28895152E-01    0.29380143E-01
      67   6    -0.13825203E+00    0.70073703E-01   -0.20424051E+00
      67   7    -0.69291180E-01    0.93256109E-01   -0.30918308E-01
      67   8    -0.54601538E-01    0.30781607E-01   -0.89950809E-02
      68   1     0.13287696E+01   -0.14705151E+01   -0.36753222E+00
      68   2     0.75218166E+00   -0.24510599E+00    0.16091848E+00
      68   3    -0.12141255E+00   -0.25044554E+00   -0.64171686E+00
      68   4    -0.93808642E-01    0.14423043E+00   -0.65696601E+00
      68   5     0.22848880E+00   -0.44770410E+00   -0.24468089E+00
      68   6     0.15567697E+00   -0.38651481E-01    0.97638279E-01
      68   7    -0.99614506E-01    0.24966829E-01   -0.98739581E-02
      68   8     0.68335663E-01    0.18751236E-02   -0.23180082E-02
      69   1    -0.24309329E+00    0.72200975E+00    0.76217509E+00
      69   2    -0.21158493E+00    0.52907519E+00    0.28408350E+00
      69   3    -0.28477281E+00   -0.85038335E-01   -0.26605486E+00
      69   4     0.18944668E+00   -0.41727627E-01    0.47173777E+00
      69   5     0.91546161E+00   -0.64816632E+00    0.74961719E-01
      69   6    -0.31418647E+00    0.51448287E+00    0.47387646E-01
      69   7    -0.21797044E-01   -0.68199382E-01   -0.14233658E-01
      69   8    -0.13148486E-01    0.41170420E-01   -0.35684854E-01
      70   1    -0.11129335E+01    0.11224762E+01   -0.20590842E+00
      70   2     0.12225258E+00    0.26261647E+00    0.70983586E+00
      70   3     0.82782696E-01    0.10124374E+00    0.50319401E+00
      70   4    -0.25595986E-01   -0.91438084E-01    0.27728865E-01
      70   5     0.47753860E+00   -0.28932681E+00    0.47798062E-01
      70   6     0.67646627E+00   -0.99428904E+00   -0.51175108E-01
      70   7     0.23579800E-01    0.71324065E-01    0.29029797E-01
      70   8     0.53568537E-01    0.55557456E-01   -0.90732473E-01

       ! The    1 -th eigen state. The transition energy is:        0.21188364

     The two digitals below indicate the importance of doing beyong TDA:

     Components: X       1.00179;    Y      -0.00179

     In the occ-virt project subspace the total Fxy is:

     X       0.99996;    Y      -0.00101    total       0.99895  /      1.00000

     The Chi_i_i is     Total          1               2               3

                     0.57998164E+00    0.25068835E+00    0.31739090E+00    0.11902390E-01

     Now is the components analysis of this transition.

     First we print out only the principle components.

     occ     virt       FX              FY

      66    1       -0.16613       -0.00313
      67    1       -0.49069        0.00825
      68    1       -0.83357        0.02222
      69    1        0.13737       -0.00913

     Now for all the calculated particle and hole pairs :

     occ     virt       FX              FY

      61    1     -0.15493785E-01     -0.37086266E-02
      61    2     -0.23242599E-02     -0.14379146E-02
      61    3     -0.13175828E-02     -0.90326024E-03
      61    4      0.10375057E-02      0.66828059E-03
      61    5     -0.52448933E-04      0.13780737E-04
      61    6      0.47759659E-03      0.32412625E-03
      61    7      0.57433846E-03      0.36406964E-03
      61    8     -0.42395649E-03     -0.27021172E-03
      62    1      0.18528554E-02      0.37454683E-03
      62    2     -0.95761024E-03     -0.25375595E-03
      62    3      0.28677644E-03      0.11595768E-03
      62    4      0.16339099E-02      0.10460715E-02
      62    5     -0.26206006E-03     -0.14409810E-03
      62    6     -0.12821352E-02     -0.89727311E-03
      62    7      0.15909616E-03      0.10418635E-03
      62    8     -0.54569259E-05      0.24454772E-05
      63    1     -0.49611084E-01     -0.81076585E-02
      63    2     -0.50296506E-02     -0.11158810E-02
      63    3     -0.60607315E-02     -0.39418332E-02
      63    4      0.39174514E-02      0.24957696E-02
      63    5     -0.23454870E-02     -0.13323406E-02
      63    6      0.16960063E-02      0.11203083E-02
      63    7      0.17313685E-02      0.10547367E-02
      63    8     -0.13449825E-02     -0.80865539E-03
      64    1      0.49843197E-02      0.54345748E-03
      64    2     -0.78561995E-02     -0.14606130E-02
      64    3     -0.20643145E-02     -0.12850129E-02
      64    4     -0.24588299E-02     -0.17441857E-02
      64    5      0.83827749E-03      0.48958376E-03
      64    6      0.62999727E-05     -0.23625495E-04
      64    7      0.52844020E-03      0.34102741E-03
      64    8     -0.21975902E-03     -0.14328072E-03
      65    1     -0.13867282E-01     -0.94838540E-03
      65    2      0.11862601E-02      0.19974510E-03
      65    3     -0.46719213E-02     -0.12879887E-02
      65    4     -0.11218197E-02     -0.76435349E-03
      65    5     -0.41675173E-02     -0.23584276E-02
      65    6     -0.14295440E-03     -0.79414219E-04
      65    7     -0.25645633E-02     -0.14667841E-02
      65    8      0.16688412E-02      0.96123592E-03
      66    1     -0.16613194E+00     -0.31327352E-02
      66    2     -0.17170833E-01     -0.16832510E-02
      66    3     -0.16336430E-01     -0.42648343E-02
      66    4      0.27507159E-02      0.74884505E-03
      66    5      0.21231120E-02      0.57005839E-03
      66    6     -0.50793204E-02     -0.13187243E-02
      66    7     -0.79305635E-03     -0.52315293E-03
      66    8      0.62503609E-03      0.38670711E-03
      67    1     -0.49068631E+00      0.82488989E-02
      67    2     -0.34635623E-01     -0.21699036E-02
      67    3      0.19423308E-01      0.32319264E-02
      67    4      0.74881989E-02      0.18922639E-02
      67    5      0.72487860E-04      0.34326691E-04
      67    6      0.17753489E-02      0.55366129E-03
      67    7      0.24168220E-04     -0.43599328E-04
      67    8      0.12065126E-02      0.74876707E-03
      68    1     -0.83356580E+00      0.22215532E-01
      68    2      0.37207043E-01      0.40710189E-02
      68    3      0.46923503E-01      0.81946814E-02
      68    4     -0.18025543E-01     -0.38316940E-02
      68    5     -0.85564080E-02     -0.19998906E-02
      68    6     -0.10398577E-01     -0.23371247E-02
      68    7      0.26112629E-02      0.14035636E-02
      68    8     -0.87684935E-03     -0.52866750E-03
      69    1      0.13737392E+00     -0.91306773E-02
      69    2      0.51082053E-01      0.20497226E-02
      69    3     -0.26875742E-01     -0.48474545E-02
      69    4      0.74120338E-02      0.14798183E-02
      69    5     -0.20914211E-02     -0.44711805E-03
      69    6      0.58132379E-02      0.12641362E-02
      69    7     -0.77234132E-03     -0.41393372E-03
      69    8      0.14708453E-03      0.81062429E-04
      70    1      0.58865150E-01     -0.42939430E-02
      70    2     -0.30730535E-01     -0.12591446E-02
      70    3     -0.18254885E-01     -0.32506399E-02
      70    4      0.14787030E-01      0.29510264E-02
      70    5      0.13110643E-04     -0.33416503E-05
      70    6      0.23183087E-02      0.49465337E-03
      70    7     -0.12263482E-02     -0.46624162E-03
      70    8      0.35373505E-03      0.21354522E-03

       **************


       ! The    2 -th eigen state. The transition energy is:        0.21244486

     The two digitals below indicate the importance of doing beyong TDA:

     Components: X       1.00148;    Y      -0.00148

     In the occ-virt project subspace the total Fxy is:

     X       0.99975;    Y      -0.00077    total       0.99898  /      1.00000

     The Chi_i_i is     Total          1               2               3

                     0.61425248E+00    0.26336414E+00    0.34261745E+00    0.82708838E-02

     Now is the components analysis of this transition.

     First we print out only the principle components.

     occ     virt       FX              FY

      67    1        0.85845       -0.01554
      68    1       -0.48524        0.01352

     Now for all the calculated particle and hole pairs :

     occ     virt       FX              FY

      61    1     -0.11774672E-01     -0.28005302E-02
      61    2     -0.28163341E-02     -0.16419296E-02
      61    3     -0.63702043E-03     -0.52072149E-03
      61    4      0.51956823E-03      0.37526204E-03
      61    5     -0.51342983E-04      0.28283971E-04
      61    6      0.29377798E-03      0.20349972E-03
      61    7      0.54684474E-03      0.28879691E-03
      61    8     -0.37504034E-03     -0.21129551E-03
      62    1     -0.10609194E-01     -0.20842642E-02
      62    2      0.35467797E-02      0.93340574E-03
      62    3     -0.46216894E-03     -0.26113723E-03
      62    4      0.99115781E-03      0.60800898E-03
      62    5     -0.99243004E-04     -0.63949368E-04
      62    6     -0.27800447E-02     -0.16685402E-02
      62    7      0.38265661E-04     -0.16436705E-04
      62    8     -0.10774260E-03     -0.50311257E-04
      63    1     -0.37552422E-01     -0.60843021E-02
      63    2     -0.34262073E-02     -0.75282032E-03
      63    3     -0.53206520E-02     -0.34804840E-02
      63    4      0.23757463E-02      0.16071283E-02
      63    5     -0.17668977E-02     -0.10451680E-02
      63    6      0.14252476E-02      0.93067131E-03
      63    7      0.21442137E-02      0.10353631E-02
      63    8     -0.15394517E-02     -0.78869633E-03
      64    1      0.78488962E-02      0.82853234E-03
      64    2     -0.10815014E-02     -0.20719482E-03
      64    3     -0.70031852E-03     -0.51622083E-03
      64    4     -0.34114203E-02     -0.21762570E-02
      64    5      0.61680289E-03      0.37184533E-03
      64    6      0.24090388E-03      0.11568089E-03
      64    7      0.58929620E-03      0.24418852E-03
      64    8     -0.34854189E-03     -0.14179936E-03
      65    1     -0.10824819E-01     -0.70060580E-03
      65    2     -0.12873699E-01     -0.19380622E-02
      65    3      0.34600990E-03      0.79861270E-04
      65    4     -0.12746881E-02     -0.81329628E-03
      65    5     -0.35072768E-02     -0.20553646E-02
      65    6     -0.10130782E-03     -0.72043270E-04
      65    7     -0.35103979E-02     -0.15942814E-02
      65    8      0.23083248E-02      0.10671403E-02
      66    1      0.30754044E-01      0.52045547E-03
      66    2     -0.37378720E-01     -0.41821869E-02
      66    3     -0.26625204E-01     -0.63004765E-02
      66    4      0.87594979E-02      0.21996902E-02
      66    5      0.26386973E-02      0.69124387E-03
      66    6     -0.11260834E-01     -0.30028423E-02
      66    7     -0.13762361E-02     -0.45934994E-03
      66    8      0.11628607E-02      0.49254151E-03
      67    1      0.85844852E+00     -0.15540323E-01
      67    2      0.67675740E-01      0.42920643E-02
      67    3     -0.22898028E-01     -0.31912999E-02
      67    4      0.39785878E-02      0.65844156E-03
      67    5      0.14926955E-02      0.33436941E-03
      67    6      0.85919389E-02      0.19263033E-02
      67    7     -0.21745023E-02     -0.66656415E-03
      67    8      0.16004970E-02      0.65726984E-03
      68    1     -0.48523911E+00      0.13519426E-01
      68    2      0.45541293E-01      0.41195412E-02
      68    3      0.26560990E-01      0.45581808E-02
      68    4     -0.10346944E-01     -0.21826679E-02
      68    5     -0.60434695E-02     -0.14053656E-02
      68    6     -0.86395316E-02     -0.19778884E-02
      68    7      0.32536890E-02      0.14027529E-02
      68    8     -0.17983013E-02     -0.66751710E-03
      69    1      0.68434579E-01     -0.46557241E-02
      69    2      0.41507081E-01      0.16739809E-02
      69    3     -0.12903326E-01     -0.23123069E-02
      69    4      0.32300907E-02      0.63845132E-03
      69    5     -0.31425220E-02     -0.67366062E-03
      69    6      0.35978456E-02      0.78226506E-03
      69    7     -0.73791434E-03     -0.26191296E-03
      69    8      0.45258737E-03      0.11535952E-03
      70    1      0.78217057E-01     -0.58601842E-02
      70    2     -0.14617723E-01     -0.65236910E-03
      70    3     -0.24935652E-01     -0.44289738E-02
      70    4      0.12503021E-01      0.24712771E-02
      70    5     -0.33299293E-03     -0.72793425E-04
      70    6      0.44780286E-02      0.95530490E-03
      70    7     -0.17786370E-02     -0.74360736E-03
      70    8      0.70999147E-03      0.26917557E-03

       **************


       ! The    3 -th eigen state. The transition energy is:        0.19268401

     The two digitals below indicate the importance of doing beyong TDA:

     Components: X       1.00183;    Y      -0.00183

     In the occ-virt project subspace the total Fxy is:

     X       0.99987;    Y      -0.00099    total       0.99887  /      1.00000

     The Chi_i_i is     Total          1               2               3

                     0.60649390E-01    0.28029618E-01    0.72071989E-02    0.25412573E-01

     Now is the components analysis of this transition.

     First we print out only the principle components.

     occ     virt       FX              FY

      66    1        0.10733        0.00714
      69    1       -0.79036        0.01415
      70    1        0.56376       -0.01473
      70    2        0.17242        0.01374

     Now for all the calculated particle and hole pairs :

     occ     virt       FX              FY

      61    1     -0.94908822E-03     -0.26549915E-03
      61    2     -0.16701805E-02     -0.94883434E-03
      61    3      0.12712147E-02      0.74566133E-03
      61    4     -0.18243801E-03     -0.12058079E-03
      61    5     -0.40458142E-03     -0.22098104E-03
      61    6     -0.46251056E-03     -0.28447447E-03
      61    7      0.15559138E-03      0.86024712E-04
      61    8     -0.83111621E-04     -0.42183043E-04
      62    1     -0.16471106E-01     -0.40096959E-02
      62    2      0.70150316E-02      0.21570706E-02
      62    3      0.25755799E-03      0.75298185E-04
      62    4     -0.12581540E-02     -0.75771752E-03
      62    5     -0.40246416E-03     -0.23550004E-03
      62    6      0.40819487E-02      0.24168844E-02
      62    7     -0.11667333E-03     -0.94725251E-04
      62    8      0.79248658E-04      0.59187110E-04
      63    1      0.87365239E-02      0.18351213E-02
      63    2     -0.24594663E-02     -0.69079033E-03
      63    3      0.22935277E-03      0.17382585E-03
      63    4      0.52220791E-03      0.26901894E-03
      63    5     -0.23763762E-02     -0.14010667E-02
      63    6     -0.89196985E-03     -0.54396777E-03
      63    7      0.68045460E-03      0.32219146E-03
      63    8     -0.47968673E-03     -0.23105981E-03
      64    1     -0.35995808E-02     -0.55773457E-03
      64    2      0.33077885E-02      0.76716039E-03
      64    3     -0.46458414E-04      0.73113038E-04
      64    4      0.76566133E-03      0.51755892E-03
      64    5      0.74611775E-03      0.42753307E-03
      64    6     -0.11626605E-02     -0.68861792E-03
      64    7      0.56491236E-04      0.68452537E-05
      64    8     -0.14936424E-03     -0.69504767E-04
      65    1     -0.95406782E-02     -0.10890845E-02
      65    2     -0.37546419E-02     -0.73426194E-03
      65    3      0.77273304E-03      0.22613217E-03
      65    4      0.61017168E-04      0.42503152E-04
      65    5     -0.42369025E-02     -0.24636445E-02
      65    6     -0.92879210E-03     -0.54902891E-03
      65    7     -0.98018179E-03     -0.40325906E-03
      65    8      0.77300807E-03      0.33993318E-03
      66    1      0.10733161E+00      0.71395437E-02
      66    2     -0.16823458E-01     -0.28340273E-02
      66    3      0.69059142E-02      0.21889698E-02
      66    4     -0.45979816E-02     -0.13957661E-02
      66    5     -0.87854300E-03     -0.28288539E-03
      66    6      0.28090165E-01      0.87185389E-02
      66    7     -0.38135777E-03     -0.17589801E-03
      66    8      0.41146611E-05     -0.35249623E-04
      67    1     -0.41489007E-01     -0.12850410E-02
      67    2     -0.81244287E-02     -0.99536166E-03
      67    3     -0.64777521E-02     -0.17959889E-02
      67    4      0.16177802E-02      0.45979755E-03
      67    5      0.10985009E-02      0.31938302E-03
      67    6     -0.86872391E-02     -0.25284346E-02
      67    7     -0.88387901E-03     -0.39075392E-03
      67    8     -0.59289648E-03     -0.30177817E-03
      68    1     -0.94619366E-01     -0.20285450E-02
      68    2      0.25816793E-01      0.33109819E-02
      68    3     -0.24752051E-02     -0.85797471E-03
      68    4     -0.20425439E-02     -0.52266079E-03
      68    5     -0.59270585E-02     -0.16681201E-02
      68    6      0.71712189E-02      0.20813066E-02
      68    7      0.91587227E-03      0.32200530E-03
      68    8     -0.88561474E-03     -0.39563477E-03
      69    1     -0.79036231E+00      0.14148262E-01
      69    2     -0.27346654E-01     -0.11851474E-02
      69    3     -0.20390524E-01     -0.66401220E-02
      69    4      0.13097916E-01      0.35464698E-02
      69    5      0.21819532E-02      0.61941217E-03
      69    6      0.57114352E-02      0.17279837E-02
      69    7     -0.13333542E-02     -0.59884919E-03
      69    8      0.41481029E-03      0.21670008E-03
      70    1      0.56375591E+00     -0.14727508E-01
      70    2      0.17242167E+00      0.13742678E-01
      70    3      0.27717811E-01      0.76739987E-02
      70    4     -0.18833906E-01     -0.48253532E-02
      70    5      0.79761485E-03      0.20671401E-03
      70    6     -0.16364319E-01     -0.44474049E-02
      70    7      0.10750920E-02      0.57983971E-03
      70    8     -0.64641040E-04     -0.12545925E-03

       **************


       ! The    4 -th eigen state. The transition energy is:        0.18942157

     The two digitals below indicate the importance of doing beyong TDA:

     Components: X       1.00117;    Y      -0.00117

     In the occ-virt project subspace the total Fxy is:

     X       0.99981;    Y      -0.00057    total       0.99923  /      1.00000

     The Chi_i_i is     Total          1               2               3

                     0.34666613E+00    0.13942858E+00    0.20242822E+00    0.48093278E-02

     Now is the components analysis of this transition.

     First we print out only the principle components.

     occ     virt       FX              FY

      68    1       -0.15577       -0.00465
      69    1       -0.56148        0.00508
      69    2        0.12250        0.01318
      70    1       -0.80167        0.01377

     Now for all the calculated particle and hole pairs :

     occ     virt       FX              FY

      61    1      0.63199037E-03      0.18549524E-03
      61    2     -0.20065773E-02     -0.11219040E-02
      61    3      0.13932314E-02      0.90059273E-03
      61    4     -0.63556261E-03     -0.41706543E-03
      61    5     -0.90425131E-03     -0.58133618E-03
      61    6     -0.19792749E-03     -0.13717960E-03
      61    7     -0.24295176E-03     -0.15424601E-03
      61    8      0.22983072E-03      0.13778203E-03
      62    1      0.83808451E-02      0.21034875E-02
      62    2     -0.29052944E-02     -0.91641184E-03
      62    3     -0.41193692E-03     -0.18222432E-03
      62    4     -0.25251454E-04     -0.70327239E-04
      62    5     -0.23698617E-03     -0.14242300E-03
      62    6     -0.10824290E-02     -0.57463797E-03
      62    7      0.42670525E-04      0.38516084E-04
      62    8     -0.20430244E-04     -0.22059016E-04
      63    1      0.14386328E-01      0.31259310E-02
      63    2      0.32163450E-02      0.90220632E-03
      63    3      0.23903919E-02      0.16948769E-02
      63    4     -0.15950962E-02     -0.10912305E-02
      63    5     -0.36118931E-02     -0.21347272E-02
      63    6     -0.55033068E-03     -0.40488232E-03
      63    7     -0.64966286E-03     -0.42184368E-03
      63    8      0.57417780E-03      0.37066027E-03
      64    1     -0.74511173E-03     -0.12348449E-03
      64    2      0.21645305E-02      0.51722503E-03
      64    3      0.56925512E-03      0.34215452E-03
      64    4      0.12738407E-02      0.87774381E-03
      64    5      0.97945520E-03      0.57559163E-03
      64    6      0.75613722E-03      0.46386192E-03
      64    7     -0.17495654E-03     -0.11122501E-03
      64    8      0.79955447E-04      0.47927977E-04
      65    1     -0.23778216E-02     -0.28830754E-03
      65    2     -0.24231388E-02     -0.49766269E-03
      65    3      0.77083200E-03      0.24420927E-03
      65    4      0.42287762E-03      0.30737839E-03
      65    5     -0.66046659E-02     -0.39045317E-02
      65    6      0.20108101E-04      0.18471540E-04
      65    7      0.99662415E-03      0.63972101E-03
      65    8     -0.64281528E-03     -0.40959711E-03
      66    1     -0.98479741E-02     -0.72848298E-03
      66    2      0.79324421E-02      0.13381685E-02
      66    3      0.53547977E-02      0.15471576E-02
      66    4      0.97765535E-03      0.29822161E-03
      66    5      0.18304474E-02      0.57939603E-03
      66    6     -0.11375832E-01     -0.36273698E-02
      66    7      0.39745659E-03      0.22536656E-03
      66    8     -0.33658507E-03     -0.17993468E-03
      67    1      0.25124569E-01      0.10064473E-02
      67    2     -0.26532917E-02     -0.40989743E-03
      67    3      0.44010827E-02      0.12530660E-02
      67    4     -0.43554960E-02     -0.12492497E-02
      67    5      0.45285455E-03      0.13106588E-03
      67    6      0.25041252E-02      0.74425750E-03
      67    7      0.58884486E-03      0.25090488E-03
      67    8     -0.39292957E-03     -0.24289041E-03
      68    1     -0.15576754E+00     -0.46531478E-02
      68    2      0.15140325E-01      0.22306450E-02
      68    3     -0.20199857E-01     -0.57248916E-02
      68    4      0.86418528E-02      0.24661324E-02
      68    5     -0.78425086E-02     -0.22671669E-02
      68    6      0.50150095E-03      0.19020065E-03
      68    7     -0.97508876E-03     -0.59320769E-03
      68    8      0.42434154E-03      0.23548568E-03
      69    1     -0.56147931E+00      0.50796289E-02
      69    2      0.12250313E+00      0.13175431E-01
      69    3      0.52986713E-02     -0.62946643E-04
      69    4     -0.44111567E-02     -0.94567658E-03
      69    5      0.63484941E-02      0.17812480E-02
      69    6     -0.31095697E-02     -0.71370032E-03
      69    7      0.17818358E-03      0.12444580E-03
      69    8     -0.17167754E-03     -0.11499203E-03
      70    1     -0.80166913E+00      0.13771990E-01
      70    2     -0.18232992E-02      0.11830109E-02
      70    3     -0.13137447E-01     -0.50378677E-02
      70    4      0.59290136E-02      0.17834420E-02
      70    5      0.59885919E-02      0.16484276E-02
      70    6      0.92533110E-02      0.27109300E-02
      70    7     -0.67486271E-03     -0.31264509E-03
      70    8      0.11834897E-04      0.17432194E-04

       **************


       ! The    5 -th eigen state. The transition energy is:        0.23349753

     The two digitals below indicate the importance of doing beyong TDA:

     Components: X       1.00180;    Y      -0.00180

     In the occ-virt project subspace the total Fxy is:

     X       0.99882;    Y      -0.00087    total       0.99794  /      1.00000

     The Chi_i_i is     Total          1               2               3

                     0.34643422E-01    0.73732209E-02    0.24229267E-01    0.30409339E-02

     Now is the components analysis of this transition.

     First we print out only the principle components.

     occ     virt       FX              FY

      66    1       -0.58651        0.01775
      66    2       -0.14148       -0.00827
      69    2       -0.29876        0.00118
      70    2        0.72047       -0.00746

     Now for all the calculated particle and hole pairs :

     occ     virt       FX              FY

      61    1      0.14103680E-01      0.27257914E-02
      61    2      0.91019454E-03      0.42828257E-03
      61    3     -0.25359298E-03     -0.11275953E-03
      61    4     -0.37400866E-03     -0.14403026E-03
      61    5      0.20531656E-03      0.85526563E-04
      61    6      0.15848147E-03      0.62944718E-04
      61    7      0.29344085E-04      0.23359866E-04
      61    8      0.10135502E-03      0.50273141E-04
      62    1     -0.23481893E-01     -0.35548396E-02
      62    2      0.39516770E-02      0.88056390E-03
      62    3     -0.37495060E-02     -0.17840035E-02
      62    4      0.14960522E-02      0.65595063E-03
      62    5      0.64698681E-03      0.31592097E-03
      62    6     -0.66675082E-02     -0.32206873E-02
      62    7     -0.26135171E-03     -0.11138528E-03
      62    8      0.19221817E-03      0.89154675E-04
      63    1      0.39863931E-01      0.46362061E-02
      63    2     -0.52876921E-02     -0.10317579E-02
      63    3      0.23670610E-02      0.11344593E-02
      63    4     -0.22534572E-02     -0.10103019E-02
      63    5      0.67192281E-03      0.34163297E-03
      63    6      0.47612991E-03      0.20467151E-03
      63    7     -0.36086663E-03     -0.13845096E-03
      63    8      0.19231093E-03      0.65793029E-04
      64    1      0.92990719E-03      0.37885332E-04
      64    2      0.10685024E-01      0.14729383E-02
      64    3      0.35197068E-02      0.16623403E-02
      64    4      0.15789088E-02      0.77144854E-03
      64    5     -0.54315485E-03     -0.27353022E-03
      64    6      0.21293410E-02      0.10404178E-02
      64    7     -0.32699472E-03     -0.16642758E-03
      64    8      0.21254577E-03      0.97453026E-04
      65    1      0.17994330E-01      0.32315238E-03
      65    2      0.16053213E-01      0.16622348E-02
      65    3      0.10416210E-02      0.25997510E-03
      65    4      0.21563261E-03      0.87133631E-04
      65    5      0.17980016E-02      0.87990446E-03
      65    6      0.11102490E-02      0.53125566E-03
      65    7      0.84523002E-03      0.30815222E-03
      65    8     -0.41913609E-03     -0.12582252E-03
      66    1     -0.58650864E+00      0.17750859E-01
      66    2     -0.14148431E+00     -0.82731497E-02
      66    3      0.36938871E-02     -0.40100188E-03
      66    4      0.11663466E-01      0.25786921E-02
      66    5      0.96860331E-03      0.21478780E-03
      66    6     -0.42988006E-01     -0.94199331E-02
      66    7      0.11265314E-02      0.51710407E-03
      66    8     -0.84996527E-03     -0.42448928E-03
      67    1      0.61456748E-01     -0.40428691E-02
      67    2      0.54691503E-01      0.18258479E-02
      67    3      0.14374676E-01      0.25940186E-02
      67    4     -0.16517375E-01     -0.30955620E-02
      67    5     -0.20793784E-02     -0.40776830E-03
      67    6      0.13793967E-01      0.27700352E-02
      67    7      0.45122493E-03      0.10171090E-03
      67    8     -0.96545834E-03     -0.51984465E-03
      68    1      0.30762622E-01     -0.23282265E-02
      68    2     -0.33675269E-01     -0.94334310E-03
      68    3     -0.23360086E-01     -0.38250586E-02
      68    4      0.17303217E-01      0.31146443E-02
      68    5      0.36792110E-02      0.70598019E-03
      68    6     -0.62316507E-02     -0.12255811E-02
      68    7     -0.11223568E-02     -0.44835704E-03
      68    8      0.44132888E-03      0.89124339E-04
      69    1      0.30603518E-01     -0.28350594E-02
      69    2     -0.29876153E+00      0.11846322E-02
      69    3      0.48241763E-01      0.71848729E-02
      69    4     -0.23065763E-01     -0.36734639E-02
      69    5     -0.32595458E-02     -0.64000395E-03
      69    6     -0.10278825E-01     -0.18283855E-02
      69    7      0.13151330E-02      0.66719519E-03
      69    8     -0.58119934E-03     -0.23687675E-03
      70    1     -0.64028066E-01      0.64224207E-02
      70    2      0.72046624E+00     -0.74602260E-02
      70    3     -0.44730650E-01     -0.67798062E-02
      70    4      0.17178413E-01      0.26869679E-02
      70    5     -0.10687492E-02      0.25941409E-05
      70    6      0.23699378E-01      0.40934548E-02
      70    7     -0.10202641E-02     -0.67011731E-03
      70    8      0.50302357E-03      0.28876779E-03

       **************

     Now generate the eigenvalues list...
     Now generate the spectrum plot file...
     Finished linear response calculation...

     lr_dav_main  :   1011.72s CPU   1091.02s WALL (       1 calls)
     read_wf      :      0.62s CPU      0.79s WALL (       1 calls)
     lr_solve_e   :     46.96s CPU     52.03s WALL (       1 calls)
     calc_residue :     21.39s CPU     21.48s WALL (       5 calls)
     expan_basis  :     44.98s CPU     45.16s WALL (       4 calls)
     matrix       :      0.01s CPU      0.05s WALL (       5 calls)
     mGS_orth     :     32.63s CPU     32.72s WALL (      12 calls)
     mGS_orth_pp  :      5.66s CPU      5.69s WALL (      12 calls)
     one_step     :    637.35s CPU    693.41s WALL (       5 calls)

     lr_apply     :    619.76s CPU    675.52s WALL (     112 calls)
     lr_apply_int :    598.71s CPU    651.09s WALL (      56 calls)
     lr_apply_no  :     21.04s CPU     24.43s WALL (      56 calls)

     h_psi        :     63.05s CPU     74.33s WALL (     228 calls)
     lr_calc_dens :     69.44s CPU     82.85s WALL (      66 calls)
     lr_dvpsi_e   :     46.95s CPU     51.96s WALL (       3 calls)
     lr_dv_setup  :      0.37s CPU      0.51s WALL (       1 calls)
     dv_of_drho   :     31.50s CPU     35.60s WALL (      56 calls)
     interaction  :     13.10s CPU     14.68s WALL (      56 calls)
     lr_dot       :     27.94s CPU     28.10s WALL (    8115 calls)
     ortho        :      3.16s CPU      3.23s WALL (     118 calls)
     lr_ortho     :      1.35s CPU      1.37s WALL (      56 calls)


     US routines
     s_psi        :     19.20s CPU     19.22s WALL (     947 calls)
     lr_apply_s   :     36.57s CPU     36.77s WALL (     599 calls)
     lr_dot_us    :     35.81s CPU     35.97s WALL (     543 calls)
     lr_sm1_initi :      0.23s CPU      0.24s WALL (       3 calls)
     lr_sm1_psi   :      6.25s CPU      6.27s WALL (     115 calls)

     General routines
     calbec       :     35.18s CPU     35.53s WALL (    1143 calls)
     fft          :     41.36s CPU     46.63s WALL (     817 calls)
     ffts         :      1.88s CPU      2.56s WALL (     123 calls)
     fftw         :     65.58s CPU     79.18s WALL (   17467 calls)
     interpolate  :      6.28s CPU      7.84s WALL (     123 calls)
     davcio       :      0.00s CPU      0.08s WALL (       5 calls)

     Parallel routines
     fft_scatter  :     74.85s CPU     92.03s WALL (   18407 calls)


     Environ routines

     turboTDDFT   :  16m51.72s CPU  18m11.03s WALL


   This run was terminated on:  15: 9: 3  16Mar2024

=------------------------------------------------------------------------------=
   JOB DONE.
=------------------------------------------------------------------------------=
