
     Program turboTDDFT v.7.2 starts on 28Feb2024 at 10:48:47

     This program is part of the open-source Quantum ESPRESSO suite
     for quantum simulation of materials; please cite
         "P. Giannozzi et al., J. Phys.:Condens. Matter 21 395502 (2009);
         "P. Giannozzi et al., J. Phys.:Condens. Matter 29 465901 (2017);
         "P. Giannozzi et al., J. Chem. Phys. 152 154105 (2020);
          URL http://www.quantum-espresso.org",
     in publications or presentations arising from this work. More details at
     http://www.quantum-espresso.org/quote

     Parallel version (MPI), running on   120 processors

     MPI processes distributed on     1 nodes
     R & G space division:  proc/nbgrp/npool/nimage =     120
     453876 MiB available memory on the printing compute node when the environment starts


     Reading xml data from directory:

     ./outdir/4amp15pbeiso.save/

     IMPORTANT: XC functional enforced from input :
     Exchange-correlation= PBE
                           (   1   4   3   4   0   0   0)
     Any further DFT definition will be discarded
     Please, verify this is what you really want


     Parallelization info
     --------------------
     sticks:   dense  smooth     PW     G-vecs:    dense   smooth      PW
     Min        1288     514    127               196556    49718    6211
     Max        1290     516    130               196570    49732    6218
     Sum      154717   61901  15477             23587401  5967365  745749

     Using Slab Decomposition


     negative rho (up, down):  1.102E-02 0.000E+00
     Reading collected, re-writing distributed wavefunctions
 Symmetries are disabled for the gamma_only case

     Reading input from environ.in:
     * using full solvent mode
     * setting boundary derivatives method to SCCS default


     add environment contribution to local potential
     Polarization accuracy = 5.7E-16, # of iterations =  55

     the potential shift due to the Gaussian-smeared nuclei is    -0.0239 ev
     Subspace diagonalization in iterative solution of the eigenvalue problem:
     a serial algorithm will be used


     ================================================================================

                                  Environ Setup Summary

     ================================================================================

     Please cite

          O. Andreussi, I. Dabo and N. Marzari, J. Chem. Phys. 136, 064102 (2012)
          I. Timrov, O. Andreussi, A. Biancardi, N. Marzari, and S. Baroni, J. Chem. Phys. 142, 034111 (2015)

     in publications or presentations arising from this work.

     ================================================================================

     Parameters
     ==========

     compensation onset threshold      =               0.1000E+01
     static permittivity               =                    36.71
     optical permittivity              =                  36.7100
     surface tension in input (dyn/cm) =                    46.30
     surface tension in internal units =               0.5948E-04
     external pressure in input (GPa)  =                    -0.50
     external pressure in inter. units =              -0.3399E-04

     Solvent Boundary
     ================

     solvent mode                      =                     full
     derivatives method                =                    chain
     numerical core for derivatives    =                      fft
     switching function adopted        =                     SCCS
     density limit for vacuum region   =               0.5000E-02
     density limit for bulk solvent    =               0.1000E-03

     Electrostatic Setup
     ===================

     electrostatic problem to solve    =              generalized
     numerical solver adopted          =                       cg
     type of auxiliary density adopted =                     none
     numerical core for poisson        =                      fft

     ================================================================================

     Allocating    10 extra bands for projection

     =-----------------------------------------------------------------=

     Please cite the TDDFPT project as:
       X. Ge, S. J. Binnie, D. Rocca, R. Gebauer, and S. Baroni,
       Comput. Phys. Commun. 185, 2080 (2014)
     in publications and presentations arising from this work.

     =-----------------------------------------------------------------=

     Ultrasoft (Vanderbilt) Pseudopotentials

     Virt read

     Gamma point algorithm
     Num of eigen values=              8
     Allocating parameters for davidson ...

     Estimating the RAM requirements:
          For the basis sets:      478037.11     M
          For the eigenvectors:       12747.66     M
          Num_eign =    8     Num_basis_max =  300
          Reference =  0.28  Ry
     Do make sure that you have enough RAM.

     poor_of_ram is set to .false.. This means that you would like to increase the speed of
     your calculation with USPP by paying double memory.
     Switch it to .true. if you need to save memory.

     poor_of_ram2 is set to .false.. This means that you would like to increase the speed
     by storing the D_basis and C_basis vectors which will cause three time of the memory cost.
     Switch it to .true. if you need to save memory.

     Finished allocating parameters.
     Initiating variables for davidson ...
     Lowest energy electron-hole pairs are used as initial vectors ...
     Calculating the electron-hole pairs for initiating trial vectors ...

              1        63         1           0.280139954017
              2        65         2           0.275558142848
              3        64         2           0.295465423021
              4        70         3           0.296032472072
              5        69         3           0.298930358310
              6        62         1           0.301781435147
              7        70         4           0.305644846599
              8        69         4           0.308542732837
              9        68         3           0.313941178669
             10        70         5           0.315452788210
             11        66         2           0.252909444044
             12        70         6           0.317769002525
             13        67         3           0.317998708333
             14        69         5           0.318350674448
             15        69         6           0.320666888763
             16        64         1           0.248067057120
             17        68         4           0.323553553196
             18        63         2           0.327538319917
             19        67         4           0.327611082860
             20        61         1           0.330593252195
             21        67         2           0.237918475860
             22        66         3           0.332989676517
             23        68         5           0.333361494807
             24        68         6           0.335677709122
             25        68         2           0.233860946196
             26        67         5           0.337419024471
             27        67         6           0.339735238786
             28        65         1           0.228159776948
             29        66         4           0.342602051044
             30        62         2           0.349179801048
             31        69         2           0.218850125837
             32        66         5           0.352409992655
             33        70         2           0.215952239599
             34        66         6           0.354726206970
             35        65         3           0.355638375322
             36        70         7           0.364349169198
             37        66         1           0.205511078144
             38        65         4           0.365250749849
             39        69         7           0.367247055436
             40        70         8           0.371653497840
             41        69         8           0.374551384078
             42        65         5           0.375058691460
             43        64         3           0.375545655494
             44        65         6           0.377374905774
             45        61         2           0.377991618095
             46        67         1           0.190520109959
             47        68         7           0.382257875795
             48        68         1           0.186462580296
             49        64         4           0.385158030021
             50        67         7           0.386315405459
             51        68         8           0.389562204437
             52        67         8           0.393619734100
             53        64         5           0.394965971632
             54        64         6           0.397282185947
             55        69         1           0.171451759937
             56        66         7           0.401306373643
             57        70         1           0.168553873699
             58        63         3           0.407618552391
             59        66         8           0.408610702285
             60        63         4           0.417230926918
             61        65         7           0.423955072448
             62        63         5           0.427038868529
             63        62         3           0.429260033521
             64        63         6           0.429355082843
             65        65         8           0.431259401089
             66        62         4           0.438872408048
             67        64         7           0.443862352620
             68        62         5           0.448680349659
             69        62         6           0.450996563974
             70        64         8           0.451166681261
             71        61         3           0.458071850568
             72        61         4           0.467684225095
             73        63         7           0.475935249517
             74        61         5           0.477492166706
             75        61         6           0.479808381021
             76        63         8           0.483239578158
             77        62         7           0.497576730647
             78        62         8           0.504881059288
             79        61         7           0.526388547694
             80        61         8           0.533692876336
     Finished calculating the cv couples.
     Finished initiating.

     Precondition is used in the algorithm,

     total cpu time spent up to now is       94.6 secs

       ==============================

       Davidson iteration:        1
       num of basis:   40   total built basis:   40
     Polarization accuracy = 4.3E-16, # of iterations =  53
     Polarization accuracy = 4.7E-16, # of iterations =  53
     Polarization accuracy = 6.7E-16, # of iterations =  52
     Polarization accuracy = 5.9E-16, # of iterations =  53
     Polarization accuracy = 8.5E-16, # of iterations =  52
     Polarization accuracy = 5.4E-16, # of iterations =  54
     Polarization accuracy = 9.8E-16, # of iterations =  52
     Polarization accuracy = 7.3E-16, # of iterations =  51
     Polarization accuracy = 4.7E-16, # of iterations =  54
     Polarization accuracy = 9.1E-16, # of iterations =  52
     Polarization accuracy = 5.8E-16, # of iterations =  53
     Polarization accuracy = 7.3E-16, # of iterations =  55
     Polarization accuracy = 4.9E-16, # of iterations =  52
     Polarization accuracy = 4.9E-16, # of iterations =  54
     Polarization accuracy = 5.6E-16, # of iterations =  54
     Polarization accuracy = 9.2E-16, # of iterations =  53
     Polarization accuracy = 5.7E-16, # of iterations =  54
     Polarization accuracy = 7.2E-16, # of iterations =  53
     Polarization accuracy = 7.8E-16, # of iterations =  51
     Polarization accuracy = 6.6E-16, # of iterations =  51
     Polarization accuracy = 8.1E-16, # of iterations =  51
     Polarization accuracy = 7.8E-16, # of iterations =  54
     Polarization accuracy = 8.2E-16, # of iterations =  53
     Polarization accuracy = 4.8E-16, # of iterations =  51
     Polarization accuracy = 4.9E-16, # of iterations =  53
     Polarization accuracy = 4.0E-16, # of iterations =  48
     Polarization accuracy = 6.5E-16, # of iterations =  51
     Polarization accuracy = 6.2E-16, # of iterations =  52
     Polarization accuracy = 7.8E-16, # of iterations =  52
     Polarization accuracy = 6.3E-16, # of iterations =  50
     Polarization accuracy = 5.4E-16, # of iterations =  53
     Polarization accuracy = 6.9E-16, # of iterations =  48
     Polarization accuracy = 9.2E-16, # of iterations =  53
     Polarization accuracy = 6.4E-16, # of iterations =  54
     Polarization accuracy = 4.8E-16, # of iterations =  52
     Polarization accuracy = 7.3E-16, # of iterations =  50
     Polarization accuracy = 7.5E-16, # of iterations =  55
     Polarization accuracy = 7.6E-16, # of iterations =  51
     Polarization accuracy = 4.9E-16, # of iterations =  49
     Polarization accuracy = 8.7E-16, # of iterations =  48
        40     Transition energy    1  :                  0.2810366584
        40     Transition energy    2  :                  0.2923532411
        40     Transition energy    3  :                  0.2732270334
        40     Transition energy    4  :                  0.2629751645
        40     Transition energy    5  :                  0.3125619966
        40     Transition energy    6  :                  0.3152372603
        40     Transition energy    7  :                  0.2532987012
        40     Transition energy    8  :                  0.3170797330
     Residue(Squared modulus):    1        0.0600354      0.0001944
     Residue(Squared modulus):    2        0.0758620      0.0001566
     Residue(Squared modulus):    3        0.0682658      0.0000388
     Residue(Squared modulus):    4        0.0849959      0.0000296
     Residue(Squared modulus):    5        0.0561692      0.0001682
     Residue(Squared modulus):    6        0.0226501      0.0000471
     Residue(Squared modulus):    7        0.0082436      0.0000566
     Residue(Squared modulus):    8        0.0136401      0.0000456
       Largest residue:           0.084995894369

     total cpu time spent up to now is      735.6 secs

       ==============================

       Davidson iteration:        2
       num of basis:   48   total built basis:   48
     Polarization accuracy = 4.3E-16, # of iterations =  54
     Polarization accuracy = 8.5E-16, # of iterations =  53
     Polarization accuracy = 4.1E-16, # of iterations =  55
     Polarization accuracy = 4.4E-16, # of iterations =  54
     Polarization accuracy = 5.4E-16, # of iterations =  54
     Polarization accuracy = 6.6E-16, # of iterations =  53
     Polarization accuracy = 3.2E-16, # of iterations =  55
     Polarization accuracy = 5.4E-16, # of iterations =  53
        48     Transition energy    1  :                  0.2814970001
        48     Transition energy    2  :                  0.2730954162
        48     Transition energy    3  :                  0.3051924344
        48     Transition energy    4  :                  0.2635586240
        48     Transition energy    5  :                  0.3115537233
        48     Transition energy    6  :                  0.3154041984
        48     Transition energy    7  :                  0.2525618663
        48     Transition energy    8  :                  0.3181968370
     Residue(Squared modulus):    1        0.0124988      0.0005074
     Residue(Squared modulus):    2        0.0058953      0.0004579
     Residue(Squared modulus):    3        0.0077515      0.0005432
     Residue(Squared modulus):    4        0.0095289      0.0004162
     Residue(Squared modulus):    5        0.0059026      0.0002513
     Residue(Squared modulus):    6        0.0038909      0.0001986
     Residue(Squared modulus):    7        0.0025813      0.0001175
     Residue(Squared modulus):    8        0.0291266      0.0003598
       Largest residue:           0.029126622330

     total cpu time spent up to now is      908.0 secs

       ==============================

       Davidson iteration:        3
       num of basis:   58   total built basis:   58
     Polarization accuracy = 7.4E-16, # of iterations =  52
     Polarization accuracy = 9.2E-16, # of iterations =  53
     Polarization accuracy = 3.9E-16, # of iterations =  55
     Polarization accuracy = 9.3E-16, # of iterations =  53
     Polarization accuracy = 7.2E-16, # of iterations =  54
     Polarization accuracy = 7.2E-16, # of iterations =  55
     Polarization accuracy = 9.2E-16, # of iterations =  54
     Polarization accuracy = 4.5E-16, # of iterations =  55
     Polarization accuracy = 9.1E-16, # of iterations =  54
     Polarization accuracy = 5.0E-16, # of iterations =  55
        58     Transition energy    1  :                  0.2796169509
        58     Transition energy    2  :                  0.2720069055
        58     Transition energy    3  :                  0.3037111606
        58     Transition energy    4  :                  0.2620824218
        58     Transition energy    5  :                  0.3098953634
        58     Transition energy    6  :                  0.3135815341
        58     Transition energy    7  :                  0.3155586463
        58     Transition energy    8  :                  0.2522865344
     Residue(Squared modulus):    1        0.0032657      0.0002618
     Residue(Squared modulus):    2        0.0023291      0.0004272
     Residue(Squared modulus):    3        0.0031308      0.0004129
     Residue(Squared modulus):    4        0.0035529      0.0003933
     Residue(Squared modulus):    5        0.0046273      0.0004356
     Residue(Squared modulus):    6        0.0047655      0.0003587
     Residue(Squared modulus):    7        0.0016358      0.0001715
     Residue(Squared modulus):    8        0.0005866      0.0000971
       Largest residue:           0.004765455412

     total cpu time spent up to now is     1106.4 secs

       ==============================

       Davidson iteration:        4
       num of basis:   66   total built basis:   66
     Polarization accuracy = 8.4E-16, # of iterations =  54
     Polarization accuracy = 7.7E-16, # of iterations =  54
     Polarization accuracy = 9.1E-16, # of iterations =  54
     Polarization accuracy = 4.3E-16, # of iterations =  55
     Polarization accuracy = 7.6E-16, # of iterations =  54
     Polarization accuracy = 6.5E-16, # of iterations =  55
     Polarization accuracy = 3.2E-16, # of iterations =  55
     Polarization accuracy = 7.1E-16, # of iterations =  54
        66     Transition energy    1  :                  0.2789795967
        66     Transition energy    2  :                  0.2715083223
        66     Transition energy    3  :                  0.3031851949
        66     Transition energy    4  :                  0.2614472017
        66     Transition energy    5  :                  0.3091112666
        66     Transition energy    6  :                  0.3128838534
        66     Transition energy    7  :                  0.3152779498
        66     Transition energy    8  :                  0.2521813481
     Residue(Squared modulus):    1        0.0014646      0.0003546
     Residue(Squared modulus):    2        0.0012104      0.0004712
     Residue(Squared modulus):    3        0.0015691      0.0005031
     Residue(Squared modulus):    4        0.0016654      0.0004236
     Residue(Squared modulus):    5        0.0019708      0.0005176
     Residue(Squared modulus):    6        0.0013742      0.0003546
     Residue(Squared modulus):    7        0.0006024      0.0002037
     Residue(Squared modulus):    8        0.0003084      0.0001189
       Largest residue:           0.001970805567

     total cpu time spent up to now is     1282.6 secs

       ==============================

       Davidson iteration:        5
       num of basis:   75   total built basis:   75
     Polarization accuracy = 6.8E-16, # of iterations =  53
     Polarization accuracy = 5.2E-16, # of iterations =  53
     Polarization accuracy = 3.9E-16, # of iterations =  54
     Polarization accuracy = 7.3E-16, # of iterations =  54
     Polarization accuracy = 9.9E-16, # of iterations =  53
     Polarization accuracy = 5.3E-16, # of iterations =  53
     Polarization accuracy = 5.2E-16, # of iterations =  54
     Polarization accuracy = 9.1E-16, # of iterations =  53
     Polarization accuracy = 4.5E-16, # of iterations =  54
        75     Transition energy    1  :                  0.2786160872
        75     Transition energy    2  :                  0.2711760421
        75     Transition energy    3  :                  0.3026482061
        75     Transition energy    4  :                  0.3085157665
        75     Transition energy    5  :                  0.2610304594
        75     Transition energy    6  :                  0.3125534472
        75     Transition energy    7  :                  0.3151039459
        75     Transition energy    8  :                  0.2521469371
     Residue(Squared modulus):    1        0.0009402      0.0004974
     Residue(Squared modulus):    2        0.0006427      0.0005836
     Residue(Squared modulus):    3        0.0011734      0.0005926
     Residue(Squared modulus):    4        0.0009648      0.0003915
     Residue(Squared modulus):    5        0.0009136      0.0005213
     Residue(Squared modulus):    6        0.0006187      0.0003653
     Residue(Squared modulus):    7        0.0004196      0.0003107
     Residue(Squared modulus):    8        0.0002722      0.0001282
       Largest residue:           0.001173369847

     total cpu time spent up to now is     1476.7 secs

       ==============================

       Davidson iteration:        6
       num of basis:   84   total built basis:   84
     Polarization accuracy = 4.9E-16, # of iterations =  53
     Polarization accuracy = 6.6E-16, # of iterations =  51
     Polarization accuracy = 9.1E-16, # of iterations =  52
     Polarization accuracy = 5.5E-16, # of iterations =  52
     Polarization accuracy = 5.9E-16, # of iterations =  54
     Polarization accuracy = 4.7E-16, # of iterations =  53
     Polarization accuracy = 9.5E-16, # of iterations =  52
     Polarization accuracy = 4.8E-16, # of iterations =  53
     Polarization accuracy = 6.6E-16, # of iterations =  53
        84     Transition energy    1  :                  0.2782423599
        84     Transition energy    2  :                  0.2708603354
        84     Transition energy    3  :                  0.3021410156
        84     Transition energy    4  :                  0.3082921566
        84     Transition energy    5  :                  0.2606653733
        84     Transition energy    6  :                  0.3123195763
        84     Transition energy    7  :                  0.3150836962
        84     Transition energy    8  :                  0.2521217692
     Residue(Squared modulus):    1        0.0009314      0.0009325
     Residue(Squared modulus):    2        0.0004192      0.0003293
     Residue(Squared modulus):    3        0.0016227      0.0011865
     Residue(Squared modulus):    4        0.0005019      0.0003848
     Residue(Squared modulus):    5        0.0006869      0.0004010
     Residue(Squared modulus):    6        0.0005490      0.0005486
     Residue(Squared modulus):    7        0.0004251      0.0003319
     Residue(Squared modulus):    8        0.0002492      0.0001353
       Largest residue:           0.001622733785

     total cpu time spent up to now is     1667.7 secs

       ==============================

       Davidson iteration:        7
       num of basis:   92   total built basis:   92
     Polarization accuracy = 7.9E-16, # of iterations =  53
     Polarization accuracy = 4.1E-16, # of iterations =  54
     Polarization accuracy = 4.6E-16, # of iterations =  54
     Polarization accuracy = 7.4E-16, # of iterations =  54
     Polarization accuracy = 7.8E-16, # of iterations =  52
     Polarization accuracy = 4.4E-16, # of iterations =  54
     Polarization accuracy = 6.4E-16, # of iterations =  53
     Polarization accuracy = 8.3E-16, # of iterations =  52
        92     Transition energy    1  :                  0.2772271428
        92     Transition energy    2  :                  0.2708503878
        92     Transition energy    3  :                  0.3009270966
        92     Transition energy    4  :                  0.3081046719
        92     Transition energy    5  :                  0.2604193268
        92     Transition energy    6  :                  0.3116995521
        92     Transition energy    7  :                  0.3150037263
        92     Transition energy    8  :                  0.2520914349
     Residue(Squared modulus):    1        0.0033781      0.0029094
     Residue(Squared modulus):    2        0.0004219      0.0003370
     Residue(Squared modulus):    3        0.0075677      0.0071574
     Residue(Squared modulus):    4        0.0006383      0.0006478
     Residue(Squared modulus):    5        0.0008546      0.0007526
     Residue(Squared modulus):    6        0.0036420      0.0034291
     Residue(Squared modulus):    7        0.0009146      0.0007477
     Residue(Squared modulus):    8        0.0002497      0.0001441
       Largest residue:           0.007567687533

     total cpu time spent up to now is     1874.5 secs

       ==============================

       Davidson iteration:        8
       num of basis:  104   total built basis:  104
     Polarization accuracy = 1.0E-15, # of iterations =  52
     Polarization accuracy = 9.0E-16, # of iterations =  53
     Polarization accuracy = 9.7E-16, # of iterations =  53
     Polarization accuracy = 5.0E-16, # of iterations =  54
     Polarization accuracy = 7.7E-16, # of iterations =  52
     Polarization accuracy = 6.9E-16, # of iterations =  53
     Polarization accuracy = 6.5E-16, # of iterations =  53
     Polarization accuracy = 1.0E-15, # of iterations =  52
     Polarization accuracy = 5.8E-16, # of iterations =  53
     Polarization accuracy = 9.6E-16, # of iterations =  53
     Polarization accuracy = 9.4E-16, # of iterations =  52
     Polarization accuracy = 4.4E-16, # of iterations =  53
       104     Transition energy    1  :                  0.2835002024
       104     Transition energy    2  :                  0.2709180969
       104     Transition energy    3  :                  0.3017763340
       104     Transition energy    4  :                  0.2673703579
       104     Transition energy    5  :                  0.3080876581
       104     Transition energy    6  :                  0.2594732782
       104     Transition energy    7  :                  0.3121933912
       104     Transition energy    8  :                  0.3149808625
     Residue(Squared modulus):    1        0.0344565      0.0321025
     Residue(Squared modulus):    2        0.0013755      0.0013016
     Residue(Squared modulus):    3        0.0155707      0.0153613
     Residue(Squared modulus):    4        0.0555258      0.0548098
     Residue(Squared modulus):    5        0.0004482      0.0004273
     Residue(Squared modulus):    6        0.0082711      0.0078555
     Residue(Squared modulus):    7        0.0059695      0.0059698
     Residue(Squared modulus):    8        0.0021430      0.0021697
       Largest residue:           0.055525822328

     total cpu time spent up to now is     2166.2 secs

       ==============================

       Davidson iteration:        9
       num of basis:  118   total built basis:  118
     Polarization accuracy = 4.5E-16, # of iterations =  54
     Polarization accuracy = 9.2E-16, # of iterations =  52
     Polarization accuracy = 6.3E-16, # of iterations =  51
     Polarization accuracy = 9.1E-16, # of iterations =  53
     Polarization accuracy = 9.1E-16, # of iterations =  54
     Polarization accuracy = 4.4E-16, # of iterations =  53
     Polarization accuracy = 6.8E-16, # of iterations =  53
     Polarization accuracy = 9.6E-16, # of iterations =  52
     Polarization accuracy = 5.6E-16, # of iterations =  53
     Polarization accuracy = 9.4E-16, # of iterations =  52
     Polarization accuracy = 8.9E-16, # of iterations =  53
     Polarization accuracy = 6.6E-16, # of iterations =  53
     Polarization accuracy = 9.9E-16, # of iterations =  52
     Polarization accuracy = 9.0E-16, # of iterations =  53
       118     Transition energy    1  :                  0.2800353665
       118     Transition energy    2  :                  0.2707710513
       118     Transition energy    3  :                  0.3035116923
       118     Transition energy    4  :                  0.2634286225
       118     Transition energy    5  :                  0.3080664490
       118     Transition energy    6  :                  0.3125732500
       118     Transition energy    7  :                  0.2552142575
       118     Transition energy    8  :                  0.3147968194
     Residue(Squared modulus):    1        0.0046403      0.0043606
     Residue(Squared modulus):    2        0.0004966      0.0004791
     Residue(Squared modulus):    3        0.0024207      0.0024440
     Residue(Squared modulus):    4        0.0265976      0.0252729
     Residue(Squared modulus):    5        0.0002144      0.0001751
     Residue(Squared modulus):    6        0.0005724      0.0005436
     Residue(Squared modulus):    7        0.0486211      0.0483815
     Residue(Squared modulus):    8        0.0008289      0.0007456
       Largest residue:           0.048621137917

     total cpu time spent up to now is     2480.7 secs

       ==============================

       Davidson iteration:       10
       num of basis:  130   total built basis:  130
     Polarization accuracy = 7.8E-16, # of iterations =  53
     Polarization accuracy = 6.5E-16, # of iterations =  52
     Polarization accuracy = 6.4E-16, # of iterations =  53
     Polarization accuracy = 6.6E-16, # of iterations =  52
     Polarization accuracy = 7.3E-16, # of iterations =  53
     Polarization accuracy = 6.0E-16, # of iterations =  52
     Polarization accuracy = 7.0E-16, # of iterations =  52
     Polarization accuracy = 6.4E-16, # of iterations =  52
     Polarization accuracy = 8.4E-16, # of iterations =  53
     Polarization accuracy = 9.9E-16, # of iterations =  52
     Polarization accuracy = 7.0E-16, # of iterations =  52
     Polarization accuracy = 6.5E-16, # of iterations =  53
       130     Transition energy    1  :                  0.2792774429
       130     Transition energy    2  :                  0.2707319636
       130     Transition energy    3  :                  0.3024223965
       130     Transition energy    4  :                  0.3080187239
       130     Transition energy    5  :                  0.2610725111
       130     Transition energy    6  :                  0.3094129129
       130     Transition energy    7  :                  0.3124760673
       130     Transition energy    8  :                  0.3158311121
     Residue(Squared modulus):    1        0.0013990      0.0012094
     Residue(Squared modulus):    2        0.0002713      0.0002310
     Residue(Squared modulus):    3        0.0103473      0.0095393
     Residue(Squared modulus):    4        0.0013304      0.0011398
     Residue(Squared modulus):    5        0.0012886      0.0012848
     Residue(Squared modulus):    6        0.0728752      0.0688265
     Residue(Squared modulus):    7        0.0008819      0.0008091
     Residue(Squared modulus):    8        0.0124318      0.0118003
       Largest residue:           0.072875197405

     total cpu time spent up to now is     2787.9 secs

       ==============================

       Davidson iteration:       11
       num of basis:  144   total built basis:  144
     Polarization accuracy = 7.2E-16, # of iterations =  53
     Polarization accuracy = 6.4E-16, # of iterations =  52
     Polarization accuracy = 6.9E-16, # of iterations =  53
     Polarization accuracy = 8.6E-16, # of iterations =  53
     Polarization accuracy = 7.5E-16, # of iterations =  52
     Polarization accuracy = 4.7E-16, # of iterations =  52
     Polarization accuracy = 4.0E-16, # of iterations =  54
     Polarization accuracy = 4.8E-16, # of iterations =  53
     Polarization accuracy = 9.0E-16, # of iterations =  51
     Polarization accuracy = 3.7E-16, # of iterations =  53
     Polarization accuracy = 6.3E-16, # of iterations =  52
     Polarization accuracy = 1.0E-15, # of iterations =  51
     Polarization accuracy = 4.3E-16, # of iterations =  52
     Polarization accuracy = 6.9E-16, # of iterations =  54
       144     Transition energy    1  :                  0.2792622010
       144     Transition energy    2  :                  0.2708106299
       144     Transition energy    3  :                  0.3019545845
       144     Transition energy    4  :                  0.3031981453
       144     Transition energy    5  :                  0.2651099550
       144     Transition energy    6  :                  0.3079854561
       144     Transition energy    7  :                  0.2600282495
       144     Transition energy    8  :                  0.3124440197
     Residue(Squared modulus):    1        0.0028391      0.0025110
     Residue(Squared modulus):    2        0.0014802      0.0013710
     Residue(Squared modulus):    3        0.1073513      0.1028058
     Residue(Squared modulus):    4        0.0190192      0.0182278
     Residue(Squared modulus):    5        0.0809779      0.0719103
     Residue(Squared modulus):    6        0.0000964      0.0000759
     Residue(Squared modulus):    7        0.0141848      0.0129204
     Residue(Squared modulus):    8        0.0003648      0.0003711
       Largest residue:           0.107351253858

     total cpu time spent up to now is     3116.6 secs

       ==============================

       Davidson iteration:       12
       num of basis:  156   total built basis:  156
     Polarization accuracy = 8.8E-16, # of iterations =  52
     Polarization accuracy = 5.9E-16, # of iterations =  52
     Polarization accuracy = 7.0E-16, # of iterations =  52
     Polarization accuracy = 9.9E-16, # of iterations =  52
     Polarization accuracy = 5.4E-16, # of iterations =  53
     Polarization accuracy = 5.8E-16, # of iterations =  52
     Polarization accuracy = 5.4E-16, # of iterations =  53
     Polarization accuracy = 3.7E-16, # of iterations =  53
     Polarization accuracy = 7.2E-16, # of iterations =  52
     Polarization accuracy = 9.4E-16, # of iterations =  53
     Polarization accuracy = 5.9E-16, # of iterations =  52
     Polarization accuracy = 7.4E-16, # of iterations =  53
       156     Transition energy    1  :                  0.2794181258
       156     Transition energy    2  :                  0.2707176094
       156     Transition energy    3  :                  0.3028653883
       156     Transition energy    4  :                  0.3079811193
       156     Transition energy    5  :                  0.2617803017
       156     Transition energy    6  :                  0.3123937585
       156     Transition energy    7  :                  0.3152039924
       156     Transition energy    8  :                  0.2546805266
     Residue(Squared modulus):    1        0.0007795      0.0006532
     Residue(Squared modulus):    2        0.0001933      0.0001857
     Residue(Squared modulus):    3        0.0002517      0.0002175
     Residue(Squared modulus):    4        0.0000812      0.0000609
     Residue(Squared modulus):    5        0.0068242      0.0061284
     Residue(Squared modulus):    6        0.0000685      0.0000651
     Residue(Squared modulus):    7        0.0003917      0.0003896
     Residue(Squared modulus):    8        0.0345237      0.0325535
       Largest residue:           0.034523719193

     total cpu time spent up to now is     3370.2 secs

       ==============================

       Davidson iteration:       13
       num of basis:  162   total built basis:  162
     Polarization accuracy = 8.9E-16, # of iterations =  53
     Polarization accuracy = 4.8E-16, # of iterations =  53
     Polarization accuracy = 7.8E-16, # of iterations =  53
     Polarization accuracy = 4.3E-16, # of iterations =  53
     Polarization accuracy = 7.1E-16, # of iterations =  53
     Polarization accuracy = 6.4E-16, # of iterations =  53
       162     Transition energy    1  :                  0.2792786695
       162     Transition energy    2  :                  0.2706998846
       162     Transition energy    3  :                  0.3028473664
       162     Transition energy    4  :                  0.3079807688
       162     Transition energy    5  :                  0.2611317526
       162     Transition energy    6  :                  0.3123813305
       162     Transition energy    7  :                  0.3151148016
       162     Transition energy    8  :                  0.2525270982
     Residue(Squared modulus):    1        0.0001905      0.0001257
     Residue(Squared modulus):    2        0.0001049      0.0001032
     Residue(Squared modulus):    3        0.0002339      0.0001951
     Residue(Squared modulus):    4        0.0000819      0.0000609
     Residue(Squared modulus):    5        0.0004044      0.0003485
     Residue(Squared modulus):    6        0.0000499      0.0000418
     Residue(Squared modulus):    7        0.0001883      0.0001874
     Residue(Squared modulus):    8        0.0004848      0.0004522
       Largest residue:           0.000484803818

       ================================================================

       Davidson diagonalization has finished in   13 steps.
          the number of current basis is  162
          the number of total basis built is  162

       Now print out information of eigenstates


     K-S Oscillator strengths
     occ con        R-x              R-y              R-z
      61   1     0.54019812E-01    0.83004018E-02    0.97486052E-01
      61   2     0.22736577E+00   -0.22367984E+00   -0.47648772E-01
      61   3    -0.30257023E-01    0.10612880E+00    0.27310978E+00
      61   4     0.83357887E-01   -0.13229803E+00    0.20701313E+00
      61   5    -0.26654282E-01    0.37947200E+00    0.37432698E+00
      61   6     0.44752118E-01   -0.12979058E-01    0.83472673E-01
      61   7    -0.73918840E-01   -0.96861818E-01    0.58710469E-01
      61   8     0.72164563E-01    0.90797367E-01   -0.96662261E-01
      62   1    -0.71946110E-01    0.50413390E-01   -0.86830866E-01
      62   2     0.29088258E-01   -0.23777038E-01   -0.13983429E-01
      62   3    -0.97070116E-02    0.51144954E-01   -0.21312710E-01
      62   4    -0.20929828E-01   -0.81028786E-01   -0.59706233E-01
      62   5    -0.50971262E-01   -0.77756159E-01   -0.13084525E+00
      62   6     0.34795081E+00    0.23235570E+00    0.93149021E+00
      62   7    -0.39839202E-01   -0.81400098E-02    0.20964998E-01
      62   8    -0.76830621E-01   -0.65246780E-01    0.50945301E-01
      63   1    -0.91406543E-01    0.24056588E+00    0.21099301E+00
      63   2     0.15728322E+00   -0.90803492E-01   -0.15876511E-01
      63   3    -0.14830428E+00    0.10291694E+00    0.35082951E+00
      63   4     0.20334825E+00   -0.20903077E+00    0.52010433E+00
      63   5    -0.31175882E+00   -0.37479875E+00   -0.63523502E+00
      63   6     0.79037300E-05   -0.87280224E-01   -0.58422213E-01
      63   7    -0.13856255E-01   -0.78001220E-02   -0.61496043E-02
      63   8    -0.17067511E-01   -0.57935667E-01    0.12061682E-02
      64   1    -0.16764452E+00    0.13657263E+00   -0.68305938E+00
      64   2    -0.22716841E+00    0.25228603E+00   -0.25700104E+00
      64   3    -0.37364054E+00    0.47008511E+00   -0.56258288E+00
      64   4    -0.63712809E+00    0.89028303E+00    0.61309322E+00
      64   5     0.90027912E-01    0.41906761E-01    0.14706904E+00
      64   6    -0.84557249E-01    0.49006180E-01    0.86110543E-01
      64   7     0.12453633E-01    0.12716501E-01    0.11164020E-01
      64   8     0.44800788E-01    0.79510207E-02   -0.41807309E-01
      65   1     0.56428672E+00   -0.42865947E+00   -0.10577023E+00
      65   2     0.10048649E+01   -0.79895556E+00    0.46288131E-01
      65   3    -0.42209570E+00    0.38421246E+00   -0.15107556E+00
      65   4    -0.65607334E-01    0.13962377E+00    0.15926160E+00
      65   5    -0.30622907E+00   -0.40607006E+00   -0.64129410E+00
      65   6    -0.45458851E-02   -0.50514844E-01   -0.35086512E-01
      65   7     0.17862958E-01    0.22348784E-01    0.62931380E-02
      65   8    -0.38858814E-01    0.13118793E-01    0.18779402E-01
      66   1     0.80924424E+00   -0.94821761E+00    0.35385686E+00
      66   2    -0.73430246E+00    0.82762978E+00   -0.11175032E+00
      66   3    -0.41936279E+00    0.78698783E+00    0.38712032E+00
      66   4     0.56063101E-01   -0.23303502E+00    0.29492636E-01
      66   5     0.28690088E-01   -0.88900164E-02   -0.34643907E-02
      66   6     0.33710955E+00    0.57217595E-01    0.69702400E+00
      66   7    -0.65725121E-01    0.29614797E-01    0.33732381E-01
      66   8    -0.33953914E-01   -0.19321609E-01   -0.11054705E-01
      67   1    -0.48793206E+00    0.60879310E+00    0.74543144E-01
      67   2     0.15010204E+00   -0.37232832E+00   -0.60335308E-01
      67   3     0.73397085E-01   -0.18682920E+00    0.45205889E-01
      67   4     0.91014831E-01   -0.43423303E-01    0.14952351E+00
      67   5     0.35499673E-02    0.28895153E-01    0.29380143E-01
      67   6    -0.13825203E+00    0.70073703E-01   -0.20424050E+00
      67   7    -0.69291178E-01    0.93256092E-01   -0.30918308E-01
      67   8    -0.54601537E-01    0.30781601E-01   -0.89950813E-02
      68   1     0.13287696E+01   -0.14705151E+01   -0.36753221E+00
      68   2     0.75218169E+00   -0.24510602E+00    0.16091849E+00
      68   3    -0.12141255E+00   -0.25044555E+00   -0.64171686E+00
      68   4    -0.93808645E-01    0.14423044E+00   -0.65696602E+00
      68   5     0.22848881E+00   -0.44770411E+00   -0.24468090E+00
      68   6     0.15567696E+00   -0.38651477E-01    0.97638278E-01
      68   7    -0.99614506E-01    0.24966828E-01   -0.98739590E-02
      68   8     0.68335664E-01    0.18751228E-02   -0.23180095E-02
      69   1    -0.24309329E+00    0.72200975E+00    0.76217508E+00
      69   2    -0.21158494E+00    0.52907521E+00    0.28408352E+00
      69   3    -0.28477280E+00   -0.85038334E-01   -0.26605485E+00
      69   4     0.18944668E+00   -0.41727626E-01    0.47173777E+00
      69   5     0.91546162E+00   -0.64816633E+00    0.74961720E-01
      69   6    -0.31418646E+00    0.51448285E+00    0.47387646E-01
      69   7    -0.21797044E-01   -0.68199382E-01   -0.14233657E-01
      69   8    -0.13148487E-01    0.41170423E-01   -0.35684855E-01
      70   1    -0.11129335E+01    0.11224762E+01   -0.20590840E+00
      70   2     0.12225257E+00    0.26261649E+00    0.70983586E+00
      70   3     0.82782688E-01    0.10124376E+00    0.50319399E+00
      70   4    -0.25595978E-01   -0.91438094E-01    0.27728875E-01
      70   5     0.47753861E+00   -0.28932681E+00    0.47798064E-01
      70   6     0.67646626E+00   -0.99428903E+00   -0.51175103E-01
      70   7     0.23579800E-01    0.71324063E-01    0.29029797E-01
      70   8     0.53568535E-01    0.55557460E-01   -0.90732474E-01

       ! The    1 -th eigen state. The transition energy is:        0.27927867

     The two digitals below indicate the importance of doing beyong TDA:

     Components: X       1.00435;    Y      -0.00435

     In the occ-virt project subspace the total Fxy is:

     X       0.99558;    Y      -0.00255    total       0.99303  /      1.00000

     The Chi_i_i is     Total          1               2               3

                     0.42196305E+00    0.17767386E+00    0.21890648E+00    0.25382710E-01

     Now is the components analysis of this transition.

     First we print out only the principle components.

     occ     virt       FX              FY

      63    1       -0.14235       -0.00384
      64    1       -0.21328        0.00666
      66    1        0.30901       -0.03537
      66    2       -0.86780        0.02138
      67    2        0.10275       -0.00543

     Now for all the calculated particle and hole pairs :

     occ     virt       FX              FY

      61    1     -0.10260558E-01     -0.10949645E-02
      61    2     -0.10575885E-02      0.42850366E-04
      61    3     -0.45686361E-02     -0.11445740E-02
      61    4     -0.25866064E-02     -0.64190548E-03
      61    5      0.72693165E-03     -0.99166590E-04
      61    6     -0.49418828E-03     -0.22564983E-03
      61    7     -0.13461685E-03     -0.57496835E-04
      61    8      0.85067802E-04      0.37063088E-04
      62    1      0.80347507E-01      0.50142186E-02
      62    2     -0.21429650E-01     -0.28494638E-02
      62    3      0.27980076E-02      0.93076835E-03
      62    4     -0.78929367E-03     -0.12256781E-03
      62    5     -0.76904690E-03     -0.16822149E-03
      62    6      0.88756445E-02      0.19086875E-02
      62    7      0.11400704E-02      0.34592819E-03
      62    8     -0.69595201E-03     -0.22672071E-03
      63    1     -0.14235128E+00     -0.38354301E-02
      63    2      0.55830180E-02      0.71332339E-03
      63    3     -0.92724234E-02     -0.23863722E-02
      63    4     -0.81103538E-02     -0.16839370E-02
      63    5      0.12638675E-02      0.35010388E-03
      63    6     -0.16184483E-02     -0.39182447E-03
      63    7     -0.86004471E-03     -0.31908265E-03
      63    8      0.77661291E-03      0.25373658E-03
      64    1     -0.21328333E+00      0.66597399E-02
      64    2     -0.26777321E-01     -0.10621680E-02
      64    3      0.99914853E-02      0.10932044E-02
      64    4     -0.11083316E-01     -0.20036362E-02
      64    5     -0.81387608E-03     -0.48908458E-04
      64    6     -0.55669501E-02     -0.14275058E-02
      64    7      0.36758018E-03      0.31224783E-04
      64    8      0.64118578E-03      0.19191125E-03
      65    1     -0.49175015E-01      0.34106702E-02
      65    2      0.27526685E-01      0.50211011E-03
      65    3     -0.47957182E-02     -0.76889964E-03
      65    4      0.64359626E-03      0.11143764E-03
      65    5      0.45120627E-02      0.21812039E-03
      65    6     -0.10714448E-02     -0.30825221E-03
      65    7      0.16805576E-03      0.13511181E-03
      65    8     -0.28742321E-03     -0.15926884E-03
      66    1      0.30901257E+00     -0.35365828E-01
      66    2     -0.86780474E+00      0.21376139E-01
      66    3      0.86846155E-01      0.10325984E-01
      66    4     -0.75502617E-01     -0.91681819E-02
      66    5     -0.26353643E-02     -0.56213253E-03
      66    6      0.35209959E-01      0.46565303E-02
      66    7      0.31121498E-03      0.94001838E-04
      66    8      0.19807037E-02      0.36819170E-03
      67    1     -0.69513428E-01      0.86770324E-02
      67    2      0.10274691E+00     -0.54280509E-02
      67    3     -0.60121424E-01     -0.53141812E-02
      67    4      0.38636446E-01      0.38408281E-02
      67    5      0.45001806E-02      0.54225341E-03
      67    6     -0.14758691E-01     -0.16595685E-02
      67    7     -0.72517952E-03     -0.26429045E-03
      67    8      0.37189222E-02      0.68375927E-03
      68    1     -0.92525046E-02      0.15364827E-02
      68    2     -0.70499657E-01      0.43457770E-02
      68    3      0.88181266E-01      0.69915311E-02
      68    4      0.23667982E-02      0.20505372E-03
      68    5     -0.32506746E-02     -0.37763366E-03
      68    6      0.71576062E-02      0.76425461E-03
      68    7      0.15153122E-02      0.25126346E-03
      68    8      0.63827120E-03      0.52426457E-04
      69    1      0.41710431E-01     -0.87505648E-02
      69    2     -0.11219535E-01      0.10115143E-02
      69    3     -0.29390587E-01     -0.15373230E-02
      69    4     -0.19323320E-01     -0.13582382E-02
      69    5      0.29615292E-02      0.24956147E-03
      69    6      0.95934684E-02      0.82339424E-03
      69    7     -0.11934238E-02     -0.17362673E-03
      69    8      0.22724498E-03      0.10101095E-04
      70    1     -0.46120989E-01      0.98384041E-02
      70    2      0.84757813E-01     -0.83332019E-02
      70    3     -0.85278845E-01     -0.45046653E-02
      70    4      0.31255934E-01      0.20729063E-02
      70    5      0.46230003E-02      0.40538656E-03
      70    6     -0.28357366E-01     -0.23024171E-02
      70    7      0.18549027E-03      0.34238968E-05
      70    8     -0.22517396E-03     -0.23546469E-04

       **************


       ! The    2 -th eigen state. The transition energy is:        0.27069988

     The two digitals below indicate the importance of doing beyong TDA:

     Components: X       1.00146;    Y      -0.00146

     In the occ-virt project subspace the total Fxy is:

     X       0.99779;    Y      -0.00071    total       0.99707  /      1.00000

     The Chi_i_i is     Total          1               2               3

                     0.33356147E-01    0.68223132E-02    0.95637347E-02    0.16970099E-01

     Now is the components analysis of this transition.

     First we print out only the principle components.

     occ     virt       FX              FY

      64    1        0.95922       -0.01478
      66    2       -0.22160        0.00204

     Now for all the calculated particle and hole pairs :

     occ     virt       FX              FY

      61    1      0.55716533E-02      0.67500083E-03
      61    2      0.28220991E-02      0.72248870E-03
      61    3      0.92969825E-02      0.21706811E-02
      61    4      0.17902292E-01      0.44375189E-02
      61    5     -0.55400502E-03     -0.28432829E-03
      61    6      0.23847740E-02      0.58812444E-03
      61    7     -0.20633828E-03     -0.70539004E-04
      61    8     -0.43424263E-03     -0.12767152E-03
      62    1      0.10872694E-01      0.84555483E-03
      62    2     -0.63508753E-02     -0.92651003E-03
      62    3     -0.15026052E-02     -0.29861612E-03
      62    4      0.42095312E-02      0.94497465E-03
      62    5     -0.11231361E-05     -0.11989344E-05
      62    6      0.36423228E-02      0.83973245E-03
      62    7      0.32270783E-04      0.15833313E-04
      62    8     -0.20875402E-03     -0.66950532E-04
      63    1      0.51248438E-02      0.22046950E-03
      63    2      0.89311583E-02      0.10068126E-02
      63    3      0.18296562E-01      0.39115328E-02
      63    4      0.37391570E-01      0.80925228E-02
      63    5      0.77122219E-05     -0.74432627E-04
      63    6      0.45075075E-02      0.98861254E-03
      63    7     -0.63833832E-03     -0.19707928E-03
      63    8     -0.28320013E-03     -0.72884074E-04
      64    1      0.95922145E+00     -0.14779980E-01
      64    2     -0.30683323E-01     -0.31301101E-02
      64    3     -0.61260744E-01     -0.11973439E-01
      64    4      0.28424761E-01      0.58713350E-02
      64    5      0.22301921E-02      0.48208447E-03
      64    6      0.11373974E-01      0.21438921E-02
      64    7      0.18882303E-03      0.10981195E-04
      64    8     -0.12080260E-02     -0.29903008E-03
      65    1      0.23244394E-01     -0.13442549E-02
      65    2      0.34823999E-01      0.10683076E-02
      65    3     -0.17858013E-01     -0.27149321E-02
      65    4      0.69407282E-02      0.11478727E-02
      65    5      0.37354613E-02      0.35074680E-03
      65    6      0.20137971E-02      0.42260998E-03
      65    7      0.16209369E-02      0.39294710E-03
      65    8     -0.14010703E-02     -0.32362728E-03
      66    1      0.54649105E-01     -0.53230144E-02
      66    2     -0.22160166E+00      0.20363767E-02
      66    3      0.49730089E-02      0.82621452E-03
      66    4      0.71124043E-02      0.94170995E-03
      66    5     -0.13815041E-03     -0.68802499E-04
      66    6      0.70017736E-02      0.10403565E-02
      66    7      0.91391132E-03      0.14963470E-03
      66    8     -0.56112084E-03     -0.11833245E-03
      67    1     -0.18506942E-01      0.19207036E-02
      67    2      0.52060867E-02     -0.17644853E-03
      67    3      0.82612071E-02      0.78586661E-03
      67    4      0.15184182E-01      0.17369596E-02
      67    5     -0.15754638E-03     -0.17644561E-04
      67    6     -0.10018820E-02     -0.12447588E-03
      67    7      0.24549572E-03     -0.44321262E-04
      67    8     -0.38764578E-03     -0.63382001E-04
      68    1      0.66345457E-02     -0.10816480E-02
      68    2      0.21436565E-02     -0.89268717E-04
      68    3     -0.41457466E-01     -0.38819820E-02
      68    4     -0.83502000E-01     -0.90261886E-02
      68    5      0.22269819E-02      0.27399325E-03
      68    6     -0.79768866E-02     -0.10036715E-02
      68    7     -0.17633673E-02     -0.30918258E-03
      68    8      0.25646553E-02      0.46878368E-03
      69    1      0.30581754E-02     -0.65158405E-03
      69    2      0.79952228E-02     -0.64159868E-03
      69    3      0.22528127E-01      0.15994475E-02
      69    4      0.36852527E-01      0.31458104E-02
      69    5      0.80848036E-03      0.78421237E-04
      69    6      0.36780574E-02      0.37850597E-03
      69    7      0.44886301E-03      0.77457298E-04
      69    8     -0.70527466E-03     -0.15410403E-03
      70    1     -0.58799500E-02      0.13640019E-02
      70    2      0.63202246E-02     -0.53991876E-03
      70    3      0.37124258E-01      0.24304173E-02
      70    4      0.47658197E-01      0.38580794E-02
      70    5     -0.33656364E-03     -0.35958947E-04
      70    6      0.30632345E-02      0.30706859E-03
      70    7      0.66948760E-03      0.11007408E-03
      70    8     -0.11375796E-02     -0.19854247E-03

       **************


       ! The    3 -th eigen state. The transition energy is:        0.30284737

     The two digitals below indicate the importance of doing beyong TDA:

     Components: X       1.00158;    Y      -0.00158

     In the occ-virt project subspace the total Fxy is:

     X       0.99475;    Y      -0.00068    total       0.99407  /      1.00000

     The Chi_i_i is     Total          1               2               3

                     0.65478295E-01    0.24522371E-01    0.33683913E-01    0.72720114E-02

     Now is the components analysis of this transition.

     First we print out only the principle components.

     occ     virt       FX              FY

      62    1        0.11553        0.00255
      63    1        0.89913       -0.01251
      64    2       -0.12004       -0.00103
      65    2       -0.30272        0.00758
      68    3        0.12782        0.00484
      69    3       -0.11348       -0.00164
      70    3       -0.10090       -0.00103

     Now for all the calculated particle and hole pairs :

     occ     virt       FX              FY

      61    1     -0.43751133E-01     -0.28897826E-02
      61    2      0.19322433E-01      0.39043582E-02
      61    3     -0.18586593E-01     -0.41440977E-02
      61    4      0.72317329E-02      0.15476839E-02
      61    5      0.44665036E-02      0.85691100E-03
      61    6      0.30253585E-02      0.70455504E-03
      61    7      0.34682480E-03      0.87299149E-04
      61    8     -0.39609201E-03     -0.96970968E-04
      62    1      0.11553244E+00      0.25458630E-02
      62    2     -0.19705712E-01     -0.18770210E-02
      62    3      0.59214285E-02      0.11472060E-02
      62    4      0.19699444E-02      0.47547995E-03
      62    5     -0.10690476E-02     -0.22454122E-03
      62    6     -0.27661248E-03     -0.10037496E-03
      62    7      0.44413717E-03      0.81712360E-04
      62    8     -0.34812009E-03     -0.65303860E-04
      63    1      0.89913094E+00     -0.12509921E-01
      63    2     -0.31761739E-01     -0.27965996E-02
      63    3     -0.30441284E-01     -0.58341703E-02
      63    4      0.84308111E-02      0.20477710E-02
      63    5     -0.49819495E-03     -0.30631578E-03
      63    6      0.51544585E-02      0.10013527E-02
      63    7     -0.19967045E-02     -0.45410154E-03
      63    8      0.10562867E-02      0.21892366E-03
      64    1     -0.10997827E-01      0.93903551E-03
      64    2     -0.12004221E+00     -0.10294064E-02
      64    3      0.99146443E-02      0.11158418E-02
      64    4      0.13448382E-01      0.17713107E-02
      64    5     -0.90287266E-03     -0.16254754E-03
      64    6      0.65049740E-03      0.11988597E-03
      64    7     -0.13377563E-02     -0.26087629E-03
      64    8      0.82472507E-03      0.16155840E-03
      65    1     -0.55846595E-01      0.65450666E-02
      65    2     -0.30271826E+00      0.75846236E-02
      65    3     -0.98878569E-02     -0.95617371E-03
      65    4      0.56327441E-02      0.64039809E-03
      65    5      0.55766869E-02      0.92172280E-03
      65    6      0.94393221E-03      0.14253718E-03
      65    7      0.55547680E-02      0.99084164E-03
      65    8     -0.35592428E-02     -0.69258617E-03
      66    1      0.68254305E-01     -0.10857114E-01
      66    2     -0.77478937E-01      0.50282780E-02
      66    3     -0.30405179E-01     -0.18799583E-02
      66    4     -0.91279680E-02     -0.73815521E-03
      66    5      0.25788659E-02      0.22469635E-03
      66    6      0.76143475E-02      0.71510584E-03
      66    7      0.21073204E-03      0.14306295E-04
      66    8      0.88321888E-03      0.15961227E-03
      67    1     -0.10249001E-01      0.13017475E-02
      67    2     -0.64658000E-02      0.64383012E-03
      67    3     -0.20811255E-01     -0.95083873E-03
      67    4      0.28007673E-01      0.16385035E-02
      67    5      0.34475408E-02      0.25026598E-03
      67    6     -0.14713571E-02     -0.98099444E-04
      67    7      0.20399385E-02      0.24641654E-03
      67    8      0.19264412E-02      0.31188754E-03
      68    1     -0.39503349E-01      0.79943962E-02
      68    2     -0.14648854E-02      0.13197671E-03
      68    3      0.12781889E+00      0.48426369E-02
      68    4     -0.22540092E-01     -0.11885446E-02
      68    5     -0.31667007E-02     -0.23044190E-03
      68    6     -0.92663472E-02     -0.66242580E-03
      68    7     -0.39849382E-02     -0.50087832E-03
      68    8      0.41176956E-02      0.51114863E-03
      69    1      0.32625688E-01     -0.70572198E-02
      69    2      0.10130079E-01     -0.13398442E-02
      69    3     -0.11348243E+00     -0.16375608E-02
      69    4     -0.26492127E-02     -0.73093154E-04
      69    5     -0.12857152E-01     -0.53206200E-03
      69    6      0.63314585E-02      0.31360195E-03
      69    7     -0.43666019E-03     -0.53886861E-04
      69    8     -0.52569281E-03     -0.70705350E-04
      70    1      0.69002414E-02     -0.67992787E-03
      70    2      0.19833354E-01     -0.27281925E-02
      70    3     -0.10090012E+00     -0.10306368E-02
      70    4      0.36844222E-01      0.92756219E-03
      70    5     -0.94332254E-02     -0.34097000E-03
      70    6     -0.42218378E-02     -0.14931563E-03
      70    7      0.19405820E-02      0.19623702E-03
      70    8     -0.12701023E-02     -0.14441813E-03

       **************


       ! The    4 -th eigen state. The transition energy is:        0.30798077

     The two digitals below indicate the importance of doing beyong TDA:

     Components: X       1.00285;    Y      -0.00285

     In the occ-virt project subspace the total Fxy is:

     X       0.99358;    Y      -0.00145    total       0.99213  /      1.00000

     The Chi_i_i is     Total          1               2               3

                     0.22053750E+00    0.11602970E+00    0.98194678E-01    0.63131185E-02

     Now is the components analysis of this transition.

     First we print out only the principle components.

     occ     virt       FX              FY

      63    1       -0.25351        0.00559
      64    2       -0.34509       -0.00011
      65    1       -0.12666        0.01591
      65    2       -0.79965        0.02671
      68    3       -0.10316       -0.00305
      69    3        0.20211        0.00133
      70    3        0.17518        0.00031

     Now for all the calculated particle and hole pairs :

     occ     virt       FX              FY

      61    1      0.52612177E-01      0.29805228E-02
      61    2      0.14116667E-01      0.27264060E-02
      61    3     -0.24042295E-02     -0.51058528E-03
      61    4      0.22204538E-02      0.77649972E-03
      61    5     -0.65024787E-02     -0.15440408E-02
      61    6      0.35365063E-03      0.12880380E-03
      61    7      0.64379614E-03      0.15717908E-03
      61    8     -0.30150883E-03     -0.86115665E-04
      62    1     -0.11451758E-01     -0.15610218E-03
      62    2     -0.11038436E-02     -0.78243472E-04
      62    3     -0.24617083E-02     -0.59420323E-03
      62    4     -0.19890646E-02     -0.31229381E-03
      62    5     -0.15544470E-02     -0.28465811E-03
      62    6     -0.12193599E-02     -0.19060343E-03
      62    7     -0.53950086E-03     -0.12916253E-03
      62    8      0.25217291E-03      0.61289162E-04
      63    1     -0.25351139E+00      0.55912016E-02
      63    2      0.57452043E-01      0.31099119E-02
      63    3     -0.84506748E-02     -0.17493197E-02
      63    4     -0.60216831E-02     -0.58084958E-03
      63    5     -0.21300845E-01     -0.38676457E-02
      63    6     -0.45631610E-03      0.31158500E-04
      63    7     -0.41627907E-02     -0.94313046E-03
      63    8      0.23696029E-02      0.54000527E-03
      64    1      0.23102468E-01     -0.14215070E-02
      64    2     -0.34509117E+00     -0.10901069E-03
      64    3      0.27637898E-01      0.40218609E-02
      64    4      0.10607640E-01      0.20000375E-02
      64    5      0.45710073E-02      0.75925282E-03
      64    6     -0.12178614E-02     -0.14146056E-03
      64    7     -0.24373794E-02     -0.40742115E-03
      64    8      0.19571405E-02      0.34468331E-03
      65    1     -0.12666062E+00      0.15910453E-01
      65    2     -0.79964694E+00      0.26713809E-01
      65    3     -0.92468238E-01     -0.81915051E-02
      65    4      0.31213653E-01      0.32214218E-02
      65    5     -0.35857760E-01     -0.54852879E-02
      65    6      0.50240721E-02      0.93658861E-03
      65    7      0.98909370E-02      0.17226063E-02
      65    8     -0.70230546E-02     -0.12575147E-02
      66    1      0.40676967E-03     -0.20236437E-04
      66    2      0.92372167E-02     -0.69472009E-03
      66    3      0.22739477E-01      0.13233635E-02
      66    4     -0.58139537E-02     -0.41818475E-03
      66    5      0.94027601E-02      0.78320169E-03
      66    6     -0.43608830E-02     -0.38540920E-03
      66    7      0.36672811E-02      0.57935872E-03
      66    8     -0.18633550E-02     -0.27070047E-03
      67    1     -0.79705428E-02      0.15190124E-02
      67    2      0.14870270E-01     -0.15138829E-02
      67    3     -0.65480959E-02     -0.25850535E-03
      67    4     -0.24007617E-01     -0.11969507E-02
      67    5      0.89156853E-02      0.56260307E-03
      67    6     -0.27876931E-03     -0.20157732E-04
      67    7      0.45195871E-02      0.68085388E-03
      67    8     -0.16636434E-02     -0.20745398E-03
      68    1     -0.27038175E-03     -0.35150942E-04
      68    2     -0.98843968E-01      0.10999465E-01
      68    3     -0.10316294E+00     -0.30450905E-02
      68    4      0.85455517E-01      0.37605047E-02
      68    5     -0.63108156E-01     -0.35870701E-02
      68    6      0.79346327E-02      0.51656651E-03
      68    7     -0.93097682E-02     -0.11677775E-02
      68    8      0.61967992E-02      0.85481524E-03
      69    1      0.10345163E-01     -0.20796659E-02
      69    2      0.38835781E-01     -0.56282144E-02
      69    3      0.20210664E+00      0.13262001E-02
      69    4     -0.80613871E-01     -0.17298590E-02
      69    5      0.71893603E-01      0.24548061E-02
      69    6     -0.13930391E-02     -0.11790214E-03
      69    7      0.11064135E-02      0.14263201E-03
      69    8     -0.12019734E-02     -0.22877442E-03
      70    1      0.23932209E-04      0.42153871E-03
      70    2      0.42227136E-01     -0.63299073E-02
      70    3      0.17517662E+00      0.30573204E-03
      70    4     -0.98648842E-01     -0.16576357E-02
      70    5      0.72454123E-01      0.21618231E-02
      70    6     -0.42355054E-02     -0.20373196E-03
      70    7      0.20808908E-02      0.22768581E-03
      70    8     -0.15218849E-02     -0.16768659E-03

       **************


       ! The    5 -th eigen state. The transition energy is:        0.26113175

     The two digitals below indicate the importance of doing beyong TDA:

     Components: X       1.00289;    Y      -0.00289

     In the occ-virt project subspace the total Fxy is:

     X       0.99403;    Y      -0.00131    total       0.99272  /      1.00000

     The Chi_i_i is     Total          1               2               3

                     0.86643320E-01    0.59080565E-01    0.21596031E-01    0.59667233E-02

     Now is the components analysis of this transition.

     First we print out only the principle components.

     occ     virt       FX              FY

      65    1       -0.16596        0.00592
      65    2        0.13718        0.00698
      66    1        0.15951       -0.01390
      66    2        0.19309        0.00139
      67    2        0.33276       -0.00681
      68    2       -0.86189        0.02496
      70    2        0.11352       -0.00753

     Now for all the calculated particle and hole pairs :

     occ     virt       FX              FY

      61    1      0.16631839E-01      0.23122203E-02
      61    2      0.28853972E-02      0.14255474E-02
      61    3     -0.11923829E-02     -0.11950133E-02
      61    4      0.17880449E-02      0.13954607E-03
      61    5      0.12169926E-02     -0.27565587E-03
      61    6      0.83439819E-03      0.19584130E-03
      61    7      0.62384043E-03      0.13447050E-03
      61    8     -0.33386652E-03     -0.70079994E-04
      62    1      0.18022985E-01      0.17335134E-02
      62    2     -0.12728647E-01     -0.20798149E-02
      62    3     -0.34937637E-02     -0.57290650E-03
      62    4      0.15367849E-03      0.80710429E-04
      62    5     -0.23274265E-02     -0.48863489E-03
      62    6      0.32541887E-02      0.90351529E-03
      62    7      0.27513368E-03      0.85017582E-04
      62    8     -0.31110908E-03     -0.10525915E-03
      63    1      0.23399102E-01      0.14278382E-02
      63    2      0.25928527E-02      0.30764021E-03
      63    3     -0.10257784E-01     -0.36765292E-02
      63    4      0.60568103E-02      0.15213893E-02
      63    5     -0.18626499E-01     -0.39761691E-02
      63    6      0.21405704E-02      0.58278965E-03
      63    7      0.60453951E-03      0.51741150E-04
      63    8     -0.43506989E-03     -0.66697893E-04
      64    1      0.33225366E-01      0.97777179E-04
      64    2     -0.10333146E-02     -0.12118665E-03
      64    3      0.52995950E-02      0.46028410E-03
      64    4      0.20489110E-02     -0.42244753E-03
      64    5      0.56975280E-02      0.11961286E-02
      64    6     -0.11361876E-02     -0.47207790E-03
      64    7      0.49397259E-03      0.11552696E-03
      64    8     -0.61336850E-05      0.18982870E-04
      65    1     -0.16596378E+00      0.59184480E-02
      65    2      0.13717793E+00      0.69823610E-02
      65    3     -0.11147865E-01     -0.22697471E-02
      65    4     -0.35784017E-02     -0.60423340E-03
      65    5     -0.28119127E-01     -0.72597545E-02
      65    6     -0.17272580E-02     -0.44742287E-03
      65    7     -0.50466940E-03     -0.12981693E-04
      65    8      0.53111510E-03      0.47363320E-04
      66    1      0.15951473E+00     -0.13898200E-01
      66    2      0.19309290E+00      0.13946828E-02
      66    3      0.17489689E-01      0.26891228E-02
      66    4     -0.10151799E-01     -0.15986656E-02
      66    5      0.21065179E-02      0.37390316E-03
      66    6      0.10580681E-01      0.17415951E-02
      66    7      0.47622446E-03      0.15525718E-03
      66    8      0.24276936E-03      0.14971933E-04
      67    1     -0.40882437E-01      0.21339145E-02
      67    2      0.33275975E+00     -0.68078689E-02
      67    3     -0.75987936E-02     -0.11373726E-02
      67    4      0.62834730E-02      0.84481016E-03
      67    5      0.22086612E-02      0.39281433E-03
      67    6     -0.36972712E-02     -0.53184407E-03
      67    7      0.15532804E-02      0.36565308E-03
      67    8      0.14651214E-02      0.25830229E-03
      68    1     -0.88739410E-01      0.10960908E-01
      68    2     -0.86188608E+00      0.24960697E-01
      68    3     -0.84869080E-02     -0.71827505E-03
      68    4     -0.24424093E-02     -0.29584434E-03
      68    5     -0.20454015E-01     -0.30159425E-02
      68    6     -0.15549524E-02     -0.21121095E-03
      68    7     -0.82971801E-03     -0.43344662E-03
      68    8      0.23246296E-02      0.52205270E-03
      69    1      0.83216981E-02     -0.33185373E-02
      69    2      0.21351605E-01     -0.13085885E-02
      69    3     -0.45132708E-01     -0.39634545E-02
      69    4      0.14034774E-01      0.14461152E-02
      69    5      0.11602869E-01      0.13667141E-02
      69    6      0.89534246E-02      0.10840698E-02
      69    7     -0.20025326E-03     -0.33599586E-04
      69    8     -0.15818666E-02     -0.38001438E-03
      70    1     -0.77916736E-02      0.14036066E-02
      70    2      0.11352180E+00     -0.75272156E-02
      70    3     -0.23906974E-01     -0.20774935E-02
      70    4      0.89809289E-02      0.88723290E-03
      70    5      0.11187451E-01      0.12870975E-02
      70    6     -0.73557248E-03     -0.75086936E-04
      70    7      0.12254467E-02      0.21669836E-03
      70    8     -0.17041090E-02     -0.31930542E-03

       **************


       ! The    6 -th eigen state. The transition energy is:        0.31238133

     The two digitals below indicate the importance of doing beyong TDA:

     Components: X       1.00095;    Y      -0.00095

     In the occ-virt project subspace the total Fxy is:

     X       0.99706;    Y      -0.00041    total       0.99664  /      1.00000

     The Chi_i_i is     Total          1               2               3

                     0.73104096E-01    0.35956207E-01    0.36021754E-01    0.11261346E-02

     Now is the components analysis of this transition.

     First we print out only the principle components.

     occ     virt       FX              FY

      64    2       -0.85903        0.00590
      65    2        0.28188       -0.01144
      69    3       -0.18118        0.00008
      70    3       -0.26537        0.00145
      70    4       -0.21732       -0.00202

     Now for all the calculated particle and hole pairs :

     occ     virt       FX              FY

      61    1      0.27903991E-02      0.14513954E-03
      61    2     -0.24215725E-02     -0.91180578E-03
      61    3      0.73506766E-02      0.17047313E-02
      61    4      0.37465881E-02      0.80853750E-03
      61    5      0.38906326E-03      0.23010376E-03
      61    6      0.85133732E-04      0.13062801E-04
      61    7     -0.65128973E-03     -0.15694597E-03
      61    8      0.24395154E-03      0.60873866E-04
      62    1     -0.28070439E-01     -0.18189418E-03
      62    2      0.37061297E-02      0.30455070E-03
      62    3     -0.98373370E-03     -0.23613099E-03
      62    4     -0.11208984E-02     -0.24488885E-03
      62    5      0.14939747E-02      0.24970849E-03
      62    6      0.15128695E-02      0.25449611E-03
      62    7     -0.16591918E-03     -0.37073630E-04
      62    8      0.11249787E-03      0.24811475E-04
      63    1     -0.46184168E-01      0.13928232E-02
      63    2     -0.18441728E-01     -0.73293829E-03
      63    3      0.13989881E-01      0.28450787E-02
      63    4      0.60805976E-03     -0.73251683E-04
      63    5      0.13767381E-01      0.22140110E-02
      63    6     -0.11978279E-02     -0.26119773E-03
      63    7      0.18875198E-02      0.42490636E-03
      63    8     -0.10089574E-02     -0.23053452E-03
      64    1      0.44229541E-02      0.61257255E-03
      64    2     -0.85902689E+00      0.58954991E-02
      64    3      0.36744091E-02      0.92803654E-03
      64    4      0.22556964E-01      0.32627507E-02
      64    5     -0.25646544E-02     -0.47093968E-03
      64    6      0.27451721E-02      0.40569792E-03
      64    7     -0.30093829E-03     -0.53236620E-04
      64    8     -0.60145038E-04     -0.51691639E-04
      65    1      0.60893463E-01     -0.79385094E-02
      65    2      0.28188402E+00     -0.11444081E-01
      65    3      0.53388892E-01      0.44086357E-02
      65    4     -0.40823141E-02     -0.40802667E-03
      65    5      0.20436242E-01      0.29937603E-02
      65    6     -0.15726791E-02     -0.28284978E-03
      65    7     -0.54858614E-02     -0.89628850E-03
      65    8      0.36778003E-02      0.63719948E-03
      66    1     -0.35609129E-01      0.60948458E-02
      66    2      0.35185026E-01     -0.27962735E-02
      66    3     -0.23468522E-01     -0.12858885E-02
      66    4      0.13539527E-01      0.88124458E-03
      66    5     -0.55463323E-02     -0.41203984E-03
      66    6     -0.33332000E-02     -0.25025731E-03
      66    7     -0.16243571E-02     -0.24493681E-03
      66    8      0.66473189E-03      0.92929281E-04
      67    1      0.84166723E-02     -0.15219213E-02
      67    2     -0.14576242E-02      0.13263597E-03
      67    3      0.14656296E-01      0.45435093E-03
      67    4     -0.35207537E-01     -0.15128746E-02
      67    5     -0.69616018E-02     -0.39123960E-03
      67    6     -0.58680148E-03     -0.47497758E-04
      67    7     -0.20727732E-02     -0.25425264E-03
      67    8     -0.54304826E-03     -0.89106611E-04
      68    1      0.18873807E-01     -0.37826261E-02
      68    2      0.35294417E-01     -0.41696851E-02
      68    3      0.77925150E-02      0.17098803E-03
      68    4      0.50688575E-01      0.18682751E-02
      68    5      0.42888287E-01      0.21397556E-02
      68    6      0.73852853E-02      0.40233045E-03
      68    7      0.44078399E-02      0.47070621E-03
      68    8     -0.40288499E-02     -0.45429059E-03
      69    1     -0.13966609E-01      0.32384398E-02
      69    2      0.35447056E-02     -0.41183263E-03
      69    3     -0.18117805E+00      0.84575343E-04
      69    4     -0.51863837E-01     -0.70127083E-03
      69    5     -0.35943011E-01     -0.95351237E-03
      69    6     -0.12190722E-01     -0.34964032E-03
      69    7      0.49749691E-03      0.22139827E-04
      69    8      0.89716885E-03      0.12696369E-03
      70    1      0.48190882E-02     -0.17391048E-02
      70    2     -0.16554485E-01      0.26803958E-02
      70    3     -0.26537371E+00      0.14468062E-02
      70    4     -0.21732052E+00     -0.20152323E-02
      70    5     -0.45874700E-01     -0.10143177E-02
      70    6     -0.87060260E-02     -0.22428841E-03
      70    7      0.18455010E-03     -0.76785068E-05
      70    8      0.37603413E-03      0.65141020E-04

       **************


       ! The    7 -th eigen state. The transition energy is:        0.31511480

     The two digitals below indicate the importance of doing beyong TDA:

     Components: X       1.00054;    Y      -0.00054

     In the occ-virt project subspace the total Fxy is:

     X       0.99766;    Y      -0.00023    total       0.99743  /      1.00000

     The Chi_i_i is     Total          1               2               3

                     0.21741607E-01    0.10978795E-01    0.40065649E-02    0.67562473E-02

     Now is the components analysis of this transition.

     First we print out only the principle components.

     occ     virt       FX              FY

      64    2        0.18660       -0.00213
      69    3        0.40597       -0.00208
      69    4        0.27555        0.00260
      70    3       -0.69345        0.00678
      70    4       -0.44551       -0.00218

     Now for all the calculated particle and hole pairs :

     occ     virt       FX              FY

      61    1      0.49725354E-02      0.22386932E-03
      61    2      0.33362359E-02      0.11584834E-02
      61    3      0.82324688E-03      0.53713146E-04
      61    4      0.26220175E-02      0.38968412E-03
      61    5     -0.38108822E-03     -0.23752316E-03
      61    6      0.85266240E-03      0.16697327E-03
      61    7      0.20714738E-04     -0.14032275E-04
      61    8     -0.15290376E-03     -0.24938896E-04
      62    1      0.63565814E-01      0.11316054E-03
      62    2      0.48642290E-02      0.27023395E-03
      62    3      0.17092390E-02      0.41793996E-03
      62    4     -0.96261789E-03     -0.23593036E-03
      62    5     -0.82887366E-03     -0.13435749E-03
      62    6      0.11466002E-01      0.20341889E-02
      62    7     -0.57328321E-03     -0.14271192E-03
      62    8      0.15234501E-03      0.46579657E-04
      63    1     -0.10169140E-01      0.31139726E-03
      63    2      0.26714422E-01      0.10329102E-02
      63    3      0.23758986E-02      0.31457534E-03
      63    4      0.79436233E-02      0.13595575E-02
      63    5     -0.23874750E-02     -0.36705095E-03
      63    6     -0.19384490E-03     -0.25521215E-04
      63    7     -0.52939904E-03     -0.13823185E-03
      63    8      0.31192660E-03      0.73900899E-04
      64    1      0.27657933E-01     -0.27451603E-02
      64    2      0.18659503E+00     -0.21269930E-02
      64    3     -0.13687501E-01     -0.20079210E-02
      64    4     -0.57710424E-02     -0.11274669E-02
      64    5      0.98098391E-03      0.17334043E-03
      64    6     -0.13809196E-02     -0.37392389E-03
      64    7      0.24782908E-03      0.36135825E-04
      64    8     -0.26042848E-03     -0.23239752E-04
      65    1     -0.15138423E-01      0.20429054E-02
      65    2     -0.87773751E-01      0.39437443E-02
      65    3     -0.21484812E-01     -0.16777153E-02
      65    4      0.15842529E-02      0.15074079E-03
      65    5     -0.28150292E-02     -0.36267488E-03
      65    6     -0.61332496E-04     -0.47991121E-04
      65    7      0.19001762E-02      0.27364669E-03
      65    8     -0.14145591E-02     -0.22876443E-03
      66    1     -0.75904192E-03      0.32035511E-04
      66    2      0.14569304E-01     -0.12251188E-02
      66    3     -0.26374700E-01     -0.12606204E-02
      66    4      0.13417496E-01      0.81655090E-03
      66    5     -0.43395923E-04      0.27390975E-05
      66    6      0.48961285E-01      0.37224504E-02
      66    7      0.90843278E-04     -0.19997451E-04
      66    8     -0.47730629E-04     -0.16025538E-04
      67    1     -0.17302522E-01      0.18139883E-02
      67    2      0.23176680E-02     -0.25088330E-03
      67    3      0.28457815E-01      0.66884252E-03
      67    4      0.24589547E-01      0.94286555E-03
      67    5      0.14805383E-02      0.71541106E-04
      67    6     -0.19969666E-01     -0.10974748E-02
      67    7      0.78617112E-03      0.11417213E-03
      67    8      0.52108491E-04     -0.51654646E-04
      68    1     -0.12637361E-02     -0.30562356E-03
      68    2     -0.66945501E-02      0.85262512E-03
      68    3     -0.89169603E-01     -0.16413341E-02
      68    4     -0.73527082E-01     -0.23755537E-02
      68    5     -0.77598700E-02     -0.33899017E-03
      68    6      0.10398616E-01      0.51589291E-03
      68    7     -0.23718143E-02     -0.23806982E-03
      68    8      0.19983484E-02      0.17983141E-03
      69    1     -0.89643517E-02      0.26840085E-02
      69    2      0.25087561E-01     -0.40186729E-02
      69    3      0.40597175E+00     -0.20801952E-02
      69    4      0.27555185E+00      0.26015017E-02
      69    5      0.20102267E-01      0.39743370E-03
      69    6      0.24681729E-01      0.63839533E-03
      69    7     -0.26115536E-02     -0.20054266E-03
      69    8      0.72641675E-03      0.72677650E-04
      70    1      0.23183438E-01     -0.60705124E-02
      70    2     -0.24730566E-01      0.42502602E-02
      70    3     -0.69344539E+00      0.67841071E-02
      70    4     -0.44550802E+00     -0.21848387E-02
      70    5     -0.10278235E-01     -0.70005471E-04
      70    6     -0.77303762E-01     -0.17039727E-02
      70    7      0.71732575E-02      0.55966082E-03
      70    8     -0.38236999E-02     -0.30980247E-03

       **************


       ! The    8 -th eigen state. The transition energy is:        0.25252710

     The two digitals below indicate the importance of doing beyong TDA:

     Components: X       1.00041;    Y      -0.00041

     In the occ-virt project subspace the total Fxy is:

     X       0.99909;    Y      -0.00018    total       0.99891  /      1.00000

     The Chi_i_i is     Total          1               2               3

                     0.63308215E-01    0.31995894E-01    0.31310267E-01    0.20539572E-05

     Now is the components analysis of this transition.

     First we print out only the principle components.

     occ     virt       FX              FY

      65    1       -0.12290        0.00242
      67    1        0.11534       -0.00710
      67    2       -0.90727        0.00334
      68    2       -0.35307        0.00427

     Now for all the calculated particle and hole pairs :

     occ     virt       FX              FY

      61    1     -0.19863938E-02     -0.31004637E-03
      61    2      0.23531255E-02     -0.68075264E-03
      61    3     -0.72225316E-03      0.21836135E-03
      61    4     -0.13447730E-02     -0.28357532E-03
      61    5     -0.94140130E-03     -0.71738128E-04
      61    6     -0.35798775E-03     -0.55859943E-04
      61    7      0.17256584E-03      0.73129157E-04
      61    8     -0.63844105E-04     -0.33646296E-04
      62    1     -0.62271861E-02     -0.69428422E-03
      62    2      0.17812813E-02      0.32217371E-03
      62    3      0.67550709E-03      0.28022821E-04
      62    4     -0.96038185E-05      0.38808840E-04
      62    5     -0.55004384E-03     -0.20132490E-03
      62    6     -0.43760146E-02     -0.11238206E-02
      62    7     -0.11749627E-05      0.71456150E-05
      62    8     -0.37368728E-04     -0.63209142E-05
      63    1     -0.72618459E-02     -0.55992768E-03
      63    2     -0.31104596E-02     -0.45430409E-03
      63    3     -0.40269849E-02     -0.56557715E-03
      63    4      0.34545073E-03     -0.13332184E-03
      63    5     -0.71237770E-02     -0.22394754E-02
      63    6      0.44621845E-03      0.98186915E-04
      63    7     -0.15029134E-03      0.25820309E-04
      63    8      0.16364885E-04      0.39906456E-05
      64    1     -0.75437097E-02     -0.13737374E-03
      64    2     -0.40712353E-02     -0.39661025E-03
      64    3     -0.10082687E-02      0.35437163E-03
      64    4     -0.46676965E-02     -0.97091178E-03
      64    5      0.20401922E-02      0.53971413E-03
      64    6     -0.15835521E-02      0.13014989E-03
      64    7     -0.31733296E-03     -0.33828813E-04
      64    8      0.15257362E-03      0.19673123E-04
      65    1     -0.12290227E+00      0.24212570E-02
      65    2      0.38590365E-01      0.27039816E-02
      65    3     -0.21875682E-02     -0.65178436E-03
      65    4     -0.41161753E-03     -0.48339934E-04
      65    5     -0.14236619E-01     -0.33912415E-02
      65    6     -0.88049717E-03      0.10990592E-05
      65    7      0.90717944E-03      0.39549901E-04
      65    8     -0.66841415E-03     -0.30111275E-04
      66    1     -0.28388350E-01      0.20551155E-02
      66    2     -0.89547552E-01     -0.22076635E-02
      66    3     -0.13292743E-01     -0.20971712E-02
      66    4      0.79236863E-02      0.13489940E-02
      66    5      0.32088308E-02      0.56873779E-03
      66    6     -0.99594714E-02     -0.18318476E-02
      66    7     -0.19726372E-04     -0.24594903E-04
      66    8     -0.23595495E-04      0.61515535E-04
      67    1      0.11533683E+00     -0.70993620E-02
      67    2     -0.90727220E+00      0.33420639E-02
      67    3     -0.34222460E-02      0.22117137E-03
      67    4     -0.63791815E-02     -0.99727564E-03
      67    5      0.26776202E-02      0.22945365E-03
      67    6      0.36257926E-02      0.55535422E-03
      67    7     -0.21414911E-03      0.10792214E-04
      67    8      0.12388126E-03      0.10269409E-03
      68    1     -0.10125689E-01      0.23839156E-02
      68    2     -0.35307338E+00      0.42737608E-02
      68    3     -0.14112965E-01     -0.16676240E-02
      68    4      0.35746893E-02      0.50731748E-03
      68    5     -0.97004249E-02     -0.15739139E-02
      68    6     -0.24359071E-02     -0.38492182E-03
      68    7     -0.14875893E-02     -0.99940205E-04
      68    8      0.35736786E-03      0.31959984E-04
      69    1     -0.46671278E-02      0.15805556E-02
      69    2     -0.97482364E-01      0.42547167E-02
      69    3     -0.12877534E-01     -0.13221610E-02
      69    4      0.20193608E-02      0.24196989E-03
      69    5      0.70223556E-02      0.91586777E-03
      69    6      0.13151213E-02      0.18356107E-03
      69    7     -0.30220348E-04     -0.71654362E-05
      69    8      0.31635729E-04     -0.11087615E-03
      70    1     -0.16949002E-01      0.76992666E-03
      70    2     -0.23483111E-01      0.11780793E-02
      70    3     -0.22053446E-01     -0.22177410E-02
      70    4      0.63292591E-02      0.73435287E-03
      70    5      0.68582144E-02      0.88222516E-03
      70    6      0.73428287E-02      0.97941194E-03
      70    7     -0.10327884E-02     -0.20154625E-03
      70    8      0.18321053E-03      0.36305763E-04

       **************

     Now generate the eigenvalues list...
     Now generate the spectrum plot file...
     Finished linear response calculation...

     lr_dav_main  :   3639.29s CPU   3883.61s WALL (       1 calls)
     read_wf      :      0.61s CPU      0.83s WALL (       1 calls)
     lr_solve_e   :     47.01s CPU     51.95s WALL (       1 calls)
     calc_residue :    129.01s CPU    129.48s WALL (      13 calls)
     expan_basis  :    649.73s CPU    652.65s WALL (      12 calls)
     matrix       :      0.10s CPU      0.16s WALL (      13 calls)
     mGS_orth     :    564.09s CPU    566.44s WALL (      36 calls)
     mGS_orth_pp  :     43.80s CPU     43.90s WALL (      36 calls)
     one_step     :   2406.50s CPU   2615.32s WALL (      13 calls)

     lr_apply     :   2253.11s CPU   2460.62s WALL (     324 calls)
     lr_apply_int :   2192.77s CPU   2388.92s WALL (     162 calls)
     lr_apply_no  :     60.33s CPU     71.70s WALL (     162 calls)

     h_psi        :    117.91s CPU    142.46s WALL (     440 calls)
     lr_calc_dens :    182.53s CPU    224.08s WALL (     178 calls)
     lr_dvpsi_e   :     47.00s CPU     51.91s WALL (       3 calls)
     lr_dv_setup  :      0.45s CPU      0.59s WALL (       1 calls)
     dv_of_drho   :     90.07s CPU    103.55s WALL (     162 calls)
     interaction  :     37.77s CPU     42.80s WALL (     162 calls)
     lr_dot       :    334.14s CPU    336.05s WALL (  101836 calls)
     ortho        :      8.42s CPU      8.76s WALL (     330 calls)
     lr_ortho     :      7.75s CPU      7.82s WALL (     314 calls)


     US routines
     s_psi        :    137.97s CPU    138.21s WALL (    6162 calls)
     lr_apply_s   :    322.09s CPU    323.54s WALL (    5602 calls)
     lr_dot_us    :    334.71s CPU    335.93s WALL (    5440 calls)
     lr_sm1_initi :      0.22s CPU      0.23s WALL (       3 calls)
     lr_sm1_psi   :     17.67s CPU     17.73s WALL (     327 calls)

     General routines
     calbec       :    198.62s CPU    199.86s WALL (    6682 calls)
     fft          :     96.56s CPU    111.56s WALL (    2313 calls)
     ffts         :      3.53s CPU      5.65s WALL (     341 calls)
     fftw         :    135.22s CPU    167.14s WALL (   39937 calls)
     interpolate  :     16.35s CPU     21.48s WALL (     341 calls)
     davcio       :      0.00s CPU      0.04s WALL (       5 calls)

     Parallel routines
     fft_scatter  :    145.11s CPU    187.11s WALL (   42591 calls)


     Environ routines

     turboTDDFT   :      1h 0m CPU      1h 4m WALL


   This run was terminated on:  11:53:30  28Feb2024

=------------------------------------------------------------------------------=
   JOB DONE.
=------------------------------------------------------------------------------=
