
     Program turboTDDFT v.7.2 starts on  9Mar2024 at 19: 2:24

     This program is part of the open-source Quantum ESPRESSO suite
     for quantum simulation of materials; please cite
         "P. Giannozzi et al., J. Phys.:Condens. Matter 21 395502 (2009);
         "P. Giannozzi et al., J. Phys.:Condens. Matter 29 465901 (2017);
         "P. Giannozzi et al., J. Chem. Phys. 152 154105 (2020);
          URL http://www.quantum-espresso.org",
     in publications or presentations arising from this work. More details at
     http://www.quantum-espresso.org/quote

     Parallel version (MPI), running on   120 processors

     MPI processes distributed on     1 nodes
     R & G space division:  proc/nbgrp/npool/nimage =     120
     453248 MiB available memory on the printing compute node when the environment starts


     Reading xml data from directory:

     ./outdir/4amp34iso.save/
     file F.pbe-n-rrkjus_psl.1.0.0.UPF: wavefunction(s)  2S renormalized

     IMPORTANT: XC functional enforced from input :
     Exchange-correlation= PBE
                           (   1   4   3   4   0   0   0)
     Any further DFT definition will be discarded
     Please, verify this is what you really want


     Parallelization info
     --------------------
     sticks:   dense  smooth     PW     G-vecs:    dense   smooth      PW
     Min         638     254     63               137594    34794    4332
     Max         640     256     66               137612    34824    4360
     Sum       76729   30707   7687             16512387  4177499  522061

     Using Slab Decomposition


     negative rho (up, down):  1.394E-02 0.000E+00
     Reading collected, re-writing distributed wavefunctions
 Symmetries are disabled for the gamma_only case

     Reading input from environ.in:
     * using full solvent mode
     * setting boundary derivatives method to SCCS default


     add environment contribution to local potential
     Polarization accuracy = 9.3E-11, # of iterations =  41

     the potential shift due to the Gaussian-smeared nuclei is    -0.0430 ev
     Subspace diagonalization in iterative solution of the eigenvalue problem:
     a serial algorithm will be used


     ================================================================================

                                  Environ Setup Summary

     ================================================================================

     Please cite

          O. Andreussi, I. Dabo and N. Marzari, J. Chem. Phys. 136, 064102 (2012)
          I. Timrov, O. Andreussi, A. Biancardi, N. Marzari, and S. Baroni, J. Chem. Phys. 142, 034111 (2015)

     in publications or presentations arising from this work.

     ================================================================================

     Parameters
     ==========

     compensation onset threshold      =               0.1000E+01
     static permittivity               =                    36.71
     optical permittivity              =                  36.7100
     surface tension in input (dyn/cm) =                    46.30
     surface tension in internal units =               0.5948E-04
     external pressure in input (GPa)  =                    -0.50
     external pressure in inter. units =              -0.3399E-04

     Solvent Boundary
     ================

     solvent mode                      =                     full
     derivatives method                =                    chain
     numerical core for derivatives    =                      fft
     switching function adopted        =                     SCCS
     density limit for vacuum region   =               0.5000E-02
     density limit for bulk solvent    =               0.1000E-03

     Electrostatic Setup
     ===================

     electrostatic problem to solve    =              generalized
     numerical solver adopted          =                       cg
     type of auxiliary density adopted =                     none
     numerical core for poisson        =                      fft

     ================================================================================

     Allocating    12 extra bands for projection

     =-----------------------------------------------------------------=

     Please cite the TDDFPT project as:
       X. Ge, S. J. Binnie, D. Rocca, R. Gebauer, and S. Baroni,
       Comput. Phys. Commun. 185, 2080 (2014)
     in publications and presentations arising from this work.

     =-----------------------------------------------------------------=

     Ultrasoft (Vanderbilt) Pseudopotentials

     Virt read

     Gamma point algorithm
     Num of eigen values=              8
     Allocating parameters for davidson ...

     Estimating the RAM requirements:
          For the basis sets:      701250.00     M
          For the eigenvectors:       11220.00     M
          Num_eign =    8     Num_basis_max =  500
          Reference =  0.37  Ry
     Do make sure that you have enough RAM.

     poor_of_ram is set to .false.. This means that you would like to increase the speed of
     your calculation with USPP by paying double memory.
     Switch it to .true. if you need to save memory.

     poor_of_ram2 is set to .false.. This means that you would like to increase the speed
     by storing the D_basis and C_basis vectors which will cause three time of the memory cost.
     Switch it to .true. if you need to save memory.

     Finished allocating parameters.
     Initiating variables for davidson ...
     Lowest energy electron-hole pairs are used as initial vectors ...
     Calculating the electron-hole pairs for initiating trial vectors ...

              1        84         4           0.366899173783
              2        88         7           0.368340506561
              3        83         3           0.371012934494
              4        80         2           0.362417754913
              5        84         5           0.372037365242
              6        82         3           0.372829594444
              7        85         6           0.360592955923
              8        84         3           0.359359661826
              9        88         8           0.377770140233
             10        83         4           0.378552446450
             11        87         7           0.379631367863
             12        82         4           0.380369106400
             13        84         6           0.381508433000
             14        85         5           0.351121888166
             15        83         5           0.383690637910
             16        82         5           0.385507297860
             17        88         9           0.386131353379
             18        79         2           0.386451433784
             19        85         4           0.345983696706
             20        87         8           0.389061001535
             21        79         1           0.343159905902
             22        86         7           0.391960063915
             23        83         6           0.393161705668
             24        81         3           0.394360962850
             25        82         6           0.394978365618
             26        88        10           0.395064075856
             27        86         6           0.338570723369
             28        85         3           0.338444184750
             29        87         9           0.397422214681
             30        86         8           0.401389697587
             31        81         4           0.401900474806
             32        86         5           0.329099655611
             33        87        10           0.406354937158
             34        81         5           0.407038666266
             35        87         6           0.326242027317
             36        86         9           0.409750910733
             37        86         4           0.323961464151
             38        85         7           0.413982296469
             39        81         2           0.319967322986
             40        80         1           0.319126227032
             41        81         6           0.416509734023
             42        87         5           0.316770959559
             43        86         3           0.316421952195
             44        86        10           0.418683633210
             45        88         6           0.314951166015
             46        87         4           0.311632768100
             47        85         8           0.423411930141
             48        88         5           0.305480098257
             49        87         3           0.304093256143
             50        85         9           0.431773143287
             51        88         4           0.300341906797
             52        84         7           0.434897773546
             53        82         2           0.298435954581
             54        80         3           0.436811394777
             55        83         2           0.296619294631
             56        85        10           0.440705865765
             57        88         3           0.292802394841
             58        84         8           0.444327407218
             59        80         4           0.444350906733
             60        83         7           0.446551046214
             61        82         7           0.448367706164
             62        84         2           0.284966021963
             63        80         5           0.449489098193
             64        84         9           0.452688620364
             65        83         8           0.455980679886
             66        81         1           0.276675795105
             67        82         8           0.457797339836
             68        80         6           0.458960165950
             69        79         3           0.460845073647
             70        84        10           0.461621342842
             71        83         9           0.464341893032
             72        82         9           0.466158552982
             73        79         4           0.468384585603
             74        81         7           0.469899074569
             75        85         2           0.264050544886
             76        83        10           0.473274615509
             77        79         5           0.473522777063
             78        82        10           0.475091275459
             79        82         1           0.255144426699
             80        81         8           0.479328708241
             81        83         1           0.253327766749
             82        79         6           0.482993844821
             83        81         9           0.487689921387
             84        86         2           0.242028312332
             85        84         1           0.241674494082
             86        81        10           0.496622643865
             87        87         2           0.229699616280
             88        80         7           0.512349506496
             89        85         1           0.220759017005
             90        88         2           0.218408754978
             91        80         8           0.521779140168
             92        80         9           0.530140353314
             93        86         1           0.198736784450
             94        79         7           0.536383185367
             95        80        10           0.539073075792
             96        79         8           0.545812819039
             97        87         1           0.186408088398
             98        79         9           0.554174032185
             99        88         1           0.175117227096
            100        79        10           0.563106754662
     Finished calculating the cv couples.
     Finished initiating.

     Precondition is used in the algorithm,

     total cpu time spent up to now is       66.2 secs

       ==============================

       Davidson iteration:        1
       num of basis:   40   total built basis:   40
     Polarization accuracy = 7.5E-11, # of iterations =  34
     Polarization accuracy = 6.0E-11, # of iterations =  39
     Polarization accuracy = 9.2E-11, # of iterations =  40
     Polarization accuracy = 6.6E-11, # of iterations =  39
     Polarization accuracy = 4.6E-11, # of iterations =  40
     Polarization accuracy = 9.0E-11, # of iterations =  40
     Polarization accuracy = 5.1E-11, # of iterations =  38
     Polarization accuracy = 5.2E-11, # of iterations =  40
     Polarization accuracy = 9.4E-11, # of iterations =  34
     Polarization accuracy = 9.8E-11, # of iterations =  40
     Polarization accuracy = 7.2E-11, # of iterations =  38
     Polarization accuracy = 7.4E-11, # of iterations =  41
     Polarization accuracy = 7.2E-11, # of iterations =  41
     Polarization accuracy = 5.5E-11, # of iterations =  38
     Polarization accuracy = 6.5E-11, # of iterations =  40
     Polarization accuracy = 6.5E-11, # of iterations =  40
     Polarization accuracy = 8.3E-11, # of iterations =  34
     Polarization accuracy = 7.0E-11, # of iterations =  34
     Polarization accuracy = 4.0E-11, # of iterations =  39
     Polarization accuracy = 8.8E-11, # of iterations =  34
     Polarization accuracy = 9.6E-11, # of iterations =  34
     Polarization accuracy = 9.4E-11, # of iterations =  38
     Polarization accuracy = 9.5E-11, # of iterations =  35
     Polarization accuracy = 5.1E-11, # of iterations =  39
     Polarization accuracy = 7.3E-11, # of iterations =  36
     Polarization accuracy = 4.8E-11, # of iterations =  34
     Polarization accuracy = 3.9E-11, # of iterations =  39
     Polarization accuracy = 4.2E-11, # of iterations =  39
     Polarization accuracy = 5.3E-11, # of iterations =  34
     Polarization accuracy = 7.5E-11, # of iterations =  35
     Polarization accuracy = 4.9E-11, # of iterations =  39
     Polarization accuracy = 6.1E-11, # of iterations =  40
     Polarization accuracy = 9.3E-11, # of iterations =  33
     Polarization accuracy = 8.0E-11, # of iterations =  38
     Polarization accuracy = 8.2E-11, # of iterations =  38
     Polarization accuracy = 9.8E-11, # of iterations =  34
     Polarization accuracy = 7.2E-11, # of iterations =  39
     Polarization accuracy = 6.2E-11, # of iterations =  38
     Polarization accuracy = 4.7E-11, # of iterations =  40
     Polarization accuracy = 7.5E-11, # of iterations =  40
        40     Transition energy    1  :                  0.3681074008
        40     Transition energy    2  :                  0.3629555129
        40     Transition energy    3  :                  0.3715105545
        40     Transition energy    4  :                  0.3617516948
        40     Transition energy    5  :                  0.3605822046
        40     Transition energy    6  :                  0.3761376370
        40     Transition energy    7  :                  0.3561133327
        40     Transition energy    8  :                  0.3804596613
     Residue(Squared modulus):    1        0.0362318      0.0000592
     Residue(Squared modulus):    2        0.0128773      0.0000587
     Residue(Squared modulus):    3        0.0261477      0.0000387
     Residue(Squared modulus):    4        0.0200020      0.0000259
     Residue(Squared modulus):    5        0.0148832      0.0000501
     Residue(Squared modulus):    6        0.0564974      0.0000332
     Residue(Squared modulus):    7        0.0358921      0.0000354
     Residue(Squared modulus):    8        0.0110036      0.0000269
       Largest residue:           0.056497411532

     total cpu time spent up to now is      410.2 secs

       ==============================

       Davidson iteration:        2
       num of basis:   48   total built basis:   48
     Polarization accuracy = 5.7E-11, # of iterations =  40
     Polarization accuracy = 9.3E-11, # of iterations =  40
     Polarization accuracy = 9.9E-11, # of iterations =  39
     Polarization accuracy = 6.1E-11, # of iterations =  40
     Polarization accuracy = 6.9E-11, # of iterations =  40
     Polarization accuracy = 8.1E-11, # of iterations =  40
     Polarization accuracy = 6.4E-11, # of iterations =  41
     Polarization accuracy = 5.3E-11, # of iterations =  42
        48     Transition energy    1  :                  0.3673497590
        48     Transition energy    2  :                  0.3694374533
        48     Transition energy    3  :                  0.3639954150
        48     Transition energy    4  :                  0.3610158464
        48     Transition energy    5  :                  0.3587772010
        48     Transition energy    6  :                  0.3570367810
        48     Transition energy    7  :                  0.3779619085
        48     Transition energy    8  :                  0.3819379887
     Residue(Squared modulus):    1        0.0056632      0.0005533
     Residue(Squared modulus):    2        0.0050177      0.0005709
     Residue(Squared modulus):    3        0.0041913      0.0004739
     Residue(Squared modulus):    4        0.0028024      0.0002727
     Residue(Squared modulus):    5        0.0029196      0.0003300
     Residue(Squared modulus):    6        0.0080246      0.0006591
     Residue(Squared modulus):    7        0.0046994      0.0003751
     Residue(Squared modulus):    8        0.0064864      0.0000768
       Largest residue:           0.008024616712

     total cpu time spent up to now is      525.5 secs

       ==============================

       Davidson iteration:        3
       num of basis:   59   total built basis:   59
     Polarization accuracy = 7.2E-11, # of iterations =  40
     Polarization accuracy = 5.4E-11, # of iterations =  41
     Polarization accuracy = 9.9E-11, # of iterations =  40
     Polarization accuracy = 5.8E-11, # of iterations =  40
     Polarization accuracy = 7.9E-11, # of iterations =  40
     Polarization accuracy = 5.7E-11, # of iterations =  40
     Polarization accuracy = 8.6E-11, # of iterations =  41
     Polarization accuracy = 4.4E-11, # of iterations =  41
     Polarization accuracy = 5.6E-11, # of iterations =  40
     Polarization accuracy = 7.9E-11, # of iterations =  40
     Polarization accuracy = 6.0E-11, # of iterations =  43
        59     Transition energy    1  :                  0.3661909381
        59     Transition energy    2  :                  0.3684821974
        59     Transition energy    3  :                  0.3631155031
        59     Transition energy    4  :                  0.3604709187
        59     Transition energy    5  :                  0.3582354667
        59     Transition energy    6  :                  0.3771061535
        59     Transition energy    7  :                  0.3555367182
        59     Transition energy    8  :                  0.3810828218
     Residue(Squared modulus):    1        0.0018960      0.0005002
     Residue(Squared modulus):    2        0.0017357      0.0004497
     Residue(Squared modulus):    3        0.0021544      0.0006446
     Residue(Squared modulus):    4        0.0011624      0.0002786
     Residue(Squared modulus):    5        0.0015316      0.0003692
     Residue(Squared modulus):    6        0.0023060      0.0004852
     Residue(Squared modulus):    7        0.0038981      0.0007180
     Residue(Squared modulus):    8        0.0008322      0.0001439
       Largest residue:           0.003898126347

     total cpu time spent up to now is      670.9 secs

       ==============================

       Davidson iteration:        4
       num of basis:   70   total built basis:   70
     Polarization accuracy = 6.6E-11, # of iterations =  39
     Polarization accuracy = 5.3E-11, # of iterations =  40
     Polarization accuracy = 4.2E-11, # of iterations =  39
     Polarization accuracy = 9.3E-11, # of iterations =  40
     Polarization accuracy = 9.6E-11, # of iterations =  40
     Polarization accuracy = 3.9E-11, # of iterations =  40
     Polarization accuracy = 8.5E-11, # of iterations =  41
     Polarization accuracy = 9.4E-11, # of iterations =  40
     Polarization accuracy = 5.6E-11, # of iterations =  40
     Polarization accuracy = 7.6E-11, # of iterations =  39
     Polarization accuracy = 7.4E-11, # of iterations =  40
        70     Transition energy    1  :                  0.3681253641
        70     Transition energy    2  :                  0.3656495641
        70     Transition energy    3  :                  0.3622996141
        70     Transition energy    4  :                  0.3601989055
        70     Transition energy    5  :                  0.3577941604
        70     Transition energy    6  :                  0.3765749207
        70     Transition energy    7  :                  0.3543422915
        70     Transition energy    8  :                  0.3809707194
     Residue(Squared modulus):    1        0.0010375      0.0005802
     Residue(Squared modulus):    2        0.0013614      0.0007812
     Residue(Squared modulus):    3        0.0025331      0.0016686
     Residue(Squared modulus):    4        0.0008632      0.0005021
     Residue(Squared modulus):    5        0.0014908      0.0006864
     Residue(Squared modulus):    6        0.0016544      0.0006823
     Residue(Squared modulus):    7        0.0032501      0.0015304
     Residue(Squared modulus):    8        0.0003610      0.0001359
       Largest residue:           0.003250090526

     total cpu time spent up to now is      840.1 secs

       ==============================

       Davidson iteration:        5
       num of basis:   84   total built basis:   84
     Polarization accuracy = 9.3E-11, # of iterations =  39
     Polarization accuracy = 8.2E-11, # of iterations =  39
     Polarization accuracy = 4.9E-11, # of iterations =  40
     Polarization accuracy = 6.7E-11, # of iterations =  38
     Polarization accuracy = 7.1E-11, # of iterations =  40
     Polarization accuracy = 9.8E-11, # of iterations =  39
     Polarization accuracy = 5.9E-11, # of iterations =  40
     Polarization accuracy = 8.1E-11, # of iterations =  40
     Polarization accuracy = 5.2E-11, # of iterations =  39
     Polarization accuracy = 8.2E-11, # of iterations =  40
     Polarization accuracy = 3.8E-11, # of iterations =  40
     Polarization accuracy = 8.4E-11, # of iterations =  39
     Polarization accuracy = 5.0E-11, # of iterations =  40
     Polarization accuracy = 8.4E-11, # of iterations =  39
        84     Transition energy    1  :                  0.3673313779
        84     Transition energy    2  :                  0.3652593583
        84     Transition energy    3  :                  0.3611481850
        84     Transition energy    4  :                  0.3595710731
        84     Transition energy    5  :                  0.3754444758
        84     Transition energy    6  :                  0.3571031161
        84     Transition energy    7  :                  0.3808700110
        84     Transition energy    8  :                  0.3526511390
     Residue(Squared modulus):    1        0.0025147      0.0018806
     Residue(Squared modulus):    2        0.0014941      0.0012810
     Residue(Squared modulus):    3        0.0052999      0.0045958
     Residue(Squared modulus):    4        0.0028759      0.0023180
     Residue(Squared modulus):    5        0.0029040      0.0018832
     Residue(Squared modulus):    6        0.0024906      0.0019503
     Residue(Squared modulus):    7        0.0004298      0.0002589
     Residue(Squared modulus):    8        0.0080806      0.0065243
       Largest residue:           0.008080633878

     total cpu time spent up to now is     1041.0 secs

       ==============================

       Davidson iteration:        6
       num of basis:   98   total built basis:   98
     Polarization accuracy = 8.1E-11, # of iterations =  39
     Polarization accuracy = 5.7E-11, # of iterations =  40
     Polarization accuracy = 8.9E-11, # of iterations =  39
     Polarization accuracy = 4.5E-11, # of iterations =  40
     Polarization accuracy = 5.4E-11, # of iterations =  40
     Polarization accuracy = 4.5E-11, # of iterations =  40
     Polarization accuracy = 9.6E-11, # of iterations =  39
     Polarization accuracy = 9.9E-11, # of iterations =  39
     Polarization accuracy = 7.2E-11, # of iterations =  39
     Polarization accuracy = 4.7E-11, # of iterations =  39
     Polarization accuracy = 9.9E-11, # of iterations =  37
     Polarization accuracy = 7.1E-11, # of iterations =  39
     Polarization accuracy = 4.3E-11, # of iterations =  40
     Polarization accuracy = 9.7E-11, # of iterations =  37
        98     Transition energy    1  :                  0.3655620871
        98     Transition energy    2  :                  0.3647376197
        98     Transition energy    3  :                  0.3718752044
        98     Transition energy    4  :                  0.3598125261
        98     Transition energy    5  :                  0.3575784012
        98     Transition energy    6  :                  0.3560350291
        98     Transition energy    7  :                  0.3805080167
        98     Transition energy    8  :                  0.3824450528
     Residue(Squared modulus):    1        0.0097981      0.0088504
     Residue(Squared modulus):    2        0.0039658      0.0035958
     Residue(Squared modulus):    3        0.0124055      0.0113193
     Residue(Squared modulus):    4        0.0127185      0.0124350
     Residue(Squared modulus):    5        0.0128288      0.0122613
     Residue(Squared modulus):    6        0.0076681      0.0072918
     Residue(Squared modulus):    7        0.0036193      0.0033733
     Residue(Squared modulus):    8        0.0106978      0.0060268
       Largest residue:           0.012828840554

     total cpu time spent up to now is     1265.5 secs

       ==============================

       Davidson iteration:        7
       num of basis:  114   total built basis:  114
     Polarization accuracy = 6.4E-11, # of iterations =  40
     Polarization accuracy = 9.2E-11, # of iterations =  39
     Polarization accuracy = 5.7E-11, # of iterations =  40
     Polarization accuracy = 7.4E-11, # of iterations =  39
     Polarization accuracy = 6.5E-11, # of iterations =  41
     Polarization accuracy = 8.8E-11, # of iterations =  40
     Polarization accuracy = 9.4E-11, # of iterations =  40
     Polarization accuracy = 7.3E-11, # of iterations =  39
     Polarization accuracy = 3.5E-11, # of iterations =  40
     Polarization accuracy = 3.8E-11, # of iterations =  40
     Polarization accuracy = 4.4E-11, # of iterations =  39
     Polarization accuracy = 4.8E-11, # of iterations =  40
     Polarization accuracy = 4.5E-11, # of iterations =  39
     Polarization accuracy = 6.6E-11, # of iterations =  40
     Polarization accuracy = 7.8E-11, # of iterations =  39
     Polarization accuracy = 7.8E-11, # of iterations =  40
       114     Transition energy    1  :                  0.3648529537
       114     Transition energy    2  :                  0.3640772571
       114     Transition energy    3  :                  0.3606866795
       114     Transition energy    4  :                  0.3746036878
       114     Transition energy    5  :                  0.3573548131
       114     Transition energy    6  :                  0.3777460666
       114     Transition energy    7  :                  0.3551431500
       114     Transition energy    8  :                  0.3537280824
     Residue(Squared modulus):    1        0.0044795      0.0045937
     Residue(Squared modulus):    2        0.0234810      0.0238463
     Residue(Squared modulus):    3        0.0557127      0.0528373
     Residue(Squared modulus):    4        0.0378903      0.0376606
     Residue(Squared modulus):    5        0.0151768      0.0158998
     Residue(Squared modulus):    6        0.0684516      0.0654210
     Residue(Squared modulus):    7        0.0091968      0.0092372
     Residue(Squared modulus):    8        0.0265666      0.0266758
       Largest residue:           0.068451613094

     total cpu time spent up to now is     1517.5 secs

       ==============================

       Davidson iteration:        8
       num of basis:  130   total built basis:  130
     Polarization accuracy = 6.0E-11, # of iterations =  40
     Polarization accuracy = 9.8E-11, # of iterations =  39
     Polarization accuracy = 5.1E-11, # of iterations =  40
     Polarization accuracy = 4.7E-11, # of iterations =  40
     Polarization accuracy = 9.9E-11, # of iterations =  39
     Polarization accuracy = 3.8E-11, # of iterations =  40
     Polarization accuracy = 7.3E-11, # of iterations =  40
     Polarization accuracy = 4.8E-11, # of iterations =  40
     Polarization accuracy = 4.1E-11, # of iterations =  40
     Polarization accuracy = 6.8E-11, # of iterations =  39
     Polarization accuracy = 6.8E-11, # of iterations =  39
     Polarization accuracy = 8.9E-11, # of iterations =  38
     Polarization accuracy = 6.7E-11, # of iterations =  39
     Polarization accuracy = 6.8E-11, # of iterations =  40
     Polarization accuracy = 9.7E-11, # of iterations =  38
     Polarization accuracy = 4.5E-11, # of iterations =  40
       130     Transition energy    1  :                  0.3657521513
       130     Transition energy    2  :                  0.3642347001
       130     Transition energy    3  :                  0.3719464608
       130     Transition energy    4  :                  0.3616664631
       130     Transition energy    5  :                  0.3786008632
       130     Transition energy    6  :                  0.3548628673
       130     Transition energy    7  :                  0.3537109660
       130     Transition energy    8  :                  0.3807793444
     Residue(Squared modulus):    1        0.0297004      0.0270529
     Residue(Squared modulus):    2        0.0036429      0.0033616
     Residue(Squared modulus):    3        0.0119144      0.0111719
     Residue(Squared modulus):    4        0.0108997      0.0108777
     Residue(Squared modulus):    5        0.0441155      0.0409912
     Residue(Squared modulus):    6        0.0266690      0.0263776
     Residue(Squared modulus):    7        0.0275390      0.0271628
     Residue(Squared modulus):    8        0.0063124      0.0060776
       Largest residue:           0.044115538821

     total cpu time spent up to now is     1778.6 secs

       ==============================

       Davidson iteration:        9
       num of basis:  146   total built basis:  146
     Polarization accuracy = 5.2E-11, # of iterations =  40
     Polarization accuracy = 5.5E-11, # of iterations =  39
     Polarization accuracy = 5.4E-11, # of iterations =  39
     Polarization accuracy = 8.3E-11, # of iterations =  39
     Polarization accuracy = 4.1E-11, # of iterations =  40
     Polarization accuracy = 8.4E-11, # of iterations =  39
     Polarization accuracy = 9.3E-11, # of iterations =  39
     Polarization accuracy = 6.7E-11, # of iterations =  39
     Polarization accuracy = 5.7E-11, # of iterations =  40
     Polarization accuracy = 4.5E-11, # of iterations =  40
     Polarization accuracy = 8.0E-11, # of iterations =  37
     Polarization accuracy = 8.3E-11, # of iterations =  38
     Polarization accuracy = 6.7E-11, # of iterations =  38
     Polarization accuracy = 6.2E-11, # of iterations =  40
     Polarization accuracy = 7.4E-11, # of iterations =  39
     Polarization accuracy = 9.3E-11, # of iterations =  36
       146     Transition energy    1  :                  0.3681000839
       146     Transition energy    2  :                  0.3697231327
       146     Transition energy    3  :                  0.3639930852
       146     Transition energy    4  :                  0.3623281491
       146     Transition energy    5  :                  0.3726740668
       146     Transition energy    6  :                  0.3585229386
       146     Transition energy    7  :                  0.3798657142
       146     Transition energy    8  :                  0.3813077473
     Residue(Squared modulus):    1        0.0249307      0.0239029
     Residue(Squared modulus):    2        0.0167263      0.0161700
     Residue(Squared modulus):    3        0.0027094      0.0028619
     Residue(Squared modulus):    4        0.0061732      0.0065530
     Residue(Squared modulus):    5        0.0227021      0.0216723
     Residue(Squared modulus):    6        0.0115944      0.0115469
     Residue(Squared modulus):    7        0.0040268      0.0035927
     Residue(Squared modulus):    8        0.0019862      0.0016521
       Largest residue:           0.024930674194

     total cpu time spent up to now is     2048.5 secs

       ==============================

       Davidson iteration:       10
       num of basis:  162   total built basis:  162
     Polarization accuracy = 7.2E-11, # of iterations =  39
     Polarization accuracy = 5.4E-11, # of iterations =  39
     Polarization accuracy = 9.8E-11, # of iterations =  39
     Polarization accuracy = 4.1E-11, # of iterations =  39
     Polarization accuracy = 5.1E-11, # of iterations =  40
     Polarization accuracy = 8.2E-11, # of iterations =  38
     Polarization accuracy = 9.7E-11, # of iterations =  39
     Polarization accuracy = 7.2E-11, # of iterations =  39
     Polarization accuracy = 6.0E-11, # of iterations =  39
     Polarization accuracy = 9.6E-11, # of iterations =  39
     Polarization accuracy = 4.6E-11, # of iterations =  39
     Polarization accuracy = 8.7E-11, # of iterations =  39
     Polarization accuracy = 7.8E-11, # of iterations =  39
     Polarization accuracy = 6.4E-11, # of iterations =  39
     Polarization accuracy = 5.5E-11, # of iterations =  36
     Polarization accuracy = 4.0E-11, # of iterations =  40
       162     Transition energy    1  :                  0.3672165295
       162     Transition energy    2  :                  0.3639530367
       162     Transition energy    3  :                  0.3701144913
       162     Transition energy    4  :                  0.3620754288
       162     Transition energy    5  :                  0.3608847338
       162     Transition energy    6  :                  0.3753914214
       162     Transition energy    7  :                  0.3565060197
       162     Transition energy    8  :                  0.3800503846
     Residue(Squared modulus):    1        0.0172188      0.0159550
     Residue(Squared modulus):    2        0.0060748      0.0058855
     Residue(Squared modulus):    3        0.0073461      0.0069280
     Residue(Squared modulus):    4        0.0071626      0.0066224
     Residue(Squared modulus):    5        0.0056999      0.0053366
     Residue(Squared modulus):    6        0.0388003      0.0367386
     Residue(Squared modulus):    7        0.0087110      0.0083506
     Residue(Squared modulus):    8        0.0062037      0.0057266
       Largest residue:           0.038800336792

       ================================================================

       Davidson diagonalization has finished in   10 steps.
          the number of current basis is  178
          the number of total basis built is  178

       Now print out information of eigenstates


     K-S Oscillator strengths
     occ con        R-x              R-y              R-z
      79   1     0.22592629E-01   -0.39198928E-01    0.29584528E-01
      79   2     0.17014516E-01    0.14092688E-02    0.45011118E-02
      79   3    -0.41809043E-01   -0.93611117E-01   -0.11955554E-01
      79   4    -0.70327614E-01   -0.77102618E-01   -0.26489923E-01
      79   5     0.67799076E-01    0.63210901E-01    0.18072454E-01
      79   6     0.12749232E-01   -0.28210443E-02   -0.18910759E-02
      79   7     0.29504002E-01   -0.84712068E-02    0.15886707E-01
      79   8     0.16432075E-01   -0.16776652E-01   -0.13555079E-01
      79   9     0.21571558E-01    0.38276746E-01    0.27879585E-01
      79  10    -0.78681000E-01   -0.56378797E-01   -0.56425904E-01
      80   1    -0.24562171E-02    0.20056845E+00   -0.27991860E-01
      80   2    -0.52618430E-01   -0.17224097E+00   -0.67682120E-01
      80   3     0.61978531E-01    0.59337028E+00    0.20710308E+00
      80   4     0.17133927E+00    0.34616694E+00    0.24483090E+00
      80   5    -0.18636323E+00   -0.18016529E+00   -0.18212819E+00
      80   6    -0.82009090E-01    0.10599854E+00   -0.70907252E-02
      80   7    -0.10692539E+00    0.10622338E+00   -0.57573661E-01
      80   8    -0.19441294E-01   -0.34476244E-01    0.47688400E-01
      80   9     0.11534951E-01    0.92681916E-02    0.40455745E-03
      80  10     0.42517487E-01   -0.15073398E-01   -0.57160939E-01
      81   1     0.91842099E-01    0.16164062E+00    0.18891263E+00
      81   2    -0.24563497E+00    0.68992892E-01   -0.95004139E-01
      81   3    -0.21797429E+00   -0.41014829E-02   -0.28511358E+00
      81   4     0.67436666E-01   -0.50951045E+00    0.35099307E-01
      81   5     0.16511021E-01   -0.50216757E+00   -0.12813198E+00
      81   6    -0.40459341E+00    0.45739703E+00    0.14639430E+00
      81   7     0.78687229E-01    0.71839094E-01    0.37818797E-01
      81   8     0.26946168E-02    0.50627767E-01   -0.50640696E-01
      81   9     0.50001724E-01   -0.40980677E-01    0.30839497E-01
      81  10    -0.72621821E-03   -0.54940780E-01    0.69555814E-01
      82   1     0.29898346E-01    0.41299238E+00    0.52871423E-01
      82   2     0.51665335E-01    0.83523775E+00    0.74158836E-01
      82   3     0.46053674E+00    0.40432478E+00    0.33057420E+00
      82   4    -0.82257828E+00   -0.27882084E-01   -0.60699299E+00
      82   5    -0.50785033E+00    0.23062860E+00   -0.38974854E+00
      82   6    -0.10533851E+00    0.21809839E+00   -0.33266575E-01
      82   7     0.85747575E-01   -0.69072445E+00    0.57206907E-01
      82   8    -0.84127849E-02    0.42824500E-02   -0.26763901E-02
      82   9     0.14395440E-01   -0.10071483E+00   -0.20076367E-02
      82  10    -0.10805731E-02    0.64055168E-01   -0.15584034E-02
      83   1     0.32239621E+00    0.33548532E+00    0.32379765E+00
      83   2    -0.28938756E+00   -0.29065040E+00   -0.29589722E+00
      83   3     0.67185009E+00   -0.90656262E-02    0.54249284E+00
      83   4     0.56012354E+00   -0.57699503E+00    0.32594105E+00
      83   5    -0.29170741E+00    0.91178384E+00   -0.31150408E-01
      83   6     0.69788166E-01    0.26234968E+00    0.11724104E+00
      83   7     0.27713514E+00    0.47616844E+00    0.33319611E+00
      83   8    -0.31235781E-01   -0.42028423E-01   -0.33916237E-02
      83   9    -0.23418791E-01   -0.26693591E-01   -0.19158457E-01
      83  10     0.44267963E-01    0.32176874E-01   -0.10459769E-01
      84   1     0.24395429E+00   -0.52772476E+00   -0.22418247E+00
      84   2     0.45344380E-01   -0.23797271E+00   -0.19614280E+00
      84   3    -0.49354700E+00    0.41820048E+00    0.48323842E-02
      84   4    -0.43694380E-01   -0.14950703E+00   -0.58441621E-01
      84   5    -0.44359454E+00    0.21178719E+00   -0.55489199E-01
      84   6     0.84414763E+00    0.41315341E+00    0.85060629E+00
      84   7     0.27515329E+00   -0.45170908E+00   -0.16567388E+00
      84   8    -0.43405667E-01    0.31746778E-01    0.22226778E-01
      84   9    -0.17926772E-01    0.43803326E-01   -0.11046088E-01
      84  10     0.23060705E-01   -0.48034813E-01   -0.22920562E-01
      85   1     0.52229496E+00    0.19489052E+00    0.36164359E+00
      85   2     0.84184809E+00    0.39770298E+00    0.69232906E+00
      85   3     0.16798362E+00   -0.28521565E+00    0.20111979E+00
      85   4     0.25239049E-01    0.61788621E+00    0.41030226E-01
      85   5     0.15151250E+00    0.45575582E+00    0.20125447E+00
      85   6     0.24610424E+00    0.18713658E-01    0.18070829E+00
      85   7    -0.14222730E+00    0.14405384E+00   -0.15759995E+00
      85   8    -0.28865548E-01    0.36481536E-01   -0.92371024E-02
      85   9     0.57836005E-01    0.26858485E-01    0.18660279E-01
      85  10     0.72982741E-01   -0.47173077E-01    0.28444111E-01
      86   1     0.69932469E+00   -0.10033558E+01    0.31311048E+00
      86   2    -0.95395290E+00    0.32560205E+00   -0.59048216E+00
      86   3     0.14641934E+00   -0.17705196E+00    0.12263313E+00
      86   4    -0.33559594E+00   -0.45720518E+00   -0.31853925E+00
      86   5     0.54117721E+00    0.14702357E+00    0.54955019E+00
      86   6     0.17966214E+00   -0.25426906E+00   -0.43594565E-01
      86   7     0.91170973E-02   -0.14045715E+00   -0.62732946E-02
      86   8     0.17207603E-01   -0.70886693E-02    0.36738771E-01
      86   9     0.35050696E-01    0.17506288E-01   -0.22762507E-02
      86  10    -0.52429890E-01    0.18108103E-01   -0.33669341E-01
      87   1    -0.89896984E+00    0.28295008E+00   -0.60457801E+00
      87   2     0.29990935E+00   -0.29830376E+00    0.14091473E+00
      87   3    -0.66154381E-01    0.27533245E+00    0.79391820E-01
      87   4     0.14919582E+00    0.95091886E-01    0.15591468E+00
      87   5    -0.29662822E+00   -0.61207532E-01   -0.18154921E+00
      87   6     0.19264568E+00   -0.94496731E-02    0.83738961E-01
      87   7     0.13186423E-01    0.47107145E-01   -0.68424043E-01
      87   8     0.12396508E+00   -0.31536267E-01    0.59268831E-01
      87   9    -0.28984737E-01    0.20058068E-01   -0.12654992E-01
      87  10    -0.70418070E-01    0.29204636E-01   -0.33249096E-01
      88   1    -0.20386685E+01   -0.34800720E+00   -0.15000932E+01
      88   2    -0.57542286E+00   -0.62149441E+00   -0.39426734E+00
      88   3     0.20591235E+00    0.63351762E+00    0.35185264E+00
      88   4     0.24359174E-01   -0.29316371E+00    0.49367089E-01
      88   5    -0.13543131E+00   -0.32826959E-01    0.74568248E-01
      88   6     0.38032164E+00   -0.63980749E+00   -0.27542597E+00
      88   7     0.76803570E-02    0.66259907E-02    0.62582493E-02
      88   8    -0.64842418E-02    0.48722701E-01   -0.53911194E-01
      88   9     0.64884356E-01    0.87202692E-02    0.29750415E-01
      88  10    -0.15291523E-01   -0.22510959E-01    0.32349257E-01

       ! The    1 -th eigen state. The transition energy is:        0.36721653

     The two digitals below indicate the importance of doing beyong TDA:

     Components: X       1.00209;    Y      -0.00209

     In the occ-virt project subspace the total Fxy is:

     X       0.98485;    Y      -0.00099    total       0.98387  /      1.00000

     The Chi_i_i is     Total          1               2               3

                     0.47393214E-01    0.25815169E-01    0.28218143E-03    0.21295864E-01

     Now is the components analysis of this transition.

     First we print out only the principle components.

     occ     virt       FX              FY

      79    1       -0.48421        0.00267
      80    1        0.27163       -0.01102
      80    2        0.27218        0.00469
      83    3        0.13239        0.00400
      84    3        0.13443        0.00182
      85    3        0.16445       -0.00225
      85    4       -0.18221        0.00119
      85    5        0.14098        0.00054
      86    3       -0.11798        0.00757
      86    4        0.13544       -0.00523
      86    5       -0.50091        0.01451
      86    6       -0.27371        0.00386
      86    7        0.11717        0.00634
      88    2       -0.10644        0.00776
      88    6        0.12730       -0.00492
      88    7       -0.10589       -0.00286

     Now for all the calculated particle and hole pairs :

     occ     virt       FX              FY

      79    1     -0.48420915E+00      0.26651789E-02
      79    2     -0.36286615E-01     -0.13743535E-02
      79    3     -0.71604017E-02     -0.28505113E-03
      79    4     -0.56981667E-02     -0.69970107E-03
      79    5      0.16752267E-02      0.79954867E-03
      79    6      0.91502232E-03      0.35091603E-03
      79    7     -0.77873930E-03      0.29313719E-03
      79    8      0.22896633E-02     -0.25126615E-04
      79    9     -0.80290627E-03      0.51587571E-04
      79   10      0.14086488E-02     -0.16522870E-03
      80    1      0.27162751E+00     -0.11021122E-01
      80    2      0.27218356E+00      0.46861441E-02
      80    3      0.12838194E-01      0.26509029E-02
      80    4      0.16672568E-01      0.34519192E-02
      80    5     -0.16705105E-01     -0.31760105E-02
      80    6     -0.83404123E-02     -0.33747692E-03
      80    7     -0.27223654E-02     -0.78170680E-03
      80    8     -0.77374425E-03     -0.12323303E-03
      80    9      0.55460765E-03      0.10504129E-03
      80   10     -0.26199912E-03     -0.19466320E-03
      81    1     -0.75283058E-01      0.52697992E-02
      81    2     -0.14168571E-01      0.63710519E-03
      81    3     -0.82351616E-02     -0.41560310E-03
      81    4     -0.27586310E-01     -0.18098545E-02
      81    5     -0.18515622E-01     -0.12521589E-02
      81    6     -0.46863557E-01      0.22463662E-02
      81    7     -0.88629716E-03     -0.18162690E-02
      81    8      0.91230141E-03     -0.62575718E-04
      81    9     -0.18556755E-03     -0.53073590E-03
      81   10     -0.54271376E-03      0.12253014E-03
      82    1     -0.21972115E-01      0.15675088E-02
      82    2     -0.19852832E-01      0.22909778E-02
      82    3      0.16981472E-01      0.58046384E-03
      82    4      0.89671405E-02      0.36063496E-03
      82    5      0.15075075E-01      0.74135883E-03
      82    6      0.12366267E-01      0.74083744E-03
      82    7     -0.46040139E-02     -0.12868272E-02
      82    8      0.31741418E-04     -0.47903282E-06
      82    9     -0.11644687E-02     -0.15233336E-03
      82   10      0.47362211E-03      0.19345031E-03
      83    1     -0.64645467E-01      0.64570117E-02
      83    2      0.30765218E-01     -0.47280963E-02
      83    3      0.13239482E+00      0.39969727E-02
      83    4      0.12563210E-01      0.52819793E-03
      83    5      0.54120120E-01      0.26338884E-02
      83    6      0.26277810E-01      0.15187479E-02
      83    7      0.10115448E-01      0.23670840E-02
      83    8     -0.19630216E-02     -0.11231967E-03
      83    9      0.13582256E-02     -0.31996676E-04
      83   10     -0.93104012E-03     -0.87080390E-04
      84    1      0.91444372E-01     -0.18152596E-03
      84    2      0.69731212E-01     -0.15817080E-02
      84    3      0.13442978E+00      0.18175213E-02
      84    4     -0.47907880E-01     -0.99032036E-03
      84    5      0.62098748E-01      0.18941890E-02
      84    6      0.22930221E-01      0.94115312E-03
      84    7      0.31680081E-01     -0.97341565E-03
      84    8     -0.45038339E-02      0.11409006E-03
      84    9     -0.19971359E-02     -0.24248216E-04
      84   10      0.28097304E-02     -0.18219533E-03
      85    1     -0.66577674E-01     -0.68882494E-03
      85    2      0.71318981E-01     -0.52096326E-02
      85    3      0.16445452E+00     -0.22453528E-02
      85    4     -0.18220792E+00      0.11946269E-02
      85    5      0.14097780E+00      0.53709082E-03
      85    6     -0.12683588E-01     -0.27440618E-03
      85    7      0.23036997E-01      0.19969044E-02
      85    8      0.24418853E-02     -0.59988713E-03
      85    9     -0.18063584E-01      0.69173622E-04
      85   10      0.16323202E-02      0.18705840E-03
      86    1      0.13151977E-01      0.43057805E-02
      86    2      0.56561342E-01     -0.49367798E-02
      86    3     -0.11798207E+00      0.75746944E-02
      86    4      0.13544390E+00     -0.52332984E-02
      86    5     -0.50091242E+00      0.14514948E-01
      86    6     -0.27370580E+00      0.38583271E-02
      86    7      0.11717284E+00      0.63441531E-02
      86    8     -0.12577226E-01     -0.81414319E-03
      86    9     -0.18772714E-03     -0.44077962E-04
      86   10     -0.71365300E-02     -0.26593310E-03
      87    1      0.34826134E-01     -0.32167477E-02
      87    2     -0.48321209E-01      0.44481978E-02
      87    3      0.27951699E-01     -0.19704099E-02
      87    4     -0.65048863E-02      0.26239381E-02
      87    5      0.37354240E-01     -0.62419755E-02
      87    6      0.73920094E-01     -0.23195978E-02
      87    7     -0.75166484E-01     -0.30410517E-02
      87    8     -0.17014267E-02     -0.72552292E-04
      87    9      0.16941336E-02      0.10848349E-03
      87   10      0.32702310E-02      0.22222488E-03
      88    1      0.43925976E-01     -0.30711510E-02
      88    2     -0.10643693E+00      0.77561022E-02
      88    3     -0.10632469E-01      0.17374084E-02
      88    4     -0.38633090E-03      0.14348253E-02
      88    5      0.75132083E-02     -0.29239379E-02
      88    6      0.12730319E+00     -0.49185942E-02
      88    7     -0.10588622E+00     -0.28562058E-02
      88    8     -0.33780828E-02     -0.10955999E-03
      88    9     -0.33624003E-02     -0.15487764E-03
      88   10      0.68458197E-02      0.37960961E-03

       **************


       ! The    2 -th eigen state. The transition energy is:        0.36395304

     The two digitals below indicate the importance of doing beyong TDA:

     Components: X       1.00124;    Y      -0.00124

     In the occ-virt project subspace the total Fxy is:

     X       0.99513;    Y      -0.00063    total       0.99450  /      1.00000

     The Chi_i_i is     Total          1               2               3

                     0.33691944E-01    0.15741019E-01    0.32219433E-02    0.14728982E-01

     Now is the components analysis of this transition.

     First we print out only the principle components.

     occ     virt       FX              FY

      79    1       -0.74495        0.00074
      81    2        0.15817       -0.00582
      83    3       -0.12905       -0.00454
      85    3       -0.18194        0.00205
      85    4       -0.13528        0.00020
      85    5        0.14282        0.00062
      86    4       -0.19787        0.00664
      86    5        0.42316       -0.01049
      86    6        0.17653       -0.00175
      88    7        0.11557        0.00354

     Now for all the calculated particle and hole pairs :

     occ     virt       FX              FY

      79    1     -0.74494706E+00      0.74093174E-03
      79    2     -0.17992207E-01     -0.35762336E-03
      79    3     -0.35121829E-02      0.81627558E-03
      79    4      0.29430683E-02      0.92630241E-03
      79    5     -0.90622874E-02     -0.83819747E-03
      79    6     -0.22395803E-02     -0.53774229E-04
      79    7     -0.48056910E-02     -0.22924103E-03
      79    8      0.58343539E-03      0.29330535E-03
      79    9     -0.35415516E-03     -0.30511826E-03
      79   10     -0.10460999E-02      0.18499681E-03
      80    1      0.46542991E-01     -0.16610158E-02
      80    2      0.26410846E-01      0.56009465E-03
      80    3     -0.24617273E-02     -0.28890618E-02
      80    4     -0.81923522E-02     -0.40254093E-02
      80    5      0.10811665E-01      0.42178966E-02
      80    6      0.58966532E-02      0.18541802E-03
      80    7      0.10596181E-01      0.22409300E-02
      80    8     -0.21025201E-04     -0.66700666E-04
      80    9     -0.94516207E-03     -0.15693785E-03
      80   10      0.61906075E-03      0.22355161E-03
      81    1      0.43247224E-01     -0.37158478E-02
      81    2      0.15817325E+00     -0.58245818E-02
      81    3      0.21989646E-02      0.78972134E-04
      81    4      0.73571299E-02      0.51829860E-03
      81    5     -0.99051468E-04     -0.41408198E-04
      81    6      0.22060002E-01     -0.20395353E-02
      81    7     -0.14286867E-02     -0.70010738E-04
      81    8      0.29849447E-02      0.54899060E-03
      81    9      0.24861081E-02      0.57032651E-03
      81   10     -0.15032237E-02     -0.31520073E-03
      82    1      0.14127532E-01     -0.63479190E-03
      82    2      0.17673013E-01     -0.11428805E-02
      82    3      0.53304029E-02      0.15273220E-03
      82    4     -0.15456840E-01     -0.67537082E-03
      82    5     -0.10158400E-01     -0.52516828E-03
      82    6     -0.65437595E-02     -0.42258376E-03
      82    7     -0.14798091E-02      0.51688077E-03
      82    8      0.49150238E-03      0.68333873E-04
      82    9      0.10571424E-02      0.13595342E-03
      82   10      0.11087857E-03     -0.99316041E-04
      83    1      0.91205627E-01     -0.74150024E-02
      83    2     -0.45419366E-01      0.53330144E-02
      83    3     -0.12904709E+00     -0.45426911E-02
      83    4      0.34272649E-02      0.66500848E-04
      83    5     -0.79110733E-01     -0.41159637E-02
      83    6     -0.33988309E-01     -0.21177766E-02
      83    7     -0.29123569E-02     -0.32634177E-02
      83    8      0.92418661E-03      0.19224720E-03
      83    9     -0.11407600E-02      0.10111469E-03
      83   10      0.14627934E-02      0.12492706E-03
      84    1     -0.49023572E-01      0.62470801E-03
      84    2     -0.42214241E-01      0.55671342E-03
      84    3     -0.61367659E-01     -0.11228088E-02
      84    4      0.30872919E-01      0.77987770E-03
      84    5     -0.48904433E-01     -0.16734460E-02
      84    6     -0.29427643E-01     -0.13739151E-02
      84    7     -0.18122712E-01      0.11624394E-02
      84    8      0.24076630E-02     -0.18890930E-03
      84    9      0.30287694E-03      0.18112498E-04
      84   10     -0.39636405E-04      0.13370374E-03
      85    1     -0.16369933E-01      0.27579212E-02
      85    2     -0.56210207E-01      0.58442729E-02
      85    3     -0.18193572E+00      0.20495776E-02
      85    4     -0.13528443E+00      0.20053080E-03
      85    5      0.14282379E+00      0.61782680E-03
      85    6      0.24081824E-01      0.44928469E-03
      85    7     -0.25268959E-01     -0.22411945E-02
      85    8      0.71309166E-02      0.69130235E-03
      85    9      0.91692354E-02      0.17235151E-03
      85   10     -0.27052176E-02     -0.17797387E-03
      86    1      0.12225068E-01     -0.53604096E-02
      86    2     -0.61777360E-02      0.24834015E-02
      86    3      0.16970785E-01     -0.41626902E-03
      86    4     -0.19786568E+00      0.66435261E-02
      86    5      0.42315765E+00     -0.10492928E-01
      86    6      0.17652886E+00     -0.17463557E-02
      86    7      0.55790690E-02      0.37153267E-03
      86    8      0.45019151E-02      0.30498799E-03
      86    9     -0.11812834E-02     -0.59988159E-04
      86   10      0.12304675E-02      0.71596964E-04
      87    1     -0.38104527E-01      0.38076157E-02
      87    2      0.11083252E-01     -0.24956063E-02
      87    3      0.20258557E-01     -0.17281917E-02
      87    4      0.25048235E-01     -0.35322024E-02
      87    5     -0.24073591E-01      0.39884329E-02
      87    6     -0.46707958E-01      0.12618517E-02
      87    7      0.17112444E-01      0.79872364E-03
      87    8      0.42374126E-02      0.22501763E-03
      87    9      0.15929212E-02      0.10043428E-03
      87   10     -0.35534058E-02     -0.26493604E-03
      88    1     -0.40546248E-01      0.30565305E-02
      88    2      0.49454225E-01     -0.46272578E-02
      88    3      0.57166462E-01     -0.48706626E-02
      88    4      0.14655438E-01     -0.26227937E-02
      88    5      0.62015537E-02      0.76087389E-04
      88    6     -0.89077784E-01      0.26764259E-02
      88    7      0.11557103E+00      0.35420512E-02
      88    8      0.46913845E-02      0.18117467E-03
      88    9      0.57319409E-02      0.28557368E-03
      88   10     -0.47072277E-02     -0.28375818E-03

       **************


       ! The    3 -th eigen state. The transition energy is:        0.37011449

     The two digitals below indicate the importance of doing beyong TDA:

     Components: X       1.00145;    Y      -0.00145

     In the occ-virt project subspace the total Fxy is:

     X       0.99227;    Y      -0.00073    total       0.99153  /      1.00000

     The Chi_i_i is     Total          1               2               3

                     0.62293654E-01    0.32596749E-01    0.46971268E-03    0.29227192E-01

     Now is the components analysis of this transition.

     First we print out only the principle components.

     occ     virt       FX              FY

      79    1       -0.10723        0.00105
      80    1        0.12487       -0.00555
      80    2        0.12456        0.00166
      81    2        0.14074       -0.00631
      84    3        0.12479        0.00122
      85    3       -0.46996        0.00808
      85    4        0.42730       -0.00460
      85    5       -0.61073        0.00078
      86    5       -0.12456        0.00398
      88    7        0.11916        0.00253

     Now for all the calculated particle and hole pairs :

     occ     virt       FX              FY

      79    1     -0.10722749E+00      0.10532516E-02
      79    2     -0.15530010E-01     -0.61669049E-03
      79    3     -0.10163898E-01      0.25997818E-03
      79    4     -0.36702152E-02     -0.41156183E-04
      79    5     -0.45373269E-02      0.16459450E-03
      79    6     -0.13976075E-02      0.12382571E-03
      79    7     -0.41461710E-02      0.14894537E-03
      79    8      0.15399644E-02      0.42958289E-04
      79    9     -0.61616062E-03     -0.11794936E-03
      79   10     -0.49941469E-04     -0.68108054E-04
      80    1      0.12486927E+00     -0.55534323E-02
      80    2      0.12455901E+00      0.16570176E-02
      80    3      0.10246311E-01     -0.34658626E-03
      80    4      0.11607302E-01      0.51207800E-03
      80    5     -0.13100963E-01      0.11802995E-03
      80    6     -0.36135437E-02      0.16273450E-03
      80    7      0.15128786E-02      0.78270571E-04
      80    8     -0.30965610E-03     -0.16884559E-04
      80    9      0.66196480E-03      0.15855447E-03
      80   10     -0.32327354E-03     -0.14610241E-03
      81    1     -0.18090076E-01     -0.23433500E-02
      81    2      0.14074053E+00     -0.63053170E-02
      81    3     -0.76138473E-01     -0.40839676E-02
      81    4      0.50904763E-01      0.31149814E-02
      81    5      0.48674533E-02      0.30098268E-03
      81    6     -0.29081905E-01      0.19544252E-02
      81    7      0.85618822E-02      0.16693928E-02
      81    8      0.35167468E-02      0.40772698E-03
      81    9      0.39589715E-02      0.50509748E-03
      81   10     -0.21147888E-02     -0.52837474E-03
      82    1      0.61702668E-01     -0.42354025E-02
      82    2      0.84475328E-01     -0.76978899E-02
      82    3     -0.88852258E-01     -0.26175471E-02
      82    4     -0.29854726E-01     -0.10973620E-02
      82    5     -0.62682374E-01     -0.28420166E-02
      82    6     -0.17885130E-01     -0.99557583E-03
      82    7     -0.72233073E-02      0.35142087E-02
      82    8      0.44017905E-03      0.33177940E-04
      82    9     -0.18147269E-02      0.28832248E-03
      82   10     -0.13266581E-02     -0.60217238E-03
      83    1      0.10294032E-01      0.11671466E-03
      83    2     -0.60082297E-02     -0.28581921E-03
      83    3      0.77460475E-02      0.16656476E-03
      83    4      0.95224505E-02      0.31223036E-03
      83    5     -0.83469573E-02     -0.33934430E-03
      83    6     -0.16481083E-02     -0.92501852E-04
      83    7      0.10022907E-01     -0.11455592E-03
      83    8     -0.21422962E-02      0.75078045E-04
      83    9      0.12370961E-02     -0.17888232E-05
      83   10     -0.89119517E-03      0.35878363E-04
      84    1      0.91044128E-01     -0.33881454E-02
      84    2      0.59143056E-01     -0.40464669E-02
      84    3      0.12479252E+00      0.12229969E-02
      84    4      0.31856870E-01      0.61893760E-03
      84    5      0.71833359E-01      0.19075956E-02
      84    6     -0.85509448E-02     -0.38867456E-03
      84    7      0.18266533E-01     -0.64670928E-03
      84    8     -0.67574774E-03      0.24639688E-03
      84    9      0.51699683E-03      0.19370796E-03
      84   10      0.19702571E-02     -0.38664401E-03
      85    1     -0.70270147E-01      0.57006030E-02
      85    2     -0.53024357E-01      0.12014175E-01
      85    3     -0.46995947E+00      0.80844373E-02
      85    4      0.42729581E+00     -0.46019808E-02
      85    5     -0.61072889E+00      0.77610523E-03
      85    6      0.46531972E-01      0.85444463E-03
      85    7     -0.47173421E-01     -0.38322314E-02
      85    8      0.10726556E-01      0.41343633E-03
      85    9     -0.96447591E-02      0.10016278E-03
      85   10     -0.26003054E-02     -0.12137470E-03
      86    1      0.31882144E-01      0.19943809E-03
      86    2      0.53809871E-01     -0.51194664E-02
      86    3     -0.72053728E-01      0.24020748E-02
      86    4     -0.35795083E-01      0.14350889E-02
      86    5     -0.12456147E+00      0.39798244E-02
      86    6     -0.12042989E-01      0.25721863E-03
      86    7      0.86834172E-01      0.43949986E-02
      86    8     -0.43816827E-02     -0.26265418E-03
      86    9      0.25784078E-02      0.18639863E-03
      86   10     -0.55015458E-02     -0.50125111E-03
      87    1      0.15898380E-01     -0.10589226E-02
      87    2     -0.17809834E-01      0.81720357E-03
      87    3      0.40099918E-01     -0.23807807E-02
      87    4      0.54939176E-02      0.36387841E-03
      87    5      0.43937195E-02     -0.12882286E-02
      87    6      0.49791690E-01     -0.17420729E-02
      87    7     -0.25920159E-01     -0.93849450E-03
      87    8      0.22722236E-02      0.11273802E-03
      87    9      0.41942689E-02      0.24019496E-03
      87   10     -0.40259344E-03     -0.33981830E-04
      88    1      0.39739384E-01     -0.22869790E-02
      88    2      0.20622522E-01     -0.43044213E-02
      88    3      0.71720446E-01     -0.56693328E-02
      88    4     -0.57964453E-01      0.35255632E-02
      88    5     -0.36944492E-01      0.86459249E-04
      88    6      0.82041156E-01     -0.61679209E-02
      88    7      0.11915607E+00      0.25286303E-02
      88    8      0.63860818E-02      0.21930516E-03
      88    9      0.13512030E-01      0.56947109E-03
      88   10     -0.47362720E-02     -0.26219124E-03

       **************


       ! The    4 -th eigen state. The transition energy is:        0.36207543

     The two digitals below indicate the importance of doing beyong TDA:

     Components: X       1.00136;    Y      -0.00136

     In the occ-virt project subspace the total Fxy is:

     X       0.99396;    Y      -0.00069    total       0.99327  /      1.00000

     The Chi_i_i is     Total          1               2               3

                     0.28338067E-01    0.12461291E-01    0.15078739E-01    0.79803661E-03

     Now is the components analysis of this transition.

     First we print out only the principle components.

     occ     virt       FX              FY

      79    1        0.33765        0.00058
      80    1        0.16356       -0.00541
      81    2        0.19094       -0.00648
      83    1        0.10735       -0.00560
      85    3       -0.47641        0.00393
      85    4       -0.40055       -0.00047
      85    5        0.23279        0.00141
      86    3       -0.11730        0.00736
      86    4       -0.18259        0.00549
      86    6       -0.46782        0.00289
      88    3        0.11591       -0.00811

     Now for all the calculated particle and hole pairs :

     occ     virt       FX              FY

      79    1      0.33765255E+00      0.57622589E-03
      79    2     -0.66198781E-03     -0.31583312E-03
      79    3     -0.58368693E-02      0.52588228E-03
      79    4     -0.26583412E-02      0.64728178E-03
      79    5     -0.12359033E-02     -0.62165900E-03
      79    6     -0.92035085E-03      0.21658758E-03
      79    7     -0.18490608E-02      0.17972116E-03
      79    8      0.14898715E-02      0.22748942E-03
      79    9     -0.98488682E-03     -0.26280432E-03
      79   10     -0.73692311E-03     -0.13356420E-03
      80    1      0.16355815E+00     -0.54075824E-02
      80    2      0.87182790E-01      0.20488916E-02
      80    3      0.11162649E-01     -0.25309671E-02
      80    4      0.12199305E-01     -0.29319667E-02
      80    5     -0.14006415E-01      0.28404397E-02
      80    6     -0.14994050E-02     -0.59095553E-03
      80    7     -0.31215873E-03     -0.71464392E-03
      80    8      0.47050892E-03      0.90438043E-04
      80    9      0.65648976E-03      0.22232351E-03
      80   10     -0.10304223E-02     -0.27181145E-03
      81    1     -0.22202779E-02     -0.25534492E-02
      81    2      0.19093599E+00     -0.64849098E-02
      81    3     -0.28439183E-02     -0.17822964E-03
      81    4      0.10795058E-01      0.78929595E-03
      81    5      0.50571240E-02      0.43119143E-03
      81    6     -0.92819461E-02     -0.20104605E-02
      81    7      0.40354861E-02      0.23823553E-03
      81    8      0.45682761E-02      0.64461938E-03
      81    9      0.39026092E-02      0.54476988E-03
      81   10     -0.25737149E-02     -0.49614498E-03
      82    1      0.26401236E-01     -0.13918802E-02
      82    2      0.42505342E-01     -0.25314939E-02
      82    3     -0.77982194E-02     -0.36856817E-03
      82    4     -0.15041115E-01     -0.70337802E-03
      82    5     -0.15505685E-01     -0.86760457E-03
      82    6     -0.92914441E-02     -0.62542863E-03
      82    7     -0.84868126E-02      0.11186613E-02
      82    8      0.74708168E-03      0.10240349E-03
      82    9     -0.10498662E-03      0.20635597E-03
      82   10      0.28020349E-03     -0.19325421E-03
      83    1      0.10734958E+00     -0.56040460E-02
      83    2     -0.58775403E-01      0.39528099E-02
      83    3     -0.90990151E-01     -0.35206204E-02
      83    4      0.15165798E-01      0.60425245E-03
      83    5     -0.74981741E-01     -0.40855095E-02
      83    6     -0.29786508E-01     -0.19446991E-02
      83    7      0.13919317E-01     -0.28338885E-02
      83    8     -0.13127104E-02      0.33789209E-03
      83    9     -0.65060995E-03      0.19742885E-04
      83   10      0.12711532E-02      0.11323402E-03
      84    1     -0.29769338E-02      0.15698898E-02
      84    2     -0.91750450E-02      0.59400503E-03
      84    3     -0.25275096E-01     -0.53919483E-03
      84    4      0.28991643E-01      0.82436319E-03
      84    5     -0.15754554E-01     -0.58499700E-03
      84    6     -0.47059303E-01     -0.23622519E-02
      84    7      0.13535843E-02      0.23249838E-02
      84    8     -0.23615350E-02     -0.46360471E-03
      84    9     -0.88000367E-03     -0.16014607E-04
      84   10      0.39983939E-02      0.21761011E-03
      85    1     -0.99339570E-01      0.62970383E-02
      85    2     -0.58971850E-01      0.91664053E-02
      85    3     -0.47640750E+00      0.39288586E-02
      85    4     -0.40055207E+00     -0.47472589E-03
      85    5      0.23279169E+00      0.14098691E-02
      85    6      0.40584943E-01      0.85218573E-03
      85    7     -0.19872952E-01     -0.19104473E-02
      85    8      0.15802422E-01      0.67891037E-03
      85    9     -0.46574019E-02      0.56357866E-03
      85   10     -0.39878586E-02     -0.26792404E-03
      86    1      0.31789942E-03      0.32840946E-02
      86    2      0.77741728E-01     -0.66830907E-02
      86    3     -0.11729913E+00      0.73635837E-02
      86    4     -0.18258963E+00      0.54883743E-02
      86    5      0.55869926E-01     -0.12272783E-02
      86    6     -0.46782256E+00      0.28862316E-02
      86    7      0.78022879E-01      0.48270406E-02
      86    8     -0.98754563E-03     -0.74377819E-04
      86    9     -0.10147869E-02     -0.66622511E-04
      86   10     -0.46959659E-02     -0.38491104E-03
      87    1     -0.36513979E-02     -0.13147080E-02
      87    2     -0.48206910E-01      0.27613769E-02
      87    3      0.81285122E-01     -0.55647644E-02
      87    4      0.44910086E-01     -0.27568942E-02
      87    5     -0.81108433E-02     -0.28098671E-03
      87    6      0.25667056E-01     -0.61107737E-03
      87    7     -0.20683635E-01     -0.99069978E-03
      87    8      0.42591583E-02      0.25195844E-03
      87    9      0.12045338E-02      0.78113395E-04
      87   10     -0.44486164E-03     -0.43223103E-04
      88    1      0.17372874E-01     -0.15087558E-02
      88    2     -0.18857306E-01     -0.14308456E-02
      88    3      0.11591104E+00     -0.81058184E-02
      88    4      0.89252838E-02     -0.14517711E-02
      88    5      0.57152342E-02     -0.29119174E-02
      88    6     -0.43777009E-01      0.30062197E-02
      88    7      0.63279207E-01      0.20219629E-02
      88    8      0.67561941E-02      0.30274205E-03
      88    9      0.64088370E-02      0.33993763E-03
      88   10     -0.49727318E-02     -0.32543646E-03

       **************


       ! The    5 -th eigen state. The transition energy is:        0.36088473

     The two digitals below indicate the importance of doing beyong TDA:

     Components: X       1.00127;    Y      -0.00127

     In the occ-virt project subspace the total Fxy is:

     X       0.99404;    Y      -0.00065    total       0.99339  /      1.00000

     The Chi_i_i is     Total          1               2               3

                     0.50537463E-01    0.32705207E-02    0.30659165E-01    0.16607778E-01

     Now is the components analysis of this transition.

     First we print out only the principle components.

     occ     virt       FX              FY

      79    1       -0.11908       -0.00040
      81    2       -0.10532        0.00342
      83    1        0.14031       -0.00642
      83    3       -0.11399       -0.00458
      85    3        0.39815       -0.00256
      85    4        0.28126        0.00081
      85    5       -0.22707       -0.00171
      86    4       -0.19932        0.00570
      86    5        0.23686       -0.00458
      86    6       -0.67579        0.00300
      88    6       -0.10868        0.00994

     Now for all the calculated particle and hole pairs :

     occ     virt       FX              FY

      79    1     -0.11907572E+00     -0.39602788E-03
      79    2     -0.10411318E-03      0.92535979E-04
      79    3     -0.11708783E-02      0.46170630E-03
      79    4     -0.22508601E-02      0.83860864E-03
      79    5      0.25506236E-02     -0.86845393E-03
      79    6      0.77473793E-03      0.14382001E-03
      79    7      0.31831429E-03      0.23821720E-03
      79    8      0.11544877E-02      0.21390698E-03
      79    9     -0.65743710E-03     -0.21701094E-03
      79   10     -0.28399367E-03     -0.41571366E-04
      80    1     -0.98162079E-01      0.30728145E-02
      80    2     -0.31403348E-01     -0.75616452E-03
      80    3      0.80220842E-02     -0.23659138E-02
      80    4      0.14763933E-01     -0.37946993E-02
      80    5     -0.16645718E-01      0.35602540E-02
      80    6     -0.36714781E-02     -0.48401184E-03
      80    7      0.12444683E-02     -0.15426002E-02
      80    8      0.32165351E-03      0.14960547E-03
      80    9      0.31601476E-04      0.11490698E-03
      80   10     -0.43624593E-03     -0.21756689E-03
      81    1     -0.10855897E-02      0.11002267E-02
      81    2     -0.10532154E+00      0.34246347E-02
      81    3      0.53305571E-01      0.35963035E-02
      81    4      0.71116043E-03      0.69562200E-04
      81    5      0.23824397E-01      0.19832046E-02
      81    6     -0.38424594E-02     -0.32095627E-02
      81    7      0.32440913E-02     -0.13852231E-02
      81    8     -0.40525001E-03     -0.15830843E-03
      81    9      0.44957944E-03     -0.21331226E-03
      81   10     -0.28842068E-03      0.19606752E-03
      82    1     -0.78446162E-02      0.56023098E-03
      82    2     -0.77299658E-02      0.10828239E-02
      82    3      0.12569477E-01      0.53533812E-03
      82    4      0.12006699E-01      0.58020055E-03
      82    5      0.17766076E-01      0.10036953E-02
      82    6     -0.27144835E-02     -0.19232107E-03
      82    7     -0.43459275E-02     -0.69133942E-03
      82    8      0.24841356E-03      0.17625613E-04
      82    9      0.54252115E-03      0.57779636E-05
      82   10      0.14144026E-02      0.17453402E-03
      83    1      0.14030731E+00     -0.64169190E-02
      83    2     -0.78951529E-01      0.47432040E-02
      83    3     -0.11399133E+00     -0.45814529E-02
      83    4      0.53324742E-02      0.17011437E-03
      83    5     -0.75800085E-01     -0.43231736E-02
      83    6     -0.32940006E-01     -0.22152385E-02
      83    7      0.14803942E-01     -0.31918371E-02
      83    8     -0.15670022E-02      0.35546588E-03
      83    9     -0.96667211E-03      0.44449934E-04
      83   10      0.22041275E-02      0.10925786E-03
      84    1     -0.45195196E-01      0.47722208E-02
      84    2     -0.56657416E-01      0.51433954E-02
      84    3     -0.70398301E-01     -0.15779672E-02
      84    4      0.29145672E-01      0.86203015E-03
      84    5     -0.47833368E-01     -0.18560536E-02
      84    6     -0.40693633E-01     -0.20836949E-02
      84    7     -0.34656823E-03      0.28785889E-02
      84    8     -0.38992659E-02     -0.63681127E-03
      84    9     -0.20860839E-02     -0.15333491E-03
      84   10      0.35199043E-02      0.57317648E-03
      85    1     -0.43528710E-01     -0.25417352E-03
      85    2      0.52959904E-01     -0.48127470E-02
      85    3      0.39815038E+00     -0.25638482E-02
      85    4      0.28125907E+00      0.80862161E-03
      85    5     -0.22707184E+00     -0.17061058E-02
      85    6     -0.20305169E-01     -0.39271231E-03
      85    7      0.28319009E-01      0.27115252E-02
      85    8      0.28744348E-02     -0.14910932E-03
      85    9     -0.30088627E-02      0.48418416E-03
      85   10     -0.11530419E-02      0.49534013E-04
      86    1     -0.76034841E-01      0.67448232E-02
      86    2      0.14749218E-01     -0.27501136E-02
      86    3     -0.56043763E-01      0.57067024E-02
      86    4     -0.19932313E+00      0.57000548E-02
      86    5      0.23686456E+00     -0.45818649E-02
      86    6     -0.67579412E+00      0.29955857E-02
      86    7     -0.15861132E-01     -0.98369179E-03
      86    8      0.31315534E-02      0.22481421E-03
      86    9     -0.34509034E-02     -0.26999965E-03
      86   10     -0.26992403E-02     -0.22785696E-04
      87    1      0.97035974E-02     -0.23286623E-02
      87    2     -0.29520596E-01      0.31056522E-02
      87    3      0.47716314E-01     -0.34556901E-02
      87    4      0.56942076E-01     -0.31305933E-02
      87    5     -0.46216715E-01      0.18009173E-02
      87    6     -0.44289236E-01      0.10009988E-02
      87    7      0.39087572E-02      0.15647404E-03
      87    8      0.14788307E-03      0.51446341E-05
      87    9     -0.43631582E-02     -0.31041146E-03
      87   10      0.18492084E-02      0.14723366E-03
      88    1     -0.11268782E-01     -0.78680195E-03
      88    2     -0.52666144E-01      0.47856176E-02
      88    3      0.62168894E-01     -0.28114319E-02
      88    4      0.51857070E-01     -0.27544054E-02
      88    5     -0.88302049E-02     -0.98227904E-04
      88    6     -0.10867829E+00      0.99357777E-02
      88    7     -0.56675823E-01     -0.19905226E-02
      88    8     -0.27407235E-02     -0.13508827E-03
      88    9     -0.74621260E-02     -0.40603170E-03
      88   10      0.15095715E-02      0.10932478E-03

       **************


       ! The    6 -th eigen state. The transition energy is:        0.37539142

     The two digitals below indicate the importance of doing beyong TDA:

     Components: X       1.00094;    Y      -0.00094

     In the occ-virt project subspace the total Fxy is:

     X       0.95143;    Y      -0.00040    total       0.95103  /      1.00000

     The Chi_i_i is     Total          1               2               3

                     0.53314479E-02    0.19851557E-03    0.39313002E-02    0.12016322E-02

     Now is the components analysis of this transition.

     First we print out only the principle components.

     occ     virt       FX              FY

      80    2       -0.16823       -0.00112
      81    6       -0.10001        0.00265
      83    1        0.13395       -0.00473
      83    3       -0.19147       -0.00377
      83    5       -0.10481       -0.00388
      84    1        0.22552       -0.00294
      84    3        0.71538        0.00165
      85    1       -0.15540        0.00366
      85    4       -0.20599        0.00353
      85    5       -0.10287        0.00123
      86    5        0.14046       -0.00578
      86    6        0.12958       -0.00322
      88    5       -0.10445        0.00265
      88    6        0.16797       -0.00518

     Now for all the calculated particle and hole pairs :

     occ     virt       FX              FY

      79    1      0.46017431E-01     -0.71422212E-03
      79    2      0.29306765E-02      0.63571604E-04
      79    3     -0.15349213E-01      0.24164462E-03
      79    4     -0.10975221E-01      0.81265798E-03
      79    5     -0.19033647E-03     -0.93345938E-03
      79    6      0.46974821E-04     -0.42485334E-03
      79    7     -0.70050251E-02     -0.31309779E-04
      79    8      0.35111909E-02      0.12418457E-03
      79    9     -0.12393803E-02     -0.13718120E-03
      79   10      0.12123222E-02     -0.44968507E-04
      80    1     -0.59074188E-01      0.31568907E-02
      80    2     -0.16823077E+00     -0.11203211E-02
      80    3      0.19309866E-01     -0.13411502E-02
      80    4      0.46237971E-01     -0.36861150E-02
      80    5     -0.47669756E-01      0.36619274E-02
      80    6     -0.22019580E-01      0.14379714E-02
      80    7      0.17522202E-01     -0.29918167E-03
      80    8     -0.18341815E-02      0.76325272E-05
      80    9     -0.65987701E-03     -0.59955821E-06
      80   10      0.17790566E-02     -0.80681057E-04
      81    1     -0.52623589E-01      0.18250588E-02
      81    2     -0.40922970E-01      0.21610149E-02
      81    3      0.24541124E-01      0.11636721E-02
      81    4     -0.33059748E-01     -0.18067854E-02
      81    5     -0.41086987E-01     -0.24083174E-02
      81    6     -0.10001299E+00      0.26502403E-02
      81    7      0.51280057E-02     -0.31836975E-03
      81    8      0.33451047E-02     -0.15314938E-03
      81    9      0.42290466E-02     -0.24657478E-03
      81   10     -0.18824382E-02      0.79171157E-04
      82    1     -0.38685513E-01      0.22760497E-02
      82    2     -0.51078292E-01      0.41033886E-02
      82    3      0.57301604E-01      0.12720881E-02
      82    4      0.24648351E-01      0.71939704E-03
      82    5      0.38893345E-01      0.14818948E-02
      82    6      0.23816224E-01      0.11621246E-02
      82    7     -0.89180861E-03     -0.16690429E-02
      82    8     -0.67718923E-04      0.85594073E-05
      82    9     -0.11878659E-02     -0.87993099E-04
      82   10      0.38261612E-03      0.29297973E-03
      83    1      0.13395391E+00     -0.47300878E-02
      83    2     -0.79531556E-01      0.34613284E-02
      83    3     -0.19147381E+00     -0.37699091E-02
      83    4      0.16337661E-01      0.31768379E-03
      83    5     -0.10480709E+00     -0.38795260E-02
      83    6     -0.40064111E-01     -0.18950615E-02
      83    7      0.34593096E-01     -0.25079959E-02
      83    8     -0.71890688E-02      0.44442210E-03
      83    9      0.31350085E-02      0.58522832E-04
      83   10     -0.26724996E-04      0.38430278E-04
      84    1      0.22551800E+00     -0.29408509E-02
      84    2      0.94613751E-01     -0.26309431E-02
      84    3      0.71538481E+00      0.16503069E-02
      84    4     -0.54248191E-01     -0.37338287E-03
      84    5     -0.58941505E-01     -0.42127623E-03
      84    6      0.45960164E-01      0.14292712E-02
      84    7      0.68255392E-01     -0.24454936E-02
      84    8     -0.84612894E-02      0.55011480E-03
      84    9     -0.54914517E-02      0.91983695E-04
      84   10      0.63914833E-02     -0.29105447E-03
      85    1     -0.15539582E+00      0.36586084E-02
      85    2      0.96192428E-01      0.13322780E-02
      85    3      0.84232044E-01     -0.22720390E-02
      85    4     -0.20598618E+00      0.35312109E-02
      85    5     -0.10286971E+00      0.12334884E-02
      85    6     -0.32209822E-01     -0.14962134E-03
      85    7      0.31979609E-01      0.23643970E-02
      85    8      0.86732438E-02     -0.43960860E-03
      85    9     -0.24405174E-01      0.71900109E-03
      85   10     -0.26867239E-02     -0.21619423E-03
      86    1     -0.70656137E-01      0.10419764E-02
      86    2     -0.19392251E-01      0.67848283E-03
      86    3     -0.87462760E-01      0.28456489E-02
      86    4     -0.92687240E-01      0.44774261E-02
      86    5      0.14045757E+00     -0.57849704E-02
      86    6      0.12957769E+00     -0.32181874E-02
      86    7     -0.40651810E-01     -0.18231766E-02
      86    8      0.20489844E-02      0.13269682E-03
      86    9     -0.84227501E-03     -0.25267303E-04
      86   10     -0.97348898E-02      0.23712072E-03
      87    1      0.52331753E-01     -0.55568577E-03
      87    2      0.11045265E-01     -0.19237786E-03
      87    3      0.16127762E-01     -0.66935655E-03
      87    4      0.72897214E-01     -0.31386622E-02
      87    5     -0.97340033E-01      0.36370020E-02
      87    6      0.15709844E-01     -0.60919469E-03
      87    7      0.18055622E-01      0.53296471E-03
      87    8      0.24187183E-03     -0.10506675E-04
      87    9     -0.66875089E-03     -0.47753443E-04
      87   10      0.10214275E-02      0.59609963E-04
      88    1      0.19596844E-01     -0.15107944E-02
      88    2     -0.36343523E-01      0.82382153E-03
      88    3     -0.18403760E-01      0.12943232E-02
      88    4      0.75719205E-01     -0.42438169E-02
      88    5     -0.10444903E+00      0.26482484E-02
      88    6      0.16796941E+00     -0.51821756E-02
      88    7     -0.43955470E-01     -0.74813969E-03
      88    8     -0.28274197E-02     -0.94753024E-04
      88    9     -0.37145149E-02     -0.11638878E-03
      88   10      0.10841004E-01      0.48984920E-03

       **************


       ! The    7 -th eigen state. The transition energy is:        0.35650602

     The two digitals below indicate the importance of doing beyong TDA:

     Components: X       1.00165;    Y      -0.00165

     In the occ-virt project subspace the total Fxy is:

     X       0.99368;    Y      -0.00077    total       0.99291  /      1.00000

     The Chi_i_i is     Total          1               2               3

                     0.27123460E-01    0.12686245E-01    0.26140412E-02    0.11823173E-01

     Now is the components analysis of this transition.

     First we print out only the principle components.

     occ     virt       FX              FY

      79    1        0.23424        0.00223
      80    1        0.60534       -0.01523
      80    2        0.21478        0.00654
      81    2        0.36752       -0.00966
      85    3        0.43363        0.00021
      85    4        0.15317        0.00147
      86    4       -0.18439        0.00421
      86    5        0.12945       -0.00215
      86    6        0.25219        0.00031
      86    7        0.10754        0.00745

     Now for all the calculated particle and hole pairs :

     occ     virt       FX              FY

      79    1      0.23424273E+00      0.22314780E-02
      79    2     -0.95855602E-02     -0.80552209E-03
      79    3     -0.35004320E-02      0.28145674E-03
      79    4      0.88866097E-03      0.43150001E-03
      79    5     -0.51719347E-02     -0.60252854E-03
      79    6     -0.21669599E-02     -0.56649425E-05
      79    7     -0.40767142E-02     -0.49200083E-03
      79    8      0.88784342E-03      0.27084194E-03
      79    9     -0.65728385E-03     -0.16513275E-03
      79   10     -0.93901085E-03     -0.92221410E-04
      80    1      0.60534217E+00     -0.15232337E-01
      80    2      0.21478089E+00      0.65406488E-02
      80    3      0.30195788E-02     -0.19047866E-02
      80    4     -0.38546257E-02     -0.20115280E-02
      80    5      0.63614903E-02      0.21815140E-02
      80    6      0.37656833E-02     -0.32094818E-03
      80    7      0.95892965E-02      0.29536034E-02
      80    8     -0.44834990E-03     -0.23951963E-03
      80    9     -0.78438338E-03     -0.18120371E-03
      80   10      0.31515955E-03      0.19138649E-03
      81    1     -0.26100313E-02     -0.82210168E-03
      81    2      0.36752119E+00     -0.96616416E-02
      81    3     -0.72151949E-02     -0.56192607E-03
      81    4     -0.15875693E-01     -0.12635883E-02
      81    5     -0.17318516E-01     -0.14664592E-02
      81    6      0.49485219E-02     -0.88449764E-03
      81    7     -0.71793825E-02     -0.26050430E-02
      81    8      0.52564754E-02      0.94039437E-03
      81    9      0.29266521E-02      0.39572541E-03
      81   10     -0.21981834E-02     -0.34413576E-03
      82    1     -0.16356071E-02      0.80697556E-03
      82    2      0.69996408E-02      0.82387912E-03
      82    3      0.21197959E-01      0.96967462E-03
      82    4     -0.14654189E-01     -0.78298736E-03
      82    5     -0.14866873E-02     -0.64159595E-04
      82    6      0.17281806E-02      0.12794234E-03
      82    7     -0.60358668E-02     -0.66345685E-03
      82    8      0.82032811E-03      0.11339438E-03
      82    9      0.10333688E-02      0.58043816E-04
      82   10      0.68743847E-03      0.69189938E-04
      83    1      0.48120601E-01     -0.43838221E-02
      83    2     -0.22417931E-01      0.30238496E-02
      83    3     -0.43851049E-01     -0.20571674E-02
      83    4      0.20888960E-01      0.10411064E-02
      83    5     -0.57404516E-01     -0.34926154E-02
      83    6     -0.20038539E-01     -0.14484823E-02
      83    7     -0.11402236E-03     -0.20462086E-02
      83    8      0.11351634E-02      0.17507928E-03
      83    9     -0.11271032E-02      0.32971158E-04
      83   10      0.83536981E-03      0.65412607E-04
      84    1     -0.17255922E-01      0.71844018E-03
      84    2     -0.34960925E-02     -0.10515708E-02
      84    3     -0.37268451E-02     -0.11726813E-03
      84    4      0.17145390E-02      0.54537380E-04
      84    5     -0.18692397E-01     -0.80528061E-03
      84    6     -0.13252172E-01     -0.75970177E-03
      84    7     -0.82169417E-02      0.50747072E-03
      84    8      0.12931573E-02     -0.15210198E-03
      84    9     -0.35605203E-03     -0.21356444E-04
      84   10      0.15422719E-02      0.38140756E-04
      85    1     -0.62653599E-01      0.24467736E-02
      85    2     -0.35346816E-01      0.24780443E-02
      85    3      0.43362892E+00      0.20580317E-03
      85    4      0.15316765E+00      0.14696262E-02
      85    5      0.24747988E-01      0.11065003E-02
      85    6      0.73082232E-02      0.24559133E-03
      85    7     -0.18001388E-01     -0.15968042E-02
      85    8      0.10987544E-01      0.61102184E-03
      85    9      0.13223326E-02      0.21255098E-03
      85   10     -0.18998490E-02     -0.12747706E-03
      86    1      0.67587539E-01     -0.79011601E-02
      86    2      0.40935497E-01      0.16403227E-02
      86    3     -0.77999322E-01      0.48282970E-02
      86    4     -0.18438986E+00      0.42148736E-02
      86    5      0.12945482E+00     -0.21544128E-02
      86    6      0.25218625E+00      0.31396330E-03
      86    7      0.10754352E+00      0.74463796E-02
      86    8     -0.47967232E-02     -0.39021520E-03
      86    9     -0.25940077E-02     -0.21106397E-03
      86   10     -0.17609622E-02      0.16236842E-03
      87    1     -0.48498813E-01      0.48242385E-02
      87    2     -0.27384944E-01     -0.90687022E-03
      87    3      0.53232465E-01     -0.38582553E-02
      87    4      0.18590076E-01     -0.24439949E-02
      87    5      0.18410698E-01     -0.14253430E-03
      87    6      0.14284465E-01     -0.22432531E-03
      87    7     -0.37210012E-01     -0.19930148E-02
      87    8      0.50393324E-02      0.32952330E-03
      87    9      0.47849223E-02      0.36229125E-03
      87   10     -0.36442661E-02     -0.31674984E-03
      88    1     -0.34424044E-01      0.36141644E-02
      88    2     -0.29029073E-01     -0.26646777E-03
      88    3      0.71128476E-01     -0.53701354E-02
      88    4      0.14996781E-01     -0.24198486E-02
      88    5      0.37091082E-01     -0.30922461E-02
      88    6     -0.20431643E-01     -0.15902266E-02
      88    7      0.77847042E-01      0.31366248E-02
      88    8      0.44836789E-02      0.23265477E-03
      88    9      0.56013862E-02      0.33110386E-03
      88   10     -0.12449477E-02     -0.94320171E-04

       **************


       ! The    8 -th eigen state. The transition energy is:        0.38005038

     The two digitals below indicate the importance of doing beyong TDA:

     Components: X       1.00097;    Y      -0.00097

     In the occ-virt project subspace the total Fxy is:

     X       0.99281;    Y      -0.00049    total       0.99232  /      1.00000

     The Chi_i_i is     Total          1               2               3

                     0.16409885E-01    0.90006368E-06    0.16357910E-01    0.51074836E-04

     Now is the components analysis of this transition.

     First we print out only the principle components.

     occ     virt       FX              FY

      81    4       -0.11287       -0.00545
      82    3        0.23193        0.00353
      84    4       -0.27151       -0.00131
      85    4       -0.36058        0.00841
      85    5       -0.42404        0.00628
      85    6        0.65586       -0.00024

     Now for all the calculated particle and hole pairs :

     occ     virt       FX              FY

      79    1     -0.32804270E-03     -0.37452653E-05
      79    2      0.11720898E-02      0.39825387E-04
      79    3      0.46797837E-02     -0.74129454E-04
      79    4      0.36548604E-02     -0.12765636E-03
      79    5     -0.14695817E-02      0.22518040E-03
      79    6     -0.10906670E-03      0.95693509E-04
      79    7      0.16923331E-02     -0.38460856E-04
      79    8     -0.13226889E-02     -0.37111278E-04
      79    9      0.57072656E-03      0.63344152E-04
      79   10     -0.46024475E-03      0.45050591E-04
      80    1      0.95148879E-03     -0.97316656E-04
      80    2      0.42735385E-01      0.33264495E-04
      80    3     -0.86255227E-02      0.61688184E-03
      80    4     -0.14799210E-01      0.18624623E-03
      80    5      0.18340800E-01     -0.12722788E-02
      80    6      0.62755730E-02     -0.55127492E-03
      80    7     -0.43403323E-02      0.35747000E-03
      80    8      0.69553780E-03      0.16367256E-05
      80    9     -0.88410945E-04     -0.14510073E-04
      80   10     -0.42224513E-03      0.53882883E-04
      81    1      0.32412061E-01     -0.17226508E-02
      81    2      0.37063301E-01     -0.22116964E-02
      81    3      0.60156196E-01      0.23045644E-02
      81    4     -0.11286650E+00     -0.54489371E-02
      81    5     -0.65053339E-01     -0.35889017E-02
      81    6      0.31732367E-01     -0.22897480E-02
      81    7     -0.68599114E-02      0.13423253E-02
      81    8      0.10279640E-02      0.26194490E-03
      81    9     -0.20670025E-02      0.16296973E-03
      81   10     -0.56632023E-03     -0.20261739E-03
      82    1     -0.72522650E-01      0.55297253E-02
      82    2     -0.97101078E-01      0.10116705E-01
      82    3      0.23193250E+00      0.35282402E-02
      82    4      0.33585036E-01      0.83658393E-03
      82    5      0.93370563E-01      0.31022765E-02
      82    6      0.33211701E-01      0.14083716E-02
      82    7      0.10319527E-01     -0.40197847E-02
      82    8     -0.21184432E-03      0.28704685E-04
      82    9      0.20922422E-02     -0.28001942E-03
      82   10      0.46297597E-03      0.61671632E-03
      83    1     -0.41192495E-01      0.11416444E-02
      83    2      0.23839731E-01     -0.71349763E-03
      83    3      0.62490914E-01      0.83767368E-03
      83    4     -0.11759429E-01     -0.19815594E-03
      83    5      0.31963464E-01      0.99131674E-03
      83    6      0.10976366E-01      0.45241022E-03
      83    7     -0.12691074E-01      0.60861802E-03
      83    8      0.33483859E-02     -0.95355761E-04
      83    9     -0.15948356E-02     -0.29833947E-05
      83   10      0.55928715E-03     -0.44457108E-04
      84    1     -0.81951229E-01      0.13831510E-02
      84    2     -0.35118597E-01      0.10559338E-02
      84    3     -0.53299372E-01      0.94988703E-04
      84    4     -0.27150607E+00     -0.13143843E-02
      84    5     -0.73800809E-01     -0.90959612E-03
      84    6     -0.69901053E-01     -0.18070487E-02
      84    7     -0.20831028E-01      0.11957242E-02
      84    8      0.27840380E-02     -0.17750862E-03
      84    9      0.11235302E-02     -0.68163844E-05
      84   10     -0.28151035E-02      0.13390985E-03
      85    1      0.20323866E-01      0.16088884E-02
      85    2     -0.58993119E-01      0.35134156E-02
      85    3      0.92348470E-01     -0.36437648E-02
      85    4     -0.36058265E+00      0.84128914E-02
      85    5     -0.42403642E+00      0.62776353E-02
      85    6      0.65585615E+00     -0.23796667E-03
      85    7     -0.11845287E-01     -0.84618195E-03
      85    8      0.42149640E-02      0.40379700E-03
      85    9      0.15045578E-01      0.63605575E-04
      85   10      0.61307507E-03     -0.30216565E-03
      86    1      0.16721385E-01     -0.13317778E-02
      86    2     -0.41188833E-03      0.23420955E-03
      86    3      0.33257116E-01     -0.59486826E-03
      86    4      0.67259323E-01     -0.36483612E-02
      86    5      0.30848231E-01     -0.13632734E-02
      86    6     -0.14029348E-01      0.42246749E-03
      86    7      0.12392668E-02      0.80413694E-04
      86    8      0.15735603E-02      0.63328072E-04
      86    9      0.67022187E-03      0.31328816E-04
      86   10      0.50048953E-02      0.19711588E-03
      87    1     -0.24443882E-01      0.11445913E-02
      87    2      0.34911585E-02     -0.67169335E-03
      87    3     -0.21402557E-01      0.10328321E-02
      87    4     -0.13204165E-01     -0.18717949E-03
      87    5      0.29797786E-01     -0.10554029E-02
      87    6     -0.41409569E-02      0.18898373E-03
      87    7      0.44354803E-02      0.11002081E-03
      87    8      0.15092269E-02      0.57645041E-04
      87    9      0.23080213E-02      0.99327302E-04
      87   10     -0.17395452E-02     -0.94784496E-04
      88    1     -0.11315055E-01      0.72604275E-03
      88    2      0.21111785E-01     -0.18843795E-02
      88    3     -0.53592456E-01      0.32912998E-02
      88    4      0.61923248E-01     -0.56366197E-02
      88    5      0.78378536E-01     -0.48378838E-02
      88    6     -0.54190983E-01      0.14331933E-02
      88    7      0.71735197E-01      0.64083703E-03
      88    8      0.97317455E-02      0.18682033E-03
      88    9      0.53298573E-02      0.14756936E-03
      88   10     -0.67724519E-02     -0.27353950E-03

       **************

     Now generate the eigenvalues list...
     Now generate the spectrum plot file...
     Finished linear response calculation...

     lr_dav_main  :   2466.69s CPU   2580.61s WALL (       1 calls)
     read_wf      :      0.41s CPU      0.54s WALL (       1 calls)
     lr_solve_e   :     40.87s CPU     41.11s WALL (       1 calls)
     calc_residue :     83.61s CPU     84.13s WALL (      10 calls)
     expan_basis  :    780.42s CPU    784.45s WALL (      10 calls)
     matrix       :      0.08s CPU      0.10s WALL (      10 calls)
     mGS_orth     :    689.74s CPU    693.12s WALL (      30 calls)
     mGS_orth_pp  :     48.39s CPU     48.60s WALL (      30 calls)
     one_step     :   1299.43s CPU   1393.86s WALL (      10 calls)

     lr_apply     :   1183.57s CPU   1276.49s WALL (     324 calls)
     lr_apply_int :   1133.91s CPU   1226.49s WALL (     162 calls)
     lr_apply_no  :     49.66s CPU     50.00s WALL (     162 calls)

     h_psi        :     88.96s CPU     89.48s WALL (     446 calls)
     lr_calc_dens :    129.99s CPU    155.93s WALL (     178 calls)
     lr_dvpsi_e   :     40.86s CPU     41.05s WALL (       3 calls)
     lr_dv_setup  :      0.24s CPU      0.34s WALL (       1 calls)
     dv_of_drho   :     57.71s CPU     67.30s WALL (     162 calls)
     interaction  :     22.15s CPU     22.44s WALL (     162 calls)
     lr_dot       :    318.67s CPU    320.95s WALL (  118060 calls)
     ortho        :      9.36s CPU      9.47s WALL (     330 calls)
     lr_ortho     :      8.13s CPU      8.19s WALL (     298 calls)


     US routines
     s_psi        :    178.79s CPU    179.15s WALL (    8086 calls)
     lr_apply_s   :    413.20s CPU    415.51s WALL (    7514 calls)
     lr_dot_us    :    426.43s CPU    428.56s WALL (    7336 calls)
     lr_sm1_initi :      0.21s CPU      0.22s WALL (       3 calls)
     lr_sm1_psi   :     17.04s CPU     17.13s WALL (     327 calls)

     General routines
     calbec       :    242.53s CPU    244.37s WALL (    8606 calls)
     fft          :     51.08s CPU     62.51s WALL (    2313 calls)
     ffts         :      1.92s CPU      3.34s WALL (     341 calls)
     fftw         :     85.16s CPU     85.66s WALL (   50398 calls)
     interpolate  :     10.97s CPU     14.04s WALL (     341 calls)
     davcio       :      0.00s CPU      0.07s WALL (       5 calls)

     Parallel routines
     fft_scatter  :     72.28s CPU     85.11s WALL (   53052 calls)


     Environ routines

     turboTDDFT   :  41m 6.70s CPU  43m 0.61s WALL


   This run was terminated on:  19:45:24   9Mar2024

=------------------------------------------------------------------------------=
   JOB DONE.
=------------------------------------------------------------------------------=
